#
# A fatal error has been detected by the Java Runtime Environment:
#
#  Internal Error (generateOopMap.cpp:2164), pid=141678, tid=141691
#  fatal error: Illegal class file encountered. Try running with -Xverify:all in method testMergefunctions
#
# JRE version: OpenJDK Runtime Environment (11.0.5+10) (build 11.0.5+10-post-Debian-2)
# Java VM: OpenJDK 64-Bit Server VM (11.0.5+10-post-Debian-2, mixed mode, sharing, tiered, compressed oops, g1 gc, linux-amd64)
# No core dump will be written. Core dumps have been disabled. To enable core dumping, try "ulimit -c unlimited" before starting Java again
#
# If you would like to submit a bug report, please visit:
#   https://bugs.debian.org/openjdk-11
#

---------------  S U M M A R Y ------------

Command Line: -agentlib:jdwp=transport=dt_socket,suspend=y,address=localhost:43995 -ea -javaagent:/users/sbi00/tgeb/eclipse/jee-2018-09/eclipse/configuration/org.eclipse.osgi/414/0/.cp/lib/javaagent-shaded.jar -Dfile.encoding=UTF-8 org.eclipse.jdt.internal.junit.runner.RemoteTestRunner -version 3 -port 46449 -testLoaderClass org.eclipse.jdt.internal.junit4.runner.JUnit4TestLoader -loaderpluginname org.eclipse.jdt.junit4.runtime -classNames de.unirostock.sems.TestMerge

Host: Intel(R) Core(TM) i7-3930K CPU @ 3.20GHz, 12 cores, 31G, Debian GNU/Linux bullseye/sid
Time: Mon Dec 16 17:59:48 2019 CET elapsed time: 5304 seconds (0d 1h 28m 24s)

---------------  T H R E A D  ---------------

Current thread (0x00007f29f029d000):  VMThread "VM Thread" [stack: 0x00007f29c0352000,0x00007f29c0452000] [id=141691]

Stack: [0x00007f29c0352000,0x00007f29c0452000],  sp=0x00007f29c044fe90,  free space=1015k
Native frames: (J=compiled Java code, A=aot compiled Java code, j=interpreted, Vv=VM code, C=native code)
V  [libjvm.so+0xd6d646]
V  [libjvm.so+0xd6e241]
V  [libjvm.so+0x62d577]
V  [libjvm.so+0x78490a]
V  [libjvm.so+0x7849ab]
V  [libjvm.so+0x789f21]
V  [libjvm.so+0x78b500]
V  [libjvm.so+0x78b7d3]
V  [libjvm.so+0xb60a84]
V  [libjvm.so+0xb6172b]
V  [libjvm.so+0xb61c17]
V  [libjvm.so+0xb0833e]
V  [libjvm.so+0x9a775a]
V  [libjvm.so+0xd77bbc]
V  [libjvm.so+0xd753b7]
V  [libjvm.so+0xd759f0]
V  [libjvm.so+0xd75d12]
V  [libjvm.so+0xd01674]
V  [libjvm.so+0xb76e3e]

VM_Operation (0x00007f29b2fc08c0): GetOrSetLocal, mode: safepoint, requested by thread 0x00007f29f0306800


---------------  P R O C E S S  ---------------

Threads class SMR info:
_java_thread_list=0x00007f298c09d440, length=13, elements={
0x00007f29f0015800, 0x00007f29f029f800, 0x00007f29f02a1800, 0x00007f29f02a7000,
0x00007f29f02a9000, 0x00007f29f02ab000, 0x00007f29f02ad000, 0x00007f29f02bb000,
0x00007f29f0306800, 0x00007f29f030a000, 0x00007f2980001800, 0x00007f29f0506000,
0x00007f29f057c000
}

Java Threads: ( => current thread )
  0x00007f29f0015800 JavaThread "main" [_thread_blocked, id=141685, stack(0x00007f29f62ca000,0x00007f29f63cb000)]
  0x00007f29f029f800 JavaThread "Reference Handler" daemon [_thread_blocked, id=141692, stack(0x00007f29c024f000,0x00007f29c0350000)]
  0x00007f29f02a1800 JavaThread "Finalizer" daemon [_thread_blocked, id=141693, stack(0x00007f29c014e000,0x00007f29c024f000)]
  0x00007f29f02a7000 JavaThread "Signal Dispatcher" daemon [_thread_blocked, id=141694, stack(0x00007f29c004d000,0x00007f29c014e000)]
  0x00007f29f02a9000 JavaThread "C2 CompilerThread0" daemon [_thread_blocked, id=141695, stack(0x00007f29b33c6000,0x00007f29b34c7000)]
  0x00007f29f02ab000 JavaThread "C1 CompilerThread0" daemon [_thread_blocked, id=141696, stack(0x00007f29b32c5000,0x00007f29b33c6000)]
  0x00007f29f02ad000 JavaThread "Sweeper thread" daemon [_thread_blocked, id=141697, stack(0x00007f29b31c4000,0x00007f29b32c5000)]
  0x00007f29f02bb000 JavaThread "Common-Cleaner" daemon [_thread_blocked, id=141698, stack(0x00007f29b30c3000,0x00007f29b31c4000)]
  0x00007f29f0306800 JavaThread "JDWP Transport Listener: dt_socket" daemon [_thread_blocked, id=141701, stack(0x00007f29b2ec1000,0x00007f29b2fc2000)] _threads_hazard_ptr=0x00007f298c09d440
  0x00007f29f030a000 JavaThread "JDWP Event Helper Thread" daemon [_thread_blocked, id=141703, stack(0x00007f29b2dc0000,0x00007f29b2ec1000)]
  0x00007f2980001800 JavaThread "JDWP Command Reader" daemon [_thread_in_native, id=141705, stack(0x00007f29b2c49000,0x00007f29b2d4a000)]
  0x00007f29f0506000 JavaThread "Service Thread" daemon [_thread_blocked, id=141707, stack(0x00007f29b2b48000,0x00007f29b2c49000)]
  0x00007f29f057c000 JavaThread "ReaderThread" [_thread_in_native, id=141709, stack(0x00007f29b2945000,0x00007f29b2a46000)]

Other Threads:
=>0x00007f29f029d000 VMThread "VM Thread" [stack: 0x00007f29c0352000,0x00007f29c0452000] [id=141691]
  0x00007f29f050b800 WatcherThread [stack: 0x00007f29b2a48000,0x00007f29b2b48000] [id=141708]
  0x00007f29f002f000 GCTaskThread "GC Thread#0" [stack: 0x00007f29f5f22000,0x00007f29f6022000] [id=141686]
  0x00007f29a8001000 GCTaskThread "GC Thread#1" [stack: 0x00007f29b2744000,0x00007f29b2844000] [id=141711]
  0x00007f29a8003000 GCTaskThread "GC Thread#2" [stack: 0x00007f29b2642000,0x00007f29b2742000] [id=141712]
  0x00007f29a8004800 GCTaskThread "GC Thread#3" [stack: 0x00007f29b2540000,0x00007f29b2640000] [id=141713]
  0x00007f29a8006000 GCTaskThread "GC Thread#4" [stack: 0x00007f29b243e000,0x00007f29b253e000] [id=141714]
  0x00007f29a8008000 GCTaskThread "GC Thread#5" [stack: 0x00007f29b233c000,0x00007f29b243c000] [id=141715]
  0x00007f29a8009800 GCTaskThread "GC Thread#6" [stack: 0x00007f29b223a000,0x00007f29b233a000] [id=141716]
  0x00007f29a800b000 GCTaskThread "GC Thread#7" [stack: 0x00007f29b2138000,0x00007f29b2238000] [id=141717]
  0x00007f29a800c800 GCTaskThread "GC Thread#8" [stack: 0x00007f29b2036000,0x00007f29b2136000] [id=141718]
  0x00007f29a800e800 GCTaskThread "GC Thread#9" [stack: 0x00007f29b1f34000,0x00007f29b2034000] [id=141719]
  0x00007f29f0069000 ConcurrentGCThread "G1 Main Marker" [stack: 0x00007f29f432c000,0x00007f29f442c000] [id=141687]
  0x00007f29f006b000 ConcurrentGCThread "G1 Conc#0" [stack: 0x00007f29f422a000,0x00007f29f432a000] [id=141688]
  0x00007f29f01f6800 ConcurrentGCThread "G1 Refine#0" [stack: 0x00007f29d8036000,0x00007f29d8136000] [id=141689]
  0x00007f29f01f8000 ConcurrentGCThread "G1 Young RemSet Sampling" [stack: 0x00007f29c0530000,0x00007f29c0630000] [id=141690]

Threads with active compile tasks:

VM state:at safepoint (normal execution)

VM Mutex/Monitor currently owned by a thread:  ([mutex/lock_event])
[0x00007f29f00138d0] Threads_lock - owner thread: 0x00007f29f029d000

Heap address: 0x000000060b000000, size: 8016 MB, Compressed Oops mode: Zero based, Oop shift amount: 3
Narrow klass base: 0x0000000800000000, Narrow klass shift: 3
Compressed class space size: 1073741824 Address: 0x0000000840000000

Heap:
 garbage-first heap   total 518144K, used 15900K [0x000000060b000000, 0x0000000800000000)
  region size 2048K, 9 young (18432K), 2 survivors (4096K)
 Metaspace       used 7037K, capacity 7661K, committed 7808K, reserved 1056768K
  class space    used 737K, capacity 810K, committed 896K, reserved 1048576K
Heap Regions: E=young(eden), S=young(survivor), O=old, HS=humongous(starts), HC=humongous(continues), CS=collection set, F=free, A=archive, TAMS=top-at-mark-start (previous, next)
|   0|0x000000060b000000, 0x000000060b000000, 0x000000060b200000|  0%| F|  |TAMS 0x000000060b000000, 0x000000060b000000| Untracked 
|   1|0x000000060b200000, 0x000000060b200000, 0x000000060b400000|  0%| F|  |TAMS 0x000000060b200000, 0x000000060b200000| Untracked 
|   2|0x000000060b400000, 0x000000060b400000, 0x000000060b600000|  0%| F|  |TAMS 0x000000060b400000, 0x000000060b400000| Untracked 
|   3|0x000000060b600000, 0x000000060b600000, 0x000000060b800000|  0%| F|  |TAMS 0x000000060b600000, 0x000000060b600000| Untracked 
|   4|0x000000060b800000, 0x000000060b800000, 0x000000060ba00000|  0%| F|  |TAMS 0x000000060b800000, 0x000000060b800000| Untracked 
|   5|0x000000060ba00000, 0x000000060ba00000, 0x000000060bc00000|  0%| F|  |TAMS 0x000000060ba00000, 0x000000060ba00000| Untracked 
|   6|0x000000060bc00000, 0x000000060bc00000, 0x000000060be00000|  0%| F|  |TAMS 0x000000060bc00000, 0x000000060bc00000| Untracked 
|   7|0x000000060be00000, 0x000000060be00000, 0x000000060c000000|  0%| F|  |TAMS 0x000000060be00000, 0x000000060be00000| Untracked 
|   8|0x000000060c000000, 0x000000060c000000, 0x000000060c200000|  0%| F|  |TAMS 0x000000060c000000, 0x000000060c000000| Untracked 
|   9|0x000000060c200000, 0x000000060c200000, 0x000000060c400000|  0%| F|  |TAMS 0x000000060c200000, 0x000000060c200000| Untracked 
|  10|0x000000060c400000, 0x000000060c400000, 0x000000060c600000|  0%| F|  |TAMS 0x000000060c400000, 0x000000060c400000| Untracked 
|  11|0x000000060c600000, 0x000000060c600000, 0x000000060c800000|  0%| F|  |TAMS 0x000000060c600000, 0x000000060c600000| Untracked 
|  12|0x000000060c800000, 0x000000060c800000, 0x000000060ca00000|  0%| F|  |TAMS 0x000000060c800000, 0x000000060c800000| Untracked 
|  13|0x000000060ca00000, 0x000000060ca00000, 0x000000060cc00000|  0%| F|  |TAMS 0x000000060ca00000, 0x000000060ca00000| Untracked 
|  14|0x000000060cc00000, 0x000000060cc00000, 0x000000060ce00000|  0%| F|  |TAMS 0x000000060cc00000, 0x000000060cc00000| Untracked 
|  15|0x000000060ce00000, 0x000000060ce00000, 0x000000060d000000|  0%| F|  |TAMS 0x000000060ce00000, 0x000000060ce00000| Untracked 
|  16|0x000000060d000000, 0x000000060d000000, 0x000000060d200000|  0%| F|  |TAMS 0x000000060d000000, 0x000000060d000000| Untracked 
|  17|0x000000060d200000, 0x000000060d200000, 0x000000060d400000|  0%| F|  |TAMS 0x000000060d200000, 0x000000060d200000| Untracked 
|  18|0x000000060d400000, 0x000000060d400000, 0x000000060d600000|  0%| F|  |TAMS 0x000000060d400000, 0x000000060d400000| Untracked 
|  19|0x000000060d600000, 0x000000060d600000, 0x000000060d800000|  0%| F|  |TAMS 0x000000060d600000, 0x000000060d600000| Untracked 
|  20|0x000000060d800000, 0x000000060d800000, 0x000000060da00000|  0%| F|  |TAMS 0x000000060d800000, 0x000000060d800000| Untracked 
|  21|0x000000060da00000, 0x000000060da00000, 0x000000060dc00000|  0%| F|  |TAMS 0x000000060da00000, 0x000000060da00000| Untracked 
|  22|0x000000060dc00000, 0x000000060dc00000, 0x000000060de00000|  0%| F|  |TAMS 0x000000060dc00000, 0x000000060dc00000| Untracked 
|  23|0x000000060de00000, 0x000000060de00000, 0x000000060e000000|  0%| F|  |TAMS 0x000000060de00000, 0x000000060de00000| Untracked 
|  24|0x000000060e000000, 0x000000060e000000, 0x000000060e200000|  0%| F|  |TAMS 0x000000060e000000, 0x000000060e000000| Untracked 
|  25|0x000000060e200000, 0x000000060e200000, 0x000000060e400000|  0%| F|  |TAMS 0x000000060e200000, 0x000000060e200000| Untracked 
|  26|0x000000060e400000, 0x000000060e400000, 0x000000060e600000|  0%| F|  |TAMS 0x000000060e400000, 0x000000060e400000| Untracked 
|  27|0x000000060e600000, 0x000000060e600000, 0x000000060e800000|  0%| F|  |TAMS 0x000000060e600000, 0x000000060e600000| Untracked 
|  28|0x000000060e800000, 0x000000060e800000, 0x000000060ea00000|  0%| F|  |TAMS 0x000000060e800000, 0x000000060e800000| Untracked 
|  29|0x000000060ea00000, 0x000000060ea00000, 0x000000060ec00000|  0%| F|  |TAMS 0x000000060ea00000, 0x000000060ea00000| Untracked 
|  30|0x000000060ec00000, 0x000000060ec00000, 0x000000060ee00000|  0%| F|  |TAMS 0x000000060ec00000, 0x000000060ec00000| Untracked 
|  31|0x000000060ee00000, 0x000000060ee00000, 0x000000060f000000|  0%| F|  |TAMS 0x000000060ee00000, 0x000000060ee00000| Untracked 
|  32|0x000000060f000000, 0x000000060f000000, 0x000000060f200000|  0%| F|  |TAMS 0x000000060f000000, 0x000000060f000000| Untracked 
|  33|0x000000060f200000, 0x000000060f200000, 0x000000060f400000|  0%| F|  |TAMS 0x000000060f200000, 0x000000060f200000| Untracked 
|  34|0x000000060f400000, 0x000000060f400000, 0x000000060f600000|  0%| F|  |TAMS 0x000000060f400000, 0x000000060f400000| Untracked 
|  35|0x000000060f600000, 0x000000060f600000, 0x000000060f800000|  0%| F|  |TAMS 0x000000060f600000, 0x000000060f600000| Untracked 
|  36|0x000000060f800000, 0x000000060f800000, 0x000000060fa00000|  0%| F|  |TAMS 0x000000060f800000, 0x000000060f800000| Untracked 
|  37|0x000000060fa00000, 0x000000060fa00000, 0x000000060fc00000|  0%| F|  |TAMS 0x000000060fa00000, 0x000000060fa00000| Untracked 
|  38|0x000000060fc00000, 0x000000060fc00000, 0x000000060fe00000|  0%| F|  |TAMS 0x000000060fc00000, 0x000000060fc00000| Untracked 
|  39|0x000000060fe00000, 0x000000060fe00000, 0x0000000610000000|  0%| F|  |TAMS 0x000000060fe00000, 0x000000060fe00000| Untracked 
|  40|0x0000000610000000, 0x0000000610000000, 0x0000000610200000|  0%| F|  |TAMS 0x0000000610000000, 0x0000000610000000| Untracked 
|  41|0x0000000610200000, 0x0000000610200000, 0x0000000610400000|  0%| F|  |TAMS 0x0000000610200000, 0x0000000610200000| Untracked 
|  42|0x0000000610400000, 0x0000000610400000, 0x0000000610600000|  0%| F|  |TAMS 0x0000000610400000, 0x0000000610400000| Untracked 
|  43|0x0000000610600000, 0x0000000610600000, 0x0000000610800000|  0%| F|  |TAMS 0x0000000610600000, 0x0000000610600000| Untracked 
|  44|0x0000000610800000, 0x0000000610800000, 0x0000000610a00000|  0%| F|  |TAMS 0x0000000610800000, 0x0000000610800000| Untracked 
|  45|0x0000000610a00000, 0x0000000610a00000, 0x0000000610c00000|  0%| F|  |TAMS 0x0000000610a00000, 0x0000000610a00000| Untracked 
|  46|0x0000000610c00000, 0x0000000610c00000, 0x0000000610e00000|  0%| F|  |TAMS 0x0000000610c00000, 0x0000000610c00000| Untracked 
|  47|0x0000000610e00000, 0x0000000610e00000, 0x0000000611000000|  0%| F|  |TAMS 0x0000000610e00000, 0x0000000610e00000| Untracked 
|  48|0x0000000611000000, 0x0000000611000000, 0x0000000611200000|  0%| F|  |TAMS 0x0000000611000000, 0x0000000611000000| Untracked 
|  49|0x0000000611200000, 0x0000000611200000, 0x0000000611400000|  0%| F|  |TAMS 0x0000000611200000, 0x0000000611200000| Untracked 
|  50|0x0000000611400000, 0x0000000611400000, 0x0000000611600000|  0%| F|  |TAMS 0x0000000611400000, 0x0000000611400000| Untracked 
|  51|0x0000000611600000, 0x0000000611600000, 0x0000000611800000|  0%| F|  |TAMS 0x0000000611600000, 0x0000000611600000| Untracked 
|  52|0x0000000611800000, 0x0000000611800000, 0x0000000611a00000|  0%| F|  |TAMS 0x0000000611800000, 0x0000000611800000| Untracked 
|  53|0x0000000611a00000, 0x0000000611a00000, 0x0000000611c00000|  0%| F|  |TAMS 0x0000000611a00000, 0x0000000611a00000| Untracked 
|  54|0x0000000611c00000, 0x0000000611c00000, 0x0000000611e00000|  0%| F|  |TAMS 0x0000000611c00000, 0x0000000611c00000| Untracked 
|  55|0x0000000611e00000, 0x0000000611e00000, 0x0000000612000000|  0%| F|  |TAMS 0x0000000611e00000, 0x0000000611e00000| Untracked 
|  56|0x0000000612000000, 0x0000000612000000, 0x0000000612200000|  0%| F|  |TAMS 0x0000000612000000, 0x0000000612000000| Untracked 
|  57|0x0000000612200000, 0x0000000612200000, 0x0000000612400000|  0%| F|  |TAMS 0x0000000612200000, 0x0000000612200000| Untracked 
|  58|0x0000000612400000, 0x0000000612400000, 0x0000000612600000|  0%| F|  |TAMS 0x0000000612400000, 0x0000000612400000| Untracked 
|  59|0x0000000612600000, 0x0000000612600000, 0x0000000612800000|  0%| F|  |TAMS 0x0000000612600000, 0x0000000612600000| Untracked 
|  60|0x0000000612800000, 0x0000000612800000, 0x0000000612a00000|  0%| F|  |TAMS 0x0000000612800000, 0x0000000612800000| Untracked 
|  61|0x0000000612a00000, 0x0000000612a00000, 0x0000000612c00000|  0%| F|  |TAMS 0x0000000612a00000, 0x0000000612a00000| Untracked 
|  62|0x0000000612c00000, 0x0000000612c00000, 0x0000000612e00000|  0%| F|  |TAMS 0x0000000612c00000, 0x0000000612c00000| Untracked 
|  63|0x0000000612e00000, 0x0000000612e00000, 0x0000000613000000|  0%| F|  |TAMS 0x0000000612e00000, 0x0000000612e00000| Untracked 
|  64|0x0000000613000000, 0x0000000613000000, 0x0000000613200000|  0%| F|  |TAMS 0x0000000613000000, 0x0000000613000000| Untracked 
|  65|0x0000000613200000, 0x0000000613200000, 0x0000000613400000|  0%| F|  |TAMS 0x0000000613200000, 0x0000000613200000| Untracked 
|  66|0x0000000613400000, 0x0000000613400000, 0x0000000613600000|  0%| F|  |TAMS 0x0000000613400000, 0x0000000613400000| Untracked 
|  67|0x0000000613600000, 0x0000000613600000, 0x0000000613800000|  0%| F|  |TAMS 0x0000000613600000, 0x0000000613600000| Untracked 
|  68|0x0000000613800000, 0x0000000613800000, 0x0000000613a00000|  0%| F|  |TAMS 0x0000000613800000, 0x0000000613800000| Untracked 
|  69|0x0000000613a00000, 0x0000000613a00000, 0x0000000613c00000|  0%| F|  |TAMS 0x0000000613a00000, 0x0000000613a00000| Untracked 
|  70|0x0000000613c00000, 0x0000000613c00000, 0x0000000613e00000|  0%| F|  |TAMS 0x0000000613c00000, 0x0000000613c00000| Untracked 
|  71|0x0000000613e00000, 0x0000000613e00000, 0x0000000614000000|  0%| F|  |TAMS 0x0000000613e00000, 0x0000000613e00000| Untracked 
|  72|0x0000000614000000, 0x0000000614000000, 0x0000000614200000|  0%| F|  |TAMS 0x0000000614000000, 0x0000000614000000| Untracked 
|  73|0x0000000614200000, 0x0000000614200000, 0x0000000614400000|  0%| F|  |TAMS 0x0000000614200000, 0x0000000614200000| Untracked 
|  74|0x0000000614400000, 0x0000000614400000, 0x0000000614600000|  0%| F|  |TAMS 0x0000000614400000, 0x0000000614400000| Untracked 
|  75|0x0000000614600000, 0x0000000614600000, 0x0000000614800000|  0%| F|  |TAMS 0x0000000614600000, 0x0000000614600000| Untracked 
|  76|0x0000000614800000, 0x0000000614800000, 0x0000000614a00000|  0%| F|  |TAMS 0x0000000614800000, 0x0000000614800000| Untracked 
|  77|0x0000000614a00000, 0x0000000614a00000, 0x0000000614c00000|  0%| F|  |TAMS 0x0000000614a00000, 0x0000000614a00000| Untracked 
|  78|0x0000000614c00000, 0x0000000614c00000, 0x0000000614e00000|  0%| F|  |TAMS 0x0000000614c00000, 0x0000000614c00000| Untracked 
|  79|0x0000000614e00000, 0x0000000614e00000, 0x0000000615000000|  0%| F|  |TAMS 0x0000000614e00000, 0x0000000614e00000| Untracked 
|  80|0x0000000615000000, 0x0000000615000000, 0x0000000615200000|  0%| F|  |TAMS 0x0000000615000000, 0x0000000615000000| Untracked 
|  81|0x0000000615200000, 0x0000000615200000, 0x0000000615400000|  0%| F|  |TAMS 0x0000000615200000, 0x0000000615200000| Untracked 
|  82|0x0000000615400000, 0x0000000615400000, 0x0000000615600000|  0%| F|  |TAMS 0x0000000615400000, 0x0000000615400000| Untracked 
|  83|0x0000000615600000, 0x0000000615600000, 0x0000000615800000|  0%| F|  |TAMS 0x0000000615600000, 0x0000000615600000| Untracked 
|  84|0x0000000615800000, 0x0000000615800000, 0x0000000615a00000|  0%| F|  |TAMS 0x0000000615800000, 0x0000000615800000| Untracked 
|  85|0x0000000615a00000, 0x0000000615a00000, 0x0000000615c00000|  0%| F|  |TAMS 0x0000000615a00000, 0x0000000615a00000| Untracked 
|  86|0x0000000615c00000, 0x0000000615c00000, 0x0000000615e00000|  0%| F|  |TAMS 0x0000000615c00000, 0x0000000615c00000| Untracked 
|  87|0x0000000615e00000, 0x0000000615e00000, 0x0000000616000000|  0%| F|  |TAMS 0x0000000615e00000, 0x0000000615e00000| Untracked 
|  88|0x0000000616000000, 0x0000000616000000, 0x0000000616200000|  0%| F|  |TAMS 0x0000000616000000, 0x0000000616000000| Untracked 
|  89|0x0000000616200000, 0x0000000616200000, 0x0000000616400000|  0%| F|  |TAMS 0x0000000616200000, 0x0000000616200000| Untracked 
|  90|0x0000000616400000, 0x0000000616400000, 0x0000000616600000|  0%| F|  |TAMS 0x0000000616400000, 0x0000000616400000| Untracked 
|  91|0x0000000616600000, 0x0000000616600000, 0x0000000616800000|  0%| F|  |TAMS 0x0000000616600000, 0x0000000616600000| Untracked 
|  92|0x0000000616800000, 0x0000000616800000, 0x0000000616a00000|  0%| F|  |TAMS 0x0000000616800000, 0x0000000616800000| Untracked 
|  93|0x0000000616a00000, 0x0000000616a00000, 0x0000000616c00000|  0%| F|  |TAMS 0x0000000616a00000, 0x0000000616a00000| Untracked 
|  94|0x0000000616c00000, 0x0000000616c00000, 0x0000000616e00000|  0%| F|  |TAMS 0x0000000616c00000, 0x0000000616c00000| Untracked 
|  95|0x0000000616e00000, 0x0000000616e00000, 0x0000000617000000|  0%| F|  |TAMS 0x0000000616e00000, 0x0000000616e00000| Untracked 
|  96|0x0000000617000000, 0x0000000617000000, 0x0000000617200000|  0%| F|  |TAMS 0x0000000617000000, 0x0000000617000000| Untracked 
|  97|0x0000000617200000, 0x0000000617200000, 0x0000000617400000|  0%| F|  |TAMS 0x0000000617200000, 0x0000000617200000| Untracked 
|  98|0x0000000617400000, 0x0000000617400000, 0x0000000617600000|  0%| F|  |TAMS 0x0000000617400000, 0x0000000617400000| Untracked 
|  99|0x0000000617600000, 0x0000000617600000, 0x0000000617800000|  0%| F|  |TAMS 0x0000000617600000, 0x0000000617600000| Untracked 
| 100|0x0000000617800000, 0x0000000617800000, 0x0000000617a00000|  0%| F|  |TAMS 0x0000000617800000, 0x0000000617800000| Untracked 
| 101|0x0000000617a00000, 0x0000000617a00000, 0x0000000617c00000|  0%| F|  |TAMS 0x0000000617a00000, 0x0000000617a00000| Untracked 
| 102|0x0000000617c00000, 0x0000000617c00000, 0x0000000617e00000|  0%| F|  |TAMS 0x0000000617c00000, 0x0000000617c00000| Untracked 
| 103|0x0000000617e00000, 0x0000000617e00000, 0x0000000618000000|  0%| F|  |TAMS 0x0000000617e00000, 0x0000000617e00000| Untracked 
| 104|0x0000000618000000, 0x0000000618000000, 0x0000000618200000|  0%| F|  |TAMS 0x0000000618000000, 0x0000000618000000| Untracked 
| 105|0x0000000618200000, 0x0000000618200000, 0x0000000618400000|  0%| F|  |TAMS 0x0000000618200000, 0x0000000618200000| Untracked 
| 106|0x0000000618400000, 0x0000000618400000, 0x0000000618600000|  0%| F|  |TAMS 0x0000000618400000, 0x0000000618400000| Untracked 
| 107|0x0000000618600000, 0x0000000618600000, 0x0000000618800000|  0%| F|  |TAMS 0x0000000618600000, 0x0000000618600000| Untracked 
| 108|0x0000000618800000, 0x0000000618800000, 0x0000000618a00000|  0%| F|  |TAMS 0x0000000618800000, 0x0000000618800000| Untracked 
| 109|0x0000000618a00000, 0x0000000618a00000, 0x0000000618c00000|  0%| F|  |TAMS 0x0000000618a00000, 0x0000000618a00000| Untracked 
| 110|0x0000000618c00000, 0x0000000618c00000, 0x0000000618e00000|  0%| F|  |TAMS 0x0000000618c00000, 0x0000000618c00000| Untracked 
| 111|0x0000000618e00000, 0x0000000618e00000, 0x0000000619000000|  0%| F|  |TAMS 0x0000000618e00000, 0x0000000618e00000| Untracked 
| 112|0x0000000619000000, 0x0000000619000000, 0x0000000619200000|  0%| F|  |TAMS 0x0000000619000000, 0x0000000619000000| Untracked 
| 113|0x0000000619200000, 0x0000000619200000, 0x0000000619400000|  0%| F|  |TAMS 0x0000000619200000, 0x0000000619200000| Untracked 
| 114|0x0000000619400000, 0x0000000619400000, 0x0000000619600000|  0%| F|  |TAMS 0x0000000619400000, 0x0000000619400000| Untracked 
| 115|0x0000000619600000, 0x0000000619600000, 0x0000000619800000|  0%| F|  |TAMS 0x0000000619600000, 0x0000000619600000| Untracked 
| 116|0x0000000619800000, 0x0000000619800000, 0x0000000619a00000|  0%| F|  |TAMS 0x0000000619800000, 0x0000000619800000| Untracked 
| 117|0x0000000619a00000, 0x0000000619a00000, 0x0000000619c00000|  0%| F|  |TAMS 0x0000000619a00000, 0x0000000619a00000| Untracked 
| 118|0x0000000619c00000, 0x0000000619c00000, 0x0000000619e00000|  0%| F|  |TAMS 0x0000000619c00000, 0x0000000619c00000| Untracked 
| 119|0x0000000619e00000, 0x0000000619e00000, 0x000000061a000000|  0%| F|  |TAMS 0x0000000619e00000, 0x0000000619e00000| Untracked 
| 120|0x000000061a000000, 0x000000061a000000, 0x000000061a200000|  0%| F|  |TAMS 0x000000061a000000, 0x000000061a000000| Untracked 
| 121|0x000000061a200000, 0x000000061a200000, 0x000000061a400000|  0%| F|  |TAMS 0x000000061a200000, 0x000000061a200000| Untracked 
| 122|0x000000061a400000, 0x000000061a400000, 0x000000061a600000|  0%| F|  |TAMS 0x000000061a400000, 0x000000061a400000| Untracked 
| 123|0x000000061a600000, 0x000000061a600000, 0x000000061a800000|  0%| F|  |TAMS 0x000000061a600000, 0x000000061a600000| Untracked 
| 124|0x000000061a800000, 0x000000061a800000, 0x000000061aa00000|  0%| F|  |TAMS 0x000000061a800000, 0x000000061a800000| Untracked 
| 125|0x000000061aa00000, 0x000000061aa00000, 0x000000061ac00000|  0%| F|  |TAMS 0x000000061aa00000, 0x000000061aa00000| Untracked 
| 126|0x000000061ac00000, 0x000000061ac00000, 0x000000061ae00000|  0%| F|  |TAMS 0x000000061ac00000, 0x000000061ac00000| Untracked 
| 127|0x000000061ae00000, 0x000000061ae00000, 0x000000061b000000|  0%| F|  |TAMS 0x000000061ae00000, 0x000000061ae00000| Untracked 
| 128|0x000000061b000000, 0x000000061b000000, 0x000000061b200000|  0%| F|  |TAMS 0x000000061b000000, 0x000000061b000000| Untracked 
| 129|0x000000061b200000, 0x000000061b200000, 0x000000061b400000|  0%| F|  |TAMS 0x000000061b200000, 0x000000061b200000| Untracked 
| 130|0x000000061b400000, 0x000000061b400000, 0x000000061b600000|  0%| F|  |TAMS 0x000000061b400000, 0x000000061b400000| Untracked 
| 131|0x000000061b600000, 0x000000061b600000, 0x000000061b800000|  0%| F|  |TAMS 0x000000061b600000, 0x000000061b600000| Untracked 
| 132|0x000000061b800000, 0x000000061b800000, 0x000000061ba00000|  0%| F|  |TAMS 0x000000061b800000, 0x000000061b800000| Untracked 
| 133|0x000000061ba00000, 0x000000061ba00000, 0x000000061bc00000|  0%| F|  |TAMS 0x000000061ba00000, 0x000000061ba00000| Untracked 
| 134|0x000000061bc00000, 0x000000061bc00000, 0x000000061be00000|  0%| F|  |TAMS 0x000000061bc00000, 0x000000061bc00000| Untracked 
| 135|0x000000061be00000, 0x000000061be00000, 0x000000061c000000|  0%| F|  |TAMS 0x000000061be00000, 0x000000061be00000| Untracked 
| 136|0x000000061c000000, 0x000000061c000000, 0x000000061c200000|  0%| F|  |TAMS 0x000000061c000000, 0x000000061c000000| Untracked 
| 137|0x000000061c200000, 0x000000061c200000, 0x000000061c400000|  0%| F|  |TAMS 0x000000061c200000, 0x000000061c200000| Untracked 
| 138|0x000000061c400000, 0x000000061c400000, 0x000000061c600000|  0%| F|  |TAMS 0x000000061c400000, 0x000000061c400000| Untracked 
| 139|0x000000061c600000, 0x000000061c600000, 0x000000061c800000|  0%| F|  |TAMS 0x000000061c600000, 0x000000061c600000| Untracked 
| 140|0x000000061c800000, 0x000000061c800000, 0x000000061ca00000|  0%| F|  |TAMS 0x000000061c800000, 0x000000061c800000| Untracked 
| 141|0x000000061ca00000, 0x000000061ca00000, 0x000000061cc00000|  0%| F|  |TAMS 0x000000061ca00000, 0x000000061ca00000| Untracked 
| 142|0x000000061cc00000, 0x000000061cc00000, 0x000000061ce00000|  0%| F|  |TAMS 0x000000061cc00000, 0x000000061cc00000| Untracked 
| 143|0x000000061ce00000, 0x000000061ce00000, 0x000000061d000000|  0%| F|  |TAMS 0x000000061ce00000, 0x000000061ce00000| Untracked 
| 144|0x000000061d000000, 0x000000061d000000, 0x000000061d200000|  0%| F|  |TAMS 0x000000061d000000, 0x000000061d000000| Untracked 
| 145|0x000000061d200000, 0x000000061d200000, 0x000000061d400000|  0%| F|  |TAMS 0x000000061d200000, 0x000000061d200000| Untracked 
| 146|0x000000061d400000, 0x000000061d400000, 0x000000061d600000|  0%| F|  |TAMS 0x000000061d400000, 0x000000061d400000| Untracked 
| 147|0x000000061d600000, 0x000000061d600000, 0x000000061d800000|  0%| F|  |TAMS 0x000000061d600000, 0x000000061d600000| Untracked 
| 148|0x000000061d800000, 0x000000061d800000, 0x000000061da00000|  0%| F|  |TAMS 0x000000061d800000, 0x000000061d800000| Untracked 
| 149|0x000000061da00000, 0x000000061da00000, 0x000000061dc00000|  0%| F|  |TAMS 0x000000061da00000, 0x000000061da00000| Untracked 
| 150|0x000000061dc00000, 0x000000061dc00000, 0x000000061de00000|  0%| F|  |TAMS 0x000000061dc00000, 0x000000061dc00000| Untracked 
| 151|0x000000061de00000, 0x000000061de00000, 0x000000061e000000|  0%| F|  |TAMS 0x000000061de00000, 0x000000061de00000| Untracked 
| 152|0x000000061e000000, 0x000000061e000000, 0x000000061e200000|  0%| F|  |TAMS 0x000000061e000000, 0x000000061e000000| Untracked 
| 153|0x000000061e200000, 0x000000061e200000, 0x000000061e400000|  0%| F|  |TAMS 0x000000061e200000, 0x000000061e200000| Untracked 
| 154|0x000000061e400000, 0x000000061e400000, 0x000000061e600000|  0%| F|  |TAMS 0x000000061e400000, 0x000000061e400000| Untracked 
| 155|0x000000061e600000, 0x000000061e600000, 0x000000061e800000|  0%| F|  |TAMS 0x000000061e600000, 0x000000061e600000| Untracked 
| 156|0x000000061e800000, 0x000000061e800000, 0x000000061ea00000|  0%| F|  |TAMS 0x000000061e800000, 0x000000061e800000| Untracked 
| 157|0x000000061ea00000, 0x000000061ea00000, 0x000000061ec00000|  0%| F|  |TAMS 0x000000061ea00000, 0x000000061ea00000| Untracked 
| 158|0x000000061ec00000, 0x000000061ec00000, 0x000000061ee00000|  0%| F|  |TAMS 0x000000061ec00000, 0x000000061ec00000| Untracked 
| 159|0x000000061ee00000, 0x000000061ee00000, 0x000000061f000000|  0%| F|  |TAMS 0x000000061ee00000, 0x000000061ee00000| Untracked 
| 160|0x000000061f000000, 0x000000061f000000, 0x000000061f200000|  0%| F|  |TAMS 0x000000061f000000, 0x000000061f000000| Untracked 
| 161|0x000000061f200000, 0x000000061f200000, 0x000000061f400000|  0%| F|  |TAMS 0x000000061f200000, 0x000000061f200000| Untracked 
| 162|0x000000061f400000, 0x000000061f400000, 0x000000061f600000|  0%| F|  |TAMS 0x000000061f400000, 0x000000061f400000| Untracked 
| 163|0x000000061f600000, 0x000000061f600000, 0x000000061f800000|  0%| F|  |TAMS 0x000000061f600000, 0x000000061f600000| Untracked 
| 164|0x000000061f800000, 0x000000061f800000, 0x000000061fa00000|  0%| F|  |TAMS 0x000000061f800000, 0x000000061f800000| Untracked 
| 165|0x000000061fa00000, 0x000000061fa00000, 0x000000061fc00000|  0%| F|  |TAMS 0x000000061fa00000, 0x000000061fa00000| Untracked 
| 166|0x000000061fc00000, 0x000000061fc00000, 0x000000061fe00000|  0%| F|  |TAMS 0x000000061fc00000, 0x000000061fc00000| Untracked 
| 167|0x000000061fe00000, 0x000000061fe00000, 0x0000000620000000|  0%| F|  |TAMS 0x000000061fe00000, 0x000000061fe00000| Untracked 
| 168|0x0000000620000000, 0x0000000620000000, 0x0000000620200000|  0%| F|  |TAMS 0x0000000620000000, 0x0000000620000000| Untracked 
| 169|0x0000000620200000, 0x0000000620200000, 0x0000000620400000|  0%| F|  |TAMS 0x0000000620200000, 0x0000000620200000| Untracked 
| 170|0x0000000620400000, 0x0000000620400000, 0x0000000620600000|  0%| F|  |TAMS 0x0000000620400000, 0x0000000620400000| Untracked 
| 171|0x0000000620600000, 0x0000000620600000, 0x0000000620800000|  0%| F|  |TAMS 0x0000000620600000, 0x0000000620600000| Untracked 
| 172|0x0000000620800000, 0x0000000620800000, 0x0000000620a00000|  0%| F|  |TAMS 0x0000000620800000, 0x0000000620800000| Untracked 
| 173|0x0000000620a00000, 0x0000000620a00000, 0x0000000620c00000|  0%| F|  |TAMS 0x0000000620a00000, 0x0000000620a00000| Untracked 
| 174|0x0000000620c00000, 0x0000000620c00000, 0x0000000620e00000|  0%| F|  |TAMS 0x0000000620c00000, 0x0000000620c00000| Untracked 
| 175|0x0000000620e00000, 0x0000000620e00000, 0x0000000621000000|  0%| F|  |TAMS 0x0000000620e00000, 0x0000000620e00000| Untracked 
| 176|0x0000000621000000, 0x0000000621000000, 0x0000000621200000|  0%| F|  |TAMS 0x0000000621000000, 0x0000000621000000| Untracked 
| 177|0x0000000621200000, 0x0000000621200000, 0x0000000621400000|  0%| F|  |TAMS 0x0000000621200000, 0x0000000621200000| Untracked 
| 178|0x0000000621400000, 0x0000000621400000, 0x0000000621600000|  0%| F|  |TAMS 0x0000000621400000, 0x0000000621400000| Untracked 
| 179|0x0000000621600000, 0x0000000621600000, 0x0000000621800000|  0%| F|  |TAMS 0x0000000621600000, 0x0000000621600000| Untracked 
| 180|0x0000000621800000, 0x0000000621800000, 0x0000000621a00000|  0%| F|  |TAMS 0x0000000621800000, 0x0000000621800000| Untracked 
| 181|0x0000000621a00000, 0x0000000621a00000, 0x0000000621c00000|  0%| F|  |TAMS 0x0000000621a00000, 0x0000000621a00000| Untracked 
| 182|0x0000000621c00000, 0x0000000621c00000, 0x0000000621e00000|  0%| F|  |TAMS 0x0000000621c00000, 0x0000000621c00000| Untracked 
| 183|0x0000000621e00000, 0x0000000621e00000, 0x0000000622000000|  0%| F|  |TAMS 0x0000000621e00000, 0x0000000621e00000| Untracked 
| 184|0x0000000622000000, 0x0000000622000000, 0x0000000622200000|  0%| F|  |TAMS 0x0000000622000000, 0x0000000622000000| Untracked 
| 185|0x0000000622200000, 0x0000000622200000, 0x0000000622400000|  0%| F|  |TAMS 0x0000000622200000, 0x0000000622200000| Untracked 
| 186|0x0000000622400000, 0x0000000622400000, 0x0000000622600000|  0%| F|  |TAMS 0x0000000622400000, 0x0000000622400000| Untracked 
| 187|0x0000000622600000, 0x0000000622600000, 0x0000000622800000|  0%| F|  |TAMS 0x0000000622600000, 0x0000000622600000| Untracked 
| 188|0x0000000622800000, 0x0000000622800000, 0x0000000622a00000|  0%| F|  |TAMS 0x0000000622800000, 0x0000000622800000| Untracked 
| 189|0x0000000622a00000, 0x0000000622a00000, 0x0000000622c00000|  0%| F|  |TAMS 0x0000000622a00000, 0x0000000622a00000| Untracked 
| 190|0x0000000622c00000, 0x0000000622c00000, 0x0000000622e00000|  0%| F|  |TAMS 0x0000000622c00000, 0x0000000622c00000| Untracked 
| 191|0x0000000622e00000, 0x0000000622e00000, 0x0000000623000000|  0%| F|  |TAMS 0x0000000622e00000, 0x0000000622e00000| Untracked 
| 192|0x0000000623000000, 0x0000000623000000, 0x0000000623200000|  0%| F|  |TAMS 0x0000000623000000, 0x0000000623000000| Untracked 
| 193|0x0000000623200000, 0x0000000623200000, 0x0000000623400000|  0%| F|  |TAMS 0x0000000623200000, 0x0000000623200000| Untracked 
| 194|0x0000000623400000, 0x0000000623400000, 0x0000000623600000|  0%| F|  |TAMS 0x0000000623400000, 0x0000000623400000| Untracked 
| 195|0x0000000623600000, 0x0000000623600000, 0x0000000623800000|  0%| F|  |TAMS 0x0000000623600000, 0x0000000623600000| Untracked 
| 196|0x0000000623800000, 0x0000000623800000, 0x0000000623a00000|  0%| F|  |TAMS 0x0000000623800000, 0x0000000623800000| Untracked 
| 197|0x0000000623a00000, 0x0000000623a00000, 0x0000000623c00000|  0%| F|  |TAMS 0x0000000623a00000, 0x0000000623a00000| Untracked 
| 198|0x0000000623c00000, 0x0000000623c00000, 0x0000000623e00000|  0%| F|  |TAMS 0x0000000623c00000, 0x0000000623c00000| Untracked 
| 199|0x0000000623e00000, 0x0000000623e00000, 0x0000000624000000|  0%| F|  |TAMS 0x0000000623e00000, 0x0000000623e00000| Untracked 
| 200|0x0000000624000000, 0x0000000624000000, 0x0000000624200000|  0%| F|  |TAMS 0x0000000624000000, 0x0000000624000000| Untracked 
| 201|0x0000000624200000, 0x0000000624200000, 0x0000000624400000|  0%| F|  |TAMS 0x0000000624200000, 0x0000000624200000| Untracked 
| 202|0x0000000624400000, 0x0000000624400000, 0x0000000624600000|  0%| F|  |TAMS 0x0000000624400000, 0x0000000624400000| Untracked 
| 203|0x0000000624600000, 0x0000000624600000, 0x0000000624800000|  0%| F|  |TAMS 0x0000000624600000, 0x0000000624600000| Untracked 
| 204|0x0000000624800000, 0x0000000624800000, 0x0000000624a00000|  0%| F|  |TAMS 0x0000000624800000, 0x0000000624800000| Untracked 
| 205|0x0000000624a00000, 0x0000000624a00000, 0x0000000624c00000|  0%| F|  |TAMS 0x0000000624a00000, 0x0000000624a00000| Untracked 
| 206|0x0000000624c00000, 0x0000000624c00000, 0x0000000624e00000|  0%| F|  |TAMS 0x0000000624c00000, 0x0000000624c00000| Untracked 
| 207|0x0000000624e00000, 0x0000000624e00000, 0x0000000625000000|  0%| F|  |TAMS 0x0000000624e00000, 0x0000000624e00000| Untracked 
| 208|0x0000000625000000, 0x0000000625000000, 0x0000000625200000|  0%| F|  |TAMS 0x0000000625000000, 0x0000000625000000| Untracked 
| 209|0x0000000625200000, 0x0000000625200000, 0x0000000625400000|  0%| F|  |TAMS 0x0000000625200000, 0x0000000625200000| Untracked 
| 210|0x0000000625400000, 0x0000000625400000, 0x0000000625600000|  0%| F|  |TAMS 0x0000000625400000, 0x0000000625400000| Untracked 
| 211|0x0000000625600000, 0x0000000625600000, 0x0000000625800000|  0%| F|  |TAMS 0x0000000625600000, 0x0000000625600000| Untracked 
| 212|0x0000000625800000, 0x0000000625800000, 0x0000000625a00000|  0%| F|  |TAMS 0x0000000625800000, 0x0000000625800000| Untracked 
| 213|0x0000000625a00000, 0x0000000625a00000, 0x0000000625c00000|  0%| F|  |TAMS 0x0000000625a00000, 0x0000000625a00000| Untracked 
| 214|0x0000000625c00000, 0x0000000625c00000, 0x0000000625e00000|  0%| F|  |TAMS 0x0000000625c00000, 0x0000000625c00000| Untracked 
| 215|0x0000000625e00000, 0x0000000625e00000, 0x0000000626000000|  0%| F|  |TAMS 0x0000000625e00000, 0x0000000625e00000| Untracked 
| 216|0x0000000626000000, 0x0000000626000000, 0x0000000626200000|  0%| F|  |TAMS 0x0000000626000000, 0x0000000626000000| Untracked 
| 217|0x0000000626200000, 0x0000000626200000, 0x0000000626400000|  0%| F|  |TAMS 0x0000000626200000, 0x0000000626200000| Untracked 
| 218|0x0000000626400000, 0x0000000626400000, 0x0000000626600000|  0%| F|  |TAMS 0x0000000626400000, 0x0000000626400000| Untracked 
| 219|0x0000000626600000, 0x0000000626600000, 0x0000000626800000|  0%| F|  |TAMS 0x0000000626600000, 0x0000000626600000| Untracked 
| 220|0x0000000626800000, 0x0000000626800000, 0x0000000626a00000|  0%| F|  |TAMS 0x0000000626800000, 0x0000000626800000| Untracked 
| 221|0x0000000626a00000, 0x0000000626a00000, 0x0000000626c00000|  0%| F|  |TAMS 0x0000000626a00000, 0x0000000626a00000| Untracked 
| 222|0x0000000626c00000, 0x0000000626c00000, 0x0000000626e00000|  0%| F|  |TAMS 0x0000000626c00000, 0x0000000626c00000| Untracked 
| 223|0x0000000626e00000, 0x0000000626e00000, 0x0000000627000000|  0%| F|  |TAMS 0x0000000626e00000, 0x0000000626e00000| Untracked 
| 224|0x0000000627000000, 0x0000000627000000, 0x0000000627200000|  0%| F|  |TAMS 0x0000000627000000, 0x0000000627000000| Untracked 
| 225|0x0000000627200000, 0x0000000627200000, 0x0000000627400000|  0%| F|  |TAMS 0x0000000627200000, 0x0000000627200000| Untracked 
| 226|0x0000000627400000, 0x0000000627400000, 0x0000000627600000|  0%| F|  |TAMS 0x0000000627400000, 0x0000000627400000| Untracked 
| 227|0x0000000627600000, 0x0000000627600000, 0x0000000627800000|  0%| F|  |TAMS 0x0000000627600000, 0x0000000627600000| Untracked 
| 228|0x0000000627800000, 0x0000000627800000, 0x0000000627a00000|  0%| F|  |TAMS 0x0000000627800000, 0x0000000627800000| Untracked 
| 229|0x0000000627a00000, 0x0000000627a00000, 0x0000000627c00000|  0%| F|  |TAMS 0x0000000627a00000, 0x0000000627a00000| Untracked 
| 230|0x0000000627c00000, 0x0000000627c00000, 0x0000000627e00000|  0%| F|  |TAMS 0x0000000627c00000, 0x0000000627c00000| Untracked 
| 231|0x0000000627e00000, 0x0000000627e00000, 0x0000000628000000|  0%| F|  |TAMS 0x0000000627e00000, 0x0000000627e00000| Untracked 
| 232|0x0000000628000000, 0x0000000628000000, 0x0000000628200000|  0%| F|  |TAMS 0x0000000628000000, 0x0000000628000000| Untracked 
| 233|0x0000000628200000, 0x0000000628200000, 0x0000000628400000|  0%| F|  |TAMS 0x0000000628200000, 0x0000000628200000| Untracked 
| 234|0x0000000628400000, 0x0000000628400000, 0x0000000628600000|  0%| F|  |TAMS 0x0000000628400000, 0x0000000628400000| Untracked 
| 235|0x0000000628600000, 0x0000000628600000, 0x0000000628800000|  0%| F|  |TAMS 0x0000000628600000, 0x0000000628600000| Untracked 
| 236|0x0000000628800000, 0x0000000628800000, 0x0000000628a00000|  0%| F|  |TAMS 0x0000000628800000, 0x0000000628800000| Untracked 
| 237|0x0000000628a00000, 0x0000000628ad93c0, 0x0000000628c00000| 42%| S|CS|TAMS 0x0000000628a00000, 0x0000000628a00000| Complete 
| 238|0x0000000628c00000, 0x0000000628e00000, 0x0000000628e00000|100%| S|CS|TAMS 0x0000000628c00000, 0x0000000628c00000| Complete 
| 239|0x0000000628e00000, 0x0000000628e00000, 0x0000000629000000|  0%| F|  |TAMS 0x0000000628e00000, 0x0000000628e00000| Untracked 
| 240|0x0000000629000000, 0x0000000629000000, 0x0000000629200000|  0%| F|  |TAMS 0x0000000629000000, 0x0000000629000000| Untracked 
| 241|0x0000000629200000, 0x0000000629200000, 0x0000000629400000|  0%| F|  |TAMS 0x0000000629200000, 0x0000000629200000| Untracked 
| 242|0x0000000629400000, 0x0000000629400000, 0x0000000629600000|  0%| F|  |TAMS 0x0000000629400000, 0x0000000629400000| Untracked 
| 243|0x0000000629600000, 0x0000000629600000, 0x0000000629800000|  0%| F|  |TAMS 0x0000000629600000, 0x0000000629600000| Untracked 
| 244|0x0000000629800000, 0x0000000629a00000, 0x0000000629a00000|100%| E|  |TAMS 0x0000000629800000, 0x0000000629800000| Complete 
| 245|0x0000000629a00000, 0x0000000629c00000, 0x0000000629c00000|100%| E|CS|TAMS 0x0000000629a00000, 0x0000000629a00000| Complete 
| 246|0x0000000629c00000, 0x0000000629e00000, 0x0000000629e00000|100%| E|CS|TAMS 0x0000000629c00000, 0x0000000629c00000| Complete 
| 247|0x0000000629e00000, 0x000000062a000000, 0x000000062a000000|100%| E|CS|TAMS 0x0000000629e00000, 0x0000000629e00000| Complete 
| 248|0x000000062a000000, 0x000000062a200000, 0x000000062a200000|100%| E|CS|TAMS 0x000000062a000000, 0x000000062a000000| Complete 
| 249|0x000000062a200000, 0x000000062a400000, 0x000000062a400000|100%| E|CS|TAMS 0x000000062a200000, 0x000000062a200000| Complete 
| 250|0x000000062a400000, 0x000000062a600000, 0x000000062a600000|100%| E|CS|TAMS 0x000000062a400000, 0x000000062a400000| Complete 
|3494|0x00000007bfc00000, 0x00000007bfc44000, 0x00000007bfe00000| 13%|OA|  |TAMS 0x00000007bfc00000, 0x00000007bfc00000| Untracked 
|3495|0x00000007bfe00000, 0x00000007bfe6a000, 0x00000007c0000000| 20%|CA|  |TAMS 0x00000007bfe00000, 0x00000007bfe00000| Untracked 

Card table byte_map: [0x00007f29d3058000,0x00007f29d4000000] _byte_map_base: 0x00007f29d0000000

Marking Bits (Prev, Next): (CMBitMap*) 0x00007f29f0058a68, (CMBitMap*) 0x00007f29f0058aa0
 Prev Bits: [0x00007f29ca370000, 0x00007f29d20b0000)
 Next Bits: [0x00007f29c2630000, 0x00007f29ca370000)

Polling page: 0x00007f29f7a7c000

Metaspace:

Usage:
  Non-class:      6.69 MB capacity,     6.15 MB ( 92%) used,   537.15 KB (  8%) free+waste,    14.00 KB ( <1%) overhead. 
      Class:    810.00 KB capacity,   737.95 KB ( 91%) used,    64.99 KB (  8%) free+waste,     7.06 KB ( <1%) overhead. 
       Both:      7.48 MB capacity,     6.87 MB ( 92%) used,   602.14 KB (  8%) free+waste,    21.06 KB ( <1%) overhead. 

Virtual space:
  Non-class space:        8.00 MB reserved,       6.75 MB ( 84%) committed 
      Class space:        1.00 GB reserved,     896.00 KB ( <1%) committed 
             Both:        1.01 GB reserved,       7.62 MB ( <1%) committed 

Chunk freelists:
   Non-Class:  61.00 KB
       Class:  22.00 KB
        Both:  83.00 KB

MaxMetaspaceSize: unlimited
CompressedClassSpaceSize: 1.00 GB

CodeHeap 'non-profiled nmethods': size=120032Kb used=635Kb max_used=635Kb free=119396Kb
 bounds [0x00007f29e0406000, 0x00007f29e0676000, 0x00007f29e793e000]
CodeHeap 'profiled nmethods': size=120028Kb used=2542Kb max_used=2542Kb free=117485Kb
 bounds [0x00007f29d8ecf000, 0x00007f29d914f000, 0x00007f29e0406000]
CodeHeap 'non-nmethods': size=5700Kb used=1151Kb max_used=1234Kb free=4548Kb
 bounds [0x00007f29d893e000, 0x00007f29d8bae000, 0x00007f29d8ecf000]
 total_blobs=1898 nmethods=1175 adapters=309
 compilation: enabled
              stopped_count=0, restarted_count=0
 full_count=0

Compilation events (20 events):
Event: 0.875 Thread 0x00007f29f02ab000 nmethod 1166 0x00007f29d9149110 code [0x00007f29d91492c0, 0x00007f29d9149470]
Event: 0.876 Thread 0x00007f299c397000 nmethod 1142 0x00007f29e0480510 code [0x00007f29e04806c0, 0x00007f29e0480bd8]
Event: 0.876 Thread 0x00007f29f02ab000 1170       3       de.unirostock.sems.xmlutils.ds.DocumentNode::getAttributeValue (32 bytes)
Event: 0.876 Thread 0x00007f299c397000 1084       4       java.util.zip.ZipFile::ensureOpen (38 bytes)
Event: 0.876 Thread 0x00007f29f02ab000 nmethod 1170 0x00007f29d9149590 code [0x00007f29d9149780, 0x00007f29d9149c58]
Event: 0.876 Thread 0x00007f29f02ab000 1167       3       java.util.regex.Pattern::unread (11 bytes)
Event: 0.876 Thread 0x00007f29f02ab000 nmethod 1167 0x00007f29d9149d90 code [0x00007f29d9149f40, 0x00007f29d914a0b0]
Event: 0.876 Thread 0x00007f29f02ab000 1168       1       de.unirostock.sems.bives.sbml.parser.SBMLSBase::getMetaId (5 bytes)
Event: 0.876 Thread 0x00007f29f02ab000 nmethod 1168 0x00007f29e0480e90 code [0x00007f29e0481040, 0x00007f29e0481170]
Event: 0.876 Thread 0x00007f29f02ab000 1169       1       de.unirostock.sems.bives.sbml.parser.SBMLGenericIdNameObject::getID (5 bytes)
Event: 0.876 Thread 0x00007f29f02ab000 nmethod 1169 0x00007f29e0481210 code [0x00007f29e04813c0, 0x00007f29e04814f0]
Event: 0.876 Thread 0x00007f29f02ab000 1171       1       org.jdom2.Attribute::getValue (5 bytes)
Event: 0.876 Thread 0x00007f29f02ab000 nmethod 1171 0x00007f29e0481590 code [0x00007f29e0481740, 0x00007f29e0481870]
Event: 0.876 Thread 0x00007f299c397000 nmethod 1084 0x00007f29e0481910 code [0x00007f29e0481aa0, 0x00007f29e0481b78]
Event: 0.891 Thread 0x00007f29f02a9000 nmethod 1156% 0x00007f29e0481c90 code [0x00007f29e0481e80, 0x00007f29e0482fd8]
Event: 1.689 Thread 0x00007f29900af000 nmethod 925 0x00007f29e0483690 code [0x00007f29e0483fe0, 0x00007f29e0497720]
Event: 418.825 Thread 0x00007f29f02a9000 1172 %     4       org.eclipse.jdt.launching.internal.org.objectweb.asm.ClassReader::<init> @ 99 (442 bytes)
Event: 418.860 Thread 0x00007f29f02a9000 nmethod 1172% 0x00007f29e04a1e90 code [0x00007f29e04a20a0, 0x00007f29e04a3a08]
Event: 2340.692 Thread 0x00007f29f02ab000 1173       3       java.lang.ref.ReferenceQueue::reallyPoll (65 bytes)
Event: 2340.693 Thread 0x00007f29f02ab000 nmethod 1173 0x00007f29d914a110 code [0x00007f29d914a300, 0x00007f29d914a8b0]

GC Heap History (2 events):
Event: 0.674 GC heap before
{Heap before GC invocations=0 (full 0):
 garbage-first heap   total 518144K, used 25272K [0x000000060b000000, 0x0000000800000000)
  region size 2048K, 12 young (24576K), 0 survivors (0K)
 Metaspace       used 5581K, capacity 6431K, committed 6656K, reserved 1056768K
  class space    used 594K, capacity 677K, committed 768K, reserved 1048576K
}
Event: 0.687 GC heap after
{Heap after GC invocations=1 (full 0):
 garbage-first heap   total 518144K, used 3612K [0x000000060b000000, 0x0000000800000000)
  region size 2048K, 2 young (4096K), 2 survivors (4096K)
 Metaspace       used 5581K, capacity 6431K, committed 6656K, reserved 1056768K
  class space    used 594K, capacity 677K, committed 768K, reserved 1048576K
}

Deoptimization events (20 events):
Event: 0.396 Thread 0x00007f29f0015800 DEOPT PACKING pc=0x00007f29e04142d8 sp=0x00007f29f63c6680
Event: 0.396 Thread 0x00007f29f0015800 DEOPT UNPACKING pc=0x00007f29d8977225 sp=0x00007f29f63c6630 mode 2
Event: 0.501 Thread 0x00007f29f0015800 DEOPT PACKING pc=0x00007f29d8f37e85 sp=0x00007f29f63c55f0
Event: 0.501 Thread 0x00007f29f0015800 DEOPT UNPACKING pc=0x00007f29d897703a sp=0x00007f29f63c4a90 mode 0
Event: 0.550 Thread 0x00007f29f0015800 DEOPT PACKING pc=0x00007f29d8f109d3 sp=0x00007f29f63c4060
Event: 0.550 Thread 0x00007f29f0015800 DEOPT UNPACKING pc=0x00007f29d897703a sp=0x00007f29f63c3568 mode 0
Event: 0.581 Thread 0x00007f29f0015800 DEOPT PACKING pc=0x00007f29d8f72afb sp=0x00007f29f63c5200
Event: 0.581 Thread 0x00007f29f0015800 DEOPT UNPACKING pc=0x00007f29d897703a sp=0x00007f29f63c4748 mode 0
Event: 0.607 Thread 0x00007f29f0015800 DEOPT PACKING pc=0x00007f29d8f72afb sp=0x00007f29f63c3ff0
Event: 0.607 Thread 0x00007f29f0015800 DEOPT UNPACKING pc=0x00007f29d897703a sp=0x00007f29f63c3538 mode 0
Event: 0.650 Thread 0x00007f29f0015800 DEOPT PACKING pc=0x00007f29d8f72afb sp=0x00007f29f63c2660
Event: 0.650 Thread 0x00007f29f0015800 DEOPT UNPACKING pc=0x00007f29d897703a sp=0x00007f29f63c1ba8 mode 0
Event: 0.672 Thread 0x00007f29f0015800 Uncommon trap: trap_request=0xffffff4d fr.pc=0x00007f29e04596b0 relative=0x0000000000000350
Event: 0.672 Thread 0x00007f29f0015800 Uncommon trap: reason=unstable_if action=reinterpret pc=0x00007f29e04596b0 method=org.eclipse.jdt.launching.internal.org.objectweb.asm.MethodWriter.visitVarInsn(II)V @ 20 c2
Event: 0.672 Thread 0x00007f29f0015800 DEOPT PACKING pc=0x00007f29e04596b0 sp=0x00007f29f63c1a30
Event: 0.672 Thread 0x00007f29f0015800 DEOPT UNPACKING pc=0x00007f29d8977225 sp=0x00007f29f63c19f8 mode 2
Event: 0.823 Thread 0x00007f29f0015800 Uncommon trap: trap_request=0xffffff4d fr.pc=0x00007f29e046f348 relative=0x0000000000000408
Event: 0.823 Thread 0x00007f29f0015800 Uncommon trap: reason=unstable_if action=reinterpret pc=0x00007f29e046f348 method=org.eclipse.jdt.launching.internal.org.objectweb.asm.Type.getArgumentsAndReturnSizes(Ljava/lang/String;)I @ 121 c2
Event: 0.823 Thread 0x00007f29f0015800 DEOPT PACKING pc=0x00007f29e046f348 sp=0x00007f29f63c57e0
Event: 0.823 Thread 0x00007f29f0015800 DEOPT UNPACKING pc=0x00007f29d8977225 sp=0x00007f29f63c5790 mode 2

Classes redefined (11 events):
Event: 276.941 Thread 0x00007f29f029d000 redefined class name=de.unirostock.sems.xmlutils.ds.TreeDocument, count=1
Event: 350.458 Thread 0x00007f29f029d000 redefined class name=de.unirostock.sems.bives.merge.algorithm.SBMLMerger, count=1
Event: 375.922 Thread 0x00007f29f029d000 redefined class name=de.unirostock.sems.bives.merge.algorithm.SBMLMerger, count=2
Event: 418.834 Thread 0x00007f29f029d000 redefined class name=de.unirostock.sems.bives.merge.algorithm.SBMLMerger, count=3
Event: 491.213 Thread 0x00007f29f029d000 redefined class name=de.unirostock.sems.bives.merge.algorithm.SBMLMerger, count=4
Event: 508.524 Thread 0x00007f29f029d000 redefined class name=de.unirostock.sems.xmlutils.ds.TreeDocument, count=2
Event: 3960.268 Thread 0x00007f29f029d000 redefined class name=de.unirostock.sems.TestMerge, count=1
Event: 3967.559 Thread 0x00007f29f029d000 redefined class name=de.unirostock.sems.TestMerge, count=2
Event: 4278.560 Thread 0x00007f29f029d000 redefined class name=de.unirostock.sems.xmlutils.ds.TreeDocument, count=3
Event: 5080.955 Thread 0x00007f29f029d000 redefined class name=de.unirostock.sems.TestMerge, count=3
Event: 5304.567 Thread 0x00007f29f029d000 redefined class name=de.unirostock.sems.TestMerge, count=4

Internal exceptions (10 events):
Event: 0.157 Thread 0x00007f29f0015800 Exception <a 'java/security/PrivilegedActionException'{0x000000062a39edb0}> (0x000000062a39edb0) thrown at [/build/openjdk-11-JSGVKF/openjdk-11-11.0.5+10/src/hotspot/share/prims/jvm.cpp, line 1295]
Event: 0.158 Thread 0x00007f29f0015800 Exception <a 'java/security/PrivilegedActionException'{0x000000062a39f080}> (0x000000062a39f080) thrown at [/build/openjdk-11-JSGVKF/openjdk-11-11.0.5+10/src/hotspot/share/prims/jvm.cpp, line 1295]
Event: 0.159 Thread 0x00007f29f0015800 Exception <a 'java/security/PrivilegedActionException'{0x000000062a3eac00}> (0x000000062a3eac00) thrown at [/build/openjdk-11-JSGVKF/openjdk-11-11.0.5+10/src/hotspot/share/prims/jvm.cpp, line 1295]
Event: 0.159 Thread 0x00007f29f0015800 Exception <a 'java/security/PrivilegedActionException'{0x000000062a3eaed0}> (0x000000062a3eaed0) thrown at [/build/openjdk-11-JSGVKF/openjdk-11-11.0.5+10/src/hotspot/share/prims/jvm.cpp, line 1295]
Event: 0.479 Thread 0x00007f29f0015800 Exception <a 'java/lang/NoSuchMethodError'{0x00000006296c35a8}: 'java.lang.Object java.lang.invoke.DirectMethodHandle$Holder.invokeStatic(java.lang.Object, java.lang.Object, java.lang.Object, java.lang.Object, java.lang.Object, java.lang.Object, java.lang
Event: 0.481 Thread 0x00007f29f0015800 Exception <a 'java/lang/NoSuchMethodError'{0x00000006296d2ac0}: 'java.lang.Object java.lang.invoke.DirectMethodHandle$Holder.invokeStatic(java.lang.Object, java.lang.Object, java.lang.Object, java.lang.Object, java.lang.Object, java.lang.Object, java.lang
Event: 0.483 Thread 0x00007f29f0015800 Exception <a 'java/lang/NoSuchMethodError'{0x00000006296e09d8}: 'java.lang.Object java.lang.invoke.DirectMethodHandle$Holder.invokeSpecial(java.lang.Object, java.lang.Object, int, int, java.lang.Object, java.lang.Object, java.lang.Object)'> (0x00000006296
Event: 0.483 Thread 0x00007f29f0015800 Exception <a 'java/lang/NoSuchMethodError'{0x00000006296e3f68}: 'java.lang.Object java.lang.invoke.DelegatingMethodHandle$Holder.reinvoke_L(java.lang.Object, int, int, java.lang.Object, java.lang.Object, java.lang.Object)'> (0x00000006296e3f68) thrown at 
Event: 0.484 Thread 0x00007f29f0015800 Exception <a 'java/lang/NoSuchMethodError'{0x00000006296e91d8}: 'java.lang.Object java.lang.invoke.DirectMethodHandle$Holder.invokeStatic(java.lang.Object, java.lang.Object, java.lang.Object, java.lang.Object, int)'> (0x00000006296e91d8) thrown at [/build
Event: 0.828 Thread 0x00007f29f0015800 Exception <a 'java/lang/NoSuchMethodError'{0x0000000629d773a0}: 'int java.lang.invoke.DirectMethodHandle$Holder.invokeSpecialIFC(java.lang.Object, java.lang.Object, int)'> (0x0000000629d773a0) thrown at [/build/openjdk-11-JSGVKF/openjdk-11-11.0.5+10/src/h

Events (20 events):
Event: 5304.568 Executing VM operation: RedefineClasses done
Event: 5304.572 Executing VM operation: ChangeBreakpoints
Event: 5304.572 Executing VM operation: ChangeBreakpoints done
Event: 5304.573 Executing VM operation: GetFrameCount
Event: 5304.573 Executing VM operation: GetFrameCount done
Event: 5304.573 Executing VM operation: GetStackTrace
Event: 5304.573 Executing VM operation: GetStackTrace done
Event: 5304.573 Executing VM operation: GetFrameCount
Event: 5304.574 Executing VM operation: GetFrameCount done
Event: 5304.574 Executing VM operation: SetFramePop
Event: 5304.574 Executing VM operation: SetFramePop done
Event: 5304.574 Executing VM operation: GetFrameLocation
Event: 5304.574 Executing VM operation: GetFrameLocation done
Event: 5304.574 Executing VM operation: GetCurrentLocation
Event: 5304.574 Executing VM operation: GetCurrentLocation done
Event: 5304.574 Executing VM operation: ChangeSingleStep
Event: 5304.574 Executing VM operation: ChangeSingleStep done
Event: 5304.574 Executing VM operation: GetFrameLocation
Event: 5304.574 Executing VM operation: GetFrameLocation done
Event: 5304.574 Executing VM operation: GetOrSetLocal


Dynamic libraries:
60b000000-62a600000 rw-p 00000000 00:00 0 
62a600000-7bfc00000 ---p 00000000 00:00 0 
7bfc00000-7bfc44000 rw-p 01104000 08:01 136699                           /usr/lib/jvm/java-11-openjdk-amd64/lib/server/classes.jsa
7bfc44000-7bfe00000 rw-p 00000000 00:00 0 
7bfe00000-7bfe6a000 rw-p 0109a000 08:01 136699                           /usr/lib/jvm/java-11-openjdk-amd64/lib/server/classes.jsa
7bfe6a000-7c0000000 rw-p 00000000 00:00 0 
7c0000000-800000000 ---p 00000000 00:00 0 
800000000-800002000 rwxp 00001000 08:01 136699                           /usr/lib/jvm/java-11-openjdk-amd64/lib/server/classes.jsa
800002000-801099000 rw-p 00003000 08:01 136699                           /usr/lib/jvm/java-11-openjdk-amd64/lib/server/classes.jsa
840000000-8400e0000 rw-p 00000000 00:00 0 
8400e0000-880000000 ---p 00000000 00:00 0 
55a3df30d000-55a3df30e000 r--p 00000000 08:01 131459                     /usr/lib/jvm/java-11-openjdk-amd64/bin/java
55a3df30e000-55a3df30f000 r-xp 00001000 08:01 131459                     /usr/lib/jvm/java-11-openjdk-amd64/bin/java
55a3df30f000-55a3df310000 r--p 00002000 08:01 131459                     /usr/lib/jvm/java-11-openjdk-amd64/bin/java
55a3df310000-55a3df311000 r--p 00002000 08:01 131459                     /usr/lib/jvm/java-11-openjdk-amd64/bin/java
55a3df311000-55a3df312000 rw-p 00003000 08:01 131459                     /usr/lib/jvm/java-11-openjdk-amd64/bin/java
55a3df664000-55a3df685000 rw-p 00000000 00:00 0                          [heap]
7f2948000000-7f2948021000 rw-p 00000000 00:00 0 
7f2948021000-7f294c000000 ---p 00000000 00:00 0 
7f294c000000-7f294c021000 rw-p 00000000 00:00 0 
7f294c021000-7f2950000000 ---p 00000000 00:00 0 
7f2950000000-7f2950021000 rw-p 00000000 00:00 0 
7f2950021000-7f2954000000 ---p 00000000 00:00 0 
7f2954000000-7f2954021000 rw-p 00000000 00:00 0 
7f2954021000-7f2958000000 ---p 00000000 00:00 0 
7f2958000000-7f2958021000 rw-p 00000000 00:00 0 
7f2958021000-7f295c000000 ---p 00000000 00:00 0 
7f295c000000-7f295c021000 rw-p 00000000 00:00 0 
7f295c021000-7f2960000000 ---p 00000000 00:00 0 
7f2960000000-7f2960021000 rw-p 00000000 00:00 0 
7f2960021000-7f2964000000 ---p 00000000 00:00 0 
7f2964000000-7f2964021000 rw-p 00000000 00:00 0 
7f2964021000-7f2968000000 ---p 00000000 00:00 0 
7f2968000000-7f2968470000 rw-p 00000000 00:00 0 
7f2968470000-7f296c000000 ---p 00000000 00:00 0 
7f296c000000-7f296c021000 rw-p 00000000 00:00 0 
7f296c021000-7f2970000000 ---p 00000000 00:00 0 
7f2970000000-7f2970021000 rw-p 00000000 00:00 0 
7f2970021000-7f2974000000 ---p 00000000 00:00 0 
7f2974000000-7f2974021000 rw-p 00000000 00:00 0 
7f2974021000-7f2978000000 ---p 00000000 00:00 0 
7f2978000000-7f2978021000 rw-p 00000000 00:00 0 
7f2978021000-7f297c000000 ---p 00000000 00:00 0 
7f297c000000-7f297c021000 rw-p 00000000 00:00 0 
7f297c021000-7f2980000000 ---p 00000000 00:00 0 
7f2980000000-7f2980026000 rw-p 00000000 00:00 0 
7f2980026000-7f2984000000 ---p 00000000 00:00 0 
7f2984000000-7f2984021000 rw-p 00000000 00:00 0 
7f2984021000-7f2988000000 ---p 00000000 00:00 0 
7f2988000000-7f2988021000 rw-p 00000000 00:00 0 
7f2988021000-7f298c000000 ---p 00000000 00:00 0 
7f298c000000-7f298ed77000 rw-p 00000000 00:00 0 
7f298ed77000-7f2990000000 ---p 00000000 00:00 0 
7f2990000000-7f2990792000 rw-p 00000000 00:00 0 
7f2990792000-7f2994000000 ---p 00000000 00:00 0 
7f2994000000-7f2994021000 rw-p 00000000 00:00 0 
7f2994021000-7f2998000000 ---p 00000000 00:00 0 
7f2998000000-7f2998021000 rw-p 00000000 00:00 0 
7f2998021000-7f299c000000 ---p 00000000 00:00 0 
7f299c000000-7f299ca90000 rw-p 00000000 00:00 0 
7f299ca90000-7f29a0000000 ---p 00000000 00:00 0 
7f29a0000000-7f29a0021000 rw-p 00000000 00:00 0 
7f29a0021000-7f29a4000000 ---p 00000000 00:00 0 
7f29a4000000-7f29a4021000 rw-p 00000000 00:00 0 
7f29a4021000-7f29a8000000 ---p 00000000 00:00 0 
7f29a8000000-7f29a8085000 rw-p 00000000 00:00 0 
7f29a8085000-7f29ac000000 ---p 00000000 00:00 0 
7f29ac000000-7f29ac021000 rw-p 00000000 00:00 0 
7f29ac021000-7f29b0000000 ---p 00000000 00:00 0 
7f29b1f32000-7f29b1f33000 ---p 00000000 00:00 0 
7f29b1f33000-7f29b2034000 rw-p 00000000 00:00 0 
7f29b2034000-7f29b2035000 ---p 00000000 00:00 0 
7f29b2035000-7f29b2136000 rw-p 00000000 00:00 0 
7f29b2136000-7f29b2137000 ---p 00000000 00:00 0 
7f29b2137000-7f29b2238000 rw-p 00000000 00:00 0 
7f29b2238000-7f29b2239000 ---p 00000000 00:00 0 
7f29b2239000-7f29b233a000 rw-p 00000000 00:00 0 
7f29b233a000-7f29b233b000 ---p 00000000 00:00 0 
7f29b233b000-7f29b243c000 rw-p 00000000 00:00 0 
7f29b243c000-7f29b243d000 ---p 00000000 00:00 0 
7f29b243d000-7f29b253e000 rw-p 00000000 00:00 0 
7f29b253e000-7f29b253f000 ---p 00000000 00:00 0 
7f29b253f000-7f29b2640000 rw-p 00000000 00:00 0 
7f29b2640000-7f29b2641000 ---p 00000000 00:00 0 
7f29b2641000-7f29b2742000 rw-p 00000000 00:00 0 
7f29b2742000-7f29b2743000 ---p 00000000 00:00 0 
7f29b2743000-7f29b2844000 rw-p 00000000 00:00 0 
7f29b2844000-7f29b2848000 ---p 00000000 00:00 0 
7f29b2848000-7f29b2945000 rw-p 00000000 00:00 0 
7f29b2945000-7f29b2949000 ---p 00000000 00:00 0 
7f29b2949000-7f29b2a46000 rw-p 00000000 00:00 0 
7f29b2a46000-7f29b2a47000 ---p 00000000 00:00 0 
7f29b2a47000-7f29b2b48000 rw-p 00000000 00:00 0 
7f29b2b48000-7f29b2b4c000 ---p 00000000 00:00 0 
7f29b2b4c000-7f29b2c49000 rw-p 00000000 00:00 0 
7f29b2c49000-7f29b2c4d000 ---p 00000000 00:00 0 
7f29b2c4d000-7f29b2d4a000 rw-p 00000000 00:00 0 
7f29b2dc0000-7f29b2dc4000 ---p 00000000 00:00 0 
7f29b2dc4000-7f29b2ec1000 rw-p 00000000 00:00 0 
7f29b2ec1000-7f29b2ec5000 ---p 00000000 00:00 0 
7f29b2ec5000-7f29b2fc2000 rw-p 00000000 00:00 0 
7f29b2fc2000-7f29b2fc6000 ---p 00000000 00:00 0 
7f29b2fc6000-7f29b30c3000 rw-p 00000000 00:00 0 
7f29b30c3000-7f29b30c7000 ---p 00000000 00:00 0 
7f29b30c7000-7f29b31c4000 rw-p 00000000 00:00 0 
7f29b31c4000-7f29b31c8000 ---p 00000000 00:00 0 
7f29b31c8000-7f29b32c5000 rw-p 00000000 00:00 0 
7f29b32c5000-7f29b32c9000 ---p 00000000 00:00 0 
7f29b32c9000-7f29b33c6000 rw-p 00000000 00:00 0 
7f29b33c6000-7f29b33ca000 ---p 00000000 00:00 0 
7f29b33ca000-7f29b34c7000 rw-p 00000000 00:00 0 
7f29b34c7000-7f29b3800000 r--p 00000000 08:01 6165976                    /usr/lib/locale/locale-archive
7f29b3800000-7f29b3ec0000 rw-p 00000000 00:00 0 
7f29b3ec0000-7f29b4000000 ---p 00000000 00:00 0 
7f29b4000000-7f29b4021000 rw-p 00000000 00:00 0 
7f29b4021000-7f29b8000000 ---p 00000000 00:00 0 
7f29b8000000-7f29b8021000 rw-p 00000000 00:00 0 
7f29b8021000-7f29bc000000 ---p 00000000 00:00 0 
7f29bc000000-7f29bc021000 rw-p 00000000 00:00 0 
7f29bc021000-7f29c0000000 ---p 00000000 00:00 0 
7f29c0018000-7f29c004d000 r--s 00000000 08:01 2499215                    /var/cache/nscd/hosts
7f29c004d000-7f29c0051000 ---p 00000000 00:00 0 
7f29c0051000-7f29c014e000 rw-p 00000000 00:00 0 
7f29c014e000-7f29c0152000 ---p 00000000 00:00 0 
7f29c0152000-7f29c024f000 rw-p 00000000 00:00 0 
7f29c024f000-7f29c0253000 ---p 00000000 00:00 0 
7f29c0253000-7f29c0350000 rw-p 00000000 00:00 0 
7f29c0350000-7f29c0351000 ---p 00000000 00:00 0 
7f29c0351000-7f29c052e000 rw-p 00000000 00:00 0 
7f29c052e000-7f29c052f000 ---p 00000000 00:00 0 
7f29c052f000-7f29c2e08000 rw-p 00000000 00:00 0 
7f29c2e08000-7f29c9360000 ---p 00000000 00:00 0 
7f29c9360000-7f29c9370000 rw-p 00000000 00:00 0 
7f29c9370000-7f29ca370000 ---p 00000000 00:00 0 
7f29ca370000-7f29cab48000 rw-p 00000000 00:00 0 
7f29cab48000-7f29d10a0000 ---p 00000000 00:00 0 
7f29d10a0000-7f29d10b0000 rw-p 00000000 00:00 0 
7f29d10b0000-7f29d20b0000 ---p 00000000 00:00 0 
7f29d20b0000-7f29d21ab000 rw-p 00000000 00:00 0 
7f29d21ab000-7f29d2e56000 ---p 00000000 00:00 0 
7f29d2e56000-7f29d2e58000 rw-p 00000000 00:00 0 
7f29d2e58000-7f29d3058000 ---p 00000000 00:00 0 
7f29d3058000-7f29d3153000 rw-p 00000000 00:00 0 
7f29d3153000-7f29d3dfe000 ---p 00000000 00:00 0 
7f29d3dfe000-7f29d3e00000 rw-p 00000000 00:00 0 
7f29d3e00000-7f29d4000000 ---p 00000000 00:00 0 
7f29d4000000-7f29d4021000 rw-p 00000000 00:00 0 
7f29d4021000-7f29d8000000 ---p 00000000 00:00 0 
7f29d8003000-7f29d8004000 r--p 00000000 08:01 133657                     /usr/lib/jvm/java-11-openjdk-amd64/lib/libextnet.so
7f29d8004000-7f29d8005000 r-xp 00001000 08:01 133657                     /usr/lib/jvm/java-11-openjdk-amd64/lib/libextnet.so
7f29d8005000-7f29d8006000 r--p 00002000 08:01 133657                     /usr/lib/jvm/java-11-openjdk-amd64/lib/libextnet.so
7f29d8006000-7f29d8007000 r--p 00002000 08:01 133657                     /usr/lib/jvm/java-11-openjdk-amd64/lib/libextnet.so
7f29d8007000-7f29d8008000 rw-p 00003000 08:01 133657                     /usr/lib/jvm/java-11-openjdk-amd64/lib/libextnet.so
7f29d8008000-7f29d800c000 r--p 00000000 08:01 134021                     /usr/lib/jvm/java-11-openjdk-amd64/lib/libnet.so
7f29d800c000-7f29d801b000 r-xp 00004000 08:01 134021                     /usr/lib/jvm/java-11-openjdk-amd64/lib/libnet.so
7f29d801b000-7f29d801f000 r--p 00013000 08:01 134021                     /usr/lib/jvm/java-11-openjdk-amd64/lib/libnet.so
7f29d801f000-7f29d8020000 r--p 00016000 08:01 134021                     /usr/lib/jvm/java-11-openjdk-amd64/lib/libnet.so
7f29d8020000-7f29d8021000 rw-p 00017000 08:01 134021                     /usr/lib/jvm/java-11-openjdk-amd64/lib/libnet.so
7f29d8021000-7f29d8028000 r--p 00000000 08:01 134023                     /usr/lib/jvm/java-11-openjdk-amd64/lib/libnio.so
7f29d8028000-7f29d802f000 r-xp 00007000 08:01 134023                     /usr/lib/jvm/java-11-openjdk-amd64/lib/libnio.so
7f29d802f000-7f29d8032000 r--p 0000e000 08:01 134023                     /usr/lib/jvm/java-11-openjdk-amd64/lib/libnio.so
7f29d8032000-7f29d8033000 r--p 00010000 08:01 134023                     /usr/lib/jvm/java-11-openjdk-amd64/lib/libnio.so
7f29d8033000-7f29d8034000 rw-p 00011000 08:01 134023                     /usr/lib/jvm/java-11-openjdk-amd64/lib/libnio.so
7f29d8034000-7f29d8035000 ---p 00000000 00:00 0 
7f29d8035000-7f29d893e000 rw-p 00000000 00:00 0 
7f29d893e000-7f29d8bae000 rwxp 00000000 00:00 0 
7f29d8bae000-7f29d8ecf000 ---p 00000000 00:00 0 
7f29d8ecf000-7f29d914f000 rwxp 00000000 00:00 0 
7f29d914f000-7f29e0406000 ---p 00000000 00:00 0 
7f29e0406000-7f29e0676000 rwxp 00000000 00:00 0 
7f29e0676000-7f29e793e000 ---p 00000000 00:00 0 
7f29e793e000-7f29f0000000 r--s 00000000 08:01 134057                     /usr/lib/jvm/java-11-openjdk-amd64/lib/modules
7f29f0000000-7f29f0846000 rw-p 00000000 00:00 0 
7f29f0846000-7f29f4000000 ---p 00000000 00:00 0 
7f29f4004000-7f29f4007000 r--p 00000000 08:01 5898969                    /lib/x86_64-linux-gnu/libnss_files-2.29.so
7f29f4007000-7f29f400e000 r-xp 00003000 08:01 5898969                    /lib/x86_64-linux-gnu/libnss_files-2.29.so
7f29f400e000-7f29f4010000 r--p 0000a000 08:01 5898969                    /lib/x86_64-linux-gnu/libnss_files-2.29.so
7f29f4010000-7f29f4011000 r--p 0000b000 08:01 5898969                    /lib/x86_64-linux-gnu/libnss_files-2.29.so
7f29f4011000-7f29f4012000 rw-p 0000c000 08:01 5898969                    /lib/x86_64-linux-gnu/libnss_files-2.29.so
7f29f4012000-7f29f4018000 rw-p 00000000 00:00 0 
7f29f4018000-7f29f4019000 r--p 00000000 08:01 133637                     /usr/lib/jvm/java-11-openjdk-amd64/lib/libdt_socket.so
7f29f4019000-7f29f401c000 r-xp 00001000 08:01 133637                     /usr/lib/jvm/java-11-openjdk-amd64/lib/libdt_socket.so
7f29f401c000-7f29f401d000 r--p 00004000 08:01 133637                     /usr/lib/jvm/java-11-openjdk-amd64/lib/libdt_socket.so
7f29f401d000-7f29f401e000 r--p 00004000 08:01 133637                     /usr/lib/jvm/java-11-openjdk-amd64/lib/libdt_socket.so
7f29f401e000-7f29f401f000 rw-p 00005000 08:01 133637                     /usr/lib/jvm/java-11-openjdk-amd64/lib/libdt_socket.so
7f29f401f000-7f29f4026000 r--s 00000000 08:01 6215712                    /usr/lib/x86_64-linux-gnu/gconv/gconv-modules.cache
7f29f4026000-7f29f4228000 rw-p 00000000 00:00 0 
7f29f4228000-7f29f4229000 ---p 00000000 00:00 0 
7f29f4229000-7f29f432a000 rw-p 00000000 00:00 0 
7f29f432a000-7f29f432b000 ---p 00000000 00:00 0 
7f29f432b000-7f29f462a000 rw-p 00000000 00:00 0 
7f29f462a000-7f29f52d5000 ---p 00000000 00:00 0 
7f29f52d5000-7f29f52d7000 rw-p 00000000 00:00 0 
7f29f52d7000-7f29f54d7000 ---p 00000000 00:00 0 
7f29f54d7000-7f29f5f20000 rw-p 00000000 00:00 0 
7f29f5f20000-7f29f5f21000 ---p 00000000 00:00 0 
7f29f5f21000-7f29f6027000 rw-p 00000000 00:00 0 
7f29f6027000-7f29f610d000 ---p 00000000 00:00 0 
7f29f610d000-7f29f6112000 rw-p 00000000 00:00 0 
7f29f6112000-7f29f61f8000 ---p 00000000 00:00 0 
7f29f61f8000-7f29f61fd000 rw-p 00000000 00:00 0 
7f29f61fd000-7f29f6204000 ---p 00000000 00:00 0 
7f29f6204000-7f29f6206000 r--s 0000c000 08:01 447                        /usr/share/java/java-atk-wrapper.jar
7f29f6206000-7f29f6208000 r--p 00000000 08:01 133990                     /usr/lib/jvm/java-11-openjdk-amd64/lib/libjimage.so
7f29f6208000-7f29f620b000 r-xp 00002000 08:01 133990                     /usr/lib/jvm/java-11-openjdk-amd64/lib/libjimage.so
7f29f620b000-7f29f620c000 r--p 00005000 08:01 133990                     /usr/lib/jvm/java-11-openjdk-amd64/lib/libjimage.so
7f29f620c000-7f29f620d000 ---p 00006000 08:01 133990                     /usr/lib/jvm/java-11-openjdk-amd64/lib/libjimage.so
7f29f620d000-7f29f620e000 r--p 00006000 08:01 133990                     /usr/lib/jvm/java-11-openjdk-amd64/lib/libjimage.so
7f29f620e000-7f29f620f000 rw-p 00007000 08:01 133990                     /usr/lib/jvm/java-11-openjdk-amd64/lib/libjimage.so
7f29f620f000-7f29f6211000 r--p 00000000 08:01 134055                     /usr/lib/jvm/java-11-openjdk-amd64/lib/libzip.so
7f29f6211000-7f29f6215000 r-xp 00002000 08:01 134055                     /usr/lib/jvm/java-11-openjdk-amd64/lib/libzip.so
7f29f6215000-7f29f6217000 r--p 00006000 08:01 134055                     /usr/lib/jvm/java-11-openjdk-amd64/lib/libzip.so
7f29f6217000-7f29f6218000 r--p 00007000 08:01 134055                     /usr/lib/jvm/java-11-openjdk-amd64/lib/libzip.so
7f29f6218000-7f29f6219000 rw-p 00008000 08:01 134055                     /usr/lib/jvm/java-11-openjdk-amd64/lib/libzip.so
7f29f6219000-7f29f6221000 rw-s 00000000 08:01 395385                     /tmp/hsperfdata_tgeb/141678
7f29f6221000-7f29f6256000 r--s 00000000 08:01 2499213                    /var/cache/nscd/passwd
7f29f6256000-7f29f6258000 r--p 00000000 08:01 133988                     /usr/lib/jvm/java-11-openjdk-amd64/lib/libjdwp.so
7f29f6258000-7f29f6283000 r-xp 00002000 08:01 133988                     /usr/lib/jvm/java-11-openjdk-amd64/lib/libjdwp.so
7f29f6283000-7f29f6290000 r--p 0002d000 08:01 133988                     /usr/lib/jvm/java-11-openjdk-amd64/lib/libjdwp.so
7f29f6290000-7f29f6291000 ---p 0003a000 08:01 133988                     /usr/lib/jvm/java-11-openjdk-amd64/lib/libjdwp.so
7f29f6291000-7f29f6292000 r--p 0003a000 08:01 133988                     /usr/lib/jvm/java-11-openjdk-amd64/lib/libjdwp.so
7f29f6292000-7f29f6293000 rw-p 0003b000 08:01 133988                     /usr/lib/jvm/java-11-openjdk-amd64/lib/libjdwp.so
7f29f6293000-7f29f62a0000 r--p 00000000 08:01 133982                     /usr/lib/jvm/java-11-openjdk-amd64/lib/libjava.so
7f29f62a0000-7f29f62b5000 r-xp 0000d000 08:01 133982                     /usr/lib/jvm/java-11-openjdk-amd64/lib/libjava.so
7f29f62b5000-7f29f62bc000 r--p 00022000 08:01 133982                     /usr/lib/jvm/java-11-openjdk-amd64/lib/libjava.so
7f29f62bc000-7f29f62bd000 r--p 00028000 08:01 133982                     /usr/lib/jvm/java-11-openjdk-amd64/lib/libjava.so
7f29f62bd000-7f29f62bf000 rw-p 00029000 08:01 133982                     /usr/lib/jvm/java-11-openjdk-amd64/lib/libjava.so
7f29f62bf000-7f29f62c2000 r--p 00000000 08:01 5898988                    /lib/x86_64-linux-gnu/librt-2.29.so
7f29f62c2000-7f29f62c6000 r-xp 00003000 08:01 5898988                    /lib/x86_64-linux-gnu/librt-2.29.so
7f29f62c6000-7f29f62c8000 r--p 00007000 08:01 5898988                    /lib/x86_64-linux-gnu/librt-2.29.so
7f29f62c8000-7f29f62c9000 r--p 00008000 08:01 5898988                    /lib/x86_64-linux-gnu/librt-2.29.so
7f29f62c9000-7f29f62ca000 rw-p 00009000 08:01 5898988                    /lib/x86_64-linux-gnu/librt-2.29.so
7f29f62ca000-7f29f62ce000 ---p 00000000 00:00 0 
7f29f62ce000-7f29f63cb000 rw-p 00000000 00:00 0 
7f29f63cb000-7f29f63ce000 r--p 00000000 08:01 5898306                    /lib/x86_64-linux-gnu/libgcc_s.so.1
7f29f63ce000-7f29f63df000 r-xp 00003000 08:01 5898306                    /lib/x86_64-linux-gnu/libgcc_s.so.1
7f29f63df000-7f29f63e3000 r--p 00014000 08:01 5898306                    /lib/x86_64-linux-gnu/libgcc_s.so.1
7f29f63e3000-7f29f63e4000 r--p 00017000 08:01 5898306                    /lib/x86_64-linux-gnu/libgcc_s.so.1
7f29f63e4000-7f29f63e5000 rw-p 00018000 08:01 5898306                    /lib/x86_64-linux-gnu/libgcc_s.so.1
7f29f63e5000-7f29f63f4000 r--p 00000000 08:01 5898865                    /lib/x86_64-linux-gnu/libm-2.29.so
7f29f63f4000-7f29f648f000 r-xp 0000f000 08:01 5898865                    /lib/x86_64-linux-gnu/libm-2.29.so
7f29f648f000-7f29f6528000 r--p 000aa000 08:01 5898865                    /lib/x86_64-linux-gnu/libm-2.29.so
7f29f6528000-7f29f6529000 r--p 00142000 08:01 5898865                    /lib/x86_64-linux-gnu/libm-2.29.so
7f29f6529000-7f29f652a000 rw-p 00143000 08:01 5898865                    /lib/x86_64-linux-gnu/libm-2.29.so
7f29f652a000-7f29f65c0000 r--p 00000000 08:01 6163067                    /usr/lib/x86_64-linux-gnu/libstdc++.so.6.0.28
7f29f65c0000-7f29f66a8000 r-xp 00096000 08:01 6163067                    /usr/lib/x86_64-linux-gnu/libstdc++.so.6.0.28
7f29f66a8000-7f29f66f2000 r--p 0017e000 08:01 6163067                    /usr/lib/x86_64-linux-gnu/libstdc++.so.6.0.28
7f29f66f2000-7f29f66fd000 r--p 001c7000 08:01 6163067                    /usr/lib/x86_64-linux-gnu/libstdc++.so.6.0.28
7f29f66fd000-7f29f6700000 rw-p 001d2000 08:01 6163067                    /usr/lib/x86_64-linux-gnu/libstdc++.so.6.0.28
7f29f6700000-7f29f6703000 rw-p 00000000 00:00 0 
7f29f6703000-7f29f6970000 r--p 00000000 08:01 134066                     /usr/lib/jvm/java-11-openjdk-amd64/lib/server/libjvm.so
7f29f6970000-7f29f74e3000 r-xp 0026d000 08:01 134066                     /usr/lib/jvm/java-11-openjdk-amd64/lib/server/libjvm.so
7f29f74e3000-7f29f771d000 r--p 00de0000 08:01 134066                     /usr/lib/jvm/java-11-openjdk-amd64/lib/server/libjvm.so
7f29f771d000-7f29f77da000 r--p 01019000 08:01 134066                     /usr/lib/jvm/java-11-openjdk-amd64/lib/server/libjvm.so
7f29f77da000-7f29f7813000 rw-p 010d6000 08:01 134066                     /usr/lib/jvm/java-11-openjdk-amd64/lib/server/libjvm.so
7f29f7813000-7f29f786c000 rw-p 00000000 00:00 0 
7f29f786c000-7f29f7873000 r--p 00000000 08:01 5898981                    /lib/x86_64-linux-gnu/libpthread-2.29.so
7f29f7873000-7f29f7882000 r-xp 00007000 08:01 5898981                    /lib/x86_64-linux-gnu/libpthread-2.29.so
7f29f7882000-7f29f7887000 r--p 00016000 08:01 5898981                    /lib/x86_64-linux-gnu/libpthread-2.29.so
7f29f7887000-7f29f7888000 r--p 0001a000 08:01 5898981                    /lib/x86_64-linux-gnu/libpthread-2.29.so
7f29f7888000-7f29f7889000 rw-p 0001b000 08:01 5898981                    /lib/x86_64-linux-gnu/libpthread-2.29.so
7f29f7889000-7f29f788d000 rw-p 00000000 00:00 0 
7f29f788d000-7f29f788e000 r--p 00000000 08:01 5898856                    /lib/x86_64-linux-gnu/libdl-2.29.so
7f29f788e000-7f29f788f000 r-xp 00001000 08:01 5898856                    /lib/x86_64-linux-gnu/libdl-2.29.so
7f29f788f000-7f29f7890000 r--p 00002000 08:01 5898856                    /lib/x86_64-linux-gnu/libdl-2.29.so
7f29f7890000-7f29f7891000 r--p 00002000 08:01 5898856                    /lib/x86_64-linux-gnu/libdl-2.29.so
7f29f7891000-7f29f7892000 rw-p 00003000 08:01 5898856                    /lib/x86_64-linux-gnu/libdl-2.29.so
7f29f7892000-7f29f7895000 r--p 00000000 08:01 5898360                    /lib/x86_64-linux-gnu/libz.so.1.2.11
7f29f7895000-7f29f78a6000 r-xp 00003000 08:01 5898360                    /lib/x86_64-linux-gnu/libz.so.1.2.11
7f29f78a6000-7f29f78ac000 r--p 00014000 08:01 5898360                    /lib/x86_64-linux-gnu/libz.so.1.2.11
7f29f78ac000-7f29f78ad000 ---p 0001a000 08:01 5898360                    /lib/x86_64-linux-gnu/libz.so.1.2.11
7f29f78ad000-7f29f78ae000 r--p 0001a000 08:01 5898360                    /lib/x86_64-linux-gnu/libz.so.1.2.11
7f29f78ae000-7f29f78af000 rw-p 0001b000 08:01 5898360                    /lib/x86_64-linux-gnu/libz.so.1.2.11
7f29f78af000-7f29f78d4000 r--p 00000000 08:01 5898839                    /lib/x86_64-linux-gnu/libc-2.29.so
7f29f78d4000-7f29f7a1b000 r-xp 00025000 08:01 5898839                    /lib/x86_64-linux-gnu/libc-2.29.so
7f29f7a1b000-7f29f7a64000 r--p 0016c000 08:01 5898839                    /lib/x86_64-linux-gnu/libc-2.29.so
7f29f7a64000-7f29f7a65000 ---p 001b5000 08:01 5898839                    /lib/x86_64-linux-gnu/libc-2.29.so
7f29f7a65000-7f29f7a68000 r--p 001b5000 08:01 5898839                    /lib/x86_64-linux-gnu/libc-2.29.so
7f29f7a68000-7f29f7a6b000 rw-p 001b8000 08:01 5898839                    /lib/x86_64-linux-gnu/libc-2.29.so
7f29f7a6b000-7f29f7a6f000 rw-p 00000000 00:00 0 
7f29f7a6f000-7f29f7a71000 r--p 00000000 08:01 133659                     /usr/lib/jvm/java-11-openjdk-amd64/lib/libinstrument.so
7f29f7a71000-7f29f7a77000 r-xp 00002000 08:01 133659                     /usr/lib/jvm/java-11-openjdk-amd64/lib/libinstrument.so
7f29f7a77000-7f29f7a7a000 r--p 00008000 08:01 133659                     /usr/lib/jvm/java-11-openjdk-amd64/lib/libinstrument.so
7f29f7a7a000-7f29f7a7b000 r--p 0000a000 08:01 133659                     /usr/lib/jvm/java-11-openjdk-amd64/lib/libinstrument.so
7f29f7a7b000-7f29f7a7c000 rw-p 0000b000 08:01 133659                     /usr/lib/jvm/java-11-openjdk-amd64/lib/libinstrument.so
7f29f7a7c000-7f29f7a7d000 ---p 00000000 00:00 0 
7f29f7a7d000-7f29f7a7e000 r--p 00000000 00:00 0 
7f29f7a7e000-7f29f7a83000 r--p 00000000 08:01 134037                     /usr/lib/jvm/java-11-openjdk-amd64/lib/libverify.so
7f29f7a83000-7f29f7a8a000 r-xp 00005000 08:01 134037                     /usr/lib/jvm/java-11-openjdk-amd64/lib/libverify.so
7f29f7a8a000-7f29f7a8c000 r--p 0000c000 08:01 134037                     /usr/lib/jvm/java-11-openjdk-amd64/lib/libverify.so
7f29f7a8c000-7f29f7a8d000 ---p 0000e000 08:01 134037                     /usr/lib/jvm/java-11-openjdk-amd64/lib/libverify.so
7f29f7a8d000-7f29f7a8f000 r--p 0000e000 08:01 134037                     /usr/lib/jvm/java-11-openjdk-amd64/lib/libverify.so
7f29f7a8f000-7f29f7a90000 rw-p 00010000 08:01 134037                     /usr/lib/jvm/java-11-openjdk-amd64/lib/libverify.so
7f29f7a90000-7f29f7a93000 r--p 00000000 08:01 133493                     /usr/lib/jvm/java-11-openjdk-amd64/lib/jli/libjli.so
7f29f7a93000-7f29f7a9d000 r-xp 00003000 08:01 133493                     /usr/lib/jvm/java-11-openjdk-amd64/lib/jli/libjli.so
7f29f7a9d000-7f29f7aa0000 r--p 0000d000 08:01 133493                     /usr/lib/jvm/java-11-openjdk-amd64/lib/jli/libjli.so
7f29f7aa0000-7f29f7aa1000 r--p 0000f000 08:01 133493                     /usr/lib/jvm/java-11-openjdk-amd64/lib/jli/libjli.so
7f29f7aa1000-7f29f7aa2000 rw-p 00010000 08:01 133493                     /usr/lib/jvm/java-11-openjdk-amd64/lib/jli/libjli.so
7f29f7aa2000-7f29f7aa4000 rw-p 00000000 00:00 0 
7f29f7aa4000-7f29f7aa5000 r--p 00000000 08:01 5898441                    /lib/x86_64-linux-gnu/ld-2.29.so
7f29f7aa5000-7f29f7ac3000 r-xp 00001000 08:01 5898441                    /lib/x86_64-linux-gnu/ld-2.29.so
7f29f7ac3000-7f29f7acb000 r--p 0001f000 08:01 5898441                    /lib/x86_64-linux-gnu/ld-2.29.so
7f29f7acb000-7f29f7acc000 r--p 00026000 08:01 5898441                    /lib/x86_64-linux-gnu/ld-2.29.so
7f29f7acc000-7f29f7acd000 rw-p 00027000 08:01 5898441                    /lib/x86_64-linux-gnu/ld-2.29.so
7f29f7acd000-7f29f7ace000 rw-p 00000000 00:00 0 
7ffc771a7000-7ffc771c9000 rw-p 00000000 00:00 0                          [stack]
7ffc771f9000-7ffc771fc000 r--p 00000000 00:00 0                          [vvar]
7ffc771fc000-7ffc771fd000 r-xp 00000000 00:00 0                          [vdso]


VM Arguments:
jvm_args: -agentlib:jdwp=transport=dt_socket,suspend=y,address=localhost:43995 -ea -javaagent:/users/sbi00/tgeb/eclipse/jee-2018-09/eclipse/configuration/org.eclipse.osgi/414/0/.cp/lib/javaagent-shaded.jar -Dfile.encoding=UTF-8 
java_command: org.eclipse.jdt.internal.junit.runner.RemoteTestRunner -version 3 -port 46449 -testLoaderClass org.eclipse.jdt.internal.junit4.runner.JUnit4TestLoader -loaderpluginname org.eclipse.jdt.junit4.runtime -classNames de.unirostock.sems.TestMerge
java_class_path (initial): /users/sbi00/tgeb/eclipse-workspace/BiVeS-Merge/target/test-classes:/users/sbi00/tgeb/eclipse-workspace/BiVeS-Merge/target/classes:/users/sbi00/tgeb/.m2/repository/junit/junit/4.8.1/junit-4.8.1.jar:/var/www/html/GitRepos/BiVeS-Core/target/classes:/users/sbi00/tgeb/.m2/repository/com/googlecode/json-simple/json-simple/1.1.1/json-simple-1.1.1.jar:/var/www/html/GitRepos/XMLUtils/target/classes:/users/sbi00/tgeb/.m2/repository/de/binfalse/BFUtils/0.5.8/BFUtils-0.5.8.jar:/users/sbi00/tgeb/.m2/repository/commons-io/commons-io/2.4/commons-io-2.4.jar:/users/sbi00/tgeb/.m2/repository/org/apache/httpcomponents/httpclient/4.5.10/httpclient-4.5.10.jar:/users/sbi00/tgeb/.m2/repository/org/apache/httpcomponents/httpcore/4.4.12/httpcore-4.4.12.jar:/users/sbi00/tgeb/.m2/repository/commons-logging/commons-logging/1.2/commons-logging-1.2.jar:/users/sbi00/tgeb/.m2/repository/commons-codec/commons-codec/1.11/commons-codec-1.11.jar:/users/sbi00/tgeb/.m2/repository/org/jdom/jdom2/2.0.5/jdom2-2.0.5.jar:/users/sbi00/tgeb/.m2/repository/de/uni-rostock/sbi/jCOMODI/1.0.2/jCOMODI-1.0.2.jar:/users/sbi00/tgeb/.m2/repository/org/apache/jena/jena-tdb/3.0.0/jena-tdb-3.0.0.jar:/users/sbi00/tgeb/.m2/repository/org/apache/jena/jena-arq/3.0.0/jena-arq-3.0.0.jar:/users/sbi00/tgeb/.m2/repository/org/apache/jena/jena-core/3.0.0/jena-core-3.0.0.jar:/users/sbi00/tgeb/.m2/repository/org/apache/jena/jena-iri/3.0.0/jena-iri-3.0.0.jar:/users/sbi00/tgeb/.m2/repository/xerces/xercesImpl/2.11.0/xercesImpl-2.11.0.jar:/users/sbi00/tgeb/.m2/repository/xml-apis/xml-apis/1.4.01/xml-apis-1.4.01.jar:/users/sbi00/tgeb/.m2/repository/org/apache/jena/jena-base/3.0.0/jena-base-3.0.0.jar:/users/sbi00/tgeb/.m2/repository/org/apache/jena/jena-shaded-guava/3.0.0/jena-shaded-guava-3.0.0.jar:/users/sbi00/tgeb/.m2/repository/com/github/jsonld-java/jsonld-java/0.5.1/jsonld-java-0.5.1.jar:/users/sbi00/tgeb/.m2/repository/com/fasterxml/jackson/core/jackson-core/2.3.3/jackson-core-2.3.3.jar:/users/sbi00/tge
Launcher Type: SUN_STANDARD

[Global flags]
     intx CICompilerCount                          = 4                                         {product} {ergonomic}
     uint ConcGCThreads                            = 3                                         {product} {ergonomic}
     uint G1ConcRefinementThreads                  = 10                                        {product} {ergonomic}
   size_t G1HeapRegionSize                         = 2097152                                   {product} {ergonomic}
    uintx GCDrainStackTargetSize                   = 64                                        {product} {ergonomic}
   size_t InitialHeapSize                          = 526385152                                 {product} {ergonomic}
   size_t MarkStackSize                            = 4194304                                   {product} {ergonomic}
   size_t MaxHeapSize                              = 8405385216                                {product} {ergonomic}
   size_t MaxNewSize                               = 5041553408                                {product} {ergonomic}
   size_t MinHeapDeltaBytes                        = 2097152                                   {product} {ergonomic}
    uintx NonNMethodCodeHeapSize                   = 5836300                                {pd product} {ergonomic}
    uintx NonProfiledCodeHeapSize                  = 122910970                              {pd product} {ergonomic}
    uintx ProfiledCodeHeapSize                     = 122910970                              {pd product} {ergonomic}
    uintx ReservedCodeCacheSize                    = 251658240                              {pd product} {ergonomic}
     bool SegmentedCodeCache                       = true                                      {product} {ergonomic}
     bool UseCompressedClassPointers               = true                                 {lp64_product} {ergonomic}
     bool UseCompressedOops                        = true                                 {lp64_product} {ergonomic}
     bool UseG1GC                                  = true                                      {product} {ergonomic}

Logging:
Log output configuration:
 #0: stdout all=warning uptime,level,tags
 #1: stderr all=off uptime,level,tags

Environment Variables:
PATH=/usr/local/bin:/usr/bin:/bin:/usr/local/games:/usr/games
SHELL=/usr/bin/zsh
DISPLAY=:0

Signal Handlers:
SIGSEGV: [libjvm.so+0xd6efb0], sa_mask[0]=11111111011111111101111111111110, sa_flags=SA_RESTART|SA_SIGINFO
SIGBUS: [libjvm.so+0xd6efb0], sa_mask[0]=11111111011111111101111111111110, sa_flags=SA_RESTART|SA_SIGINFO
SIGFPE: [libjvm.so+0xd6efb0], sa_mask[0]=11111111011111111101111111111110, sa_flags=SA_RESTART|SA_SIGINFO
SIGPIPE: [libjvm.so+0xb6e120], sa_mask[0]=11111111011111111101111111111110, sa_flags=SA_RESTART|SA_SIGINFO
SIGXFSZ: [libjvm.so+0xb6e120], sa_mask[0]=11111111011111111101111111111110, sa_flags=SA_RESTART|SA_SIGINFO
SIGILL: [libjvm.so+0xd6efb0], sa_mask[0]=11111111011111111101111111111110, sa_flags=SA_RESTART|SA_SIGINFO
SIGUSR2: [libjvm.so+0xb6dfc0], sa_mask[0]=00100000000000000000000000000000, sa_flags=SA_RESTART|SA_SIGINFO
SIGHUP: [libjvm.so+0xb6e460], sa_mask[0]=11111111011111111101111111111110, sa_flags=SA_RESTART|SA_SIGINFO
SIGINT: [libjvm.so+0xb6e460], sa_mask[0]=11111111011111111101111111111110, sa_flags=SA_RESTART|SA_SIGINFO
SIGTERM: [libjvm.so+0xb6e460], sa_mask[0]=11111111011111111101111111111110, sa_flags=SA_RESTART|SA_SIGINFO
SIGQUIT: [libjvm.so+0xb6e460], sa_mask[0]=11111111011111111101111111111110, sa_flags=SA_RESTART|SA_SIGINFO


---------------  S Y S T E M  ---------------

OS:PRETTY_NAME="Debian GNU/Linux bullseye/sid"
NAME="Debian GNU/Linux"
ID=debian
HOME_URL="https://www.debian.org/"
SUPPORT_URL="https://www.debian.org/support"
BUG_REPORT_URL="https://bugs.debian.org/"
uname:Linux 5.3.0-3-amd64 #1 SMP Debian 5.3.15-1 (2019-12-07) x86_64
libc:glibc 2.29 NPTL 2.29 
rlimit: STACK 8192k, CORE 0k, NPROC 128029, NOFILE 1048576, AS infinity, DATA infinity, FSIZE infinity
load average:3.38 3.46 3.61

/proc/meminfo:
MemTotal:       32829624 kB
MemFree:        21321208 kB
MemAvailable:   24262588 kB
Buffers:          303692 kB
Cached:          3212144 kB
SwapCached:            0 kB
Active:          8730128 kB
Inactive:        1972788 kB
Active(anon):    7225188 kB
Inactive(anon):   350076 kB
Active(file):    1504940 kB
Inactive(file):  1622712 kB
Unevictable:         180 kB
Mlocked:             180 kB
SwapTotal:      31457276 kB
SwapFree:       31457276 kB
Dirty:              2336 kB
Writeback:             0 kB
AnonPages:       7138072 kB
Mapped:           858896 kB
Shmem:            401136 kB
KReclaimable:     279760 kB
Slab:             577448 kB
SReclaimable:     279760 kB
SUnreclaim:       297688 kB
KernelStack:       27196 kB
PageTables:        55516 kB
NFS_Unstable:          0 kB
Bounce:                0 kB
WritebackTmp:          0 kB
CommitLimit:    47872088 kB
Committed_AS:   18178124 kB
VmallocTotal:   34359738367 kB
VmallocUsed:       52220 kB
VmallocChunk:          0 kB
Percpu:            11648 kB
HardwareCorrupted:     0 kB
AnonHugePages:   3903488 kB
ShmemHugePages:        0 kB
ShmemPmdMapped:        0 kB
HugePages_Total:       0
HugePages_Free:        0
HugePages_Rsvd:        0
HugePages_Surp:        0
Hugepagesize:       2048 kB
Hugetlb:               0 kB
DirectMap4k:      495232 kB
DirectMap2M:    14123008 kB
DirectMap1G:    20971520 kB


/proc/sys/kernel/threads-max (system-wide limit on the number of threads):
256058


/proc/sys/vm/max_map_count (maximum number of memory map areas a process may have):
65530


/proc/sys/kernel/pid_max (system-wide limit on number of process identifiers):
4194304



container (cgroup) information:
container_type: cgroupv1
cpu_cpuset_cpus: 0-11
cpu_memory_nodes: 0
active_processor_count: 12
cpu_quota: -1
cpu_period: 100000
cpu_shares: -1
memory_limit_in_bytes: -1
memory_and_swap_limit_in_bytes: -2
memory_soft_limit_in_bytes: -1
memory_usage_in_bytes: 5247393792
memory_max_usage_in_bytes: 6056349696

Steal ticks since vm start: 0
Steal ticks percentage since vm start:  0.000

CPU:total 12 (initial active 12) (6 cores per cpu, 2 threads per core) family 6 model 45 stepping 7, cmov, cx8, fxsr, mmx, sse, sse2, sse3, ssse3, sse4.1, sse4.2, popcnt, avx, aes, clmul, ht, tsc, tscinvbit, tscinv
CPU Model and flags from /proc/cpuinfo:
model name	: Intel(R) Core(TM) i7-3930K CPU @ 3.20GHz
flags		: fpu vme de pse tsc msr pae mce cx8 apic sep mtrr pge mca cmov pat pse36 clflush dts acpi mmx fxsr sse sse2 ss ht tm pbe syscall nx pdpe1gb rdtscp lm constant_tsc arch_perfmon pebs bts rep_good nopl xtopology nonstop_tsc cpuid aperfmperf pni pclmulqdq dtes64 monitor ds_cpl vmx est tm2 ssse3 cx16 xtpr pdcm pcid dca sse4_1 sse4_2 x2apic popcnt tsc_deadline_timer aes xsave avx lahf_lm epb pti tpr_shadow vnmi flexpriority ept vpid xsaveopt dtherm ida arat pln pts

Memory: 4k page, physical 32829624k(21321208k free), swap 31457276k(31457276k free)

vm_info: OpenJDK 64-Bit Server VM (11.0.5+10-post-Debian-2) for linux-amd64 JRE (11.0.5+10-post-Debian-2), built on Oct 17 2019 20:04:30 by "buildd" with gcc 9.2.1 20191008

END.
