#
# A fatal error has been detected by the Java Runtime Environment:
#
#  Internal Error (generateOopMap.cpp:2164), pid=153520, tid=153534
#  fatal error: Illegal class file encountered. Try running with -Xverify:all in method testMergefunctions
#
# JRE version: OpenJDK Runtime Environment (11.0.5+10) (build 11.0.5+10-post-Debian-2)
# Java VM: OpenJDK 64-Bit Server VM (11.0.5+10-post-Debian-2, mixed mode, sharing, tiered, compressed oops, g1 gc, linux-amd64)
# No core dump will be written. Core dumps have been disabled. To enable core dumping, try "ulimit -c unlimited" before starting Java again
#
# If you would like to submit a bug report, please visit:
#   https://bugs.debian.org/openjdk-11
#

---------------  S U M M A R Y ------------

Command Line: -agentlib:jdwp=transport=dt_socket,suspend=y,address=localhost:35695 -ea -javaagent:/users/sbi00/tgeb/eclipse/jee-2018-09/eclipse/configuration/org.eclipse.osgi/414/0/.cp/lib/javaagent-shaded.jar -Dfile.encoding=UTF-8 org.eclipse.jdt.internal.junit.runner.RemoteTestRunner -version 3 -port 44605 -testLoaderClass org.eclipse.jdt.internal.junit4.runner.JUnit4TestLoader -loaderpluginname org.eclipse.jdt.junit4.runtime -classNames de.unirostock.sems.TestMerge

Host: Intel(R) Core(TM) i7-3930K CPU @ 3.20GHz, 12 cores, 31G, Debian GNU/Linux bullseye/sid
Time: Mon Dec 16 17:59:48 2019 CET elapsed time: 3274 seconds (0d 0h 54m 34s)

---------------  T H R E A D  ---------------

Current thread (0x00007fba4c29d000):  VMThread "VM Thread" [stack: 0x00007fba345b9000,0x00007fba346b9000] [id=153534]

Stack: [0x00007fba345b9000,0x00007fba346b9000],  sp=0x00007fba346b6e90,  free space=1015k
Native frames: (J=compiled Java code, A=aot compiled Java code, j=interpreted, Vv=VM code, C=native code)
V  [libjvm.so+0xd6d646]
V  [libjvm.so+0xd6e241]
V  [libjvm.so+0x62d577]
V  [libjvm.so+0x78490a]
V  [libjvm.so+0x7849ab]
V  [libjvm.so+0x789f21]
V  [libjvm.so+0x78b500]
V  [libjvm.so+0x78b7d3]
V  [libjvm.so+0xb60a84]
V  [libjvm.so+0xb6172b]
V  [libjvm.so+0xb61c17]
V  [libjvm.so+0xb0833e]
V  [libjvm.so+0x9a775a]
V  [libjvm.so+0xd77bbc]
V  [libjvm.so+0xd753b7]
V  [libjvm.so+0xd759f0]
V  [libjvm.so+0xd75d12]
V  [libjvm.so+0xd01674]
V  [libjvm.so+0xb76e3e]

VM_Operation (0x00007fba1c1298c0): GetOrSetLocal, mode: safepoint, requested by thread 0x00007fba4c2ff000


---------------  P R O C E S S  ---------------

Threads class SMR info:
_java_thread_list=0x00007fb9d4004c10, length=13, elements={
0x00007fba4c015800, 0x00007fba4c29f800, 0x00007fba4c2a1800, 0x00007fba4c2a7000,
0x00007fba4c2a9000, 0x00007fba4c2ab000, 0x00007fba4c2ad000, 0x00007fba4c2bb000,
0x00007fba4c2ff000, 0x00007fba4c302000, 0x00007fb9e8001800, 0x00007fba4c506000,
0x00007fba4c564800
}

Java Threads: ( => current thread )
  0x00007fba4c015800 JavaThread "main" [_thread_blocked, id=153527, stack(0x00007fba52b27000,0x00007fba52c28000)]
  0x00007fba4c29f800 JavaThread "Reference Handler" daemon [_thread_blocked, id=153535, stack(0x00007fba344b6000,0x00007fba345b7000)]
  0x00007fba4c2a1800 JavaThread "Finalizer" daemon [_thread_blocked, id=153536, stack(0x00007fba343b5000,0x00007fba344b6000)]
  0x00007fba4c2a7000 JavaThread "Signal Dispatcher" daemon [_thread_blocked, id=153537, stack(0x00007fba1c52f000,0x00007fba1c630000)]
  0x00007fba4c2a9000 JavaThread "C2 CompilerThread0" daemon [_thread_blocked, id=153538, stack(0x00007fba1c42e000,0x00007fba1c52f000)]
  0x00007fba4c2ab000 JavaThread "C1 CompilerThread0" daemon [_thread_blocked, id=153539, stack(0x00007fba1c32d000,0x00007fba1c42e000)]
  0x00007fba4c2ad000 JavaThread "Sweeper thread" daemon [_thread_blocked, id=153540, stack(0x00007fba1c22c000,0x00007fba1c32d000)]
  0x00007fba4c2bb000 JavaThread "Common-Cleaner" daemon [_thread_blocked, id=153541, stack(0x00007fba1c12b000,0x00007fba1c22c000)]
  0x00007fba4c2ff000 JavaThread "JDWP Transport Listener: dt_socket" daemon [_thread_blocked, id=153543, stack(0x00007fba1c02a000,0x00007fba1c12b000)] _threads_hazard_ptr=0x00007fb9d4004c10
  0x00007fba4c302000 JavaThread "JDWP Event Helper Thread" daemon [_thread_blocked, id=153546, stack(0x00007fba0f6ff000,0x00007fba0f800000)]
  0x00007fb9e8001800 JavaThread "JDWP Command Reader" daemon [_thread_in_native, id=153547, stack(0x00007fba0f5fe000,0x00007fba0f6ff000)]
  0x00007fba4c506000 JavaThread "Service Thread" daemon [_thread_blocked, id=153550, stack(0x00007fba0f3fc000,0x00007fba0f4fd000)]
  0x00007fba4c564800 JavaThread "ReaderThread" [_thread_in_native, id=153552, stack(0x00007fba0f1f9000,0x00007fba0f2fa000)]

Other Threads:
=>0x00007fba4c29d000 VMThread "VM Thread" [stack: 0x00007fba345b9000,0x00007fba346b9000] [id=153534]
  0x00007fba4c50b800 WatcherThread [stack: 0x00007fba0f2fc000,0x00007fba0f3fc000] [id=153551]
  0x00007fba4c02f000 GCTaskThread "GC Thread#0" [stack: 0x00007fba5277f000,0x00007fba5287f000] [id=153529]
  0x00007fba04001000 GCTaskThread "GC Thread#1" [stack: 0x00007fba0eff8000,0x00007fba0f0f8000] [id=153556]
  0x00007fba04002800 GCTaskThread "GC Thread#2" [stack: 0x00007fba0eef6000,0x00007fba0eff6000] [id=153557]
  0x00007fba04004800 GCTaskThread "GC Thread#3" [stack: 0x00007fba0edf4000,0x00007fba0eef4000] [id=153558]
  0x00007fba04006000 GCTaskThread "GC Thread#4" [stack: 0x00007fba0ecf2000,0x00007fba0edf2000] [id=153559]
  0x00007fba04008000 GCTaskThread "GC Thread#5" [stack: 0x00007fba0ebf0000,0x00007fba0ecf0000] [id=153560]
  0x00007fba0400a000 GCTaskThread "GC Thread#6" [stack: 0x00007fba0eaee000,0x00007fba0ebee000] [id=153561]
  0x00007fba0400b800 GCTaskThread "GC Thread#7" [stack: 0x00007fba0e9ec000,0x00007fba0eaec000] [id=153562]
  0x00007fba0400d000 GCTaskThread "GC Thread#8" [stack: 0x00007fba0e8ea000,0x00007fba0e9ea000] [id=153563]
  0x00007fba0400e800 GCTaskThread "GC Thread#9" [stack: 0x00007fba0e7e8000,0x00007fba0e8e8000] [id=153564]
  0x00007fba4c069000 ConcurrentGCThread "G1 Main Marker" [stack: 0x00007fba50b89000,0x00007fba50c89000] [id=153530]
  0x00007fba4c06b000 ConcurrentGCThread "G1 Conc#0" [stack: 0x00007fba50a87000,0x00007fba50b87000] [id=153531]
  0x00007fba4c1f6800 ConcurrentGCThread "G1 Refine#0" [stack: 0x00007fba3483e000,0x00007fba3493e000] [id=153532]
  0x00007fba4c1f8000 ConcurrentGCThread "G1 Young RemSet Sampling" [stack: 0x00007fba3473c000,0x00007fba3483c000] [id=153533]

Threads with active compile tasks:

VM state:at safepoint (normal execution)

VM Mutex/Monitor currently owned by a thread:  ([mutex/lock_event])
[0x00007fba4c0138d0] Threads_lock - owner thread: 0x00007fba4c29d000

Heap address: 0x000000060b000000, size: 8016 MB, Compressed Oops mode: Zero based, Oop shift amount: 3
Narrow klass base: 0x0000000800000000, Narrow klass shift: 3
Compressed class space size: 1073741824 Address: 0x0000000840000000

Heap:
 garbage-first heap   total 518144K, used 17941K [0x000000060b000000, 0x0000000800000000)
  region size 2048K, 10 young (20480K), 2 survivors (4096K)
 Metaspace       used 7294K, capacity 7756K, committed 8064K, reserved 1056768K
  class space    used 751K, capacity 824K, committed 896K, reserved 1048576K
Heap Regions: E=young(eden), S=young(survivor), O=old, HS=humongous(starts), HC=humongous(continues), CS=collection set, F=free, A=archive, TAMS=top-at-mark-start (previous, next)
|   0|0x000000060b000000, 0x000000060b000000, 0x000000060b200000|  0%| F|  |TAMS 0x000000060b000000, 0x000000060b000000| Untracked 
|   1|0x000000060b200000, 0x000000060b200000, 0x000000060b400000|  0%| F|  |TAMS 0x000000060b200000, 0x000000060b200000| Untracked 
|   2|0x000000060b400000, 0x000000060b400000, 0x000000060b600000|  0%| F|  |TAMS 0x000000060b400000, 0x000000060b400000| Untracked 
|   3|0x000000060b600000, 0x000000060b600000, 0x000000060b800000|  0%| F|  |TAMS 0x000000060b600000, 0x000000060b600000| Untracked 
|   4|0x000000060b800000, 0x000000060b800000, 0x000000060ba00000|  0%| F|  |TAMS 0x000000060b800000, 0x000000060b800000| Untracked 
|   5|0x000000060ba00000, 0x000000060ba00000, 0x000000060bc00000|  0%| F|  |TAMS 0x000000060ba00000, 0x000000060ba00000| Untracked 
|   6|0x000000060bc00000, 0x000000060bc00000, 0x000000060be00000|  0%| F|  |TAMS 0x000000060bc00000, 0x000000060bc00000| Untracked 
|   7|0x000000060be00000, 0x000000060be00000, 0x000000060c000000|  0%| F|  |TAMS 0x000000060be00000, 0x000000060be00000| Untracked 
|   8|0x000000060c000000, 0x000000060c000000, 0x000000060c200000|  0%| F|  |TAMS 0x000000060c000000, 0x000000060c000000| Untracked 
|   9|0x000000060c200000, 0x000000060c200000, 0x000000060c400000|  0%| F|  |TAMS 0x000000060c200000, 0x000000060c200000| Untracked 
|  10|0x000000060c400000, 0x000000060c400000, 0x000000060c600000|  0%| F|  |TAMS 0x000000060c400000, 0x000000060c400000| Untracked 
|  11|0x000000060c600000, 0x000000060c600000, 0x000000060c800000|  0%| F|  |TAMS 0x000000060c600000, 0x000000060c600000| Untracked 
|  12|0x000000060c800000, 0x000000060c800000, 0x000000060ca00000|  0%| F|  |TAMS 0x000000060c800000, 0x000000060c800000| Untracked 
|  13|0x000000060ca00000, 0x000000060ca00000, 0x000000060cc00000|  0%| F|  |TAMS 0x000000060ca00000, 0x000000060ca00000| Untracked 
|  14|0x000000060cc00000, 0x000000060cc00000, 0x000000060ce00000|  0%| F|  |TAMS 0x000000060cc00000, 0x000000060cc00000| Untracked 
|  15|0x000000060ce00000, 0x000000060ce00000, 0x000000060d000000|  0%| F|  |TAMS 0x000000060ce00000, 0x000000060ce00000| Untracked 
|  16|0x000000060d000000, 0x000000060d000000, 0x000000060d200000|  0%| F|  |TAMS 0x000000060d000000, 0x000000060d000000| Untracked 
|  17|0x000000060d200000, 0x000000060d200000, 0x000000060d400000|  0%| F|  |TAMS 0x000000060d200000, 0x000000060d200000| Untracked 
|  18|0x000000060d400000, 0x000000060d400000, 0x000000060d600000|  0%| F|  |TAMS 0x000000060d400000, 0x000000060d400000| Untracked 
|  19|0x000000060d600000, 0x000000060d600000, 0x000000060d800000|  0%| F|  |TAMS 0x000000060d600000, 0x000000060d600000| Untracked 
|  20|0x000000060d800000, 0x000000060d800000, 0x000000060da00000|  0%| F|  |TAMS 0x000000060d800000, 0x000000060d800000| Untracked 
|  21|0x000000060da00000, 0x000000060da00000, 0x000000060dc00000|  0%| F|  |TAMS 0x000000060da00000, 0x000000060da00000| Untracked 
|  22|0x000000060dc00000, 0x000000060dc00000, 0x000000060de00000|  0%| F|  |TAMS 0x000000060dc00000, 0x000000060dc00000| Untracked 
|  23|0x000000060de00000, 0x000000060de00000, 0x000000060e000000|  0%| F|  |TAMS 0x000000060de00000, 0x000000060de00000| Untracked 
|  24|0x000000060e000000, 0x000000060e000000, 0x000000060e200000|  0%| F|  |TAMS 0x000000060e000000, 0x000000060e000000| Untracked 
|  25|0x000000060e200000, 0x000000060e200000, 0x000000060e400000|  0%| F|  |TAMS 0x000000060e200000, 0x000000060e200000| Untracked 
|  26|0x000000060e400000, 0x000000060e400000, 0x000000060e600000|  0%| F|  |TAMS 0x000000060e400000, 0x000000060e400000| Untracked 
|  27|0x000000060e600000, 0x000000060e600000, 0x000000060e800000|  0%| F|  |TAMS 0x000000060e600000, 0x000000060e600000| Untracked 
|  28|0x000000060e800000, 0x000000060e800000, 0x000000060ea00000|  0%| F|  |TAMS 0x000000060e800000, 0x000000060e800000| Untracked 
|  29|0x000000060ea00000, 0x000000060ea00000, 0x000000060ec00000|  0%| F|  |TAMS 0x000000060ea00000, 0x000000060ea00000| Untracked 
|  30|0x000000060ec00000, 0x000000060ec00000, 0x000000060ee00000|  0%| F|  |TAMS 0x000000060ec00000, 0x000000060ec00000| Untracked 
|  31|0x000000060ee00000, 0x000000060ee00000, 0x000000060f000000|  0%| F|  |TAMS 0x000000060ee00000, 0x000000060ee00000| Untracked 
|  32|0x000000060f000000, 0x000000060f000000, 0x000000060f200000|  0%| F|  |TAMS 0x000000060f000000, 0x000000060f000000| Untracked 
|  33|0x000000060f200000, 0x000000060f200000, 0x000000060f400000|  0%| F|  |TAMS 0x000000060f200000, 0x000000060f200000| Untracked 
|  34|0x000000060f400000, 0x000000060f400000, 0x000000060f600000|  0%| F|  |TAMS 0x000000060f400000, 0x000000060f400000| Untracked 
|  35|0x000000060f600000, 0x000000060f600000, 0x000000060f800000|  0%| F|  |TAMS 0x000000060f600000, 0x000000060f600000| Untracked 
|  36|0x000000060f800000, 0x000000060f800000, 0x000000060fa00000|  0%| F|  |TAMS 0x000000060f800000, 0x000000060f800000| Untracked 
|  37|0x000000060fa00000, 0x000000060fa00000, 0x000000060fc00000|  0%| F|  |TAMS 0x000000060fa00000, 0x000000060fa00000| Untracked 
|  38|0x000000060fc00000, 0x000000060fc00000, 0x000000060fe00000|  0%| F|  |TAMS 0x000000060fc00000, 0x000000060fc00000| Untracked 
|  39|0x000000060fe00000, 0x000000060fe00000, 0x0000000610000000|  0%| F|  |TAMS 0x000000060fe00000, 0x000000060fe00000| Untracked 
|  40|0x0000000610000000, 0x0000000610000000, 0x0000000610200000|  0%| F|  |TAMS 0x0000000610000000, 0x0000000610000000| Untracked 
|  41|0x0000000610200000, 0x0000000610200000, 0x0000000610400000|  0%| F|  |TAMS 0x0000000610200000, 0x0000000610200000| Untracked 
|  42|0x0000000610400000, 0x0000000610400000, 0x0000000610600000|  0%| F|  |TAMS 0x0000000610400000, 0x0000000610400000| Untracked 
|  43|0x0000000610600000, 0x0000000610600000, 0x0000000610800000|  0%| F|  |TAMS 0x0000000610600000, 0x0000000610600000| Untracked 
|  44|0x0000000610800000, 0x0000000610800000, 0x0000000610a00000|  0%| F|  |TAMS 0x0000000610800000, 0x0000000610800000| Untracked 
|  45|0x0000000610a00000, 0x0000000610a00000, 0x0000000610c00000|  0%| F|  |TAMS 0x0000000610a00000, 0x0000000610a00000| Untracked 
|  46|0x0000000610c00000, 0x0000000610c00000, 0x0000000610e00000|  0%| F|  |TAMS 0x0000000610c00000, 0x0000000610c00000| Untracked 
|  47|0x0000000610e00000, 0x0000000610e00000, 0x0000000611000000|  0%| F|  |TAMS 0x0000000610e00000, 0x0000000610e00000| Untracked 
|  48|0x0000000611000000, 0x0000000611000000, 0x0000000611200000|  0%| F|  |TAMS 0x0000000611000000, 0x0000000611000000| Untracked 
|  49|0x0000000611200000, 0x0000000611200000, 0x0000000611400000|  0%| F|  |TAMS 0x0000000611200000, 0x0000000611200000| Untracked 
|  50|0x0000000611400000, 0x0000000611400000, 0x0000000611600000|  0%| F|  |TAMS 0x0000000611400000, 0x0000000611400000| Untracked 
|  51|0x0000000611600000, 0x0000000611600000, 0x0000000611800000|  0%| F|  |TAMS 0x0000000611600000, 0x0000000611600000| Untracked 
|  52|0x0000000611800000, 0x0000000611800000, 0x0000000611a00000|  0%| F|  |TAMS 0x0000000611800000, 0x0000000611800000| Untracked 
|  53|0x0000000611a00000, 0x0000000611a00000, 0x0000000611c00000|  0%| F|  |TAMS 0x0000000611a00000, 0x0000000611a00000| Untracked 
|  54|0x0000000611c00000, 0x0000000611c00000, 0x0000000611e00000|  0%| F|  |TAMS 0x0000000611c00000, 0x0000000611c00000| Untracked 
|  55|0x0000000611e00000, 0x0000000611e00000, 0x0000000612000000|  0%| F|  |TAMS 0x0000000611e00000, 0x0000000611e00000| Untracked 
|  56|0x0000000612000000, 0x0000000612000000, 0x0000000612200000|  0%| F|  |TAMS 0x0000000612000000, 0x0000000612000000| Untracked 
|  57|0x0000000612200000, 0x0000000612200000, 0x0000000612400000|  0%| F|  |TAMS 0x0000000612200000, 0x0000000612200000| Untracked 
|  58|0x0000000612400000, 0x0000000612400000, 0x0000000612600000|  0%| F|  |TAMS 0x0000000612400000, 0x0000000612400000| Untracked 
|  59|0x0000000612600000, 0x0000000612600000, 0x0000000612800000|  0%| F|  |TAMS 0x0000000612600000, 0x0000000612600000| Untracked 
|  60|0x0000000612800000, 0x0000000612800000, 0x0000000612a00000|  0%| F|  |TAMS 0x0000000612800000, 0x0000000612800000| Untracked 
|  61|0x0000000612a00000, 0x0000000612a00000, 0x0000000612c00000|  0%| F|  |TAMS 0x0000000612a00000, 0x0000000612a00000| Untracked 
|  62|0x0000000612c00000, 0x0000000612c00000, 0x0000000612e00000|  0%| F|  |TAMS 0x0000000612c00000, 0x0000000612c00000| Untracked 
|  63|0x0000000612e00000, 0x0000000612e00000, 0x0000000613000000|  0%| F|  |TAMS 0x0000000612e00000, 0x0000000612e00000| Untracked 
|  64|0x0000000613000000, 0x0000000613000000, 0x0000000613200000|  0%| F|  |TAMS 0x0000000613000000, 0x0000000613000000| Untracked 
|  65|0x0000000613200000, 0x0000000613200000, 0x0000000613400000|  0%| F|  |TAMS 0x0000000613200000, 0x0000000613200000| Untracked 
|  66|0x0000000613400000, 0x0000000613400000, 0x0000000613600000|  0%| F|  |TAMS 0x0000000613400000, 0x0000000613400000| Untracked 
|  67|0x0000000613600000, 0x0000000613600000, 0x0000000613800000|  0%| F|  |TAMS 0x0000000613600000, 0x0000000613600000| Untracked 
|  68|0x0000000613800000, 0x0000000613800000, 0x0000000613a00000|  0%| F|  |TAMS 0x0000000613800000, 0x0000000613800000| Untracked 
|  69|0x0000000613a00000, 0x0000000613a00000, 0x0000000613c00000|  0%| F|  |TAMS 0x0000000613a00000, 0x0000000613a00000| Untracked 
|  70|0x0000000613c00000, 0x0000000613c00000, 0x0000000613e00000|  0%| F|  |TAMS 0x0000000613c00000, 0x0000000613c00000| Untracked 
|  71|0x0000000613e00000, 0x0000000613e00000, 0x0000000614000000|  0%| F|  |TAMS 0x0000000613e00000, 0x0000000613e00000| Untracked 
|  72|0x0000000614000000, 0x0000000614000000, 0x0000000614200000|  0%| F|  |TAMS 0x0000000614000000, 0x0000000614000000| Untracked 
|  73|0x0000000614200000, 0x0000000614200000, 0x0000000614400000|  0%| F|  |TAMS 0x0000000614200000, 0x0000000614200000| Untracked 
|  74|0x0000000614400000, 0x0000000614400000, 0x0000000614600000|  0%| F|  |TAMS 0x0000000614400000, 0x0000000614400000| Untracked 
|  75|0x0000000614600000, 0x0000000614600000, 0x0000000614800000|  0%| F|  |TAMS 0x0000000614600000, 0x0000000614600000| Untracked 
|  76|0x0000000614800000, 0x0000000614800000, 0x0000000614a00000|  0%| F|  |TAMS 0x0000000614800000, 0x0000000614800000| Untracked 
|  77|0x0000000614a00000, 0x0000000614a00000, 0x0000000614c00000|  0%| F|  |TAMS 0x0000000614a00000, 0x0000000614a00000| Untracked 
|  78|0x0000000614c00000, 0x0000000614c00000, 0x0000000614e00000|  0%| F|  |TAMS 0x0000000614c00000, 0x0000000614c00000| Untracked 
|  79|0x0000000614e00000, 0x0000000614e00000, 0x0000000615000000|  0%| F|  |TAMS 0x0000000614e00000, 0x0000000614e00000| Untracked 
|  80|0x0000000615000000, 0x0000000615000000, 0x0000000615200000|  0%| F|  |TAMS 0x0000000615000000, 0x0000000615000000| Untracked 
|  81|0x0000000615200000, 0x0000000615200000, 0x0000000615400000|  0%| F|  |TAMS 0x0000000615200000, 0x0000000615200000| Untracked 
|  82|0x0000000615400000, 0x0000000615400000, 0x0000000615600000|  0%| F|  |TAMS 0x0000000615400000, 0x0000000615400000| Untracked 
|  83|0x0000000615600000, 0x0000000615600000, 0x0000000615800000|  0%| F|  |TAMS 0x0000000615600000, 0x0000000615600000| Untracked 
|  84|0x0000000615800000, 0x0000000615800000, 0x0000000615a00000|  0%| F|  |TAMS 0x0000000615800000, 0x0000000615800000| Untracked 
|  85|0x0000000615a00000, 0x0000000615a00000, 0x0000000615c00000|  0%| F|  |TAMS 0x0000000615a00000, 0x0000000615a00000| Untracked 
|  86|0x0000000615c00000, 0x0000000615c00000, 0x0000000615e00000|  0%| F|  |TAMS 0x0000000615c00000, 0x0000000615c00000| Untracked 
|  87|0x0000000615e00000, 0x0000000615e00000, 0x0000000616000000|  0%| F|  |TAMS 0x0000000615e00000, 0x0000000615e00000| Untracked 
|  88|0x0000000616000000, 0x0000000616000000, 0x0000000616200000|  0%| F|  |TAMS 0x0000000616000000, 0x0000000616000000| Untracked 
|  89|0x0000000616200000, 0x0000000616200000, 0x0000000616400000|  0%| F|  |TAMS 0x0000000616200000, 0x0000000616200000| Untracked 
|  90|0x0000000616400000, 0x0000000616400000, 0x0000000616600000|  0%| F|  |TAMS 0x0000000616400000, 0x0000000616400000| Untracked 
|  91|0x0000000616600000, 0x0000000616600000, 0x0000000616800000|  0%| F|  |TAMS 0x0000000616600000, 0x0000000616600000| Untracked 
|  92|0x0000000616800000, 0x0000000616800000, 0x0000000616a00000|  0%| F|  |TAMS 0x0000000616800000, 0x0000000616800000| Untracked 
|  93|0x0000000616a00000, 0x0000000616a00000, 0x0000000616c00000|  0%| F|  |TAMS 0x0000000616a00000, 0x0000000616a00000| Untracked 
|  94|0x0000000616c00000, 0x0000000616c00000, 0x0000000616e00000|  0%| F|  |TAMS 0x0000000616c00000, 0x0000000616c00000| Untracked 
|  95|0x0000000616e00000, 0x0000000616e00000, 0x0000000617000000|  0%| F|  |TAMS 0x0000000616e00000, 0x0000000616e00000| Untracked 
|  96|0x0000000617000000, 0x0000000617000000, 0x0000000617200000|  0%| F|  |TAMS 0x0000000617000000, 0x0000000617000000| Untracked 
|  97|0x0000000617200000, 0x0000000617200000, 0x0000000617400000|  0%| F|  |TAMS 0x0000000617200000, 0x0000000617200000| Untracked 
|  98|0x0000000617400000, 0x0000000617400000, 0x0000000617600000|  0%| F|  |TAMS 0x0000000617400000, 0x0000000617400000| Untracked 
|  99|0x0000000617600000, 0x0000000617600000, 0x0000000617800000|  0%| F|  |TAMS 0x0000000617600000, 0x0000000617600000| Untracked 
| 100|0x0000000617800000, 0x0000000617800000, 0x0000000617a00000|  0%| F|  |TAMS 0x0000000617800000, 0x0000000617800000| Untracked 
| 101|0x0000000617a00000, 0x0000000617a00000, 0x0000000617c00000|  0%| F|  |TAMS 0x0000000617a00000, 0x0000000617a00000| Untracked 
| 102|0x0000000617c00000, 0x0000000617c00000, 0x0000000617e00000|  0%| F|  |TAMS 0x0000000617c00000, 0x0000000617c00000| Untracked 
| 103|0x0000000617e00000, 0x0000000617e00000, 0x0000000618000000|  0%| F|  |TAMS 0x0000000617e00000, 0x0000000617e00000| Untracked 
| 104|0x0000000618000000, 0x0000000618000000, 0x0000000618200000|  0%| F|  |TAMS 0x0000000618000000, 0x0000000618000000| Untracked 
| 105|0x0000000618200000, 0x0000000618200000, 0x0000000618400000|  0%| F|  |TAMS 0x0000000618200000, 0x0000000618200000| Untracked 
| 106|0x0000000618400000, 0x0000000618400000, 0x0000000618600000|  0%| F|  |TAMS 0x0000000618400000, 0x0000000618400000| Untracked 
| 107|0x0000000618600000, 0x0000000618600000, 0x0000000618800000|  0%| F|  |TAMS 0x0000000618600000, 0x0000000618600000| Untracked 
| 108|0x0000000618800000, 0x0000000618800000, 0x0000000618a00000|  0%| F|  |TAMS 0x0000000618800000, 0x0000000618800000| Untracked 
| 109|0x0000000618a00000, 0x0000000618a00000, 0x0000000618c00000|  0%| F|  |TAMS 0x0000000618a00000, 0x0000000618a00000| Untracked 
| 110|0x0000000618c00000, 0x0000000618c00000, 0x0000000618e00000|  0%| F|  |TAMS 0x0000000618c00000, 0x0000000618c00000| Untracked 
| 111|0x0000000618e00000, 0x0000000618e00000, 0x0000000619000000|  0%| F|  |TAMS 0x0000000618e00000, 0x0000000618e00000| Untracked 
| 112|0x0000000619000000, 0x0000000619000000, 0x0000000619200000|  0%| F|  |TAMS 0x0000000619000000, 0x0000000619000000| Untracked 
| 113|0x0000000619200000, 0x0000000619200000, 0x0000000619400000|  0%| F|  |TAMS 0x0000000619200000, 0x0000000619200000| Untracked 
| 114|0x0000000619400000, 0x0000000619400000, 0x0000000619600000|  0%| F|  |TAMS 0x0000000619400000, 0x0000000619400000| Untracked 
| 115|0x0000000619600000, 0x0000000619600000, 0x0000000619800000|  0%| F|  |TAMS 0x0000000619600000, 0x0000000619600000| Untracked 
| 116|0x0000000619800000, 0x0000000619800000, 0x0000000619a00000|  0%| F|  |TAMS 0x0000000619800000, 0x0000000619800000| Untracked 
| 117|0x0000000619a00000, 0x0000000619a00000, 0x0000000619c00000|  0%| F|  |TAMS 0x0000000619a00000, 0x0000000619a00000| Untracked 
| 118|0x0000000619c00000, 0x0000000619c00000, 0x0000000619e00000|  0%| F|  |TAMS 0x0000000619c00000, 0x0000000619c00000| Untracked 
| 119|0x0000000619e00000, 0x0000000619e00000, 0x000000061a000000|  0%| F|  |TAMS 0x0000000619e00000, 0x0000000619e00000| Untracked 
| 120|0x000000061a000000, 0x000000061a000000, 0x000000061a200000|  0%| F|  |TAMS 0x000000061a000000, 0x000000061a000000| Untracked 
| 121|0x000000061a200000, 0x000000061a200000, 0x000000061a400000|  0%| F|  |TAMS 0x000000061a200000, 0x000000061a200000| Untracked 
| 122|0x000000061a400000, 0x000000061a400000, 0x000000061a600000|  0%| F|  |TAMS 0x000000061a400000, 0x000000061a400000| Untracked 
| 123|0x000000061a600000, 0x000000061a600000, 0x000000061a800000|  0%| F|  |TAMS 0x000000061a600000, 0x000000061a600000| Untracked 
| 124|0x000000061a800000, 0x000000061a800000, 0x000000061aa00000|  0%| F|  |TAMS 0x000000061a800000, 0x000000061a800000| Untracked 
| 125|0x000000061aa00000, 0x000000061aa00000, 0x000000061ac00000|  0%| F|  |TAMS 0x000000061aa00000, 0x000000061aa00000| Untracked 
| 126|0x000000061ac00000, 0x000000061ac00000, 0x000000061ae00000|  0%| F|  |TAMS 0x000000061ac00000, 0x000000061ac00000| Untracked 
| 127|0x000000061ae00000, 0x000000061ae00000, 0x000000061b000000|  0%| F|  |TAMS 0x000000061ae00000, 0x000000061ae00000| Untracked 
| 128|0x000000061b000000, 0x000000061b000000, 0x000000061b200000|  0%| F|  |TAMS 0x000000061b000000, 0x000000061b000000| Untracked 
| 129|0x000000061b200000, 0x000000061b200000, 0x000000061b400000|  0%| F|  |TAMS 0x000000061b200000, 0x000000061b200000| Untracked 
| 130|0x000000061b400000, 0x000000061b400000, 0x000000061b600000|  0%| F|  |TAMS 0x000000061b400000, 0x000000061b400000| Untracked 
| 131|0x000000061b600000, 0x000000061b600000, 0x000000061b800000|  0%| F|  |TAMS 0x000000061b600000, 0x000000061b600000| Untracked 
| 132|0x000000061b800000, 0x000000061b800000, 0x000000061ba00000|  0%| F|  |TAMS 0x000000061b800000, 0x000000061b800000| Untracked 
| 133|0x000000061ba00000, 0x000000061ba00000, 0x000000061bc00000|  0%| F|  |TAMS 0x000000061ba00000, 0x000000061ba00000| Untracked 
| 134|0x000000061bc00000, 0x000000061bc00000, 0x000000061be00000|  0%| F|  |TAMS 0x000000061bc00000, 0x000000061bc00000| Untracked 
| 135|0x000000061be00000, 0x000000061be00000, 0x000000061c000000|  0%| F|  |TAMS 0x000000061be00000, 0x000000061be00000| Untracked 
| 136|0x000000061c000000, 0x000000061c000000, 0x000000061c200000|  0%| F|  |TAMS 0x000000061c000000, 0x000000061c000000| Untracked 
| 137|0x000000061c200000, 0x000000061c200000, 0x000000061c400000|  0%| F|  |TAMS 0x000000061c200000, 0x000000061c200000| Untracked 
| 138|0x000000061c400000, 0x000000061c400000, 0x000000061c600000|  0%| F|  |TAMS 0x000000061c400000, 0x000000061c400000| Untracked 
| 139|0x000000061c600000, 0x000000061c600000, 0x000000061c800000|  0%| F|  |TAMS 0x000000061c600000, 0x000000061c600000| Untracked 
| 140|0x000000061c800000, 0x000000061c800000, 0x000000061ca00000|  0%| F|  |TAMS 0x000000061c800000, 0x000000061c800000| Untracked 
| 141|0x000000061ca00000, 0x000000061ca00000, 0x000000061cc00000|  0%| F|  |TAMS 0x000000061ca00000, 0x000000061ca00000| Untracked 
| 142|0x000000061cc00000, 0x000000061cc00000, 0x000000061ce00000|  0%| F|  |TAMS 0x000000061cc00000, 0x000000061cc00000| Untracked 
| 143|0x000000061ce00000, 0x000000061ce00000, 0x000000061d000000|  0%| F|  |TAMS 0x000000061ce00000, 0x000000061ce00000| Untracked 
| 144|0x000000061d000000, 0x000000061d000000, 0x000000061d200000|  0%| F|  |TAMS 0x000000061d000000, 0x000000061d000000| Untracked 
| 145|0x000000061d200000, 0x000000061d200000, 0x000000061d400000|  0%| F|  |TAMS 0x000000061d200000, 0x000000061d200000| Untracked 
| 146|0x000000061d400000, 0x000000061d400000, 0x000000061d600000|  0%| F|  |TAMS 0x000000061d400000, 0x000000061d400000| Untracked 
| 147|0x000000061d600000, 0x000000061d600000, 0x000000061d800000|  0%| F|  |TAMS 0x000000061d600000, 0x000000061d600000| Untracked 
| 148|0x000000061d800000, 0x000000061d800000, 0x000000061da00000|  0%| F|  |TAMS 0x000000061d800000, 0x000000061d800000| Untracked 
| 149|0x000000061da00000, 0x000000061da00000, 0x000000061dc00000|  0%| F|  |TAMS 0x000000061da00000, 0x000000061da00000| Untracked 
| 150|0x000000061dc00000, 0x000000061dc00000, 0x000000061de00000|  0%| F|  |TAMS 0x000000061dc00000, 0x000000061dc00000| Untracked 
| 151|0x000000061de00000, 0x000000061de00000, 0x000000061e000000|  0%| F|  |TAMS 0x000000061de00000, 0x000000061de00000| Untracked 
| 152|0x000000061e000000, 0x000000061e000000, 0x000000061e200000|  0%| F|  |TAMS 0x000000061e000000, 0x000000061e000000| Untracked 
| 153|0x000000061e200000, 0x000000061e200000, 0x000000061e400000|  0%| F|  |TAMS 0x000000061e200000, 0x000000061e200000| Untracked 
| 154|0x000000061e400000, 0x000000061e400000, 0x000000061e600000|  0%| F|  |TAMS 0x000000061e400000, 0x000000061e400000| Untracked 
| 155|0x000000061e600000, 0x000000061e600000, 0x000000061e800000|  0%| F|  |TAMS 0x000000061e600000, 0x000000061e600000| Untracked 
| 156|0x000000061e800000, 0x000000061e800000, 0x000000061ea00000|  0%| F|  |TAMS 0x000000061e800000, 0x000000061e800000| Untracked 
| 157|0x000000061ea00000, 0x000000061ea00000, 0x000000061ec00000|  0%| F|  |TAMS 0x000000061ea00000, 0x000000061ea00000| Untracked 
| 158|0x000000061ec00000, 0x000000061ec00000, 0x000000061ee00000|  0%| F|  |TAMS 0x000000061ec00000, 0x000000061ec00000| Untracked 
| 159|0x000000061ee00000, 0x000000061ee00000, 0x000000061f000000|  0%| F|  |TAMS 0x000000061ee00000, 0x000000061ee00000| Untracked 
| 160|0x000000061f000000, 0x000000061f000000, 0x000000061f200000|  0%| F|  |TAMS 0x000000061f000000, 0x000000061f000000| Untracked 
| 161|0x000000061f200000, 0x000000061f200000, 0x000000061f400000|  0%| F|  |TAMS 0x000000061f200000, 0x000000061f200000| Untracked 
| 162|0x000000061f400000, 0x000000061f400000, 0x000000061f600000|  0%| F|  |TAMS 0x000000061f400000, 0x000000061f400000| Untracked 
| 163|0x000000061f600000, 0x000000061f600000, 0x000000061f800000|  0%| F|  |TAMS 0x000000061f600000, 0x000000061f600000| Untracked 
| 164|0x000000061f800000, 0x000000061f800000, 0x000000061fa00000|  0%| F|  |TAMS 0x000000061f800000, 0x000000061f800000| Untracked 
| 165|0x000000061fa00000, 0x000000061fa00000, 0x000000061fc00000|  0%| F|  |TAMS 0x000000061fa00000, 0x000000061fa00000| Untracked 
| 166|0x000000061fc00000, 0x000000061fc00000, 0x000000061fe00000|  0%| F|  |TAMS 0x000000061fc00000, 0x000000061fc00000| Untracked 
| 167|0x000000061fe00000, 0x000000061fe00000, 0x0000000620000000|  0%| F|  |TAMS 0x000000061fe00000, 0x000000061fe00000| Untracked 
| 168|0x0000000620000000, 0x0000000620000000, 0x0000000620200000|  0%| F|  |TAMS 0x0000000620000000, 0x0000000620000000| Untracked 
| 169|0x0000000620200000, 0x0000000620200000, 0x0000000620400000|  0%| F|  |TAMS 0x0000000620200000, 0x0000000620200000| Untracked 
| 170|0x0000000620400000, 0x0000000620400000, 0x0000000620600000|  0%| F|  |TAMS 0x0000000620400000, 0x0000000620400000| Untracked 
| 171|0x0000000620600000, 0x0000000620600000, 0x0000000620800000|  0%| F|  |TAMS 0x0000000620600000, 0x0000000620600000| Untracked 
| 172|0x0000000620800000, 0x0000000620800000, 0x0000000620a00000|  0%| F|  |TAMS 0x0000000620800000, 0x0000000620800000| Untracked 
| 173|0x0000000620a00000, 0x0000000620a00000, 0x0000000620c00000|  0%| F|  |TAMS 0x0000000620a00000, 0x0000000620a00000| Untracked 
| 174|0x0000000620c00000, 0x0000000620c00000, 0x0000000620e00000|  0%| F|  |TAMS 0x0000000620c00000, 0x0000000620c00000| Untracked 
| 175|0x0000000620e00000, 0x0000000620e00000, 0x0000000621000000|  0%| F|  |TAMS 0x0000000620e00000, 0x0000000620e00000| Untracked 
| 176|0x0000000621000000, 0x0000000621000000, 0x0000000621200000|  0%| F|  |TAMS 0x0000000621000000, 0x0000000621000000| Untracked 
| 177|0x0000000621200000, 0x0000000621200000, 0x0000000621400000|  0%| F|  |TAMS 0x0000000621200000, 0x0000000621200000| Untracked 
| 178|0x0000000621400000, 0x0000000621400000, 0x0000000621600000|  0%| F|  |TAMS 0x0000000621400000, 0x0000000621400000| Untracked 
| 179|0x0000000621600000, 0x0000000621600000, 0x0000000621800000|  0%| F|  |TAMS 0x0000000621600000, 0x0000000621600000| Untracked 
| 180|0x0000000621800000, 0x0000000621800000, 0x0000000621a00000|  0%| F|  |TAMS 0x0000000621800000, 0x0000000621800000| Untracked 
| 181|0x0000000621a00000, 0x0000000621a00000, 0x0000000621c00000|  0%| F|  |TAMS 0x0000000621a00000, 0x0000000621a00000| Untracked 
| 182|0x0000000621c00000, 0x0000000621c00000, 0x0000000621e00000|  0%| F|  |TAMS 0x0000000621c00000, 0x0000000621c00000| Untracked 
| 183|0x0000000621e00000, 0x0000000621e00000, 0x0000000622000000|  0%| F|  |TAMS 0x0000000621e00000, 0x0000000621e00000| Untracked 
| 184|0x0000000622000000, 0x0000000622000000, 0x0000000622200000|  0%| F|  |TAMS 0x0000000622000000, 0x0000000622000000| Untracked 
| 185|0x0000000622200000, 0x0000000622200000, 0x0000000622400000|  0%| F|  |TAMS 0x0000000622200000, 0x0000000622200000| Untracked 
| 186|0x0000000622400000, 0x0000000622400000, 0x0000000622600000|  0%| F|  |TAMS 0x0000000622400000, 0x0000000622400000| Untracked 
| 187|0x0000000622600000, 0x0000000622600000, 0x0000000622800000|  0%| F|  |TAMS 0x0000000622600000, 0x0000000622600000| Untracked 
| 188|0x0000000622800000, 0x0000000622800000, 0x0000000622a00000|  0%| F|  |TAMS 0x0000000622800000, 0x0000000622800000| Untracked 
| 189|0x0000000622a00000, 0x0000000622a00000, 0x0000000622c00000|  0%| F|  |TAMS 0x0000000622a00000, 0x0000000622a00000| Untracked 
| 190|0x0000000622c00000, 0x0000000622c00000, 0x0000000622e00000|  0%| F|  |TAMS 0x0000000622c00000, 0x0000000622c00000| Untracked 
| 191|0x0000000622e00000, 0x0000000622e00000, 0x0000000623000000|  0%| F|  |TAMS 0x0000000622e00000, 0x0000000622e00000| Untracked 
| 192|0x0000000623000000, 0x0000000623000000, 0x0000000623200000|  0%| F|  |TAMS 0x0000000623000000, 0x0000000623000000| Untracked 
| 193|0x0000000623200000, 0x0000000623200000, 0x0000000623400000|  0%| F|  |TAMS 0x0000000623200000, 0x0000000623200000| Untracked 
| 194|0x0000000623400000, 0x0000000623400000, 0x0000000623600000|  0%| F|  |TAMS 0x0000000623400000, 0x0000000623400000| Untracked 
| 195|0x0000000623600000, 0x0000000623600000, 0x0000000623800000|  0%| F|  |TAMS 0x0000000623600000, 0x0000000623600000| Untracked 
| 196|0x0000000623800000, 0x0000000623800000, 0x0000000623a00000|  0%| F|  |TAMS 0x0000000623800000, 0x0000000623800000| Untracked 
| 197|0x0000000623a00000, 0x0000000623a00000, 0x0000000623c00000|  0%| F|  |TAMS 0x0000000623a00000, 0x0000000623a00000| Untracked 
| 198|0x0000000623c00000, 0x0000000623c00000, 0x0000000623e00000|  0%| F|  |TAMS 0x0000000623c00000, 0x0000000623c00000| Untracked 
| 199|0x0000000623e00000, 0x0000000623e00000, 0x0000000624000000|  0%| F|  |TAMS 0x0000000623e00000, 0x0000000623e00000| Untracked 
| 200|0x0000000624000000, 0x0000000624000000, 0x0000000624200000|  0%| F|  |TAMS 0x0000000624000000, 0x0000000624000000| Untracked 
| 201|0x0000000624200000, 0x0000000624200000, 0x0000000624400000|  0%| F|  |TAMS 0x0000000624200000, 0x0000000624200000| Untracked 
| 202|0x0000000624400000, 0x0000000624400000, 0x0000000624600000|  0%| F|  |TAMS 0x0000000624400000, 0x0000000624400000| Untracked 
| 203|0x0000000624600000, 0x0000000624600000, 0x0000000624800000|  0%| F|  |TAMS 0x0000000624600000, 0x0000000624600000| Untracked 
| 204|0x0000000624800000, 0x0000000624800000, 0x0000000624a00000|  0%| F|  |TAMS 0x0000000624800000, 0x0000000624800000| Untracked 
| 205|0x0000000624a00000, 0x0000000624a00000, 0x0000000624c00000|  0%| F|  |TAMS 0x0000000624a00000, 0x0000000624a00000| Untracked 
| 206|0x0000000624c00000, 0x0000000624c00000, 0x0000000624e00000|  0%| F|  |TAMS 0x0000000624c00000, 0x0000000624c00000| Untracked 
| 207|0x0000000624e00000, 0x0000000624e00000, 0x0000000625000000|  0%| F|  |TAMS 0x0000000624e00000, 0x0000000624e00000| Untracked 
| 208|0x0000000625000000, 0x0000000625000000, 0x0000000625200000|  0%| F|  |TAMS 0x0000000625000000, 0x0000000625000000| Untracked 
| 209|0x0000000625200000, 0x0000000625200000, 0x0000000625400000|  0%| F|  |TAMS 0x0000000625200000, 0x0000000625200000| Untracked 
| 210|0x0000000625400000, 0x0000000625400000, 0x0000000625600000|  0%| F|  |TAMS 0x0000000625400000, 0x0000000625400000| Untracked 
| 211|0x0000000625600000, 0x0000000625600000, 0x0000000625800000|  0%| F|  |TAMS 0x0000000625600000, 0x0000000625600000| Untracked 
| 212|0x0000000625800000, 0x0000000625800000, 0x0000000625a00000|  0%| F|  |TAMS 0x0000000625800000, 0x0000000625800000| Untracked 
| 213|0x0000000625a00000, 0x0000000625a00000, 0x0000000625c00000|  0%| F|  |TAMS 0x0000000625a00000, 0x0000000625a00000| Untracked 
| 214|0x0000000625c00000, 0x0000000625c00000, 0x0000000625e00000|  0%| F|  |TAMS 0x0000000625c00000, 0x0000000625c00000| Untracked 
| 215|0x0000000625e00000, 0x0000000625e00000, 0x0000000626000000|  0%| F|  |TAMS 0x0000000625e00000, 0x0000000625e00000| Untracked 
| 216|0x0000000626000000, 0x0000000626000000, 0x0000000626200000|  0%| F|  |TAMS 0x0000000626000000, 0x0000000626000000| Untracked 
| 217|0x0000000626200000, 0x0000000626200000, 0x0000000626400000|  0%| F|  |TAMS 0x0000000626200000, 0x0000000626200000| Untracked 
| 218|0x0000000626400000, 0x0000000626400000, 0x0000000626600000|  0%| F|  |TAMS 0x0000000626400000, 0x0000000626400000| Untracked 
| 219|0x0000000626600000, 0x0000000626600000, 0x0000000626800000|  0%| F|  |TAMS 0x0000000626600000, 0x0000000626600000| Untracked 
| 220|0x0000000626800000, 0x0000000626800000, 0x0000000626a00000|  0%| F|  |TAMS 0x0000000626800000, 0x0000000626800000| Untracked 
| 221|0x0000000626a00000, 0x0000000626a00000, 0x0000000626c00000|  0%| F|  |TAMS 0x0000000626a00000, 0x0000000626a00000| Untracked 
| 222|0x0000000626c00000, 0x0000000626c00000, 0x0000000626e00000|  0%| F|  |TAMS 0x0000000626c00000, 0x0000000626c00000| Untracked 
| 223|0x0000000626e00000, 0x0000000626e00000, 0x0000000627000000|  0%| F|  |TAMS 0x0000000626e00000, 0x0000000626e00000| Untracked 
| 224|0x0000000627000000, 0x0000000627000000, 0x0000000627200000|  0%| F|  |TAMS 0x0000000627000000, 0x0000000627000000| Untracked 
| 225|0x0000000627200000, 0x0000000627200000, 0x0000000627400000|  0%| F|  |TAMS 0x0000000627200000, 0x0000000627200000| Untracked 
| 226|0x0000000627400000, 0x0000000627400000, 0x0000000627600000|  0%| F|  |TAMS 0x0000000627400000, 0x0000000627400000| Untracked 
| 227|0x0000000627600000, 0x0000000627600000, 0x0000000627800000|  0%| F|  |TAMS 0x0000000627600000, 0x0000000627600000| Untracked 
| 228|0x0000000627800000, 0x0000000627800000, 0x0000000627a00000|  0%| F|  |TAMS 0x0000000627800000, 0x0000000627800000| Untracked 
| 229|0x0000000627a00000, 0x0000000627a00000, 0x0000000627c00000|  0%| F|  |TAMS 0x0000000627a00000, 0x0000000627a00000| Untracked 
| 230|0x0000000627c00000, 0x0000000627c00000, 0x0000000627e00000|  0%| F|  |TAMS 0x0000000627c00000, 0x0000000627c00000| Untracked 
| 231|0x0000000627e00000, 0x0000000627e00000, 0x0000000628000000|  0%| F|  |TAMS 0x0000000627e00000, 0x0000000627e00000| Untracked 
| 232|0x0000000628000000, 0x0000000628000000, 0x0000000628200000|  0%| F|  |TAMS 0x0000000628000000, 0x0000000628000000| Untracked 
| 233|0x0000000628200000, 0x0000000628200000, 0x0000000628400000|  0%| F|  |TAMS 0x0000000628200000, 0x0000000628200000| Untracked 
| 234|0x0000000628400000, 0x0000000628400000, 0x0000000628600000|  0%| F|  |TAMS 0x0000000628400000, 0x0000000628400000| Untracked 
| 235|0x0000000628600000, 0x0000000628600000, 0x0000000628800000|  0%| F|  |TAMS 0x0000000628600000, 0x0000000628600000| Untracked 
| 236|0x0000000628800000, 0x0000000628800000, 0x0000000628a00000|  0%| F|  |TAMS 0x0000000628800000, 0x0000000628800000| Untracked 
| 237|0x0000000628a00000, 0x0000000628ad77d8, 0x0000000628c00000| 42%| S|CS|TAMS 0x0000000628a00000, 0x0000000628a00000| Complete 
| 238|0x0000000628c00000, 0x0000000628e00000, 0x0000000628e00000|100%| S|CS|TAMS 0x0000000628c00000, 0x0000000628c00000| Complete 
| 239|0x0000000628e00000, 0x0000000628e00000, 0x0000000629000000|  0%| F|  |TAMS 0x0000000628e00000, 0x0000000628e00000| Untracked 
| 240|0x0000000629000000, 0x0000000629000000, 0x0000000629200000|  0%| F|  |TAMS 0x0000000629000000, 0x0000000629000000| Untracked 
| 241|0x0000000629200000, 0x0000000629200000, 0x0000000629400000|  0%| F|  |TAMS 0x0000000629200000, 0x0000000629200000| Untracked 
| 242|0x0000000629400000, 0x0000000629400000, 0x0000000629600000|  0%| F|  |TAMS 0x0000000629400000, 0x0000000629400000| Untracked 
| 243|0x0000000629600000, 0x0000000629800000, 0x0000000629800000|100%| E|  |TAMS 0x0000000629600000, 0x0000000629600000| Complete 
| 244|0x0000000629800000, 0x0000000629a00000, 0x0000000629a00000|100%| E|CS|TAMS 0x0000000629800000, 0x0000000629800000| Complete 
| 245|0x0000000629a00000, 0x0000000629c00000, 0x0000000629c00000|100%| E|CS|TAMS 0x0000000629a00000, 0x0000000629a00000| Complete 
| 246|0x0000000629c00000, 0x0000000629e00000, 0x0000000629e00000|100%| E|CS|TAMS 0x0000000629c00000, 0x0000000629c00000| Complete 
| 247|0x0000000629e00000, 0x000000062a000000, 0x000000062a000000|100%| E|CS|TAMS 0x0000000629e00000, 0x0000000629e00000| Complete 
| 248|0x000000062a000000, 0x000000062a200000, 0x000000062a200000|100%| E|CS|TAMS 0x000000062a000000, 0x000000062a000000| Complete 
| 249|0x000000062a200000, 0x000000062a400000, 0x000000062a400000|100%| E|CS|TAMS 0x000000062a200000, 0x000000062a200000| Complete 
| 250|0x000000062a400000, 0x000000062a600000, 0x000000062a600000|100%| E|CS|TAMS 0x000000062a400000, 0x000000062a400000| Complete 
|3494|0x00000007bfc00000, 0x00000007bfc44000, 0x00000007bfe00000| 13%|OA|  |TAMS 0x00000007bfc00000, 0x00000007bfc00000| Untracked 
|3495|0x00000007bfe00000, 0x00000007bfe6a000, 0x00000007c0000000| 20%|CA|  |TAMS 0x00000007bfe00000, 0x00000007bfe00000| Untracked 

Card table byte_map: [0x00007fba2f058000,0x00007fba30000000] _byte_map_base: 0x00007fba2c000000

Marking Bits (Prev, Next): (CMBitMap*) 0x00007fba4c058a68, (CMBitMap*) 0x00007fba4c058aa0
 Prev Bits: [0x00007fba26370000, 0x00007fba2e0b0000)
 Next Bits: [0x00007fba1e630000, 0x00007fba26370000)

Polling page: 0x00007fba542d9000

Metaspace:

Usage:
  Non-class:      6.77 MB capacity,     6.39 MB ( 94%) used,   374.08 KB (  5%) free+waste,    14.94 KB ( <1%) overhead. 
      Class:    824.00 KB capacity,   751.45 KB ( 91%) used,    64.87 KB (  8%) free+waste,     7.69 KB ( <1%) overhead. 
       Both:      7.57 MB capacity,     7.12 MB ( 94%) used,   438.95 KB (  6%) free+waste,    22.62 KB ( <1%) overhead. 

Virtual space:
  Non-class space:        8.00 MB reserved,       7.00 MB ( 88%) committed 
      Class space:        1.00 GB reserved,     896.00 KB ( <1%) committed 
             Both:        1.01 GB reserved,       7.88 MB ( <1%) committed 

Chunk freelists:
   Non-Class:  44.00 KB
       Class:  8.00 KB
        Both:  52.00 KB

MaxMetaspaceSize: unlimited
CompressedClassSpaceSize: 1.00 GB

CodeHeap 'non-profiled nmethods': size=120032Kb used=643Kb max_used=643Kb free=119388Kb
 bounds [0x00007fba3c406000, 0x00007fba3c676000, 0x00007fba4393e000]
CodeHeap 'profiled nmethods': size=120028Kb used=2795Kb max_used=2795Kb free=117232Kb
 bounds [0x00007fba34ecf000, 0x00007fba3518f000, 0x00007fba3c406000]
CodeHeap 'non-nmethods': size=5700Kb used=1158Kb max_used=1240Kb free=4542Kb
 bounds [0x00007fba3493e000, 0x00007fba34bae000, 0x00007fba34ecf000]
 total_blobs=1988 nmethods=1247 adapters=321
 compilation: enabled
              stopped_count=0, restarted_count=0
 full_count=0

Compilation events (20 events):
Event: 0.890 Thread 0x00007fba4c2ab000 nmethod 1237 0x00007fba35185890 code [0x00007fba35185ae0, 0x00007fba351864d8]
Event: 0.890 Thread 0x00007fba4c2ab000 1238       3       sun.util.locale.BaseLocale$Cache::normalizeKey (9 bytes)
Event: 0.890 Thread 0x00007fba4c2ab000 nmethod 1238 0x00007fba35186890 code [0x00007fba35186a60, 0x00007fba35186d88]
Event: 0.890 Thread 0x00007fba4c2ab000 1231       3       sun.util.locale.BaseLocale::getInstance (76 bytes)
Event: 0.890 Thread 0x00007fba4c2ab000 nmethod 1231 0x00007fba35186e90 code [0x00007fba351870a0, 0x00007fba351876a8]
Event: 0.890 Thread 0x00007fba4c2ab000 1241       3       java.lang.StringBuilder::append (8 bytes)
Event: 0.890 Thread 0x00007fba4c2ab000 nmethod 1241 0x00007fba35187810 code [0x00007fba351879c0, 0x00007fba35187b88]
Event: 0.891 Thread 0x00007fba4c2ab000 1242       3       jdk.internal.org.objectweb.asm.MethodVisitor::<init> (35 bytes)
Event: 0.891 Thread 0x00007fba4c2ab000 nmethod 1242 0x00007fba35187c10 code [0x00007fba35187de0, 0x00007fba35188188]
Event: 0.906 Thread 0x00007fba4c2ab000 1243       3       java.lang.String::charAt (25 bytes)
Event: 0.906 Thread 0x00007fba4c2ab000 nmethod 1243 0x00007fba35188290 code [0x00007fba351884a0, 0x00007fba35188a98]
Event: 1.661 Thread 0x00007fb9f8070800 nmethod 914 0x00007fba3c487890 code [0x00007fba3c4881e0, 0x00007fba3c49b920]
Event: 908.498 Thread 0x00007fba4c2a9000 1244       4       org.eclipse.jdt.launching.internal.org.objectweb.asm.ClassReader::getFirstAttributeOffset (136 bytes)
Event: 908.512 Thread 0x00007fba4c2a9000 nmethod 1244 0x00007fba3c4a6190 code [0x00007fba3c4a6340, 0x00007fba3c4a68d8]
Event: 931.914 Thread 0x00007fba4c2ab000 1245       3       org.eclipse.jdt.launching.internal.org.objectweb.asm.SymbolTable$Entry::<init> (18 bytes)
Event: 931.914 Thread 0x00007fba4c2ab000 nmethod 1245 0x00007fba35188d10 code [0x00007fba35188ec0, 0x00007fba351890c8]
Event: 2340.634 Thread 0x00007fba4c2ab000 1246       3       java.lang.ref.ReferenceQueue::reallyPoll (65 bytes)
Event: 2340.635 Thread 0x00007fba4c2ab000 nmethod 1246 0x00007fba35189190 code [0x00007fba35189380, 0x00007fba35189930]
Event: 2394.252 Thread 0x00007fba4c2ab000 1247       3       org.eclipse.jdt.launching.internal.org.objectweb.asm.SymbolTable$Entry::<init> (20 bytes)
Event: 2394.253 Thread 0x00007fba4c2ab000 nmethod 1247 0x00007fba35189a10 code [0x00007fba35189bc0, 0x00007fba35189dc8]

GC Heap History (2 events):
Event: 0.619 GC heap before
{Heap before GC invocations=0 (full 0):
 garbage-first heap   total 518144K, used 25272K [0x000000060b000000, 0x0000000800000000)
  region size 2048K, 12 young (24576K), 0 survivors (0K)
 Metaspace       used 5559K, capacity 6431K, committed 6656K, reserved 1056768K
  class space    used 594K, capacity 677K, committed 768K, reserved 1048576K
}
Event: 0.630 GC heap after
{Heap after GC invocations=1 (full 0):
 garbage-first heap   total 518144K, used 3605K [0x000000060b000000, 0x0000000800000000)
  region size 2048K, 2 young (4096K), 2 survivors (4096K)
 Metaspace       used 5559K, capacity 6431K, committed 6656K, reserved 1056768K
  class space    used 594K, capacity 677K, committed 768K, reserved 1048576K
}

Deoptimization events (20 events):
Event: 0.532 Thread 0x00007fba4c015800 DEOPT PACKING pc=0x00007fba34f0d2d3 sp=0x00007fba52c21020
Event: 0.532 Thread 0x00007fba4c015800 DEOPT UNPACKING pc=0x00007fba3497703a sp=0x00007fba52c20528 mode 0
Event: 0.550 Thread 0x00007fba4c015800 DEOPT PACKING pc=0x00007fba34f6b7fb sp=0x00007fba52c21e00
Event: 0.550 Thread 0x00007fba4c015800 DEOPT UNPACKING pc=0x00007fba3497703a sp=0x00007fba52c21348 mode 0
Event: 0.567 Thread 0x00007fba4c015800 DEOPT PACKING pc=0x00007fba34f6b7fb sp=0x00007fba52c20fb0
Event: 0.567 Thread 0x00007fba4c015800 DEOPT UNPACKING pc=0x00007fba3497703a sp=0x00007fba52c204f8 mode 0
Event: 0.602 Thread 0x00007fba4c015800 DEOPT PACKING pc=0x00007fba34f6b7fb sp=0x00007fba52c20f20
Event: 0.602 Thread 0x00007fba4c015800 DEOPT UNPACKING pc=0x00007fba3497703a sp=0x00007fba52c20468 mode 0
Event: 0.890 Thread 0x00007fba4c015800 Uncommon trap: trap_request=0xffffff4d fr.pc=0x00007fba3c476d80 relative=0x0000000000000440
Event: 0.890 Thread 0x00007fba4c015800 Uncommon trap: reason=unstable_if action=reinterpret pc=0x00007fba3c476d80 method=java.lang.StringLatin1.canEncode(I)Z @ 4 c2
Event: 0.890 Thread 0x00007fba4c015800 DEOPT PACKING pc=0x00007fba3c476d80 sp=0x00007fba52c24f30
Event: 0.890 Thread 0x00007fba4c015800 DEOPT UNPACKING pc=0x00007fba34977225 sp=0x00007fba52c24e68 mode 2
Event: 0.890 Thread 0x00007fba4c015800 Uncommon trap: trap_request=0xffffff4d fr.pc=0x00007fba3c4763a8 relative=0x00000000000003e8
Event: 0.890 Thread 0x00007fba4c015800 Uncommon trap: reason=unstable_if action=reinterpret pc=0x00007fba3c4763a8 method=java.lang.AbstractStringBuilder.isLatin1()Z @ 10 c2
Event: 0.890 Thread 0x00007fba4c015800 DEOPT PACKING pc=0x00007fba3c4763a8 sp=0x00007fba52c24f50
Event: 0.890 Thread 0x00007fba4c015800 DEOPT UNPACKING pc=0x00007fba34977225 sp=0x00007fba52c24ee0 mode 2
Event: 0.891 Thread 0x00007fba4c015800 Uncommon trap: trap_request=0xffffff4d fr.pc=0x00007fba3c407704 relative=0x00000000000000e4
Event: 0.891 Thread 0x00007fba4c015800 Uncommon trap: reason=unstable_if action=reinterpret pc=0x00007fba3c407704 method=java.lang.String.isLatin1()Z @ 10 c2
Event: 0.891 Thread 0x00007fba4c015800 DEOPT PACKING pc=0x00007fba3c407704 sp=0x00007fba52c24c60
Event: 0.891 Thread 0x00007fba4c015800 DEOPT UNPACKING pc=0x00007fba34977225 sp=0x00007fba52c24bd0 mode 2

Classes redefined (8 events):
Event: 908.510 Thread 0x00007fba4c29d000 redefined class name=de.unirostock.sems.bives.ds.Patch, count=1
Event: 931.924 Thread 0x00007fba4c29d000 redefined class name=de.unirostock.sems.bives.ds.Patch, count=2
Event: 1930.023 Thread 0x00007fba4c29d000 redefined class name=de.unirostock.sems.TestMerge, count=1
Event: 1937.314 Thread 0x00007fba4c29d000 redefined class name=de.unirostock.sems.TestMerge, count=2
Event: 2248.312 Thread 0x00007fba4c29d000 redefined class name=de.unirostock.sems.xmlutils.ds.TreeDocument, count=1
Event: 2394.258 Thread 0x00007fba4c29d000 redefined class name=de.unirostock.sems.bives.algorithm.general.PatchProducer, count=1
Event: 3050.713 Thread 0x00007fba4c29d000 redefined class name=de.unirostock.sems.TestMerge, count=3
Event: 3274.370 Thread 0x00007fba4c29d000 redefined class name=de.unirostock.sems.TestMerge, count=4

Internal exceptions (10 events):
Event: 0.159 Thread 0x00007fba4c015800 Exception <a 'java/security/PrivilegedActionException'{0x000000062a39edb0}> (0x000000062a39edb0) thrown at [/build/openjdk-11-JSGVKF/openjdk-11-11.0.5+10/src/hotspot/share/prims/jvm.cpp, line 1295]
Event: 0.160 Thread 0x00007fba4c015800 Exception <a 'java/security/PrivilegedActionException'{0x000000062a39f080}> (0x000000062a39f080) thrown at [/build/openjdk-11-JSGVKF/openjdk-11-11.0.5+10/src/hotspot/share/prims/jvm.cpp, line 1295]
Event: 0.161 Thread 0x00007fba4c015800 Exception <a 'java/security/PrivilegedActionException'{0x000000062a3eac00}> (0x000000062a3eac00) thrown at [/build/openjdk-11-JSGVKF/openjdk-11-11.0.5+10/src/hotspot/share/prims/jvm.cpp, line 1295]
Event: 0.161 Thread 0x00007fba4c015800 Exception <a 'java/security/PrivilegedActionException'{0x000000062a3eaed0}> (0x000000062a3eaed0) thrown at [/build/openjdk-11-JSGVKF/openjdk-11-11.0.5+10/src/hotspot/share/prims/jvm.cpp, line 1295]
Event: 0.473 Thread 0x00007fba4c015800 Exception <a 'java/lang/NoSuchMethodError'{0x00000006296c35a8}: 'java.lang.Object java.lang.invoke.DirectMethodHandle$Holder.invokeStatic(java.lang.Object, java.lang.Object, java.lang.Object, java.lang.Object, java.lang.Object, java.lang.Object, java.lang
Event: 0.475 Thread 0x00007fba4c015800 Exception <a 'java/lang/NoSuchMethodError'{0x00000006296d2ac0}: 'java.lang.Object java.lang.invoke.DirectMethodHandle$Holder.invokeStatic(java.lang.Object, java.lang.Object, java.lang.Object, java.lang.Object, java.lang.Object, java.lang.Object, java.lang
Event: 0.477 Thread 0x00007fba4c015800 Exception <a 'java/lang/NoSuchMethodError'{0x00000006296e09d8}: 'java.lang.Object java.lang.invoke.DirectMethodHandle$Holder.invokeSpecial(java.lang.Object, java.lang.Object, int, int, java.lang.Object, java.lang.Object, java.lang.Object)'> (0x00000006296
Event: 0.477 Thread 0x00007fba4c015800 Exception <a 'java/lang/NoSuchMethodError'{0x00000006296e3f68}: 'java.lang.Object java.lang.invoke.DelegatingMethodHandle$Holder.reinvoke_L(java.lang.Object, int, int, java.lang.Object, java.lang.Object, java.lang.Object)'> (0x00000006296e3f68) thrown at 
Event: 0.477 Thread 0x00007fba4c015800 Exception <a 'java/lang/NoSuchMethodError'{0x00000006296e91d8}: 'java.lang.Object java.lang.invoke.DirectMethodHandle$Holder.invokeStatic(java.lang.Object, java.lang.Object, java.lang.Object, java.lang.Object, int)'> (0x00000006296e91d8) thrown at [/build
Event: 0.769 Thread 0x00007fba4c015800 Exception <a 'java/lang/NoSuchMethodError'{0x0000000629d773a0}: 'int java.lang.invoke.DirectMethodHandle$Holder.invokeSpecialIFC(java.lang.Object, java.lang.Object, int)'> (0x0000000629d773a0) thrown at [/build/openjdk-11-JSGVKF/openjdk-11-11.0.5+10/src/h

Events (20 events):
Event: 3274.371 Executing VM operation: RedefineClasses done
Event: 3274.376 Executing VM operation: ChangeBreakpoints
Event: 3274.376 Executing VM operation: ChangeBreakpoints done
Event: 3274.377 Executing VM operation: GetFrameCount
Event: 3274.377 Executing VM operation: GetFrameCount done
Event: 3274.377 Executing VM operation: GetStackTrace
Event: 3274.377 Executing VM operation: GetStackTrace done
Event: 3274.378 Executing VM operation: GetFrameCount
Event: 3274.378 Executing VM operation: GetFrameCount done
Event: 3274.378 Executing VM operation: SetFramePop
Event: 3274.378 Executing VM operation: SetFramePop done
Event: 3274.378 Executing VM operation: GetFrameLocation
Event: 3274.378 Executing VM operation: GetFrameLocation done
Event: 3274.378 Executing VM operation: GetCurrentLocation
Event: 3274.378 Executing VM operation: GetCurrentLocation done
Event: 3274.378 Executing VM operation: ChangeSingleStep
Event: 3274.378 Executing VM operation: ChangeSingleStep done
Event: 3274.378 Executing VM operation: GetFrameLocation
Event: 3274.378 Executing VM operation: GetFrameLocation done
Event: 3274.378 Executing VM operation: GetOrSetLocal


Dynamic libraries:
60b000000-62a600000 rw-p 00000000 00:00 0 
62a600000-7bfc00000 ---p 00000000 00:00 0 
7bfc00000-7bfc44000 rw-p 01104000 08:01 136699                           /usr/lib/jvm/java-11-openjdk-amd64/lib/server/classes.jsa
7bfc44000-7bfe00000 rw-p 00000000 00:00 0 
7bfe00000-7bfe6a000 rw-p 0109a000 08:01 136699                           /usr/lib/jvm/java-11-openjdk-amd64/lib/server/classes.jsa
7bfe6a000-7c0000000 rw-p 00000000 00:00 0 
7c0000000-800000000 ---p 00000000 00:00 0 
800000000-800002000 rwxp 00001000 08:01 136699                           /usr/lib/jvm/java-11-openjdk-amd64/lib/server/classes.jsa
800002000-801099000 rw-p 00003000 08:01 136699                           /usr/lib/jvm/java-11-openjdk-amd64/lib/server/classes.jsa
840000000-8400e0000 rw-p 00000000 00:00 0 
8400e0000-880000000 ---p 00000000 00:00 0 
55df2326f000-55df23270000 r--p 00000000 08:01 131459                     /usr/lib/jvm/java-11-openjdk-amd64/bin/java
55df23270000-55df23271000 r-xp 00001000 08:01 131459                     /usr/lib/jvm/java-11-openjdk-amd64/bin/java
55df23271000-55df23272000 r--p 00002000 08:01 131459                     /usr/lib/jvm/java-11-openjdk-amd64/bin/java
55df23272000-55df23273000 r--p 00002000 08:01 131459                     /usr/lib/jvm/java-11-openjdk-amd64/bin/java
55df23273000-55df23274000 rw-p 00003000 08:01 131459                     /usr/lib/jvm/java-11-openjdk-amd64/bin/java
55df23c9e000-55df23cbf000 rw-p 00000000 00:00 0                          [heap]
7fb9a4000000-7fb9a4021000 rw-p 00000000 00:00 0 
7fb9a4021000-7fb9a8000000 ---p 00000000 00:00 0 
7fb9a8000000-7fb9a8021000 rw-p 00000000 00:00 0 
7fb9a8021000-7fb9ac000000 ---p 00000000 00:00 0 
7fb9ac000000-7fb9ac021000 rw-p 00000000 00:00 0 
7fb9ac021000-7fb9b0000000 ---p 00000000 00:00 0 
7fb9b0000000-7fb9b0021000 rw-p 00000000 00:00 0 
7fb9b0021000-7fb9b4000000 ---p 00000000 00:00 0 
7fb9b4000000-7fb9b4021000 rw-p 00000000 00:00 0 
7fb9b4021000-7fb9b8000000 ---p 00000000 00:00 0 
7fb9b8000000-7fb9b8021000 rw-p 00000000 00:00 0 
7fb9b8021000-7fb9bc000000 ---p 00000000 00:00 0 
7fb9bc000000-7fb9bc021000 rw-p 00000000 00:00 0 
7fb9bc021000-7fb9c0000000 ---p 00000000 00:00 0 
7fb9c0000000-7fb9c0021000 rw-p 00000000 00:00 0 
7fb9c0021000-7fb9c4000000 ---p 00000000 00:00 0 
7fb9c4000000-7fb9c432b000 rw-p 00000000 00:00 0 
7fb9c432b000-7fb9c8000000 ---p 00000000 00:00 0 
7fb9c8000000-7fb9c8021000 rw-p 00000000 00:00 0 
7fb9c8021000-7fb9cc000000 ---p 00000000 00:00 0 
7fb9cc000000-7fb9cc021000 rw-p 00000000 00:00 0 
7fb9cc021000-7fb9d0000000 ---p 00000000 00:00 0 
7fb9d0000000-7fb9d0021000 rw-p 00000000 00:00 0 
7fb9d0021000-7fb9d4000000 ---p 00000000 00:00 0 
7fb9d4000000-7fb9d6b91000 rw-p 00000000 00:00 0 
7fb9d6b91000-7fb9d8000000 ---p 00000000 00:00 0 
7fb9d8000000-7fb9d8021000 rw-p 00000000 00:00 0 
7fb9d8021000-7fb9dc000000 ---p 00000000 00:00 0 
7fb9dc000000-7fb9dc021000 rw-p 00000000 00:00 0 
7fb9dc021000-7fb9e0000000 ---p 00000000 00:00 0 
7fb9e0000000-7fb9e0021000 rw-p 00000000 00:00 0 
7fb9e0021000-7fb9e4000000 ---p 00000000 00:00 0 
7fb9e4000000-7fb9e4021000 rw-p 00000000 00:00 0 
7fb9e4021000-7fb9e8000000 ---p 00000000 00:00 0 
7fb9e8000000-7fb9e80a8000 rw-p 00000000 00:00 0 
7fb9e80a8000-7fb9ec000000 ---p 00000000 00:00 0 
7fb9ec000000-7fb9ec9af000 rw-p 00000000 00:00 0 
7fb9ec9af000-7fb9f0000000 ---p 00000000 00:00 0 
7fb9f0000000-7fb9f0021000 rw-p 00000000 00:00 0 
7fb9f0021000-7fb9f4000000 ---p 00000000 00:00 0 
7fb9f4000000-7fb9f4021000 rw-p 00000000 00:00 0 
7fb9f4021000-7fb9f8000000 ---p 00000000 00:00 0 
7fb9f8000000-7fb9f89fb000 rw-p 00000000 00:00 0 
7fb9f89fb000-7fb9fc000000 ---p 00000000 00:00 0 
7fb9fc000000-7fb9fc021000 rw-p 00000000 00:00 0 
7fb9fc021000-7fba00000000 ---p 00000000 00:00 0 
7fba00000000-7fba00021000 rw-p 00000000 00:00 0 
7fba00021000-7fba04000000 ---p 00000000 00:00 0 
7fba04000000-7fba04021000 rw-p 00000000 00:00 0 
7fba04021000-7fba08000000 ---p 00000000 00:00 0 
7fba08000000-7fba08021000 rw-p 00000000 00:00 0 
7fba08021000-7fba0c000000 ---p 00000000 00:00 0 
7fba0e7e6000-7fba0e7e7000 ---p 00000000 00:00 0 
7fba0e7e7000-7fba0e8e8000 rw-p 00000000 00:00 0 
7fba0e8e8000-7fba0e8e9000 ---p 00000000 00:00 0 
7fba0e8e9000-7fba0e9ea000 rw-p 00000000 00:00 0 
7fba0e9ea000-7fba0e9eb000 ---p 00000000 00:00 0 
7fba0e9eb000-7fba0eaec000 rw-p 00000000 00:00 0 
7fba0eaec000-7fba0eaed000 ---p 00000000 00:00 0 
7fba0eaed000-7fba0ebee000 rw-p 00000000 00:00 0 
7fba0ebee000-7fba0ebef000 ---p 00000000 00:00 0 
7fba0ebef000-7fba0ecf0000 rw-p 00000000 00:00 0 
7fba0ecf0000-7fba0ecf1000 ---p 00000000 00:00 0 
7fba0ecf1000-7fba0edf2000 rw-p 00000000 00:00 0 
7fba0edf2000-7fba0edf3000 ---p 00000000 00:00 0 
7fba0edf3000-7fba0eef4000 rw-p 00000000 00:00 0 
7fba0eef4000-7fba0eef5000 ---p 00000000 00:00 0 
7fba0eef5000-7fba0eff6000 rw-p 00000000 00:00 0 
7fba0eff6000-7fba0eff7000 ---p 00000000 00:00 0 
7fba0eff7000-7fba0f0f8000 rw-p 00000000 00:00 0 
7fba0f0f8000-7fba0f0fc000 ---p 00000000 00:00 0 
7fba0f0fc000-7fba0f1f9000 rw-p 00000000 00:00 0 
7fba0f1f9000-7fba0f1fd000 ---p 00000000 00:00 0 
7fba0f1fd000-7fba0f2fa000 rw-p 00000000 00:00 0 
7fba0f2fa000-7fba0f2fb000 ---p 00000000 00:00 0 
7fba0f2fb000-7fba0f3fc000 rw-p 00000000 00:00 0 
7fba0f3fc000-7fba0f400000 ---p 00000000 00:00 0 
7fba0f400000-7fba0f4fd000 rw-p 00000000 00:00 0 
7fba0f4fd000-7fba0f501000 ---p 00000000 00:00 0 
7fba0f501000-7fba0f5fe000 rw-p 00000000 00:00 0 
7fba0f5fe000-7fba0f602000 ---p 00000000 00:00 0 
7fba0f602000-7fba0f6ff000 rw-p 00000000 00:00 0 
7fba0f6ff000-7fba0f703000 ---p 00000000 00:00 0 
7fba0f703000-7fba0ff00000 rw-p 00000000 00:00 0 
7fba0ff00000-7fba10000000 ---p 00000000 00:00 0 
7fba10000000-7fba10021000 rw-p 00000000 00:00 0 
7fba10021000-7fba14000000 ---p 00000000 00:00 0 
7fba14000000-7fba14021000 rw-p 00000000 00:00 0 
7fba14021000-7fba18000000 ---p 00000000 00:00 0 
7fba18000000-7fba18021000 rw-p 00000000 00:00 0 
7fba18021000-7fba1c000000 ---p 00000000 00:00 0 
7fba1c011000-7fba1c015000 r--p 00000000 08:01 134021                     /usr/lib/jvm/java-11-openjdk-amd64/lib/libnet.so
7fba1c015000-7fba1c024000 r-xp 00004000 08:01 134021                     /usr/lib/jvm/java-11-openjdk-amd64/lib/libnet.so
7fba1c024000-7fba1c028000 r--p 00013000 08:01 134021                     /usr/lib/jvm/java-11-openjdk-amd64/lib/libnet.so
7fba1c028000-7fba1c029000 r--p 00016000 08:01 134021                     /usr/lib/jvm/java-11-openjdk-amd64/lib/libnet.so
7fba1c029000-7fba1c02a000 rw-p 00017000 08:01 134021                     /usr/lib/jvm/java-11-openjdk-amd64/lib/libnet.so
7fba1c02a000-7fba1c02e000 ---p 00000000 00:00 0 
7fba1c02e000-7fba1c12b000 rw-p 00000000 00:00 0 
7fba1c12b000-7fba1c12f000 ---p 00000000 00:00 0 
7fba1c12f000-7fba1c22c000 rw-p 00000000 00:00 0 
7fba1c22c000-7fba1c230000 ---p 00000000 00:00 0 
7fba1c230000-7fba1c32d000 rw-p 00000000 00:00 0 
7fba1c32d000-7fba1c331000 ---p 00000000 00:00 0 
7fba1c331000-7fba1c42e000 rw-p 00000000 00:00 0 
7fba1c42e000-7fba1c432000 ---p 00000000 00:00 0 
7fba1c432000-7fba1c52f000 rw-p 00000000 00:00 0 
7fba1c52f000-7fba1c533000 ---p 00000000 00:00 0 
7fba1c533000-7fba1ee08000 rw-p 00000000 00:00 0 
7fba1ee08000-7fba25360000 ---p 00000000 00:00 0 
7fba25360000-7fba25370000 rw-p 00000000 00:00 0 
7fba25370000-7fba26370000 ---p 00000000 00:00 0 
7fba26370000-7fba26b48000 rw-p 00000000 00:00 0 
7fba26b48000-7fba2d0a0000 ---p 00000000 00:00 0 
7fba2d0a0000-7fba2d0b0000 rw-p 00000000 00:00 0 
7fba2d0b0000-7fba2e0b0000 ---p 00000000 00:00 0 
7fba2e0b0000-7fba2e1ab000 rw-p 00000000 00:00 0 
7fba2e1ab000-7fba2ee56000 ---p 00000000 00:00 0 
7fba2ee56000-7fba2ee58000 rw-p 00000000 00:00 0 
7fba2ee58000-7fba2f058000 ---p 00000000 00:00 0 
7fba2f058000-7fba2f153000 rw-p 00000000 00:00 0 
7fba2f153000-7fba2fdfe000 ---p 00000000 00:00 0 
7fba2fdfe000-7fba2fe00000 rw-p 00000000 00:00 0 
7fba2fe00000-7fba30000000 ---p 00000000 00:00 0 
7fba30000000-7fba30021000 rw-p 00000000 00:00 0 
7fba30021000-7fba34000000 ---p 00000000 00:00 0 
7fba34012000-7fba34015000 r--p 00000000 08:01 5898969                    /lib/x86_64-linux-gnu/libnss_files-2.29.so
7fba34015000-7fba3401c000 r-xp 00003000 08:01 5898969                    /lib/x86_64-linux-gnu/libnss_files-2.29.so
7fba3401c000-7fba3401e000 r--p 0000a000 08:01 5898969                    /lib/x86_64-linux-gnu/libnss_files-2.29.so
7fba3401e000-7fba3401f000 r--p 0000b000 08:01 5898969                    /lib/x86_64-linux-gnu/libnss_files-2.29.so
7fba3401f000-7fba34020000 rw-p 0000c000 08:01 5898969                    /lib/x86_64-linux-gnu/libnss_files-2.29.so
7fba34020000-7fba34026000 rw-p 00000000 00:00 0 
7fba34034000-7fba3403b000 r--p 00000000 08:01 134023                     /usr/lib/jvm/java-11-openjdk-amd64/lib/libnio.so
7fba3403b000-7fba34042000 r-xp 00007000 08:01 134023                     /usr/lib/jvm/java-11-openjdk-amd64/lib/libnio.so
7fba34042000-7fba34045000 r--p 0000e000 08:01 134023                     /usr/lib/jvm/java-11-openjdk-amd64/lib/libnio.so
7fba34045000-7fba34046000 r--p 00010000 08:01 134023                     /usr/lib/jvm/java-11-openjdk-amd64/lib/libnio.so
7fba34046000-7fba34047000 rw-p 00011000 08:01 134023                     /usr/lib/jvm/java-11-openjdk-amd64/lib/libnio.so
7fba34047000-7fba3407c000 r--s 00000000 08:01 2499215                    /var/cache/nscd/hosts
7fba3407c000-7fba343b5000 r--p 00000000 08:01 6165976                    /usr/lib/locale/locale-archive
7fba343b5000-7fba343b9000 ---p 00000000 00:00 0 
7fba343b9000-7fba344b6000 rw-p 00000000 00:00 0 
7fba344b6000-7fba344ba000 ---p 00000000 00:00 0 
7fba344ba000-7fba345b7000 rw-p 00000000 00:00 0 
7fba345b7000-7fba345b8000 ---p 00000000 00:00 0 
7fba345b8000-7fba3473a000 rw-p 00000000 00:00 0 
7fba3473a000-7fba3473b000 ---p 00000000 00:00 0 
7fba3473b000-7fba3483c000 rw-p 00000000 00:00 0 
7fba3483c000-7fba3483d000 ---p 00000000 00:00 0 
7fba3483d000-7fba3493e000 rw-p 00000000 00:00 0 
7fba3493e000-7fba34bae000 rwxp 00000000 00:00 0 
7fba34bae000-7fba34ecf000 ---p 00000000 00:00 0 
7fba34ecf000-7fba3518f000 rwxp 00000000 00:00 0 
7fba3518f000-7fba3c406000 ---p 00000000 00:00 0 
7fba3c406000-7fba3c676000 rwxp 00000000 00:00 0 
7fba3c676000-7fba4393e000 ---p 00000000 00:00 0 
7fba4393e000-7fba4c000000 r--s 00000000 08:01 134057                     /usr/lib/jvm/java-11-openjdk-amd64/lib/modules
7fba4c000000-7fba4c886000 rw-p 00000000 00:00 0 
7fba4c886000-7fba50000000 ---p 00000000 00:00 0 
7fba5000d000-7fba5000e000 r--p 00000000 08:01 133657                     /usr/lib/jvm/java-11-openjdk-amd64/lib/libextnet.so
7fba5000e000-7fba5000f000 r-xp 00001000 08:01 133657                     /usr/lib/jvm/java-11-openjdk-amd64/lib/libextnet.so
7fba5000f000-7fba50010000 r--p 00002000 08:01 133657                     /usr/lib/jvm/java-11-openjdk-amd64/lib/libextnet.so
7fba50010000-7fba50011000 r--p 00002000 08:01 133657                     /usr/lib/jvm/java-11-openjdk-amd64/lib/libextnet.so
7fba50011000-7fba50012000 rw-p 00003000 08:01 133657                     /usr/lib/jvm/java-11-openjdk-amd64/lib/libextnet.so
7fba50012000-7fba50013000 r--p 00000000 08:01 133637                     /usr/lib/jvm/java-11-openjdk-amd64/lib/libdt_socket.so
7fba50013000-7fba50016000 r-xp 00001000 08:01 133637                     /usr/lib/jvm/java-11-openjdk-amd64/lib/libdt_socket.so
7fba50016000-7fba50017000 r--p 00004000 08:01 133637                     /usr/lib/jvm/java-11-openjdk-amd64/lib/libdt_socket.so
7fba50017000-7fba50018000 r--p 00004000 08:01 133637                     /usr/lib/jvm/java-11-openjdk-amd64/lib/libdt_socket.so
7fba50018000-7fba50019000 rw-p 00005000 08:01 133637                     /usr/lib/jvm/java-11-openjdk-amd64/lib/libdt_socket.so
7fba50019000-7fba50020000 r--s 00000000 08:01 6215712                    /usr/lib/x86_64-linux-gnu/gconv/gconv-modules.cache
7fba50020000-7fba50a85000 rw-p 00000000 00:00 0 
7fba50a85000-7fba50a86000 ---p 00000000 00:00 0 
7fba50a86000-7fba50b87000 rw-p 00000000 00:00 0 
7fba50b87000-7fba50b88000 ---p 00000000 00:00 0 
7fba50b88000-7fba50e87000 rw-p 00000000 00:00 0 
7fba50e87000-7fba51b32000 ---p 00000000 00:00 0 
7fba51b32000-7fba51b34000 rw-p 00000000 00:00 0 
7fba51b34000-7fba51d34000 ---p 00000000 00:00 0 
7fba51d34000-7fba5277d000 rw-p 00000000 00:00 0 
7fba5277d000-7fba5277e000 ---p 00000000 00:00 0 
7fba5277e000-7fba52884000 rw-p 00000000 00:00 0 
7fba52884000-7fba5296a000 ---p 00000000 00:00 0 
7fba5296a000-7fba52970000 rw-p 00000000 00:00 0 
7fba52970000-7fba52a55000 ---p 00000000 00:00 0 
7fba52a55000-7fba52a5a000 rw-p 00000000 00:00 0 
7fba52a5a000-7fba52a61000 ---p 00000000 00:00 0 
7fba52a61000-7fba52a63000 r--s 0000c000 08:01 447                        /usr/share/java/java-atk-wrapper.jar
7fba52a63000-7fba52a65000 r--p 00000000 08:01 133990                     /usr/lib/jvm/java-11-openjdk-amd64/lib/libjimage.so
7fba52a65000-7fba52a68000 r-xp 00002000 08:01 133990                     /usr/lib/jvm/java-11-openjdk-amd64/lib/libjimage.so
7fba52a68000-7fba52a69000 r--p 00005000 08:01 133990                     /usr/lib/jvm/java-11-openjdk-amd64/lib/libjimage.so
7fba52a69000-7fba52a6a000 ---p 00006000 08:01 133990                     /usr/lib/jvm/java-11-openjdk-amd64/lib/libjimage.so
7fba52a6a000-7fba52a6b000 r--p 00006000 08:01 133990                     /usr/lib/jvm/java-11-openjdk-amd64/lib/libjimage.so
7fba52a6b000-7fba52a6c000 rw-p 00007000 08:01 133990                     /usr/lib/jvm/java-11-openjdk-amd64/lib/libjimage.so
7fba52a6c000-7fba52a6e000 r--p 00000000 08:01 134055                     /usr/lib/jvm/java-11-openjdk-amd64/lib/libzip.so
7fba52a6e000-7fba52a72000 r-xp 00002000 08:01 134055                     /usr/lib/jvm/java-11-openjdk-amd64/lib/libzip.so
7fba52a72000-7fba52a74000 r--p 00006000 08:01 134055                     /usr/lib/jvm/java-11-openjdk-amd64/lib/libzip.so
7fba52a74000-7fba52a75000 r--p 00007000 08:01 134055                     /usr/lib/jvm/java-11-openjdk-amd64/lib/libzip.so
7fba52a75000-7fba52a76000 rw-p 00008000 08:01 134055                     /usr/lib/jvm/java-11-openjdk-amd64/lib/libzip.so
7fba52a76000-7fba52a7e000 rw-s 00000000 08:01 396202                     /tmp/hsperfdata_tgeb/153520
7fba52a7e000-7fba52ab3000 r--s 00000000 08:01 2499213                    /var/cache/nscd/passwd
7fba52ab3000-7fba52ab5000 r--p 00000000 08:01 133988                     /usr/lib/jvm/java-11-openjdk-amd64/lib/libjdwp.so
7fba52ab5000-7fba52ae0000 r-xp 00002000 08:01 133988                     /usr/lib/jvm/java-11-openjdk-amd64/lib/libjdwp.so
7fba52ae0000-7fba52aed000 r--p 0002d000 08:01 133988                     /usr/lib/jvm/java-11-openjdk-amd64/lib/libjdwp.so
7fba52aed000-7fba52aee000 ---p 0003a000 08:01 133988                     /usr/lib/jvm/java-11-openjdk-amd64/lib/libjdwp.so
7fba52aee000-7fba52aef000 r--p 0003a000 08:01 133988                     /usr/lib/jvm/java-11-openjdk-amd64/lib/libjdwp.so
7fba52aef000-7fba52af0000 rw-p 0003b000 08:01 133988                     /usr/lib/jvm/java-11-openjdk-amd64/lib/libjdwp.so
7fba52af0000-7fba52afd000 r--p 00000000 08:01 133982                     /usr/lib/jvm/java-11-openjdk-amd64/lib/libjava.so
7fba52afd000-7fba52b12000 r-xp 0000d000 08:01 133982                     /usr/lib/jvm/java-11-openjdk-amd64/lib/libjava.so
7fba52b12000-7fba52b19000 r--p 00022000 08:01 133982                     /usr/lib/jvm/java-11-openjdk-amd64/lib/libjava.so
7fba52b19000-7fba52b1a000 r--p 00028000 08:01 133982                     /usr/lib/jvm/java-11-openjdk-amd64/lib/libjava.so
7fba52b1a000-7fba52b1c000 rw-p 00029000 08:01 133982                     /usr/lib/jvm/java-11-openjdk-amd64/lib/libjava.so
7fba52b1c000-7fba52b1f000 r--p 00000000 08:01 5898988                    /lib/x86_64-linux-gnu/librt-2.29.so
7fba52b1f000-7fba52b23000 r-xp 00003000 08:01 5898988                    /lib/x86_64-linux-gnu/librt-2.29.so
7fba52b23000-7fba52b25000 r--p 00007000 08:01 5898988                    /lib/x86_64-linux-gnu/librt-2.29.so
7fba52b25000-7fba52b26000 r--p 00008000 08:01 5898988                    /lib/x86_64-linux-gnu/librt-2.29.so
7fba52b26000-7fba52b27000 rw-p 00009000 08:01 5898988                    /lib/x86_64-linux-gnu/librt-2.29.so
7fba52b27000-7fba52b2b000 ---p 00000000 00:00 0 
7fba52b2b000-7fba52c28000 rw-p 00000000 00:00 0 
7fba52c28000-7fba52c2b000 r--p 00000000 08:01 5898306                    /lib/x86_64-linux-gnu/libgcc_s.so.1
7fba52c2b000-7fba52c3c000 r-xp 00003000 08:01 5898306                    /lib/x86_64-linux-gnu/libgcc_s.so.1
7fba52c3c000-7fba52c40000 r--p 00014000 08:01 5898306                    /lib/x86_64-linux-gnu/libgcc_s.so.1
7fba52c40000-7fba52c41000 r--p 00017000 08:01 5898306                    /lib/x86_64-linux-gnu/libgcc_s.so.1
7fba52c41000-7fba52c42000 rw-p 00018000 08:01 5898306                    /lib/x86_64-linux-gnu/libgcc_s.so.1
7fba52c42000-7fba52c51000 r--p 00000000 08:01 5898865                    /lib/x86_64-linux-gnu/libm-2.29.so
7fba52c51000-7fba52cec000 r-xp 0000f000 08:01 5898865                    /lib/x86_64-linux-gnu/libm-2.29.so
7fba52cec000-7fba52d85000 r--p 000aa000 08:01 5898865                    /lib/x86_64-linux-gnu/libm-2.29.so
7fba52d85000-7fba52d86000 r--p 00142000 08:01 5898865                    /lib/x86_64-linux-gnu/libm-2.29.so
7fba52d86000-7fba52d87000 rw-p 00143000 08:01 5898865                    /lib/x86_64-linux-gnu/libm-2.29.so
7fba52d87000-7fba52e1d000 r--p 00000000 08:01 6163067                    /usr/lib/x86_64-linux-gnu/libstdc++.so.6.0.28
7fba52e1d000-7fba52f05000 r-xp 00096000 08:01 6163067                    /usr/lib/x86_64-linux-gnu/libstdc++.so.6.0.28
7fba52f05000-7fba52f4f000 r--p 0017e000 08:01 6163067                    /usr/lib/x86_64-linux-gnu/libstdc++.so.6.0.28
7fba52f4f000-7fba52f5a000 r--p 001c7000 08:01 6163067                    /usr/lib/x86_64-linux-gnu/libstdc++.so.6.0.28
7fba52f5a000-7fba52f5d000 rw-p 001d2000 08:01 6163067                    /usr/lib/x86_64-linux-gnu/libstdc++.so.6.0.28
7fba52f5d000-7fba52f60000 rw-p 00000000 00:00 0 
7fba52f60000-7fba531cd000 r--p 00000000 08:01 134066                     /usr/lib/jvm/java-11-openjdk-amd64/lib/server/libjvm.so
7fba531cd000-7fba53d40000 r-xp 0026d000 08:01 134066                     /usr/lib/jvm/java-11-openjdk-amd64/lib/server/libjvm.so
7fba53d40000-7fba53f7a000 r--p 00de0000 08:01 134066                     /usr/lib/jvm/java-11-openjdk-amd64/lib/server/libjvm.so
7fba53f7a000-7fba54037000 r--p 01019000 08:01 134066                     /usr/lib/jvm/java-11-openjdk-amd64/lib/server/libjvm.so
7fba54037000-7fba54070000 rw-p 010d6000 08:01 134066                     /usr/lib/jvm/java-11-openjdk-amd64/lib/server/libjvm.so
7fba54070000-7fba540c9000 rw-p 00000000 00:00 0 
7fba540c9000-7fba540d0000 r--p 00000000 08:01 5898981                    /lib/x86_64-linux-gnu/libpthread-2.29.so
7fba540d0000-7fba540df000 r-xp 00007000 08:01 5898981                    /lib/x86_64-linux-gnu/libpthread-2.29.so
7fba540df000-7fba540e4000 r--p 00016000 08:01 5898981                    /lib/x86_64-linux-gnu/libpthread-2.29.so
7fba540e4000-7fba540e5000 r--p 0001a000 08:01 5898981                    /lib/x86_64-linux-gnu/libpthread-2.29.so
7fba540e5000-7fba540e6000 rw-p 0001b000 08:01 5898981                    /lib/x86_64-linux-gnu/libpthread-2.29.so
7fba540e6000-7fba540ea000 rw-p 00000000 00:00 0 
7fba540ea000-7fba540eb000 r--p 00000000 08:01 5898856                    /lib/x86_64-linux-gnu/libdl-2.29.so
7fba540eb000-7fba540ec000 r-xp 00001000 08:01 5898856                    /lib/x86_64-linux-gnu/libdl-2.29.so
7fba540ec000-7fba540ed000 r--p 00002000 08:01 5898856                    /lib/x86_64-linux-gnu/libdl-2.29.so
7fba540ed000-7fba540ee000 r--p 00002000 08:01 5898856                    /lib/x86_64-linux-gnu/libdl-2.29.so
7fba540ee000-7fba540ef000 rw-p 00003000 08:01 5898856                    /lib/x86_64-linux-gnu/libdl-2.29.so
7fba540ef000-7fba540f2000 r--p 00000000 08:01 5898360                    /lib/x86_64-linux-gnu/libz.so.1.2.11
7fba540f2000-7fba54103000 r-xp 00003000 08:01 5898360                    /lib/x86_64-linux-gnu/libz.so.1.2.11
7fba54103000-7fba54109000 r--p 00014000 08:01 5898360                    /lib/x86_64-linux-gnu/libz.so.1.2.11
7fba54109000-7fba5410a000 ---p 0001a000 08:01 5898360                    /lib/x86_64-linux-gnu/libz.so.1.2.11
7fba5410a000-7fba5410b000 r--p 0001a000 08:01 5898360                    /lib/x86_64-linux-gnu/libz.so.1.2.11
7fba5410b000-7fba5410c000 rw-p 0001b000 08:01 5898360                    /lib/x86_64-linux-gnu/libz.so.1.2.11
7fba5410c000-7fba54131000 r--p 00000000 08:01 5898839                    /lib/x86_64-linux-gnu/libc-2.29.so
7fba54131000-7fba54278000 r-xp 00025000 08:01 5898839                    /lib/x86_64-linux-gnu/libc-2.29.so
7fba54278000-7fba542c1000 r--p 0016c000 08:01 5898839                    /lib/x86_64-linux-gnu/libc-2.29.so
7fba542c1000-7fba542c2000 ---p 001b5000 08:01 5898839                    /lib/x86_64-linux-gnu/libc-2.29.so
7fba542c2000-7fba542c5000 r--p 001b5000 08:01 5898839                    /lib/x86_64-linux-gnu/libc-2.29.so
7fba542c5000-7fba542c8000 rw-p 001b8000 08:01 5898839                    /lib/x86_64-linux-gnu/libc-2.29.so
7fba542c8000-7fba542cc000 rw-p 00000000 00:00 0 
7fba542cc000-7fba542ce000 r--p 00000000 08:01 133659                     /usr/lib/jvm/java-11-openjdk-amd64/lib/libinstrument.so
7fba542ce000-7fba542d4000 r-xp 00002000 08:01 133659                     /usr/lib/jvm/java-11-openjdk-amd64/lib/libinstrument.so
7fba542d4000-7fba542d7000 r--p 00008000 08:01 133659                     /usr/lib/jvm/java-11-openjdk-amd64/lib/libinstrument.so
7fba542d7000-7fba542d8000 r--p 0000a000 08:01 133659                     /usr/lib/jvm/java-11-openjdk-amd64/lib/libinstrument.so
7fba542d8000-7fba542d9000 rw-p 0000b000 08:01 133659                     /usr/lib/jvm/java-11-openjdk-amd64/lib/libinstrument.so
7fba542d9000-7fba542da000 ---p 00000000 00:00 0 
7fba542da000-7fba542db000 r--p 00000000 00:00 0 
7fba542db000-7fba542e0000 r--p 00000000 08:01 134037                     /usr/lib/jvm/java-11-openjdk-amd64/lib/libverify.so
7fba542e0000-7fba542e7000 r-xp 00005000 08:01 134037                     /usr/lib/jvm/java-11-openjdk-amd64/lib/libverify.so
7fba542e7000-7fba542e9000 r--p 0000c000 08:01 134037                     /usr/lib/jvm/java-11-openjdk-amd64/lib/libverify.so
7fba542e9000-7fba542ea000 ---p 0000e000 08:01 134037                     /usr/lib/jvm/java-11-openjdk-amd64/lib/libverify.so
7fba542ea000-7fba542ec000 r--p 0000e000 08:01 134037                     /usr/lib/jvm/java-11-openjdk-amd64/lib/libverify.so
7fba542ec000-7fba542ed000 rw-p 00010000 08:01 134037                     /usr/lib/jvm/java-11-openjdk-amd64/lib/libverify.so
7fba542ed000-7fba542f0000 r--p 00000000 08:01 133493                     /usr/lib/jvm/java-11-openjdk-amd64/lib/jli/libjli.so
7fba542f0000-7fba542fa000 r-xp 00003000 08:01 133493                     /usr/lib/jvm/java-11-openjdk-amd64/lib/jli/libjli.so
7fba542fa000-7fba542fd000 r--p 0000d000 08:01 133493                     /usr/lib/jvm/java-11-openjdk-amd64/lib/jli/libjli.so
7fba542fd000-7fba542fe000 r--p 0000f000 08:01 133493                     /usr/lib/jvm/java-11-openjdk-amd64/lib/jli/libjli.so
7fba542fe000-7fba542ff000 rw-p 00010000 08:01 133493                     /usr/lib/jvm/java-11-openjdk-amd64/lib/jli/libjli.so
7fba542ff000-7fba54301000 rw-p 00000000 00:00 0 
7fba54301000-7fba54302000 r--p 00000000 08:01 5898441                    /lib/x86_64-linux-gnu/ld-2.29.so
7fba54302000-7fba54320000 r-xp 00001000 08:01 5898441                    /lib/x86_64-linux-gnu/ld-2.29.so
7fba54320000-7fba54328000 r--p 0001f000 08:01 5898441                    /lib/x86_64-linux-gnu/ld-2.29.so
7fba54328000-7fba54329000 r--p 00026000 08:01 5898441                    /lib/x86_64-linux-gnu/ld-2.29.so
7fba54329000-7fba5432a000 rw-p 00027000 08:01 5898441                    /lib/x86_64-linux-gnu/ld-2.29.so
7fba5432a000-7fba5432b000 rw-p 00000000 00:00 0 
7ffc8fbfa000-7ffc8fc1c000 rw-p 00000000 00:00 0                          [stack]
7ffc8fcf5000-7ffc8fcf8000 r--p 00000000 00:00 0                          [vvar]
7ffc8fcf8000-7ffc8fcf9000 r-xp 00000000 00:00 0                          [vdso]


VM Arguments:
jvm_args: -agentlib:jdwp=transport=dt_socket,suspend=y,address=localhost:35695 -ea -javaagent:/users/sbi00/tgeb/eclipse/jee-2018-09/eclipse/configuration/org.eclipse.osgi/414/0/.cp/lib/javaagent-shaded.jar -Dfile.encoding=UTF-8 
java_command: org.eclipse.jdt.internal.junit.runner.RemoteTestRunner -version 3 -port 44605 -testLoaderClass org.eclipse.jdt.internal.junit4.runner.JUnit4TestLoader -loaderpluginname org.eclipse.jdt.junit4.runtime -classNames de.unirostock.sems.TestMerge
java_class_path (initial): /users/sbi00/tgeb/eclipse-workspace/BiVeS-Merge/target/test-classes:/users/sbi00/tgeb/eclipse-workspace/BiVeS-Merge/target/classes:/users/sbi00/tgeb/.m2/repository/junit/junit/4.8.1/junit-4.8.1.jar:/var/www/html/GitRepos/BiVeS-Core/target/classes:/users/sbi00/tgeb/.m2/repository/com/googlecode/json-simple/json-simple/1.1.1/json-simple-1.1.1.jar:/var/www/html/GitRepos/XMLUtils/target/classes:/users/sbi00/tgeb/.m2/repository/de/binfalse/BFUtils/0.5.8/BFUtils-0.5.8.jar:/users/sbi00/tgeb/.m2/repository/commons-io/commons-io/2.4/commons-io-2.4.jar:/users/sbi00/tgeb/.m2/repository/org/apache/httpcomponents/httpclient/4.5.10/httpclient-4.5.10.jar:/users/sbi00/tgeb/.m2/repository/org/apache/httpcomponents/httpcore/4.4.12/httpcore-4.4.12.jar:/users/sbi00/tgeb/.m2/repository/commons-logging/commons-logging/1.2/commons-logging-1.2.jar:/users/sbi00/tgeb/.m2/repository/commons-codec/commons-codec/1.11/commons-codec-1.11.jar:/users/sbi00/tgeb/.m2/repository/org/jdom/jdom2/2.0.5/jdom2-2.0.5.jar:/users/sbi00/tgeb/.m2/repository/de/uni-rostock/sbi/jCOMODI/1.0.2/jCOMODI-1.0.2.jar:/users/sbi00/tgeb/.m2/repository/org/apache/jena/jena-tdb/3.0.0/jena-tdb-3.0.0.jar:/users/sbi00/tgeb/.m2/repository/org/apache/jena/jena-arq/3.0.0/jena-arq-3.0.0.jar:/users/sbi00/tgeb/.m2/repository/org/apache/jena/jena-core/3.0.0/jena-core-3.0.0.jar:/users/sbi00/tgeb/.m2/repository/org/apache/jena/jena-iri/3.0.0/jena-iri-3.0.0.jar:/users/sbi00/tgeb/.m2/repository/xerces/xercesImpl/2.11.0/xercesImpl-2.11.0.jar:/users/sbi00/tgeb/.m2/repository/xml-apis/xml-apis/1.4.01/xml-apis-1.4.01.jar:/users/sbi00/tgeb/.m2/repository/org/apache/jena/jena-base/3.0.0/jena-base-3.0.0.jar:/users/sbi00/tgeb/.m2/repository/org/apache/jena/jena-shaded-guava/3.0.0/jena-shaded-guava-3.0.0.jar:/users/sbi00/tgeb/.m2/repository/com/github/jsonld-java/jsonld-java/0.5.1/jsonld-java-0.5.1.jar:/users/sbi00/tgeb/.m2/repository/com/fasterxml/jackson/core/jackson-core/2.3.3/jackson-core-2.3.3.jar:/users/sbi00/tge
Launcher Type: SUN_STANDARD

[Global flags]
     intx CICompilerCount                          = 4                                         {product} {ergonomic}
     uint ConcGCThreads                            = 3                                         {product} {ergonomic}
     uint G1ConcRefinementThreads                  = 10                                        {product} {ergonomic}
   size_t G1HeapRegionSize                         = 2097152                                   {product} {ergonomic}
    uintx GCDrainStackTargetSize                   = 64                                        {product} {ergonomic}
   size_t InitialHeapSize                          = 526385152                                 {product} {ergonomic}
   size_t MarkStackSize                            = 4194304                                   {product} {ergonomic}
   size_t MaxHeapSize                              = 8405385216                                {product} {ergonomic}
   size_t MaxNewSize                               = 5041553408                                {product} {ergonomic}
   size_t MinHeapDeltaBytes                        = 2097152                                   {product} {ergonomic}
    uintx NonNMethodCodeHeapSize                   = 5836300                                {pd product} {ergonomic}
    uintx NonProfiledCodeHeapSize                  = 122910970                              {pd product} {ergonomic}
    uintx ProfiledCodeHeapSize                     = 122910970                              {pd product} {ergonomic}
    uintx ReservedCodeCacheSize                    = 251658240                              {pd product} {ergonomic}
     bool SegmentedCodeCache                       = true                                      {product} {ergonomic}
     bool UseCompressedClassPointers               = true                                 {lp64_product} {ergonomic}
     bool UseCompressedOops                        = true                                 {lp64_product} {ergonomic}
     bool UseG1GC                                  = true                                      {product} {ergonomic}

Logging:
Log output configuration:
 #0: stdout all=warning uptime,level,tags
 #1: stderr all=off uptime,level,tags

Environment Variables:
PATH=/usr/local/bin:/usr/bin:/bin:/usr/local/games:/usr/games
SHELL=/usr/bin/zsh
DISPLAY=:0

Signal Handlers:
SIGSEGV: [libjvm.so+0xd6efb0], sa_mask[0]=11111111011111111101111111111110, sa_flags=SA_RESTART|SA_SIGINFO
SIGBUS: [libjvm.so+0xd6efb0], sa_mask[0]=11111111011111111101111111111110, sa_flags=SA_RESTART|SA_SIGINFO
SIGFPE: [libjvm.so+0xd6efb0], sa_mask[0]=11111111011111111101111111111110, sa_flags=SA_RESTART|SA_SIGINFO
SIGPIPE: [libjvm.so+0xb6e120], sa_mask[0]=11111111011111111101111111111110, sa_flags=SA_RESTART|SA_SIGINFO
SIGXFSZ: [libjvm.so+0xb6e120], sa_mask[0]=11111111011111111101111111111110, sa_flags=SA_RESTART|SA_SIGINFO
SIGILL: [libjvm.so+0xd6efb0], sa_mask[0]=11111111011111111101111111111110, sa_flags=SA_RESTART|SA_SIGINFO
SIGUSR2: [libjvm.so+0xb6dfc0], sa_mask[0]=00100000000000000000000000000000, sa_flags=SA_RESTART|SA_SIGINFO
SIGHUP: [libjvm.so+0xb6e460], sa_mask[0]=11111111011111111101111111111110, sa_flags=SA_RESTART|SA_SIGINFO
SIGINT: [libjvm.so+0xb6e460], sa_mask[0]=11111111011111111101111111111110, sa_flags=SA_RESTART|SA_SIGINFO
SIGTERM: [libjvm.so+0xb6e460], sa_mask[0]=11111111011111111101111111111110, sa_flags=SA_RESTART|SA_SIGINFO
SIGQUIT: [libjvm.so+0xb6e460], sa_mask[0]=11111111011111111101111111111110, sa_flags=SA_RESTART|SA_SIGINFO


---------------  S Y S T E M  ---------------

OS:PRETTY_NAME="Debian GNU/Linux bullseye/sid"
NAME="Debian GNU/Linux"
ID=debian
HOME_URL="https://www.debian.org/"
SUPPORT_URL="https://www.debian.org/support"
BUG_REPORT_URL="https://bugs.debian.org/"
uname:Linux 5.3.0-3-amd64 #1 SMP Debian 5.3.15-1 (2019-12-07) x86_64
libc:glibc 2.29 NPTL 2.29 
rlimit: STACK 8192k, CORE 0k, NPROC 128029, NOFILE 1048576, AS infinity, DATA infinity, FSIZE infinity
load average:3.38 3.46 3.61

/proc/meminfo:
MemTotal:       32829624 kB
MemFree:        21514240 kB
MemAvailable:   24455620 kB
Buffers:          303692 kB
Cached:          3212024 kB
SwapCached:            0 kB
Active:          8544508 kB
Inactive:        1972720 kB
Active(anon):    7039568 kB
Inactive(anon):   350008 kB
Active(file):    1504940 kB
Inactive(file):  1622712 kB
Unevictable:         180 kB
Mlocked:             180 kB
SwapTotal:      31457276 kB
SwapFree:       31457276 kB
Dirty:              2336 kB
Writeback:             0 kB
AnonPages:       6952288 kB
Mapped:           858776 kB
Shmem:            401016 kB
KReclaimable:     279760 kB
Slab:             577488 kB
SReclaimable:     279760 kB
SUnreclaim:       297728 kB
KernelStack:       26068 kB
PageTables:        54716 kB
NFS_Unstable:          0 kB
Bounce:                0 kB
WritebackTmp:          0 kB
CommitLimit:    47872088 kB
Committed_AS:   16861404 kB
VmallocTotal:   34359738367 kB
VmallocUsed:       51052 kB
VmallocChunk:          0 kB
Percpu:            11648 kB
HardwareCorrupted:     0 kB
AnonHugePages:   3903488 kB
ShmemHugePages:        0 kB
ShmemPmdMapped:        0 kB
HugePages_Total:       0
HugePages_Free:        0
HugePages_Rsvd:        0
HugePages_Surp:        0
Hugepagesize:       2048 kB
Hugetlb:               0 kB
DirectMap4k:      495232 kB
DirectMap2M:    14123008 kB
DirectMap1G:    20971520 kB


/proc/sys/kernel/threads-max (system-wide limit on the number of threads):
256058


/proc/sys/vm/max_map_count (maximum number of memory map areas a process may have):
65530


/proc/sys/kernel/pid_max (system-wide limit on number of process identifiers):
4194304



container (cgroup) information:
container_type: cgroupv1
cpu_cpuset_cpus: 0-11
cpu_memory_nodes: 0
active_processor_count: 12
cpu_quota: -1
cpu_period: 100000
cpu_shares: -1
memory_limit_in_bytes: -1
memory_and_swap_limit_in_bytes: -2
memory_soft_limit_in_bytes: -1
memory_usage_in_bytes: 5053980672
memory_max_usage_in_bytes: 6056349696

Steal ticks since vm start: 0
Steal ticks percentage since vm start:  0.000

CPU:total 12 (initial active 12) (6 cores per cpu, 2 threads per core) family 6 model 45 stepping 7, cmov, cx8, fxsr, mmx, sse, sse2, sse3, ssse3, sse4.1, sse4.2, popcnt, avx, aes, clmul, ht, tsc, tscinvbit, tscinv
CPU Model and flags from /proc/cpuinfo:
model name	: Intel(R) Core(TM) i7-3930K CPU @ 3.20GHz
flags		: fpu vme de pse tsc msr pae mce cx8 apic sep mtrr pge mca cmov pat pse36 clflush dts acpi mmx fxsr sse sse2 ss ht tm pbe syscall nx pdpe1gb rdtscp lm constant_tsc arch_perfmon pebs bts rep_good nopl xtopology nonstop_tsc cpuid aperfmperf pni pclmulqdq dtes64 monitor ds_cpl vmx est tm2 ssse3 cx16 xtpr pdcm pcid dca sse4_1 sse4_2 x2apic popcnt tsc_deadline_timer aes xsave avx lahf_lm epb pti tpr_shadow vnmi flexpriority ept vpid xsaveopt dtherm ida arat pln pts

Memory: 4k page, physical 32829624k(21514240k free), swap 31457276k(31457276k free)

vm_info: OpenJDK 64-Bit Server VM (11.0.5+10-post-Debian-2) for linux-amd64 JRE (11.0.5+10-post-Debian-2), built on Oct 17 2019 20:04:30 by "buildd" with gcc 9.2.1 20191008

END.
