#
# A fatal error has been detected by the Java Runtime Environment:
#
#  Internal Error (generateOopMap.cpp:2164), pid=150886, tid=150900
#  fatal error: Illegal class file encountered. Try running with -Xverify:all in method testMergefunctions
#
# JRE version: OpenJDK Runtime Environment (11.0.5+10) (build 11.0.5+10-post-Debian-2)
# Java VM: OpenJDK 64-Bit Server VM (11.0.5+10-post-Debian-2, mixed mode, sharing, tiered, compressed oops, g1 gc, linux-amd64)
# No core dump will be written. Core dumps have been disabled. To enable core dumping, try "ulimit -c unlimited" before starting Java again
#
# If you would like to submit a bug report, please visit:
#   https://bugs.debian.org/openjdk-11
#

---------------  S U M M A R Y ------------

Command Line: -agentlib:jdwp=transport=dt_socket,suspend=y,address=localhost:33027 -ea -javaagent:/users/sbi00/tgeb/eclipse/jee-2018-09/eclipse/configuration/org.eclipse.osgi/414/0/.cp/lib/javaagent-shaded.jar -Dfile.encoding=UTF-8 org.eclipse.jdt.internal.junit.runner.RemoteTestRunner -version 3 -port 35255 -testLoaderClass org.eclipse.jdt.internal.junit4.runner.JUnit4TestLoader -loaderpluginname org.eclipse.jdt.junit4.runtime -classNames de.unirostock.sems.TestMerge

Host: Intel(R) Core(TM) i7-3930K CPU @ 3.20GHz, 12 cores, 31G, Debian GNU/Linux bullseye/sid
Time: Mon Dec 16 17:59:48 2019 CET elapsed time: 3608 seconds (0d 1h 0m 8s)

---------------  T H R E A D  ---------------

Current thread (0x00007f1b6429d000):  VMThread "VM Thread" [stack: 0x00007f1b34881000,0x00007f1b34981000] [id=150900]

Stack: [0x00007f1b34881000,0x00007f1b34981000],  sp=0x00007f1b3497ee90,  free space=1015k
Native frames: (J=compiled Java code, A=aot compiled Java code, j=interpreted, Vv=VM code, C=native code)
V  [libjvm.so+0xd6d646]
V  [libjvm.so+0xd6e241]
V  [libjvm.so+0x62d577]
V  [libjvm.so+0x78490a]
V  [libjvm.so+0x7849ab]
V  [libjvm.so+0x789f21]
V  [libjvm.so+0x78b500]
V  [libjvm.so+0x78b7d3]
V  [libjvm.so+0xb60a84]
V  [libjvm.so+0xb6172b]
V  [libjvm.so+0xb61c17]
V  [libjvm.so+0xb0833e]
V  [libjvm.so+0x9a775a]
V  [libjvm.so+0xd77bbc]
V  [libjvm.so+0xd753b7]
V  [libjvm.so+0xd759f0]
V  [libjvm.so+0xd75d12]
V  [libjvm.so+0xd01674]
V  [libjvm.so+0xb76e3e]

VM_Operation (0x00007f1b2dce78c0): GetOrSetLocal, mode: safepoint, requested by thread 0x00007f1b64306800


---------------  P R O C E S S  ---------------

Threads class SMR info:
_java_thread_list=0x00007f1b00095f60, length=13, elements={
0x00007f1b64015800, 0x00007f1b6429f800, 0x00007f1b642a1800, 0x00007f1b642a7000,
0x00007f1b642a9000, 0x00007f1b642ab000, 0x00007f1b642ad000, 0x00007f1b642bb000,
0x00007f1b64306800, 0x00007f1b6430a000, 0x00007f1af4001800, 0x00007f1b64512000,
0x00007f1b64530800
}

Java Threads: ( => current thread )
  0x00007f1b64015800 JavaThread "main" [_thread_blocked, id=150892, stack(0x00007f1b68fe7000,0x00007f1b690e8000)]
  0x00007f1b6429f800 JavaThread "Reference Handler" daemon [_thread_blocked, id=150901, stack(0x00007f1b3477e000,0x00007f1b3487f000)]
  0x00007f1b642a1800 JavaThread "Finalizer" daemon [_thread_blocked, id=150902, stack(0x00007f1b3467d000,0x00007f1b3477e000)]
  0x00007f1b642a7000 JavaThread "Signal Dispatcher" daemon [_thread_blocked, id=150903, stack(0x00007f1b34243000,0x00007f1b34344000)]
  0x00007f1b642a9000 JavaThread "C2 CompilerThread0" daemon [_thread_blocked, id=150904, stack(0x00007f1b34142000,0x00007f1b34243000)]
  0x00007f1b642ab000 JavaThread "C1 CompilerThread0" daemon [_thread_blocked, id=150905, stack(0x00007f1b34041000,0x00007f1b34142000)]
  0x00007f1b642ad000 JavaThread "Sweeper thread" daemon [_thread_blocked, id=150906, stack(0x00007f1b2deff000,0x00007f1b2e000000)]
  0x00007f1b642bb000 JavaThread "Common-Cleaner" daemon [_thread_blocked, id=150907, stack(0x00007f1b2ddfe000,0x00007f1b2deff000)]
  0x00007f1b64306800 JavaThread "JDWP Transport Listener: dt_socket" daemon [_thread_blocked, id=150910, stack(0x00007f1b2dbe8000,0x00007f1b2dce9000)] _threads_hazard_ptr=0x00007f1b00095f60
  0x00007f1b6430a000 JavaThread "JDWP Event Helper Thread" daemon [_thread_blocked, id=150913, stack(0x00007f1b2dae7000,0x00007f1b2dbe8000)]
  0x00007f1af4001800 JavaThread "JDWP Command Reader" daemon [_thread_in_native, id=150914, stack(0x00007f1b2d9e6000,0x00007f1b2dae7000)]
  0x00007f1b64512000 JavaThread "Service Thread" daemon [_thread_blocked, id=150916, stack(0x00007f1b2d8e5000,0x00007f1b2d9e6000)]
  0x00007f1b64530800 JavaThread "ReaderThread" [_thread_in_native, id=150918, stack(0x00007f1b2d6e2000,0x00007f1b2d7e3000)]

Other Threads:
=>0x00007f1b6429d000 VMThread "VM Thread" [stack: 0x00007f1b34881000,0x00007f1b34981000] [id=150900]
  0x00007f1b64517800 WatcherThread [stack: 0x00007f1b2d7e5000,0x00007f1b2d8e5000] [id=150917]
  0x00007f1b6402f000 GCTaskThread "GC Thread#0" [stack: 0x00007f1b68c3f000,0x00007f1b68d3f000] [id=150895]
  0x00007f1b20001000 GCTaskThread "GC Thread#1" [stack: 0x00007f1b2d5e2000,0x00007f1b2d6e2000] [id=150921]
  0x00007f1b20002800 GCTaskThread "GC Thread#2" [stack: 0x00007f1b2d4e0000,0x00007f1b2d5e0000] [id=150922]
  0x00007f1b20004800 GCTaskThread "GC Thread#3" [stack: 0x00007f1b2d3de000,0x00007f1b2d4de000] [id=150923]
  0x00007f1b20006000 GCTaskThread "GC Thread#4" [stack: 0x00007f1b2d2dc000,0x00007f1b2d3dc000] [id=150924]
  0x00007f1b20008000 GCTaskThread "GC Thread#5" [stack: 0x00007f1b2d1da000,0x00007f1b2d2da000] [id=150925]
  0x00007f1b2000a000 GCTaskThread "GC Thread#6" [stack: 0x00007f1b2d0d8000,0x00007f1b2d1d8000] [id=150926]
  0x00007f1b2000b800 GCTaskThread "GC Thread#7" [stack: 0x00007f1b2cfd6000,0x00007f1b2d0d6000] [id=150927]
  0x00007f1b2000d800 GCTaskThread "GC Thread#8" [stack: 0x00007f1b2ced4000,0x00007f1b2cfd4000] [id=150928]
  0x00007f1b2000f000 GCTaskThread "GC Thread#9" [stack: 0x00007f1b2cdd2000,0x00007f1b2ced2000] [id=150929]
  0x00007f1b64069000 ConcurrentGCThread "G1 Main Marker" [stack: 0x00007f1b4c83e000,0x00007f1b4c93e000] [id=150896]
  0x00007f1b6406b000 ConcurrentGCThread "G1 Conc#0" [stack: 0x00007f1b4c73c000,0x00007f1b4c83c000] [id=150897]
  0x00007f1b641f6800 ConcurrentGCThread "G1 Refine#0" [stack: 0x00007f1b35285000,0x00007f1b35385000] [id=150898]
  0x00007f1b641f8000 ConcurrentGCThread "G1 Young RemSet Sampling" [stack: 0x00007f1b35183000,0x00007f1b35283000] [id=150899]

Threads with active compile tasks:

VM state:at safepoint (normal execution)

VM Mutex/Monitor currently owned by a thread:  ([mutex/lock_event])
[0x00007f1b640138d0] Threads_lock - owner thread: 0x00007f1b6429d000

Heap address: 0x000000060b000000, size: 8016 MB, Compressed Oops mode: Zero based, Oop shift amount: 3
Narrow klass base: 0x0000000800000000, Narrow klass shift: 3
Compressed class space size: 1073741824 Address: 0x0000000840000000

Heap:
 garbage-first heap   total 518144K, used 15890K [0x000000060b000000, 0x0000000800000000)
  region size 2048K, 9 young (18432K), 2 survivors (4096K)
 Metaspace       used 7023K, capacity 7598K, committed 7808K, reserved 1056768K
  class space    used 734K, capacity 810K, committed 896K, reserved 1048576K
Heap Regions: E=young(eden), S=young(survivor), O=old, HS=humongous(starts), HC=humongous(continues), CS=collection set, F=free, A=archive, TAMS=top-at-mark-start (previous, next)
|   0|0x000000060b000000, 0x000000060b000000, 0x000000060b200000|  0%| F|  |TAMS 0x000000060b000000, 0x000000060b000000| Untracked 
|   1|0x000000060b200000, 0x000000060b200000, 0x000000060b400000|  0%| F|  |TAMS 0x000000060b200000, 0x000000060b200000| Untracked 
|   2|0x000000060b400000, 0x000000060b400000, 0x000000060b600000|  0%| F|  |TAMS 0x000000060b400000, 0x000000060b400000| Untracked 
|   3|0x000000060b600000, 0x000000060b600000, 0x000000060b800000|  0%| F|  |TAMS 0x000000060b600000, 0x000000060b600000| Untracked 
|   4|0x000000060b800000, 0x000000060b800000, 0x000000060ba00000|  0%| F|  |TAMS 0x000000060b800000, 0x000000060b800000| Untracked 
|   5|0x000000060ba00000, 0x000000060ba00000, 0x000000060bc00000|  0%| F|  |TAMS 0x000000060ba00000, 0x000000060ba00000| Untracked 
|   6|0x000000060bc00000, 0x000000060bc00000, 0x000000060be00000|  0%| F|  |TAMS 0x000000060bc00000, 0x000000060bc00000| Untracked 
|   7|0x000000060be00000, 0x000000060be00000, 0x000000060c000000|  0%| F|  |TAMS 0x000000060be00000, 0x000000060be00000| Untracked 
|   8|0x000000060c000000, 0x000000060c000000, 0x000000060c200000|  0%| F|  |TAMS 0x000000060c000000, 0x000000060c000000| Untracked 
|   9|0x000000060c200000, 0x000000060c200000, 0x000000060c400000|  0%| F|  |TAMS 0x000000060c200000, 0x000000060c200000| Untracked 
|  10|0x000000060c400000, 0x000000060c400000, 0x000000060c600000|  0%| F|  |TAMS 0x000000060c400000, 0x000000060c400000| Untracked 
|  11|0x000000060c600000, 0x000000060c600000, 0x000000060c800000|  0%| F|  |TAMS 0x000000060c600000, 0x000000060c600000| Untracked 
|  12|0x000000060c800000, 0x000000060c800000, 0x000000060ca00000|  0%| F|  |TAMS 0x000000060c800000, 0x000000060c800000| Untracked 
|  13|0x000000060ca00000, 0x000000060ca00000, 0x000000060cc00000|  0%| F|  |TAMS 0x000000060ca00000, 0x000000060ca00000| Untracked 
|  14|0x000000060cc00000, 0x000000060cc00000, 0x000000060ce00000|  0%| F|  |TAMS 0x000000060cc00000, 0x000000060cc00000| Untracked 
|  15|0x000000060ce00000, 0x000000060ce00000, 0x000000060d000000|  0%| F|  |TAMS 0x000000060ce00000, 0x000000060ce00000| Untracked 
|  16|0x000000060d000000, 0x000000060d000000, 0x000000060d200000|  0%| F|  |TAMS 0x000000060d000000, 0x000000060d000000| Untracked 
|  17|0x000000060d200000, 0x000000060d200000, 0x000000060d400000|  0%| F|  |TAMS 0x000000060d200000, 0x000000060d200000| Untracked 
|  18|0x000000060d400000, 0x000000060d400000, 0x000000060d600000|  0%| F|  |TAMS 0x000000060d400000, 0x000000060d400000| Untracked 
|  19|0x000000060d600000, 0x000000060d600000, 0x000000060d800000|  0%| F|  |TAMS 0x000000060d600000, 0x000000060d600000| Untracked 
|  20|0x000000060d800000, 0x000000060d800000, 0x000000060da00000|  0%| F|  |TAMS 0x000000060d800000, 0x000000060d800000| Untracked 
|  21|0x000000060da00000, 0x000000060da00000, 0x000000060dc00000|  0%| F|  |TAMS 0x000000060da00000, 0x000000060da00000| Untracked 
|  22|0x000000060dc00000, 0x000000060dc00000, 0x000000060de00000|  0%| F|  |TAMS 0x000000060dc00000, 0x000000060dc00000| Untracked 
|  23|0x000000060de00000, 0x000000060de00000, 0x000000060e000000|  0%| F|  |TAMS 0x000000060de00000, 0x000000060de00000| Untracked 
|  24|0x000000060e000000, 0x000000060e000000, 0x000000060e200000|  0%| F|  |TAMS 0x000000060e000000, 0x000000060e000000| Untracked 
|  25|0x000000060e200000, 0x000000060e200000, 0x000000060e400000|  0%| F|  |TAMS 0x000000060e200000, 0x000000060e200000| Untracked 
|  26|0x000000060e400000, 0x000000060e400000, 0x000000060e600000|  0%| F|  |TAMS 0x000000060e400000, 0x000000060e400000| Untracked 
|  27|0x000000060e600000, 0x000000060e600000, 0x000000060e800000|  0%| F|  |TAMS 0x000000060e600000, 0x000000060e600000| Untracked 
|  28|0x000000060e800000, 0x000000060e800000, 0x000000060ea00000|  0%| F|  |TAMS 0x000000060e800000, 0x000000060e800000| Untracked 
|  29|0x000000060ea00000, 0x000000060ea00000, 0x000000060ec00000|  0%| F|  |TAMS 0x000000060ea00000, 0x000000060ea00000| Untracked 
|  30|0x000000060ec00000, 0x000000060ec00000, 0x000000060ee00000|  0%| F|  |TAMS 0x000000060ec00000, 0x000000060ec00000| Untracked 
|  31|0x000000060ee00000, 0x000000060ee00000, 0x000000060f000000|  0%| F|  |TAMS 0x000000060ee00000, 0x000000060ee00000| Untracked 
|  32|0x000000060f000000, 0x000000060f000000, 0x000000060f200000|  0%| F|  |TAMS 0x000000060f000000, 0x000000060f000000| Untracked 
|  33|0x000000060f200000, 0x000000060f200000, 0x000000060f400000|  0%| F|  |TAMS 0x000000060f200000, 0x000000060f200000| Untracked 
|  34|0x000000060f400000, 0x000000060f400000, 0x000000060f600000|  0%| F|  |TAMS 0x000000060f400000, 0x000000060f400000| Untracked 
|  35|0x000000060f600000, 0x000000060f600000, 0x000000060f800000|  0%| F|  |TAMS 0x000000060f600000, 0x000000060f600000| Untracked 
|  36|0x000000060f800000, 0x000000060f800000, 0x000000060fa00000|  0%| F|  |TAMS 0x000000060f800000, 0x000000060f800000| Untracked 
|  37|0x000000060fa00000, 0x000000060fa00000, 0x000000060fc00000|  0%| F|  |TAMS 0x000000060fa00000, 0x000000060fa00000| Untracked 
|  38|0x000000060fc00000, 0x000000060fc00000, 0x000000060fe00000|  0%| F|  |TAMS 0x000000060fc00000, 0x000000060fc00000| Untracked 
|  39|0x000000060fe00000, 0x000000060fe00000, 0x0000000610000000|  0%| F|  |TAMS 0x000000060fe00000, 0x000000060fe00000| Untracked 
|  40|0x0000000610000000, 0x0000000610000000, 0x0000000610200000|  0%| F|  |TAMS 0x0000000610000000, 0x0000000610000000| Untracked 
|  41|0x0000000610200000, 0x0000000610200000, 0x0000000610400000|  0%| F|  |TAMS 0x0000000610200000, 0x0000000610200000| Untracked 
|  42|0x0000000610400000, 0x0000000610400000, 0x0000000610600000|  0%| F|  |TAMS 0x0000000610400000, 0x0000000610400000| Untracked 
|  43|0x0000000610600000, 0x0000000610600000, 0x0000000610800000|  0%| F|  |TAMS 0x0000000610600000, 0x0000000610600000| Untracked 
|  44|0x0000000610800000, 0x0000000610800000, 0x0000000610a00000|  0%| F|  |TAMS 0x0000000610800000, 0x0000000610800000| Untracked 
|  45|0x0000000610a00000, 0x0000000610a00000, 0x0000000610c00000|  0%| F|  |TAMS 0x0000000610a00000, 0x0000000610a00000| Untracked 
|  46|0x0000000610c00000, 0x0000000610c00000, 0x0000000610e00000|  0%| F|  |TAMS 0x0000000610c00000, 0x0000000610c00000| Untracked 
|  47|0x0000000610e00000, 0x0000000610e00000, 0x0000000611000000|  0%| F|  |TAMS 0x0000000610e00000, 0x0000000610e00000| Untracked 
|  48|0x0000000611000000, 0x0000000611000000, 0x0000000611200000|  0%| F|  |TAMS 0x0000000611000000, 0x0000000611000000| Untracked 
|  49|0x0000000611200000, 0x0000000611200000, 0x0000000611400000|  0%| F|  |TAMS 0x0000000611200000, 0x0000000611200000| Untracked 
|  50|0x0000000611400000, 0x0000000611400000, 0x0000000611600000|  0%| F|  |TAMS 0x0000000611400000, 0x0000000611400000| Untracked 
|  51|0x0000000611600000, 0x0000000611600000, 0x0000000611800000|  0%| F|  |TAMS 0x0000000611600000, 0x0000000611600000| Untracked 
|  52|0x0000000611800000, 0x0000000611800000, 0x0000000611a00000|  0%| F|  |TAMS 0x0000000611800000, 0x0000000611800000| Untracked 
|  53|0x0000000611a00000, 0x0000000611a00000, 0x0000000611c00000|  0%| F|  |TAMS 0x0000000611a00000, 0x0000000611a00000| Untracked 
|  54|0x0000000611c00000, 0x0000000611c00000, 0x0000000611e00000|  0%| F|  |TAMS 0x0000000611c00000, 0x0000000611c00000| Untracked 
|  55|0x0000000611e00000, 0x0000000611e00000, 0x0000000612000000|  0%| F|  |TAMS 0x0000000611e00000, 0x0000000611e00000| Untracked 
|  56|0x0000000612000000, 0x0000000612000000, 0x0000000612200000|  0%| F|  |TAMS 0x0000000612000000, 0x0000000612000000| Untracked 
|  57|0x0000000612200000, 0x0000000612200000, 0x0000000612400000|  0%| F|  |TAMS 0x0000000612200000, 0x0000000612200000| Untracked 
|  58|0x0000000612400000, 0x0000000612400000, 0x0000000612600000|  0%| F|  |TAMS 0x0000000612400000, 0x0000000612400000| Untracked 
|  59|0x0000000612600000, 0x0000000612600000, 0x0000000612800000|  0%| F|  |TAMS 0x0000000612600000, 0x0000000612600000| Untracked 
|  60|0x0000000612800000, 0x0000000612800000, 0x0000000612a00000|  0%| F|  |TAMS 0x0000000612800000, 0x0000000612800000| Untracked 
|  61|0x0000000612a00000, 0x0000000612a00000, 0x0000000612c00000|  0%| F|  |TAMS 0x0000000612a00000, 0x0000000612a00000| Untracked 
|  62|0x0000000612c00000, 0x0000000612c00000, 0x0000000612e00000|  0%| F|  |TAMS 0x0000000612c00000, 0x0000000612c00000| Untracked 
|  63|0x0000000612e00000, 0x0000000612e00000, 0x0000000613000000|  0%| F|  |TAMS 0x0000000612e00000, 0x0000000612e00000| Untracked 
|  64|0x0000000613000000, 0x0000000613000000, 0x0000000613200000|  0%| F|  |TAMS 0x0000000613000000, 0x0000000613000000| Untracked 
|  65|0x0000000613200000, 0x0000000613200000, 0x0000000613400000|  0%| F|  |TAMS 0x0000000613200000, 0x0000000613200000| Untracked 
|  66|0x0000000613400000, 0x0000000613400000, 0x0000000613600000|  0%| F|  |TAMS 0x0000000613400000, 0x0000000613400000| Untracked 
|  67|0x0000000613600000, 0x0000000613600000, 0x0000000613800000|  0%| F|  |TAMS 0x0000000613600000, 0x0000000613600000| Untracked 
|  68|0x0000000613800000, 0x0000000613800000, 0x0000000613a00000|  0%| F|  |TAMS 0x0000000613800000, 0x0000000613800000| Untracked 
|  69|0x0000000613a00000, 0x0000000613a00000, 0x0000000613c00000|  0%| F|  |TAMS 0x0000000613a00000, 0x0000000613a00000| Untracked 
|  70|0x0000000613c00000, 0x0000000613c00000, 0x0000000613e00000|  0%| F|  |TAMS 0x0000000613c00000, 0x0000000613c00000| Untracked 
|  71|0x0000000613e00000, 0x0000000613e00000, 0x0000000614000000|  0%| F|  |TAMS 0x0000000613e00000, 0x0000000613e00000| Untracked 
|  72|0x0000000614000000, 0x0000000614000000, 0x0000000614200000|  0%| F|  |TAMS 0x0000000614000000, 0x0000000614000000| Untracked 
|  73|0x0000000614200000, 0x0000000614200000, 0x0000000614400000|  0%| F|  |TAMS 0x0000000614200000, 0x0000000614200000| Untracked 
|  74|0x0000000614400000, 0x0000000614400000, 0x0000000614600000|  0%| F|  |TAMS 0x0000000614400000, 0x0000000614400000| Untracked 
|  75|0x0000000614600000, 0x0000000614600000, 0x0000000614800000|  0%| F|  |TAMS 0x0000000614600000, 0x0000000614600000| Untracked 
|  76|0x0000000614800000, 0x0000000614800000, 0x0000000614a00000|  0%| F|  |TAMS 0x0000000614800000, 0x0000000614800000| Untracked 
|  77|0x0000000614a00000, 0x0000000614a00000, 0x0000000614c00000|  0%| F|  |TAMS 0x0000000614a00000, 0x0000000614a00000| Untracked 
|  78|0x0000000614c00000, 0x0000000614c00000, 0x0000000614e00000|  0%| F|  |TAMS 0x0000000614c00000, 0x0000000614c00000| Untracked 
|  79|0x0000000614e00000, 0x0000000614e00000, 0x0000000615000000|  0%| F|  |TAMS 0x0000000614e00000, 0x0000000614e00000| Untracked 
|  80|0x0000000615000000, 0x0000000615000000, 0x0000000615200000|  0%| F|  |TAMS 0x0000000615000000, 0x0000000615000000| Untracked 
|  81|0x0000000615200000, 0x0000000615200000, 0x0000000615400000|  0%| F|  |TAMS 0x0000000615200000, 0x0000000615200000| Untracked 
|  82|0x0000000615400000, 0x0000000615400000, 0x0000000615600000|  0%| F|  |TAMS 0x0000000615400000, 0x0000000615400000| Untracked 
|  83|0x0000000615600000, 0x0000000615600000, 0x0000000615800000|  0%| F|  |TAMS 0x0000000615600000, 0x0000000615600000| Untracked 
|  84|0x0000000615800000, 0x0000000615800000, 0x0000000615a00000|  0%| F|  |TAMS 0x0000000615800000, 0x0000000615800000| Untracked 
|  85|0x0000000615a00000, 0x0000000615a00000, 0x0000000615c00000|  0%| F|  |TAMS 0x0000000615a00000, 0x0000000615a00000| Untracked 
|  86|0x0000000615c00000, 0x0000000615c00000, 0x0000000615e00000|  0%| F|  |TAMS 0x0000000615c00000, 0x0000000615c00000| Untracked 
|  87|0x0000000615e00000, 0x0000000615e00000, 0x0000000616000000|  0%| F|  |TAMS 0x0000000615e00000, 0x0000000615e00000| Untracked 
|  88|0x0000000616000000, 0x0000000616000000, 0x0000000616200000|  0%| F|  |TAMS 0x0000000616000000, 0x0000000616000000| Untracked 
|  89|0x0000000616200000, 0x0000000616200000, 0x0000000616400000|  0%| F|  |TAMS 0x0000000616200000, 0x0000000616200000| Untracked 
|  90|0x0000000616400000, 0x0000000616400000, 0x0000000616600000|  0%| F|  |TAMS 0x0000000616400000, 0x0000000616400000| Untracked 
|  91|0x0000000616600000, 0x0000000616600000, 0x0000000616800000|  0%| F|  |TAMS 0x0000000616600000, 0x0000000616600000| Untracked 
|  92|0x0000000616800000, 0x0000000616800000, 0x0000000616a00000|  0%| F|  |TAMS 0x0000000616800000, 0x0000000616800000| Untracked 
|  93|0x0000000616a00000, 0x0000000616a00000, 0x0000000616c00000|  0%| F|  |TAMS 0x0000000616a00000, 0x0000000616a00000| Untracked 
|  94|0x0000000616c00000, 0x0000000616c00000, 0x0000000616e00000|  0%| F|  |TAMS 0x0000000616c00000, 0x0000000616c00000| Untracked 
|  95|0x0000000616e00000, 0x0000000616e00000, 0x0000000617000000|  0%| F|  |TAMS 0x0000000616e00000, 0x0000000616e00000| Untracked 
|  96|0x0000000617000000, 0x0000000617000000, 0x0000000617200000|  0%| F|  |TAMS 0x0000000617000000, 0x0000000617000000| Untracked 
|  97|0x0000000617200000, 0x0000000617200000, 0x0000000617400000|  0%| F|  |TAMS 0x0000000617200000, 0x0000000617200000| Untracked 
|  98|0x0000000617400000, 0x0000000617400000, 0x0000000617600000|  0%| F|  |TAMS 0x0000000617400000, 0x0000000617400000| Untracked 
|  99|0x0000000617600000, 0x0000000617600000, 0x0000000617800000|  0%| F|  |TAMS 0x0000000617600000, 0x0000000617600000| Untracked 
| 100|0x0000000617800000, 0x0000000617800000, 0x0000000617a00000|  0%| F|  |TAMS 0x0000000617800000, 0x0000000617800000| Untracked 
| 101|0x0000000617a00000, 0x0000000617a00000, 0x0000000617c00000|  0%| F|  |TAMS 0x0000000617a00000, 0x0000000617a00000| Untracked 
| 102|0x0000000617c00000, 0x0000000617c00000, 0x0000000617e00000|  0%| F|  |TAMS 0x0000000617c00000, 0x0000000617c00000| Untracked 
| 103|0x0000000617e00000, 0x0000000617e00000, 0x0000000618000000|  0%| F|  |TAMS 0x0000000617e00000, 0x0000000617e00000| Untracked 
| 104|0x0000000618000000, 0x0000000618000000, 0x0000000618200000|  0%| F|  |TAMS 0x0000000618000000, 0x0000000618000000| Untracked 
| 105|0x0000000618200000, 0x0000000618200000, 0x0000000618400000|  0%| F|  |TAMS 0x0000000618200000, 0x0000000618200000| Untracked 
| 106|0x0000000618400000, 0x0000000618400000, 0x0000000618600000|  0%| F|  |TAMS 0x0000000618400000, 0x0000000618400000| Untracked 
| 107|0x0000000618600000, 0x0000000618600000, 0x0000000618800000|  0%| F|  |TAMS 0x0000000618600000, 0x0000000618600000| Untracked 
| 108|0x0000000618800000, 0x0000000618800000, 0x0000000618a00000|  0%| F|  |TAMS 0x0000000618800000, 0x0000000618800000| Untracked 
| 109|0x0000000618a00000, 0x0000000618a00000, 0x0000000618c00000|  0%| F|  |TAMS 0x0000000618a00000, 0x0000000618a00000| Untracked 
| 110|0x0000000618c00000, 0x0000000618c00000, 0x0000000618e00000|  0%| F|  |TAMS 0x0000000618c00000, 0x0000000618c00000| Untracked 
| 111|0x0000000618e00000, 0x0000000618e00000, 0x0000000619000000|  0%| F|  |TAMS 0x0000000618e00000, 0x0000000618e00000| Untracked 
| 112|0x0000000619000000, 0x0000000619000000, 0x0000000619200000|  0%| F|  |TAMS 0x0000000619000000, 0x0000000619000000| Untracked 
| 113|0x0000000619200000, 0x0000000619200000, 0x0000000619400000|  0%| F|  |TAMS 0x0000000619200000, 0x0000000619200000| Untracked 
| 114|0x0000000619400000, 0x0000000619400000, 0x0000000619600000|  0%| F|  |TAMS 0x0000000619400000, 0x0000000619400000| Untracked 
| 115|0x0000000619600000, 0x0000000619600000, 0x0000000619800000|  0%| F|  |TAMS 0x0000000619600000, 0x0000000619600000| Untracked 
| 116|0x0000000619800000, 0x0000000619800000, 0x0000000619a00000|  0%| F|  |TAMS 0x0000000619800000, 0x0000000619800000| Untracked 
| 117|0x0000000619a00000, 0x0000000619a00000, 0x0000000619c00000|  0%| F|  |TAMS 0x0000000619a00000, 0x0000000619a00000| Untracked 
| 118|0x0000000619c00000, 0x0000000619c00000, 0x0000000619e00000|  0%| F|  |TAMS 0x0000000619c00000, 0x0000000619c00000| Untracked 
| 119|0x0000000619e00000, 0x0000000619e00000, 0x000000061a000000|  0%| F|  |TAMS 0x0000000619e00000, 0x0000000619e00000| Untracked 
| 120|0x000000061a000000, 0x000000061a000000, 0x000000061a200000|  0%| F|  |TAMS 0x000000061a000000, 0x000000061a000000| Untracked 
| 121|0x000000061a200000, 0x000000061a200000, 0x000000061a400000|  0%| F|  |TAMS 0x000000061a200000, 0x000000061a200000| Untracked 
| 122|0x000000061a400000, 0x000000061a400000, 0x000000061a600000|  0%| F|  |TAMS 0x000000061a400000, 0x000000061a400000| Untracked 
| 123|0x000000061a600000, 0x000000061a600000, 0x000000061a800000|  0%| F|  |TAMS 0x000000061a600000, 0x000000061a600000| Untracked 
| 124|0x000000061a800000, 0x000000061a800000, 0x000000061aa00000|  0%| F|  |TAMS 0x000000061a800000, 0x000000061a800000| Untracked 
| 125|0x000000061aa00000, 0x000000061aa00000, 0x000000061ac00000|  0%| F|  |TAMS 0x000000061aa00000, 0x000000061aa00000| Untracked 
| 126|0x000000061ac00000, 0x000000061ac00000, 0x000000061ae00000|  0%| F|  |TAMS 0x000000061ac00000, 0x000000061ac00000| Untracked 
| 127|0x000000061ae00000, 0x000000061ae00000, 0x000000061b000000|  0%| F|  |TAMS 0x000000061ae00000, 0x000000061ae00000| Untracked 
| 128|0x000000061b000000, 0x000000061b000000, 0x000000061b200000|  0%| F|  |TAMS 0x000000061b000000, 0x000000061b000000| Untracked 
| 129|0x000000061b200000, 0x000000061b200000, 0x000000061b400000|  0%| F|  |TAMS 0x000000061b200000, 0x000000061b200000| Untracked 
| 130|0x000000061b400000, 0x000000061b400000, 0x000000061b600000|  0%| F|  |TAMS 0x000000061b400000, 0x000000061b400000| Untracked 
| 131|0x000000061b600000, 0x000000061b600000, 0x000000061b800000|  0%| F|  |TAMS 0x000000061b600000, 0x000000061b600000| Untracked 
| 132|0x000000061b800000, 0x000000061b800000, 0x000000061ba00000|  0%| F|  |TAMS 0x000000061b800000, 0x000000061b800000| Untracked 
| 133|0x000000061ba00000, 0x000000061ba00000, 0x000000061bc00000|  0%| F|  |TAMS 0x000000061ba00000, 0x000000061ba00000| Untracked 
| 134|0x000000061bc00000, 0x000000061bc00000, 0x000000061be00000|  0%| F|  |TAMS 0x000000061bc00000, 0x000000061bc00000| Untracked 
| 135|0x000000061be00000, 0x000000061be00000, 0x000000061c000000|  0%| F|  |TAMS 0x000000061be00000, 0x000000061be00000| Untracked 
| 136|0x000000061c000000, 0x000000061c000000, 0x000000061c200000|  0%| F|  |TAMS 0x000000061c000000, 0x000000061c000000| Untracked 
| 137|0x000000061c200000, 0x000000061c200000, 0x000000061c400000|  0%| F|  |TAMS 0x000000061c200000, 0x000000061c200000| Untracked 
| 138|0x000000061c400000, 0x000000061c400000, 0x000000061c600000|  0%| F|  |TAMS 0x000000061c400000, 0x000000061c400000| Untracked 
| 139|0x000000061c600000, 0x000000061c600000, 0x000000061c800000|  0%| F|  |TAMS 0x000000061c600000, 0x000000061c600000| Untracked 
| 140|0x000000061c800000, 0x000000061c800000, 0x000000061ca00000|  0%| F|  |TAMS 0x000000061c800000, 0x000000061c800000| Untracked 
| 141|0x000000061ca00000, 0x000000061ca00000, 0x000000061cc00000|  0%| F|  |TAMS 0x000000061ca00000, 0x000000061ca00000| Untracked 
| 142|0x000000061cc00000, 0x000000061cc00000, 0x000000061ce00000|  0%| F|  |TAMS 0x000000061cc00000, 0x000000061cc00000| Untracked 
| 143|0x000000061ce00000, 0x000000061ce00000, 0x000000061d000000|  0%| F|  |TAMS 0x000000061ce00000, 0x000000061ce00000| Untracked 
| 144|0x000000061d000000, 0x000000061d000000, 0x000000061d200000|  0%| F|  |TAMS 0x000000061d000000, 0x000000061d000000| Untracked 
| 145|0x000000061d200000, 0x000000061d200000, 0x000000061d400000|  0%| F|  |TAMS 0x000000061d200000, 0x000000061d200000| Untracked 
| 146|0x000000061d400000, 0x000000061d400000, 0x000000061d600000|  0%| F|  |TAMS 0x000000061d400000, 0x000000061d400000| Untracked 
| 147|0x000000061d600000, 0x000000061d600000, 0x000000061d800000|  0%| F|  |TAMS 0x000000061d600000, 0x000000061d600000| Untracked 
| 148|0x000000061d800000, 0x000000061d800000, 0x000000061da00000|  0%| F|  |TAMS 0x000000061d800000, 0x000000061d800000| Untracked 
| 149|0x000000061da00000, 0x000000061da00000, 0x000000061dc00000|  0%| F|  |TAMS 0x000000061da00000, 0x000000061da00000| Untracked 
| 150|0x000000061dc00000, 0x000000061dc00000, 0x000000061de00000|  0%| F|  |TAMS 0x000000061dc00000, 0x000000061dc00000| Untracked 
| 151|0x000000061de00000, 0x000000061de00000, 0x000000061e000000|  0%| F|  |TAMS 0x000000061de00000, 0x000000061de00000| Untracked 
| 152|0x000000061e000000, 0x000000061e000000, 0x000000061e200000|  0%| F|  |TAMS 0x000000061e000000, 0x000000061e000000| Untracked 
| 153|0x000000061e200000, 0x000000061e200000, 0x000000061e400000|  0%| F|  |TAMS 0x000000061e200000, 0x000000061e200000| Untracked 
| 154|0x000000061e400000, 0x000000061e400000, 0x000000061e600000|  0%| F|  |TAMS 0x000000061e400000, 0x000000061e400000| Untracked 
| 155|0x000000061e600000, 0x000000061e600000, 0x000000061e800000|  0%| F|  |TAMS 0x000000061e600000, 0x000000061e600000| Untracked 
| 156|0x000000061e800000, 0x000000061e800000, 0x000000061ea00000|  0%| F|  |TAMS 0x000000061e800000, 0x000000061e800000| Untracked 
| 157|0x000000061ea00000, 0x000000061ea00000, 0x000000061ec00000|  0%| F|  |TAMS 0x000000061ea00000, 0x000000061ea00000| Untracked 
| 158|0x000000061ec00000, 0x000000061ec00000, 0x000000061ee00000|  0%| F|  |TAMS 0x000000061ec00000, 0x000000061ec00000| Untracked 
| 159|0x000000061ee00000, 0x000000061ee00000, 0x000000061f000000|  0%| F|  |TAMS 0x000000061ee00000, 0x000000061ee00000| Untracked 
| 160|0x000000061f000000, 0x000000061f000000, 0x000000061f200000|  0%| F|  |TAMS 0x000000061f000000, 0x000000061f000000| Untracked 
| 161|0x000000061f200000, 0x000000061f200000, 0x000000061f400000|  0%| F|  |TAMS 0x000000061f200000, 0x000000061f200000| Untracked 
| 162|0x000000061f400000, 0x000000061f400000, 0x000000061f600000|  0%| F|  |TAMS 0x000000061f400000, 0x000000061f400000| Untracked 
| 163|0x000000061f600000, 0x000000061f600000, 0x000000061f800000|  0%| F|  |TAMS 0x000000061f600000, 0x000000061f600000| Untracked 
| 164|0x000000061f800000, 0x000000061f800000, 0x000000061fa00000|  0%| F|  |TAMS 0x000000061f800000, 0x000000061f800000| Untracked 
| 165|0x000000061fa00000, 0x000000061fa00000, 0x000000061fc00000|  0%| F|  |TAMS 0x000000061fa00000, 0x000000061fa00000| Untracked 
| 166|0x000000061fc00000, 0x000000061fc00000, 0x000000061fe00000|  0%| F|  |TAMS 0x000000061fc00000, 0x000000061fc00000| Untracked 
| 167|0x000000061fe00000, 0x000000061fe00000, 0x0000000620000000|  0%| F|  |TAMS 0x000000061fe00000, 0x000000061fe00000| Untracked 
| 168|0x0000000620000000, 0x0000000620000000, 0x0000000620200000|  0%| F|  |TAMS 0x0000000620000000, 0x0000000620000000| Untracked 
| 169|0x0000000620200000, 0x0000000620200000, 0x0000000620400000|  0%| F|  |TAMS 0x0000000620200000, 0x0000000620200000| Untracked 
| 170|0x0000000620400000, 0x0000000620400000, 0x0000000620600000|  0%| F|  |TAMS 0x0000000620400000, 0x0000000620400000| Untracked 
| 171|0x0000000620600000, 0x0000000620600000, 0x0000000620800000|  0%| F|  |TAMS 0x0000000620600000, 0x0000000620600000| Untracked 
| 172|0x0000000620800000, 0x0000000620800000, 0x0000000620a00000|  0%| F|  |TAMS 0x0000000620800000, 0x0000000620800000| Untracked 
| 173|0x0000000620a00000, 0x0000000620a00000, 0x0000000620c00000|  0%| F|  |TAMS 0x0000000620a00000, 0x0000000620a00000| Untracked 
| 174|0x0000000620c00000, 0x0000000620c00000, 0x0000000620e00000|  0%| F|  |TAMS 0x0000000620c00000, 0x0000000620c00000| Untracked 
| 175|0x0000000620e00000, 0x0000000620e00000, 0x0000000621000000|  0%| F|  |TAMS 0x0000000620e00000, 0x0000000620e00000| Untracked 
| 176|0x0000000621000000, 0x0000000621000000, 0x0000000621200000|  0%| F|  |TAMS 0x0000000621000000, 0x0000000621000000| Untracked 
| 177|0x0000000621200000, 0x0000000621200000, 0x0000000621400000|  0%| F|  |TAMS 0x0000000621200000, 0x0000000621200000| Untracked 
| 178|0x0000000621400000, 0x0000000621400000, 0x0000000621600000|  0%| F|  |TAMS 0x0000000621400000, 0x0000000621400000| Untracked 
| 179|0x0000000621600000, 0x0000000621600000, 0x0000000621800000|  0%| F|  |TAMS 0x0000000621600000, 0x0000000621600000| Untracked 
| 180|0x0000000621800000, 0x0000000621800000, 0x0000000621a00000|  0%| F|  |TAMS 0x0000000621800000, 0x0000000621800000| Untracked 
| 181|0x0000000621a00000, 0x0000000621a00000, 0x0000000621c00000|  0%| F|  |TAMS 0x0000000621a00000, 0x0000000621a00000| Untracked 
| 182|0x0000000621c00000, 0x0000000621c00000, 0x0000000621e00000|  0%| F|  |TAMS 0x0000000621c00000, 0x0000000621c00000| Untracked 
| 183|0x0000000621e00000, 0x0000000621e00000, 0x0000000622000000|  0%| F|  |TAMS 0x0000000621e00000, 0x0000000621e00000| Untracked 
| 184|0x0000000622000000, 0x0000000622000000, 0x0000000622200000|  0%| F|  |TAMS 0x0000000622000000, 0x0000000622000000| Untracked 
| 185|0x0000000622200000, 0x0000000622200000, 0x0000000622400000|  0%| F|  |TAMS 0x0000000622200000, 0x0000000622200000| Untracked 
| 186|0x0000000622400000, 0x0000000622400000, 0x0000000622600000|  0%| F|  |TAMS 0x0000000622400000, 0x0000000622400000| Untracked 
| 187|0x0000000622600000, 0x0000000622600000, 0x0000000622800000|  0%| F|  |TAMS 0x0000000622600000, 0x0000000622600000| Untracked 
| 188|0x0000000622800000, 0x0000000622800000, 0x0000000622a00000|  0%| F|  |TAMS 0x0000000622800000, 0x0000000622800000| Untracked 
| 189|0x0000000622a00000, 0x0000000622a00000, 0x0000000622c00000|  0%| F|  |TAMS 0x0000000622a00000, 0x0000000622a00000| Untracked 
| 190|0x0000000622c00000, 0x0000000622c00000, 0x0000000622e00000|  0%| F|  |TAMS 0x0000000622c00000, 0x0000000622c00000| Untracked 
| 191|0x0000000622e00000, 0x0000000622e00000, 0x0000000623000000|  0%| F|  |TAMS 0x0000000622e00000, 0x0000000622e00000| Untracked 
| 192|0x0000000623000000, 0x0000000623000000, 0x0000000623200000|  0%| F|  |TAMS 0x0000000623000000, 0x0000000623000000| Untracked 
| 193|0x0000000623200000, 0x0000000623200000, 0x0000000623400000|  0%| F|  |TAMS 0x0000000623200000, 0x0000000623200000| Untracked 
| 194|0x0000000623400000, 0x0000000623400000, 0x0000000623600000|  0%| F|  |TAMS 0x0000000623400000, 0x0000000623400000| Untracked 
| 195|0x0000000623600000, 0x0000000623600000, 0x0000000623800000|  0%| F|  |TAMS 0x0000000623600000, 0x0000000623600000| Untracked 
| 196|0x0000000623800000, 0x0000000623800000, 0x0000000623a00000|  0%| F|  |TAMS 0x0000000623800000, 0x0000000623800000| Untracked 
| 197|0x0000000623a00000, 0x0000000623a00000, 0x0000000623c00000|  0%| F|  |TAMS 0x0000000623a00000, 0x0000000623a00000| Untracked 
| 198|0x0000000623c00000, 0x0000000623c00000, 0x0000000623e00000|  0%| F|  |TAMS 0x0000000623c00000, 0x0000000623c00000| Untracked 
| 199|0x0000000623e00000, 0x0000000623e00000, 0x0000000624000000|  0%| F|  |TAMS 0x0000000623e00000, 0x0000000623e00000| Untracked 
| 200|0x0000000624000000, 0x0000000624000000, 0x0000000624200000|  0%| F|  |TAMS 0x0000000624000000, 0x0000000624000000| Untracked 
| 201|0x0000000624200000, 0x0000000624200000, 0x0000000624400000|  0%| F|  |TAMS 0x0000000624200000, 0x0000000624200000| Untracked 
| 202|0x0000000624400000, 0x0000000624400000, 0x0000000624600000|  0%| F|  |TAMS 0x0000000624400000, 0x0000000624400000| Untracked 
| 203|0x0000000624600000, 0x0000000624600000, 0x0000000624800000|  0%| F|  |TAMS 0x0000000624600000, 0x0000000624600000| Untracked 
| 204|0x0000000624800000, 0x0000000624800000, 0x0000000624a00000|  0%| F|  |TAMS 0x0000000624800000, 0x0000000624800000| Untracked 
| 205|0x0000000624a00000, 0x0000000624a00000, 0x0000000624c00000|  0%| F|  |TAMS 0x0000000624a00000, 0x0000000624a00000| Untracked 
| 206|0x0000000624c00000, 0x0000000624c00000, 0x0000000624e00000|  0%| F|  |TAMS 0x0000000624c00000, 0x0000000624c00000| Untracked 
| 207|0x0000000624e00000, 0x0000000624e00000, 0x0000000625000000|  0%| F|  |TAMS 0x0000000624e00000, 0x0000000624e00000| Untracked 
| 208|0x0000000625000000, 0x0000000625000000, 0x0000000625200000|  0%| F|  |TAMS 0x0000000625000000, 0x0000000625000000| Untracked 
| 209|0x0000000625200000, 0x0000000625200000, 0x0000000625400000|  0%| F|  |TAMS 0x0000000625200000, 0x0000000625200000| Untracked 
| 210|0x0000000625400000, 0x0000000625400000, 0x0000000625600000|  0%| F|  |TAMS 0x0000000625400000, 0x0000000625400000| Untracked 
| 211|0x0000000625600000, 0x0000000625600000, 0x0000000625800000|  0%| F|  |TAMS 0x0000000625600000, 0x0000000625600000| Untracked 
| 212|0x0000000625800000, 0x0000000625800000, 0x0000000625a00000|  0%| F|  |TAMS 0x0000000625800000, 0x0000000625800000| Untracked 
| 213|0x0000000625a00000, 0x0000000625a00000, 0x0000000625c00000|  0%| F|  |TAMS 0x0000000625a00000, 0x0000000625a00000| Untracked 
| 214|0x0000000625c00000, 0x0000000625c00000, 0x0000000625e00000|  0%| F|  |TAMS 0x0000000625c00000, 0x0000000625c00000| Untracked 
| 215|0x0000000625e00000, 0x0000000625e00000, 0x0000000626000000|  0%| F|  |TAMS 0x0000000625e00000, 0x0000000625e00000| Untracked 
| 216|0x0000000626000000, 0x0000000626000000, 0x0000000626200000|  0%| F|  |TAMS 0x0000000626000000, 0x0000000626000000| Untracked 
| 217|0x0000000626200000, 0x0000000626200000, 0x0000000626400000|  0%| F|  |TAMS 0x0000000626200000, 0x0000000626200000| Untracked 
| 218|0x0000000626400000, 0x0000000626400000, 0x0000000626600000|  0%| F|  |TAMS 0x0000000626400000, 0x0000000626400000| Untracked 
| 219|0x0000000626600000, 0x0000000626600000, 0x0000000626800000|  0%| F|  |TAMS 0x0000000626600000, 0x0000000626600000| Untracked 
| 220|0x0000000626800000, 0x0000000626800000, 0x0000000626a00000|  0%| F|  |TAMS 0x0000000626800000, 0x0000000626800000| Untracked 
| 221|0x0000000626a00000, 0x0000000626a00000, 0x0000000626c00000|  0%| F|  |TAMS 0x0000000626a00000, 0x0000000626a00000| Untracked 
| 222|0x0000000626c00000, 0x0000000626c00000, 0x0000000626e00000|  0%| F|  |TAMS 0x0000000626c00000, 0x0000000626c00000| Untracked 
| 223|0x0000000626e00000, 0x0000000626e00000, 0x0000000627000000|  0%| F|  |TAMS 0x0000000626e00000, 0x0000000626e00000| Untracked 
| 224|0x0000000627000000, 0x0000000627000000, 0x0000000627200000|  0%| F|  |TAMS 0x0000000627000000, 0x0000000627000000| Untracked 
| 225|0x0000000627200000, 0x0000000627200000, 0x0000000627400000|  0%| F|  |TAMS 0x0000000627200000, 0x0000000627200000| Untracked 
| 226|0x0000000627400000, 0x0000000627400000, 0x0000000627600000|  0%| F|  |TAMS 0x0000000627400000, 0x0000000627400000| Untracked 
| 227|0x0000000627600000, 0x0000000627600000, 0x0000000627800000|  0%| F|  |TAMS 0x0000000627600000, 0x0000000627600000| Untracked 
| 228|0x0000000627800000, 0x0000000627800000, 0x0000000627a00000|  0%| F|  |TAMS 0x0000000627800000, 0x0000000627800000| Untracked 
| 229|0x0000000627a00000, 0x0000000627a00000, 0x0000000627c00000|  0%| F|  |TAMS 0x0000000627a00000, 0x0000000627a00000| Untracked 
| 230|0x0000000627c00000, 0x0000000627c00000, 0x0000000627e00000|  0%| F|  |TAMS 0x0000000627c00000, 0x0000000627c00000| Untracked 
| 231|0x0000000627e00000, 0x0000000627e00000, 0x0000000628000000|  0%| F|  |TAMS 0x0000000627e00000, 0x0000000627e00000| Untracked 
| 232|0x0000000628000000, 0x0000000628000000, 0x0000000628200000|  0%| F|  |TAMS 0x0000000628000000, 0x0000000628000000| Untracked 
| 233|0x0000000628200000, 0x0000000628200000, 0x0000000628400000|  0%| F|  |TAMS 0x0000000628200000, 0x0000000628200000| Untracked 
| 234|0x0000000628400000, 0x0000000628400000, 0x0000000628600000|  0%| F|  |TAMS 0x0000000628400000, 0x0000000628400000| Untracked 
| 235|0x0000000628600000, 0x0000000628600000, 0x0000000628800000|  0%| F|  |TAMS 0x0000000628600000, 0x0000000628600000| Untracked 
| 236|0x0000000628800000, 0x0000000628800000, 0x0000000628a00000|  0%| F|  |TAMS 0x0000000628800000, 0x0000000628800000| Untracked 
| 237|0x0000000628a00000, 0x0000000628ad6a48, 0x0000000628c00000| 41%| S|CS|TAMS 0x0000000628a00000, 0x0000000628a00000| Complete 
| 238|0x0000000628c00000, 0x0000000628e00000, 0x0000000628e00000|100%| S|CS|TAMS 0x0000000628c00000, 0x0000000628c00000| Complete 
| 239|0x0000000628e00000, 0x0000000628e00000, 0x0000000629000000|  0%| F|  |TAMS 0x0000000628e00000, 0x0000000628e00000| Untracked 
| 240|0x0000000629000000, 0x0000000629000000, 0x0000000629200000|  0%| F|  |TAMS 0x0000000629000000, 0x0000000629000000| Untracked 
| 241|0x0000000629200000, 0x0000000629200000, 0x0000000629400000|  0%| F|  |TAMS 0x0000000629200000, 0x0000000629200000| Untracked 
| 242|0x0000000629400000, 0x0000000629400000, 0x0000000629600000|  0%| F|  |TAMS 0x0000000629400000, 0x0000000629400000| Untracked 
| 243|0x0000000629600000, 0x0000000629600000, 0x0000000629800000|  0%| F|  |TAMS 0x0000000629600000, 0x0000000629600000| Untracked 
| 244|0x0000000629800000, 0x0000000629a00000, 0x0000000629a00000|100%| E|  |TAMS 0x0000000629800000, 0x0000000629800000| Complete 
| 245|0x0000000629a00000, 0x0000000629c00000, 0x0000000629c00000|100%| E|CS|TAMS 0x0000000629a00000, 0x0000000629a00000| Complete 
| 246|0x0000000629c00000, 0x0000000629e00000, 0x0000000629e00000|100%| E|CS|TAMS 0x0000000629c00000, 0x0000000629c00000| Complete 
| 247|0x0000000629e00000, 0x000000062a000000, 0x000000062a000000|100%| E|CS|TAMS 0x0000000629e00000, 0x0000000629e00000| Complete 
| 248|0x000000062a000000, 0x000000062a200000, 0x000000062a200000|100%| E|CS|TAMS 0x000000062a000000, 0x000000062a000000| Complete 
| 249|0x000000062a200000, 0x000000062a400000, 0x000000062a400000|100%| E|CS|TAMS 0x000000062a200000, 0x000000062a200000| Complete 
| 250|0x000000062a400000, 0x000000062a600000, 0x000000062a600000|100%| E|CS|TAMS 0x000000062a400000, 0x000000062a400000| Complete 
|3494|0x00000007bfc00000, 0x00000007bfc44000, 0x00000007bfe00000| 13%|OA|  |TAMS 0x00000007bfc00000, 0x00000007bfc00000| Untracked 
|3495|0x00000007bfe00000, 0x00000007bfe6a000, 0x00000007c0000000| 20%|CA|  |TAMS 0x00000007bfe00000, 0x00000007bfe00000| Untracked 

Card table byte_map: [0x00007f1b460b0000,0x00007f1b47058000] _byte_map_base: 0x00007f1b43058000

Marking Bits (Prev, Next): (CMBitMap*) 0x00007f1b64058a68, (CMBitMap*) 0x00007f1b64058aa0
 Prev Bits: [0x00007f1b3d3c8000, 0x00007f1b45108000)
 Next Bits: [0x00007f1b35688000, 0x00007f1b3d3c8000)

Polling page: 0x00007f1b6a799000

Metaspace:

Usage:
  Non-class:      6.63 MB capacity,     6.14 MB ( 93%) used,   485.12 KB (  7%) free+waste,    14.00 KB ( <1%) overhead. 
      Class:    810.00 KB capacity,   734.92 KB ( 91%) used,    68.02 KB (  8%) free+waste,     7.06 KB ( <1%) overhead. 
       Both:      7.42 MB capacity,     6.86 MB ( 92%) used,   553.13 KB (  7%) free+waste,    21.06 KB ( <1%) overhead. 

Virtual space:
  Non-class space:        8.00 MB reserved,       6.75 MB ( 84%) committed 
      Class space:        1.00 GB reserved,     896.00 KB ( <1%) committed 
             Both:        1.01 GB reserved,       7.62 MB ( <1%) committed 

Chunk freelists:
   Non-Class:  56.00 KB
       Class:  22.00 KB
        Both:  78.00 KB

MaxMetaspaceSize: unlimited
CompressedClassSpaceSize: 1.00 GB

CodeHeap 'non-profiled nmethods': size=120032Kb used=609Kb max_used=609Kb free=119423Kb
 bounds [0x00007f1b54406000, 0x00007f1b54676000, 0x00007f1b5b93e000]
CodeHeap 'profiled nmethods': size=120028Kb used=2651Kb max_used=2651Kb free=117376Kb
 bounds [0x00007f1b4cecf000, 0x00007f1b4d16f000, 0x00007f1b54406000]
CodeHeap 'non-nmethods': size=5700Kb used=1151Kb max_used=1251Kb free=4548Kb
 bounds [0x00007f1b4c93e000, 0x00007f1b4cbae000, 0x00007f1b4cecf000]
 total_blobs=1883 nmethods=1172 adapters=311
 compilation: enabled
              stopped_count=0, restarted_count=0
 full_count=0

Compilation events (20 events):
Event: 0.931 Thread 0x00007f1b642ab000 1165       3       java.util.regex.Pattern::escape (1323 bytes)
Event: 0.942 Thread 0x00007f1b642ab000 nmethod 1165 0x00007f1b4d14f110 code [0x00007f1b4d150180, 0x00007f1b4d15d418]
Event: 0.942 Thread 0x00007f1b642ab000 1168       3       jdk.internal.math.FDBigInteger::mult (64 bytes)
Event: 0.942 Thread 0x00007f1b642ab000 nmethod 1168 0x00007f1b4d15fe90 code [0x00007f1b4d160060, 0x00007f1b4d160310]
Event: 0.942 Thread 0x00007f1b642ab000 1169       3       java.lang.String::toString (2 bytes)
Event: 0.942 Thread 0x00007f1b642ab000 nmethod 1169 0x00007f1b4d160510 code [0x00007f1b4d1606c0, 0x00007f1b4d160830]
Event: 0.942 Thread 0x00007f1b642ab000 1167       3       jdk.internal.math.FDBigInteger::<init> (30 bytes)
Event: 0.943 Thread 0x00007f1b642ab000 nmethod 1167 0x00007f1b4d160890 code [0x00007f1b4d160a60, 0x00007f1b4d160ce8]
Event: 0.943 Thread 0x00007f1b642ab000 1170       1       de.unirostock.sems.bives.sbml.parser.SBMLSBase::getMetaId (5 bytes)
Event: 0.943 Thread 0x00007f1b642ab000 nmethod 1170 0x00007f1b54478b90 code [0x00007f1b54478d40, 0x00007f1b54478e70]
Event: 0.943 Thread 0x00007f1b642ab000 1171       1       de.unirostock.sems.bives.sbml.parser.SBMLGenericIdNameObject::getID (5 bytes)
Event: 0.943 Thread 0x00007f1b642ab000 nmethod 1171 0x00007f1b54478f10 code [0x00007f1b544790c0, 0x00007f1b544791f0]
Event: 0.943 Thread 0x00007f1b642ab000 1166       3       java.util.regex.Pattern::closure (365 bytes)
Event: 0.945 Thread 0x00007f1b642ab000 nmethod 1166 0x00007f1b4d160e10 code [0x00007f1b4d161380, 0x00007f1b4d164528]
Event: 0.949 Thread 0x00007f1b0408f000 nmethod 1153% 0x00007f1b54479290 code [0x00007f1b54479480, 0x00007f1b5447a5d8]
Event: 0.950 Thread 0x00007f1b0408f000 1154       4       org.eclipse.jdt.launching.internal.org.objectweb.asm.Label::addLineNumber (89 bytes)
Event: 0.950 Thread 0x00007f1b0408f000 nmethod 1154 0x00007f1b5447ac90 code [0x00007f1b5447ae20, 0x00007f1b5447aeb8]
Event: 1.711 Thread 0x00007f1b642a9000 nmethod 915 0x00007f1b5447af90 code [0x00007f1b5447b8e0, 0x00007f1b54493680]
Event: 2340.728 Thread 0x00007f1b642ab000 1172       3       java.lang.ref.ReferenceQueue::reallyPoll (65 bytes)
Event: 2340.729 Thread 0x00007f1b642ab000 nmethod 1172 0x00007f1b4d165510 code [0x00007f1b4d165700, 0x00007f1b4d165cb0]

GC Heap History (2 events):
Event: 0.696 GC heap before
{Heap before GC invocations=0 (full 0):
 garbage-first heap   total 518144K, used 25272K [0x000000060b000000, 0x0000000800000000)
  region size 2048K, 12 young (24576K), 0 survivors (0K)
 Metaspace       used 5577K, capacity 6431K, committed 6656K, reserved 1056768K
  class space    used 594K, capacity 677K, committed 768K, reserved 1048576K
}
Event: 0.713 GC heap after
{Heap after GC invocations=1 (full 0):
 garbage-first heap   total 518144K, used 3602K [0x000000060b000000, 0x0000000800000000)
  region size 2048K, 2 young (4096K), 2 survivors (4096K)
 Metaspace       used 5577K, capacity 6431K, committed 6656K, reserved 1056768K
  class space    used 594K, capacity 677K, committed 768K, reserved 1048576K
}

Deoptimization events (20 events):
Event: 0.294 Thread 0x00007f1b64015800 DEOPT PACKING pc=0x00007f1b4cf510f6 sp=0x00007f1b690e3720
Event: 0.294 Thread 0x00007f1b64015800 DEOPT UNPACKING pc=0x00007f1b4c97703a sp=0x00007f1b690e2c08 mode 0
Event: 0.295 Thread 0x00007f1b64015800 DEOPT PACKING pc=0x00007f1b4cf510f6 sp=0x00007f1b690e3720
Event: 0.295 Thread 0x00007f1b64015800 DEOPT UNPACKING pc=0x00007f1b4c97703a sp=0x00007f1b690e2c08 mode 0
Event: 0.301 Thread 0x00007f1b64015800 DEOPT PACKING pc=0x00007f1b4cf2f712 sp=0x00007f1b690e3940
Event: 0.301 Thread 0x00007f1b64015800 DEOPT UNPACKING pc=0x00007f1b4c97703a sp=0x00007f1b690e2dc0 mode 0
Event: 0.309 Thread 0x00007f1b64015800 DEOPT PACKING pc=0x00007f1b4cf2f712 sp=0x00007f1b690e2620
Event: 0.309 Thread 0x00007f1b64015800 DEOPT UNPACKING pc=0x00007f1b4c97703a sp=0x00007f1b690e1aa0 mode 0
Event: 0.543 Thread 0x00007f1b64015800 DEOPT PACKING pc=0x00007f1b4cf37615 sp=0x00007f1b690e25f0
Event: 0.543 Thread 0x00007f1b64015800 DEOPT UNPACKING pc=0x00007f1b4c97703a sp=0x00007f1b690e1a90 mode 0
Event: 0.599 Thread 0x00007f1b64015800 DEOPT PACKING pc=0x00007f1b4cf0e253 sp=0x00007f1b690e1060
Event: 0.599 Thread 0x00007f1b64015800 DEOPT UNPACKING pc=0x00007f1b4c97703a sp=0x00007f1b690e0568 mode 0
Event: 0.695 Thread 0x00007f1b64015800 Uncommon trap: trap_request=0xffffff4d fr.pc=0x00007f1b54455a30 relative=0x0000000000000350
Event: 0.695 Thread 0x00007f1b64015800 Uncommon trap: reason=unstable_if action=reinterpret pc=0x00007f1b54455a30 method=org.eclipse.jdt.launching.internal.org.objectweb.asm.MethodWriter.visitVarInsn(II)V @ 20 c2
Event: 0.695 Thread 0x00007f1b64015800 DEOPT PACKING pc=0x00007f1b54455a30 sp=0x00007f1b690dea50
Event: 0.695 Thread 0x00007f1b64015800 DEOPT UNPACKING pc=0x00007f1b4c977225 sp=0x00007f1b690dea18 mode 2
Event: 0.866 Thread 0x00007f1b64015800 Uncommon trap: trap_request=0xffffff4d fr.pc=0x00007f1b54469048 relative=0x0000000000000408
Event: 0.866 Thread 0x00007f1b64015800 Uncommon trap: reason=unstable_if action=reinterpret pc=0x00007f1b54469048 method=org.eclipse.jdt.launching.internal.org.objectweb.asm.Type.getArgumentsAndReturnSizes(Ljava/lang/String;)I @ 121 c2
Event: 0.866 Thread 0x00007f1b64015800 DEOPT PACKING pc=0x00007f1b54469048 sp=0x00007f1b690e27e0
Event: 0.866 Thread 0x00007f1b64015800 DEOPT UNPACKING pc=0x00007f1b4c977225 sp=0x00007f1b690e2790 mode 2

Classes redefined (5 events):
Event: 2263.795 Thread 0x00007f1b6429d000 redefined class name=de.unirostock.sems.TestMerge, count=1
Event: 2271.088 Thread 0x00007f1b6429d000 redefined class name=de.unirostock.sems.TestMerge, count=2
Event: 2582.085 Thread 0x00007f1b6429d000 redefined class name=de.unirostock.sems.xmlutils.ds.TreeDocument, count=1
Event: 3384.484 Thread 0x00007f1b6429d000 redefined class name=de.unirostock.sems.TestMerge, count=3
Event: 3608.115 Thread 0x00007f1b6429d000 redefined class name=de.unirostock.sems.TestMerge, count=4

Internal exceptions (10 events):
Event: 0.156 Thread 0x00007f1b64015800 Exception <a 'java/security/PrivilegedActionException'{0x000000062a39edb0}> (0x000000062a39edb0) thrown at [/build/openjdk-11-JSGVKF/openjdk-11-11.0.5+10/src/hotspot/share/prims/jvm.cpp, line 1295]
Event: 0.156 Thread 0x00007f1b64015800 Exception <a 'java/security/PrivilegedActionException'{0x000000062a39f080}> (0x000000062a39f080) thrown at [/build/openjdk-11-JSGVKF/openjdk-11-11.0.5+10/src/hotspot/share/prims/jvm.cpp, line 1295]
Event: 0.157 Thread 0x00007f1b64015800 Exception <a 'java/security/PrivilegedActionException'{0x000000062a3eac00}> (0x000000062a3eac00) thrown at [/build/openjdk-11-JSGVKF/openjdk-11-11.0.5+10/src/hotspot/share/prims/jvm.cpp, line 1295]
Event: 0.157 Thread 0x00007f1b64015800 Exception <a 'java/security/PrivilegedActionException'{0x000000062a3eaed0}> (0x000000062a3eaed0) thrown at [/build/openjdk-11-JSGVKF/openjdk-11-11.0.5+10/src/hotspot/share/prims/jvm.cpp, line 1295]
Event: 0.511 Thread 0x00007f1b64015800 Exception <a 'java/lang/NoSuchMethodError'{0x00000006296c35a8}: 'java.lang.Object java.lang.invoke.DirectMethodHandle$Holder.invokeStatic(java.lang.Object, java.lang.Object, java.lang.Object, java.lang.Object, java.lang.Object, java.lang.Object, java.lang
Event: 0.514 Thread 0x00007f1b64015800 Exception <a 'java/lang/NoSuchMethodError'{0x00000006296d2ac0}: 'java.lang.Object java.lang.invoke.DirectMethodHandle$Holder.invokeStatic(java.lang.Object, java.lang.Object, java.lang.Object, java.lang.Object, java.lang.Object, java.lang.Object, java.lang
Event: 0.518 Thread 0x00007f1b64015800 Exception <a 'java/lang/NoSuchMethodError'{0x00000006296e09d8}: 'java.lang.Object java.lang.invoke.DirectMethodHandle$Holder.invokeSpecial(java.lang.Object, java.lang.Object, int, int, java.lang.Object, java.lang.Object, java.lang.Object)'> (0x00000006296
Event: 0.518 Thread 0x00007f1b64015800 Exception <a 'java/lang/NoSuchMethodError'{0x00000006296e3f68}: 'java.lang.Object java.lang.invoke.DelegatingMethodHandle$Holder.reinvoke_L(java.lang.Object, int, int, java.lang.Object, java.lang.Object, java.lang.Object)'> (0x00000006296e3f68) thrown at 
Event: 0.519 Thread 0x00007f1b64015800 Exception <a 'java/lang/NoSuchMethodError'{0x00000006296e91d8}: 'java.lang.Object java.lang.invoke.DirectMethodHandle$Holder.invokeStatic(java.lang.Object, java.lang.Object, java.lang.Object, java.lang.Object, int)'> (0x00000006296e91d8) thrown at [/build
Event: 0.872 Thread 0x00007f1b64015800 Exception <a 'java/lang/NoSuchMethodError'{0x0000000629d773a0}: 'int java.lang.invoke.DirectMethodHandle$Holder.invokeSpecialIFC(java.lang.Object, java.lang.Object, int)'> (0x0000000629d773a0) thrown at [/build/openjdk-11-JSGVKF/openjdk-11-11.0.5+10/src/h

Events (20 events):
Event: 3608.116 Executing VM operation: RedefineClasses done
Event: 3608.120 Executing VM operation: ChangeBreakpoints
Event: 3608.121 Executing VM operation: ChangeBreakpoints done
Event: 3608.122 Executing VM operation: GetFrameCount
Event: 3608.122 Executing VM operation: GetFrameCount done
Event: 3608.122 Executing VM operation: GetStackTrace
Event: 3608.122 Executing VM operation: GetStackTrace done
Event: 3608.122 Executing VM operation: GetFrameCount
Event: 3608.122 Executing VM operation: GetFrameCount done
Event: 3608.122 Executing VM operation: SetFramePop
Event: 3608.122 Executing VM operation: SetFramePop done
Event: 3608.122 Executing VM operation: GetFrameLocation
Event: 3608.122 Executing VM operation: GetFrameLocation done
Event: 3608.122 Executing VM operation: GetCurrentLocation
Event: 3608.122 Executing VM operation: GetCurrentLocation done
Event: 3608.122 Executing VM operation: ChangeSingleStep
Event: 3608.123 Executing VM operation: ChangeSingleStep done
Event: 3608.123 Executing VM operation: GetFrameLocation
Event: 3608.123 Executing VM operation: GetFrameLocation done
Event: 3608.123 Executing VM operation: GetOrSetLocal


Dynamic libraries:
60b000000-62a600000 rw-p 00000000 00:00 0 
62a600000-7bfc00000 ---p 00000000 00:00 0 
7bfc00000-7bfc44000 rw-p 01104000 08:01 136699                           /usr/lib/jvm/java-11-openjdk-amd64/lib/server/classes.jsa
7bfc44000-7bfe00000 rw-p 00000000 00:00 0 
7bfe00000-7bfe6a000 rw-p 0109a000 08:01 136699                           /usr/lib/jvm/java-11-openjdk-amd64/lib/server/classes.jsa
7bfe6a000-7c0000000 rw-p 00000000 00:00 0 
7c0000000-800000000 ---p 00000000 00:00 0 
800000000-800002000 rwxp 00001000 08:01 136699                           /usr/lib/jvm/java-11-openjdk-amd64/lib/server/classes.jsa
800002000-801099000 rw-p 00003000 08:01 136699                           /usr/lib/jvm/java-11-openjdk-amd64/lib/server/classes.jsa
840000000-8400e0000 rw-p 00000000 00:00 0 
8400e0000-880000000 ---p 00000000 00:00 0 
561ce8899000-561ce889a000 r--p 00000000 08:01 131459                     /usr/lib/jvm/java-11-openjdk-amd64/bin/java
561ce889a000-561ce889b000 r-xp 00001000 08:01 131459                     /usr/lib/jvm/java-11-openjdk-amd64/bin/java
561ce889b000-561ce889c000 r--p 00002000 08:01 131459                     /usr/lib/jvm/java-11-openjdk-amd64/bin/java
561ce889c000-561ce889d000 r--p 00002000 08:01 131459                     /usr/lib/jvm/java-11-openjdk-amd64/bin/java
561ce889d000-561ce889e000 rw-p 00003000 08:01 131459                     /usr/lib/jvm/java-11-openjdk-amd64/bin/java
561ce88ce000-561ce88ef000 rw-p 00000000 00:00 0                          [heap]
7f1abc000000-7f1abc021000 rw-p 00000000 00:00 0 
7f1abc021000-7f1ac0000000 ---p 00000000 00:00 0 
7f1ac4000000-7f1ac4021000 rw-p 00000000 00:00 0 
7f1ac4021000-7f1ac8000000 ---p 00000000 00:00 0 
7f1ac8000000-7f1ac8021000 rw-p 00000000 00:00 0 
7f1ac8021000-7f1acc000000 ---p 00000000 00:00 0 
7f1acc000000-7f1acc021000 rw-p 00000000 00:00 0 
7f1acc021000-7f1ad0000000 ---p 00000000 00:00 0 
7f1ad0000000-7f1ad0021000 rw-p 00000000 00:00 0 
7f1ad0021000-7f1ad4000000 ---p 00000000 00:00 0 
7f1ad4000000-7f1ad4021000 rw-p 00000000 00:00 0 
7f1ad4021000-7f1ad8000000 ---p 00000000 00:00 0 
7f1ad8000000-7f1ad8021000 rw-p 00000000 00:00 0 
7f1ad8021000-7f1adc000000 ---p 00000000 00:00 0 
7f1adc000000-7f1adc021000 rw-p 00000000 00:00 0 
7f1adc021000-7f1ae0000000 ---p 00000000 00:00 0 
7f1ae0000000-7f1ae0021000 rw-p 00000000 00:00 0 
7f1ae0021000-7f1ae4000000 ---p 00000000 00:00 0 
7f1ae4000000-7f1ae4021000 rw-p 00000000 00:00 0 
7f1ae4021000-7f1ae8000000 ---p 00000000 00:00 0 
7f1ae8000000-7f1ae8021000 rw-p 00000000 00:00 0 
7f1ae8021000-7f1aec000000 ---p 00000000 00:00 0 
7f1aec000000-7f1aec021000 rw-p 00000000 00:00 0 
7f1aec021000-7f1af0000000 ---p 00000000 00:00 0 
7f1af0000000-7f1af0021000 rw-p 00000000 00:00 0 
7f1af0021000-7f1af4000000 ---p 00000000 00:00 0 
7f1af4000000-7f1af4021000 rw-p 00000000 00:00 0 
7f1af4021000-7f1af8000000 ---p 00000000 00:00 0 
7f1af8000000-7f1af8021000 rw-p 00000000 00:00 0 
7f1af8021000-7f1afc000000 ---p 00000000 00:00 0 
7f1afc000000-7f1afc021000 rw-p 00000000 00:00 0 
7f1afc021000-7f1b00000000 ---p 00000000 00:00 0 
7f1b00000000-7f1b007cb000 rw-p 00000000 00:00 0 
7f1b007cb000-7f1b04000000 ---p 00000000 00:00 0 
7f1b04000000-7f1b04980000 rw-p 00000000 00:00 0 
7f1b04980000-7f1b08000000 ---p 00000000 00:00 0 
7f1b08000000-7f1b08021000 rw-p 00000000 00:00 0 
7f1b08021000-7f1b0c000000 ---p 00000000 00:00 0 
7f1b0c000000-7f1b0c021000 rw-p 00000000 00:00 0 
7f1b0c021000-7f1b10000000 ---p 00000000 00:00 0 
7f1b10000000-7f1b1314b000 rw-p 00000000 00:00 0 
7f1b1314b000-7f1b14000000 ---p 00000000 00:00 0 
7f1b14000000-7f1b14021000 rw-p 00000000 00:00 0 
7f1b14021000-7f1b18000000 ---p 00000000 00:00 0 
7f1b18000000-7f1b18021000 rw-p 00000000 00:00 0 
7f1b18021000-7f1b1c000000 ---p 00000000 00:00 0 
7f1b1c000000-7f1b1c021000 rw-p 00000000 00:00 0 
7f1b1c021000-7f1b20000000 ---p 00000000 00:00 0 
7f1b20000000-7f1b200ca000 rw-p 00000000 00:00 0 
7f1b200ca000-7f1b24000000 ---p 00000000 00:00 0 
7f1b24000000-7f1b24021000 rw-p 00000000 00:00 0 
7f1b24021000-7f1b28000000 ---p 00000000 00:00 0 
7f1b28000000-7f1b28021000 rw-p 00000000 00:00 0 
7f1b28021000-7f1b2c000000 ---p 00000000 00:00 0 
7f1b2cdd0000-7f1b2cdd1000 ---p 00000000 00:00 0 
7f1b2cdd1000-7f1b2ced2000 rw-p 00000000 00:00 0 
7f1b2ced2000-7f1b2ced3000 ---p 00000000 00:00 0 
7f1b2ced3000-7f1b2cfd4000 rw-p 00000000 00:00 0 
7f1b2cfd4000-7f1b2cfd5000 ---p 00000000 00:00 0 
7f1b2cfd5000-7f1b2d0d6000 rw-p 00000000 00:00 0 
7f1b2d0d6000-7f1b2d0d7000 ---p 00000000 00:00 0 
7f1b2d0d7000-7f1b2d1d8000 rw-p 00000000 00:00 0 
7f1b2d1d8000-7f1b2d1d9000 ---p 00000000 00:00 0 
7f1b2d1d9000-7f1b2d2da000 rw-p 00000000 00:00 0 
7f1b2d2da000-7f1b2d2db000 ---p 00000000 00:00 0 
7f1b2d2db000-7f1b2d3dc000 rw-p 00000000 00:00 0 
7f1b2d3dc000-7f1b2d3dd000 ---p 00000000 00:00 0 
7f1b2d3dd000-7f1b2d4de000 rw-p 00000000 00:00 0 
7f1b2d4de000-7f1b2d4df000 ---p 00000000 00:00 0 
7f1b2d4df000-7f1b2d5e0000 rw-p 00000000 00:00 0 
7f1b2d5e0000-7f1b2d5e1000 ---p 00000000 00:00 0 
7f1b2d5e1000-7f1b2d6e2000 rw-p 00000000 00:00 0 
7f1b2d6e2000-7f1b2d6e6000 ---p 00000000 00:00 0 
7f1b2d6e6000-7f1b2d7e3000 rw-p 00000000 00:00 0 
7f1b2d7e3000-7f1b2d7e4000 ---p 00000000 00:00 0 
7f1b2d7e4000-7f1b2d8e5000 rw-p 00000000 00:00 0 
7f1b2d8e5000-7f1b2d8e9000 ---p 00000000 00:00 0 
7f1b2d8e9000-7f1b2d9e6000 rw-p 00000000 00:00 0 
7f1b2d9e6000-7f1b2d9ea000 ---p 00000000 00:00 0 
7f1b2d9ea000-7f1b2dae7000 rw-p 00000000 00:00 0 
7f1b2dae7000-7f1b2daeb000 ---p 00000000 00:00 0 
7f1b2daeb000-7f1b2dbe8000 rw-p 00000000 00:00 0 
7f1b2dbe8000-7f1b2dbec000 ---p 00000000 00:00 0 
7f1b2dbec000-7f1b2dce9000 rw-p 00000000 00:00 0 
7f1b2dce9000-7f1b2dcec000 r--p 00000000 08:01 5898969                    /lib/x86_64-linux-gnu/libnss_files-2.29.so
7f1b2dcec000-7f1b2dcf3000 r-xp 00003000 08:01 5898969                    /lib/x86_64-linux-gnu/libnss_files-2.29.so
7f1b2dcf3000-7f1b2dcf5000 r--p 0000a000 08:01 5898969                    /lib/x86_64-linux-gnu/libnss_files-2.29.so
7f1b2dcf5000-7f1b2dcf6000 r--p 0000b000 08:01 5898969                    /lib/x86_64-linux-gnu/libnss_files-2.29.so
7f1b2dcf6000-7f1b2dcf7000 rw-p 0000c000 08:01 5898969                    /lib/x86_64-linux-gnu/libnss_files-2.29.so
7f1b2dcf7000-7f1b2dcfd000 rw-p 00000000 00:00 0 
7f1b2dcfd000-7f1b2dd01000 ---p 00000000 00:00 0 
7f1b2dd01000-7f1b2ddfe000 rw-p 00000000 00:00 0 
7f1b2ddfe000-7f1b2de02000 ---p 00000000 00:00 0 
7f1b2de02000-7f1b2deff000 rw-p 00000000 00:00 0 
7f1b2deff000-7f1b2df03000 ---p 00000000 00:00 0 
7f1b2df03000-7f1b30000000 rw-p 00000000 00:00 0 
7f1b30000000-7f1b30021000 rw-p 00000000 00:00 0 
7f1b30021000-7f1b34000000 ---p 00000000 00:00 0 
7f1b3400c000-7f1b34041000 r--s 00000000 08:01 2499215                    /var/cache/nscd/hosts
7f1b34041000-7f1b34045000 ---p 00000000 00:00 0 
7f1b34045000-7f1b34142000 rw-p 00000000 00:00 0 
7f1b34142000-7f1b34146000 ---p 00000000 00:00 0 
7f1b34146000-7f1b34243000 rw-p 00000000 00:00 0 
7f1b34243000-7f1b34247000 ---p 00000000 00:00 0 
7f1b34247000-7f1b34344000 rw-p 00000000 00:00 0 
7f1b34344000-7f1b3467d000 r--p 00000000 08:01 6165976                    /usr/lib/locale/locale-archive
7f1b3467d000-7f1b34681000 ---p 00000000 00:00 0 
7f1b34681000-7f1b3477e000 rw-p 00000000 00:00 0 
7f1b3477e000-7f1b34782000 ---p 00000000 00:00 0 
7f1b34782000-7f1b3487f000 rw-p 00000000 00:00 0 
7f1b3487f000-7f1b34880000 ---p 00000000 00:00 0 
7f1b34880000-7f1b35041000 rw-p 00000000 00:00 0 
7f1b35041000-7f1b35181000 ---p 00000000 00:00 0 
7f1b35181000-7f1b35182000 ---p 00000000 00:00 0 
7f1b35182000-7f1b35283000 rw-p 00000000 00:00 0 
7f1b35283000-7f1b35284000 ---p 00000000 00:00 0 
7f1b35284000-7f1b35e60000 rw-p 00000000 00:00 0 
7f1b35e60000-7f1b3c3b8000 ---p 00000000 00:00 0 
7f1b3c3b8000-7f1b3c3c8000 rw-p 00000000 00:00 0 
7f1b3c3c8000-7f1b3d3c8000 ---p 00000000 00:00 0 
7f1b3d3c8000-7f1b3dba0000 rw-p 00000000 00:00 0 
7f1b3dba0000-7f1b440f8000 ---p 00000000 00:00 0 
7f1b440f8000-7f1b44108000 rw-p 00000000 00:00 0 
7f1b44108000-7f1b45108000 ---p 00000000 00:00 0 
7f1b45108000-7f1b45203000 rw-p 00000000 00:00 0 
7f1b45203000-7f1b45eae000 ---p 00000000 00:00 0 
7f1b45eae000-7f1b45eb0000 rw-p 00000000 00:00 0 
7f1b45eb0000-7f1b460b0000 ---p 00000000 00:00 0 
7f1b460b0000-7f1b461ab000 rw-p 00000000 00:00 0 
7f1b461ab000-7f1b46e56000 ---p 00000000 00:00 0 
7f1b46e56000-7f1b46e58000 rw-p 00000000 00:00 0 
7f1b46e58000-7f1b47058000 ---p 00000000 00:00 0 
7f1b47058000-7f1b47153000 rw-p 00000000 00:00 0 
7f1b47153000-7f1b47dfe000 ---p 00000000 00:00 0 
7f1b47dfe000-7f1b47e00000 rw-p 00000000 00:00 0 
7f1b47e00000-7f1b48000000 ---p 00000000 00:00 0 
7f1b48000000-7f1b48021000 rw-p 00000000 00:00 0 
7f1b48021000-7f1b4c000000 ---p 00000000 00:00 0 
7f1b4c007000-7f1b4c00b000 r--p 00000000 08:01 134021                     /usr/lib/jvm/java-11-openjdk-amd64/lib/libnet.so
7f1b4c00b000-7f1b4c01a000 r-xp 00004000 08:01 134021                     /usr/lib/jvm/java-11-openjdk-amd64/lib/libnet.so
7f1b4c01a000-7f1b4c01e000 r--p 00013000 08:01 134021                     /usr/lib/jvm/java-11-openjdk-amd64/lib/libnet.so
7f1b4c01e000-7f1b4c01f000 r--p 00016000 08:01 134021                     /usr/lib/jvm/java-11-openjdk-amd64/lib/libnet.so
7f1b4c01f000-7f1b4c020000 rw-p 00017000 08:01 134021                     /usr/lib/jvm/java-11-openjdk-amd64/lib/libnet.so
7f1b4c020000-7f1b4c027000 r--p 00000000 08:01 134023                     /usr/lib/jvm/java-11-openjdk-amd64/lib/libnio.so
7f1b4c027000-7f1b4c02e000 r-xp 00007000 08:01 134023                     /usr/lib/jvm/java-11-openjdk-amd64/lib/libnio.so
7f1b4c02e000-7f1b4c031000 r--p 0000e000 08:01 134023                     /usr/lib/jvm/java-11-openjdk-amd64/lib/libnio.so
7f1b4c031000-7f1b4c032000 r--p 00010000 08:01 134023                     /usr/lib/jvm/java-11-openjdk-amd64/lib/libnio.so
7f1b4c032000-7f1b4c033000 rw-p 00011000 08:01 134023                     /usr/lib/jvm/java-11-openjdk-amd64/lib/libnio.so
7f1b4c033000-7f1b4c73a000 rw-p 00000000 00:00 0 
7f1b4c73a000-7f1b4c73b000 ---p 00000000 00:00 0 
7f1b4c73b000-7f1b4c83c000 rw-p 00000000 00:00 0 
7f1b4c83c000-7f1b4c83d000 ---p 00000000 00:00 0 
7f1b4c83d000-7f1b4c93e000 rw-p 00000000 00:00 0 
7f1b4c93e000-7f1b4cbae000 rwxp 00000000 00:00 0 
7f1b4cbae000-7f1b4cecf000 ---p 00000000 00:00 0 
7f1b4cecf000-7f1b4d16f000 rwxp 00000000 00:00 0 
7f1b4d16f000-7f1b54406000 ---p 00000000 00:00 0 
7f1b54406000-7f1b54676000 rwxp 00000000 00:00 0 
7f1b54676000-7f1b5b93e000 ---p 00000000 00:00 0 
7f1b5b93e000-7f1b64000000 r--s 00000000 08:01 134057                     /usr/lib/jvm/java-11-openjdk-amd64/lib/modules
7f1b64000000-7f1b647f9000 rw-p 00000000 00:00 0 
7f1b647f9000-7f1b68000000 ---p 00000000 00:00 0 
7f1b68002000-7f1b68003000 r--p 00000000 08:01 133657                     /usr/lib/jvm/java-11-openjdk-amd64/lib/libextnet.so
7f1b68003000-7f1b68004000 r-xp 00001000 08:01 133657                     /usr/lib/jvm/java-11-openjdk-amd64/lib/libextnet.so
7f1b68004000-7f1b68005000 r--p 00002000 08:01 133657                     /usr/lib/jvm/java-11-openjdk-amd64/lib/libextnet.so
7f1b68005000-7f1b68006000 r--p 00002000 08:01 133657                     /usr/lib/jvm/java-11-openjdk-amd64/lib/libextnet.so
7f1b68006000-7f1b68007000 rw-p 00003000 08:01 133657                     /usr/lib/jvm/java-11-openjdk-amd64/lib/libextnet.so
7f1b68007000-7f1b68008000 r--p 00000000 08:01 133637                     /usr/lib/jvm/java-11-openjdk-amd64/lib/libdt_socket.so
7f1b68008000-7f1b6800b000 r-xp 00001000 08:01 133637                     /usr/lib/jvm/java-11-openjdk-amd64/lib/libdt_socket.so
7f1b6800b000-7f1b6800c000 r--p 00004000 08:01 133637                     /usr/lib/jvm/java-11-openjdk-amd64/lib/libdt_socket.so
7f1b6800c000-7f1b6800d000 r--p 00004000 08:01 133637                     /usr/lib/jvm/java-11-openjdk-amd64/lib/libdt_socket.so
7f1b6800d000-7f1b6800e000 rw-p 00005000 08:01 133637                     /usr/lib/jvm/java-11-openjdk-amd64/lib/libdt_socket.so
7f1b6800e000-7f1b68015000 r--s 00000000 08:01 6215712                    /usr/lib/x86_64-linux-gnu/gconv/gconv-modules.cache
7f1b68015000-7f1b68c3d000 rw-p 00000000 00:00 0 
7f1b68c3d000-7f1b68c3e000 ---p 00000000 00:00 0 
7f1b68c3e000-7f1b68d44000 rw-p 00000000 00:00 0 
7f1b68d44000-7f1b68e2a000 ---p 00000000 00:00 0 
7f1b68e2a000-7f1b68e30000 rw-p 00000000 00:00 0 
7f1b68e30000-7f1b68f15000 ---p 00000000 00:00 0 
7f1b68f15000-7f1b68f1a000 rw-p 00000000 00:00 0 
7f1b68f1a000-7f1b68f21000 ---p 00000000 00:00 0 
7f1b68f21000-7f1b68f23000 r--s 0000c000 08:01 447                        /usr/share/java/java-atk-wrapper.jar
7f1b68f23000-7f1b68f25000 r--p 00000000 08:01 133990                     /usr/lib/jvm/java-11-openjdk-amd64/lib/libjimage.so
7f1b68f25000-7f1b68f28000 r-xp 00002000 08:01 133990                     /usr/lib/jvm/java-11-openjdk-amd64/lib/libjimage.so
7f1b68f28000-7f1b68f29000 r--p 00005000 08:01 133990                     /usr/lib/jvm/java-11-openjdk-amd64/lib/libjimage.so
7f1b68f29000-7f1b68f2a000 ---p 00006000 08:01 133990                     /usr/lib/jvm/java-11-openjdk-amd64/lib/libjimage.so
7f1b68f2a000-7f1b68f2b000 r--p 00006000 08:01 133990                     /usr/lib/jvm/java-11-openjdk-amd64/lib/libjimage.so
7f1b68f2b000-7f1b68f2c000 rw-p 00007000 08:01 133990                     /usr/lib/jvm/java-11-openjdk-amd64/lib/libjimage.so
7f1b68f2c000-7f1b68f2e000 r--p 00000000 08:01 134055                     /usr/lib/jvm/java-11-openjdk-amd64/lib/libzip.so
7f1b68f2e000-7f1b68f32000 r-xp 00002000 08:01 134055                     /usr/lib/jvm/java-11-openjdk-amd64/lib/libzip.so
7f1b68f32000-7f1b68f34000 r--p 00006000 08:01 134055                     /usr/lib/jvm/java-11-openjdk-amd64/lib/libzip.so
7f1b68f34000-7f1b68f35000 r--p 00007000 08:01 134055                     /usr/lib/jvm/java-11-openjdk-amd64/lib/libzip.so
7f1b68f35000-7f1b68f36000 rw-p 00008000 08:01 134055                     /usr/lib/jvm/java-11-openjdk-amd64/lib/libzip.so
7f1b68f36000-7f1b68f3e000 rw-s 00000000 08:01 396166                     /tmp/hsperfdata_tgeb/150886
7f1b68f3e000-7f1b68f73000 r--s 00000000 08:01 2499213                    /var/cache/nscd/passwd
7f1b68f73000-7f1b68f75000 r--p 00000000 08:01 133988                     /usr/lib/jvm/java-11-openjdk-amd64/lib/libjdwp.so
7f1b68f75000-7f1b68fa0000 r-xp 00002000 08:01 133988                     /usr/lib/jvm/java-11-openjdk-amd64/lib/libjdwp.so
7f1b68fa0000-7f1b68fad000 r--p 0002d000 08:01 133988                     /usr/lib/jvm/java-11-openjdk-amd64/lib/libjdwp.so
7f1b68fad000-7f1b68fae000 ---p 0003a000 08:01 133988                     /usr/lib/jvm/java-11-openjdk-amd64/lib/libjdwp.so
7f1b68fae000-7f1b68faf000 r--p 0003a000 08:01 133988                     /usr/lib/jvm/java-11-openjdk-amd64/lib/libjdwp.so
7f1b68faf000-7f1b68fb0000 rw-p 0003b000 08:01 133988                     /usr/lib/jvm/java-11-openjdk-amd64/lib/libjdwp.so
7f1b68fb0000-7f1b68fbd000 r--p 00000000 08:01 133982                     /usr/lib/jvm/java-11-openjdk-amd64/lib/libjava.so
7f1b68fbd000-7f1b68fd2000 r-xp 0000d000 08:01 133982                     /usr/lib/jvm/java-11-openjdk-amd64/lib/libjava.so
7f1b68fd2000-7f1b68fd9000 r--p 00022000 08:01 133982                     /usr/lib/jvm/java-11-openjdk-amd64/lib/libjava.so
7f1b68fd9000-7f1b68fda000 r--p 00028000 08:01 133982                     /usr/lib/jvm/java-11-openjdk-amd64/lib/libjava.so
7f1b68fda000-7f1b68fdc000 rw-p 00029000 08:01 133982                     /usr/lib/jvm/java-11-openjdk-amd64/lib/libjava.so
7f1b68fdc000-7f1b68fdf000 r--p 00000000 08:01 5898988                    /lib/x86_64-linux-gnu/librt-2.29.so
7f1b68fdf000-7f1b68fe3000 r-xp 00003000 08:01 5898988                    /lib/x86_64-linux-gnu/librt-2.29.so
7f1b68fe3000-7f1b68fe5000 r--p 00007000 08:01 5898988                    /lib/x86_64-linux-gnu/librt-2.29.so
7f1b68fe5000-7f1b68fe6000 r--p 00008000 08:01 5898988                    /lib/x86_64-linux-gnu/librt-2.29.so
7f1b68fe6000-7f1b68fe7000 rw-p 00009000 08:01 5898988                    /lib/x86_64-linux-gnu/librt-2.29.so
7f1b68fe7000-7f1b68feb000 ---p 00000000 00:00 0 
7f1b68feb000-7f1b690e8000 rw-p 00000000 00:00 0 
7f1b690e8000-7f1b690eb000 r--p 00000000 08:01 5898306                    /lib/x86_64-linux-gnu/libgcc_s.so.1
7f1b690eb000-7f1b690fc000 r-xp 00003000 08:01 5898306                    /lib/x86_64-linux-gnu/libgcc_s.so.1
7f1b690fc000-7f1b69100000 r--p 00014000 08:01 5898306                    /lib/x86_64-linux-gnu/libgcc_s.so.1
7f1b69100000-7f1b69101000 r--p 00017000 08:01 5898306                    /lib/x86_64-linux-gnu/libgcc_s.so.1
7f1b69101000-7f1b69102000 rw-p 00018000 08:01 5898306                    /lib/x86_64-linux-gnu/libgcc_s.so.1
7f1b69102000-7f1b69111000 r--p 00000000 08:01 5898865                    /lib/x86_64-linux-gnu/libm-2.29.so
7f1b69111000-7f1b691ac000 r-xp 0000f000 08:01 5898865                    /lib/x86_64-linux-gnu/libm-2.29.so
7f1b691ac000-7f1b69245000 r--p 000aa000 08:01 5898865                    /lib/x86_64-linux-gnu/libm-2.29.so
7f1b69245000-7f1b69246000 r--p 00142000 08:01 5898865                    /lib/x86_64-linux-gnu/libm-2.29.so
7f1b69246000-7f1b69247000 rw-p 00143000 08:01 5898865                    /lib/x86_64-linux-gnu/libm-2.29.so
7f1b69247000-7f1b692dd000 r--p 00000000 08:01 6163067                    /usr/lib/x86_64-linux-gnu/libstdc++.so.6.0.28
7f1b692dd000-7f1b693c5000 r-xp 00096000 08:01 6163067                    /usr/lib/x86_64-linux-gnu/libstdc++.so.6.0.28
7f1b693c5000-7f1b6940f000 r--p 0017e000 08:01 6163067                    /usr/lib/x86_64-linux-gnu/libstdc++.so.6.0.28
7f1b6940f000-7f1b6941a000 r--p 001c7000 08:01 6163067                    /usr/lib/x86_64-linux-gnu/libstdc++.so.6.0.28
7f1b6941a000-7f1b6941d000 rw-p 001d2000 08:01 6163067                    /usr/lib/x86_64-linux-gnu/libstdc++.so.6.0.28
7f1b6941d000-7f1b69420000 rw-p 00000000 00:00 0 
7f1b69420000-7f1b6968d000 r--p 00000000 08:01 134066                     /usr/lib/jvm/java-11-openjdk-amd64/lib/server/libjvm.so
7f1b6968d000-7f1b6a200000 r-xp 0026d000 08:01 134066                     /usr/lib/jvm/java-11-openjdk-amd64/lib/server/libjvm.so
7f1b6a200000-7f1b6a43a000 r--p 00de0000 08:01 134066                     /usr/lib/jvm/java-11-openjdk-amd64/lib/server/libjvm.so
7f1b6a43a000-7f1b6a4f7000 r--p 01019000 08:01 134066                     /usr/lib/jvm/java-11-openjdk-amd64/lib/server/libjvm.so
7f1b6a4f7000-7f1b6a530000 rw-p 010d6000 08:01 134066                     /usr/lib/jvm/java-11-openjdk-amd64/lib/server/libjvm.so
7f1b6a530000-7f1b6a589000 rw-p 00000000 00:00 0 
7f1b6a589000-7f1b6a590000 r--p 00000000 08:01 5898981                    /lib/x86_64-linux-gnu/libpthread-2.29.so
7f1b6a590000-7f1b6a59f000 r-xp 00007000 08:01 5898981                    /lib/x86_64-linux-gnu/libpthread-2.29.so
7f1b6a59f000-7f1b6a5a4000 r--p 00016000 08:01 5898981                    /lib/x86_64-linux-gnu/libpthread-2.29.so
7f1b6a5a4000-7f1b6a5a5000 r--p 0001a000 08:01 5898981                    /lib/x86_64-linux-gnu/libpthread-2.29.so
7f1b6a5a5000-7f1b6a5a6000 rw-p 0001b000 08:01 5898981                    /lib/x86_64-linux-gnu/libpthread-2.29.so
7f1b6a5a6000-7f1b6a5aa000 rw-p 00000000 00:00 0 
7f1b6a5aa000-7f1b6a5ab000 r--p 00000000 08:01 5898856                    /lib/x86_64-linux-gnu/libdl-2.29.so
7f1b6a5ab000-7f1b6a5ac000 r-xp 00001000 08:01 5898856                    /lib/x86_64-linux-gnu/libdl-2.29.so
7f1b6a5ac000-7f1b6a5ad000 r--p 00002000 08:01 5898856                    /lib/x86_64-linux-gnu/libdl-2.29.so
7f1b6a5ad000-7f1b6a5ae000 r--p 00002000 08:01 5898856                    /lib/x86_64-linux-gnu/libdl-2.29.so
7f1b6a5ae000-7f1b6a5af000 rw-p 00003000 08:01 5898856                    /lib/x86_64-linux-gnu/libdl-2.29.so
7f1b6a5af000-7f1b6a5b2000 r--p 00000000 08:01 5898360                    /lib/x86_64-linux-gnu/libz.so.1.2.11
7f1b6a5b2000-7f1b6a5c3000 r-xp 00003000 08:01 5898360                    /lib/x86_64-linux-gnu/libz.so.1.2.11
7f1b6a5c3000-7f1b6a5c9000 r--p 00014000 08:01 5898360                    /lib/x86_64-linux-gnu/libz.so.1.2.11
7f1b6a5c9000-7f1b6a5ca000 ---p 0001a000 08:01 5898360                    /lib/x86_64-linux-gnu/libz.so.1.2.11
7f1b6a5ca000-7f1b6a5cb000 r--p 0001a000 08:01 5898360                    /lib/x86_64-linux-gnu/libz.so.1.2.11
7f1b6a5cb000-7f1b6a5cc000 rw-p 0001b000 08:01 5898360                    /lib/x86_64-linux-gnu/libz.so.1.2.11
7f1b6a5cc000-7f1b6a5f1000 r--p 00000000 08:01 5898839                    /lib/x86_64-linux-gnu/libc-2.29.so
7f1b6a5f1000-7f1b6a738000 r-xp 00025000 08:01 5898839                    /lib/x86_64-linux-gnu/libc-2.29.so
7f1b6a738000-7f1b6a781000 r--p 0016c000 08:01 5898839                    /lib/x86_64-linux-gnu/libc-2.29.so
7f1b6a781000-7f1b6a782000 ---p 001b5000 08:01 5898839                    /lib/x86_64-linux-gnu/libc-2.29.so
7f1b6a782000-7f1b6a785000 r--p 001b5000 08:01 5898839                    /lib/x86_64-linux-gnu/libc-2.29.so
7f1b6a785000-7f1b6a788000 rw-p 001b8000 08:01 5898839                    /lib/x86_64-linux-gnu/libc-2.29.so
7f1b6a788000-7f1b6a78c000 rw-p 00000000 00:00 0 
7f1b6a78c000-7f1b6a78e000 r--p 00000000 08:01 133659                     /usr/lib/jvm/java-11-openjdk-amd64/lib/libinstrument.so
7f1b6a78e000-7f1b6a794000 r-xp 00002000 08:01 133659                     /usr/lib/jvm/java-11-openjdk-amd64/lib/libinstrument.so
7f1b6a794000-7f1b6a797000 r--p 00008000 08:01 133659                     /usr/lib/jvm/java-11-openjdk-amd64/lib/libinstrument.so
7f1b6a797000-7f1b6a798000 r--p 0000a000 08:01 133659                     /usr/lib/jvm/java-11-openjdk-amd64/lib/libinstrument.so
7f1b6a798000-7f1b6a799000 rw-p 0000b000 08:01 133659                     /usr/lib/jvm/java-11-openjdk-amd64/lib/libinstrument.so
7f1b6a799000-7f1b6a79a000 ---p 00000000 00:00 0 
7f1b6a79a000-7f1b6a79b000 r--p 00000000 00:00 0 
7f1b6a79b000-7f1b6a7a0000 r--p 00000000 08:01 134037                     /usr/lib/jvm/java-11-openjdk-amd64/lib/libverify.so
7f1b6a7a0000-7f1b6a7a7000 r-xp 00005000 08:01 134037                     /usr/lib/jvm/java-11-openjdk-amd64/lib/libverify.so
7f1b6a7a7000-7f1b6a7a9000 r--p 0000c000 08:01 134037                     /usr/lib/jvm/java-11-openjdk-amd64/lib/libverify.so
7f1b6a7a9000-7f1b6a7aa000 ---p 0000e000 08:01 134037                     /usr/lib/jvm/java-11-openjdk-amd64/lib/libverify.so
7f1b6a7aa000-7f1b6a7ac000 r--p 0000e000 08:01 134037                     /usr/lib/jvm/java-11-openjdk-amd64/lib/libverify.so
7f1b6a7ac000-7f1b6a7ad000 rw-p 00010000 08:01 134037                     /usr/lib/jvm/java-11-openjdk-amd64/lib/libverify.so
7f1b6a7ad000-7f1b6a7b0000 r--p 00000000 08:01 133493                     /usr/lib/jvm/java-11-openjdk-amd64/lib/jli/libjli.so
7f1b6a7b0000-7f1b6a7ba000 r-xp 00003000 08:01 133493                     /usr/lib/jvm/java-11-openjdk-amd64/lib/jli/libjli.so
7f1b6a7ba000-7f1b6a7bd000 r--p 0000d000 08:01 133493                     /usr/lib/jvm/java-11-openjdk-amd64/lib/jli/libjli.so
7f1b6a7bd000-7f1b6a7be000 r--p 0000f000 08:01 133493                     /usr/lib/jvm/java-11-openjdk-amd64/lib/jli/libjli.so
7f1b6a7be000-7f1b6a7bf000 rw-p 00010000 08:01 133493                     /usr/lib/jvm/java-11-openjdk-amd64/lib/jli/libjli.so
7f1b6a7bf000-7f1b6a7c1000 rw-p 00000000 00:00 0 
7f1b6a7c1000-7f1b6a7c2000 r--p 00000000 08:01 5898441                    /lib/x86_64-linux-gnu/ld-2.29.so
7f1b6a7c2000-7f1b6a7e0000 r-xp 00001000 08:01 5898441                    /lib/x86_64-linux-gnu/ld-2.29.so
7f1b6a7e0000-7f1b6a7e8000 r--p 0001f000 08:01 5898441                    /lib/x86_64-linux-gnu/ld-2.29.so
7f1b6a7e8000-7f1b6a7e9000 r--p 00026000 08:01 5898441                    /lib/x86_64-linux-gnu/ld-2.29.so
7f1b6a7e9000-7f1b6a7ea000 rw-p 00027000 08:01 5898441                    /lib/x86_64-linux-gnu/ld-2.29.so
7f1b6a7ea000-7f1b6a7eb000 rw-p 00000000 00:00 0 
7ffd7bf47000-7ffd7bf69000 rw-p 00000000 00:00 0                          [stack]
7ffd7bf83000-7ffd7bf86000 r--p 00000000 00:00 0                          [vvar]
7ffd7bf86000-7ffd7bf87000 r-xp 00000000 00:00 0                          [vdso]


VM Arguments:
jvm_args: -agentlib:jdwp=transport=dt_socket,suspend=y,address=localhost:33027 -ea -javaagent:/users/sbi00/tgeb/eclipse/jee-2018-09/eclipse/configuration/org.eclipse.osgi/414/0/.cp/lib/javaagent-shaded.jar -Dfile.encoding=UTF-8 
java_command: org.eclipse.jdt.internal.junit.runner.RemoteTestRunner -version 3 -port 35255 -testLoaderClass org.eclipse.jdt.internal.junit4.runner.JUnit4TestLoader -loaderpluginname org.eclipse.jdt.junit4.runtime -classNames de.unirostock.sems.TestMerge
java_class_path (initial): /users/sbi00/tgeb/eclipse-workspace/BiVeS-Merge/target/test-classes:/users/sbi00/tgeb/eclipse-workspace/BiVeS-Merge/target/classes:/users/sbi00/tgeb/.m2/repository/junit/junit/4.8.1/junit-4.8.1.jar:/var/www/html/GitRepos/BiVeS-Core/target/classes:/users/sbi00/tgeb/.m2/repository/com/googlecode/json-simple/json-simple/1.1.1/json-simple-1.1.1.jar:/var/www/html/GitRepos/XMLUtils/target/classes:/users/sbi00/tgeb/.m2/repository/de/binfalse/BFUtils/0.5.8/BFUtils-0.5.8.jar:/users/sbi00/tgeb/.m2/repository/commons-io/commons-io/2.4/commons-io-2.4.jar:/users/sbi00/tgeb/.m2/repository/org/apache/httpcomponents/httpclient/4.5.10/httpclient-4.5.10.jar:/users/sbi00/tgeb/.m2/repository/org/apache/httpcomponents/httpcore/4.4.12/httpcore-4.4.12.jar:/users/sbi00/tgeb/.m2/repository/commons-logging/commons-logging/1.2/commons-logging-1.2.jar:/users/sbi00/tgeb/.m2/repository/commons-codec/commons-codec/1.11/commons-codec-1.11.jar:/users/sbi00/tgeb/.m2/repository/org/jdom/jdom2/2.0.5/jdom2-2.0.5.jar:/users/sbi00/tgeb/.m2/repository/de/uni-rostock/sbi/jCOMODI/1.0.2/jCOMODI-1.0.2.jar:/users/sbi00/tgeb/.m2/repository/org/apache/jena/jena-tdb/3.0.0/jena-tdb-3.0.0.jar:/users/sbi00/tgeb/.m2/repository/org/apache/jena/jena-arq/3.0.0/jena-arq-3.0.0.jar:/users/sbi00/tgeb/.m2/repository/org/apache/jena/jena-core/3.0.0/jena-core-3.0.0.jar:/users/sbi00/tgeb/.m2/repository/org/apache/jena/jena-iri/3.0.0/jena-iri-3.0.0.jar:/users/sbi00/tgeb/.m2/repository/xerces/xercesImpl/2.11.0/xercesImpl-2.11.0.jar:/users/sbi00/tgeb/.m2/repository/xml-apis/xml-apis/1.4.01/xml-apis-1.4.01.jar:/users/sbi00/tgeb/.m2/repository/org/apache/jena/jena-base/3.0.0/jena-base-3.0.0.jar:/users/sbi00/tgeb/.m2/repository/org/apache/jena/jena-shaded-guava/3.0.0/jena-shaded-guava-3.0.0.jar:/users/sbi00/tgeb/.m2/repository/com/github/jsonld-java/jsonld-java/0.5.1/jsonld-java-0.5.1.jar:/users/sbi00/tgeb/.m2/repository/com/fasterxml/jackson/core/jackson-core/2.3.3/jackson-core-2.3.3.jar:/users/sbi00/tge
Launcher Type: SUN_STANDARD

[Global flags]
     intx CICompilerCount                          = 4                                         {product} {ergonomic}
     uint ConcGCThreads                            = 3                                         {product} {ergonomic}
     uint G1ConcRefinementThreads                  = 10                                        {product} {ergonomic}
   size_t G1HeapRegionSize                         = 2097152                                   {product} {ergonomic}
    uintx GCDrainStackTargetSize                   = 64                                        {product} {ergonomic}
   size_t InitialHeapSize                          = 526385152                                 {product} {ergonomic}
   size_t MarkStackSize                            = 4194304                                   {product} {ergonomic}
   size_t MaxHeapSize                              = 8405385216                                {product} {ergonomic}
   size_t MaxNewSize                               = 5041553408                                {product} {ergonomic}
   size_t MinHeapDeltaBytes                        = 2097152                                   {product} {ergonomic}
    uintx NonNMethodCodeHeapSize                   = 5836300                                {pd product} {ergonomic}
    uintx NonProfiledCodeHeapSize                  = 122910970                              {pd product} {ergonomic}
    uintx ProfiledCodeHeapSize                     = 122910970                              {pd product} {ergonomic}
    uintx ReservedCodeCacheSize                    = 251658240                              {pd product} {ergonomic}
     bool SegmentedCodeCache                       = true                                      {product} {ergonomic}
     bool UseCompressedClassPointers               = true                                 {lp64_product} {ergonomic}
     bool UseCompressedOops                        = true                                 {lp64_product} {ergonomic}
     bool UseG1GC                                  = true                                      {product} {ergonomic}

Logging:
Log output configuration:
 #0: stdout all=warning uptime,level,tags
 #1: stderr all=off uptime,level,tags

Environment Variables:
PATH=/usr/local/bin:/usr/bin:/bin:/usr/local/games:/usr/games
SHELL=/usr/bin/zsh
DISPLAY=:0

Signal Handlers:
SIGSEGV: [libjvm.so+0xd6efb0], sa_mask[0]=11111111011111111101111111111110, sa_flags=SA_RESTART|SA_SIGINFO
SIGBUS: [libjvm.so+0xd6efb0], sa_mask[0]=11111111011111111101111111111110, sa_flags=SA_RESTART|SA_SIGINFO
SIGFPE: [libjvm.so+0xd6efb0], sa_mask[0]=11111111011111111101111111111110, sa_flags=SA_RESTART|SA_SIGINFO
SIGPIPE: [libjvm.so+0xb6e120], sa_mask[0]=11111111011111111101111111111110, sa_flags=SA_RESTART|SA_SIGINFO
SIGXFSZ: [libjvm.so+0xb6e120], sa_mask[0]=11111111011111111101111111111110, sa_flags=SA_RESTART|SA_SIGINFO
SIGILL: [libjvm.so+0xd6efb0], sa_mask[0]=11111111011111111101111111111110, sa_flags=SA_RESTART|SA_SIGINFO
SIGUSR2: [libjvm.so+0xb6dfc0], sa_mask[0]=00100000000000000000000000000000, sa_flags=SA_RESTART|SA_SIGINFO
SIGHUP: [libjvm.so+0xb6e460], sa_mask[0]=11111111011111111101111111111110, sa_flags=SA_RESTART|SA_SIGINFO
SIGINT: [libjvm.so+0xb6e460], sa_mask[0]=11111111011111111101111111111110, sa_flags=SA_RESTART|SA_SIGINFO
SIGTERM: [libjvm.so+0xb6e460], sa_mask[0]=11111111011111111101111111111110, sa_flags=SA_RESTART|SA_SIGINFO
SIGQUIT: [libjvm.so+0xb6e460], sa_mask[0]=11111111011111111101111111111110, sa_flags=SA_RESTART|SA_SIGINFO


---------------  S Y S T E M  ---------------

OS:PRETTY_NAME="Debian GNU/Linux bullseye/sid"
NAME="Debian GNU/Linux"
ID=debian
HOME_URL="https://www.debian.org/"
SUPPORT_URL="https://www.debian.org/support"
BUG_REPORT_URL="https://bugs.debian.org/"
uname:Linux 5.3.0-3-amd64 #1 SMP Debian 5.3.15-1 (2019-12-07) x86_64
libc:glibc 2.29 NPTL 2.29 
rlimit: STACK 8192k, CORE 0k, NPROC 128029, NOFILE 1048576, AS infinity, DATA infinity, FSIZE infinity
load average:3.38 3.46 3.61

/proc/meminfo:
MemTotal:       32829624 kB
MemFree:        21418700 kB
MemAvailable:   24360080 kB
Buffers:          303692 kB
Cached:          3212024 kB
SwapCached:            0 kB
Active:          8636152 kB
Inactive:        1972720 kB
Active(anon):    7131212 kB
Inactive(anon):   350008 kB
Active(file):    1504940 kB
Inactive(file):  1622712 kB
Unevictable:         180 kB
Mlocked:             180 kB
SwapTotal:      31457276 kB
SwapFree:       31457276 kB
Dirty:              2336 kB
Writeback:             0 kB
AnonPages:       7044272 kB
Mapped:           858776 kB
Shmem:            401016 kB
KReclaimable:     279760 kB
Slab:             577488 kB
SReclaimable:     279760 kB
SUnreclaim:       297728 kB
KernelStack:       26524 kB
PageTables:        55152 kB
NFS_Unstable:          0 kB
Bounce:                0 kB
WritebackTmp:          0 kB
CommitLimit:    47872088 kB
Committed_AS:   17519060 kB
VmallocTotal:   34359738367 kB
VmallocUsed:       51660 kB
VmallocChunk:          0 kB
Percpu:            11648 kB
HardwareCorrupted:     0 kB
AnonHugePages:   3903488 kB
ShmemHugePages:        0 kB
ShmemPmdMapped:        0 kB
HugePages_Total:       0
HugePages_Free:        0
HugePages_Rsvd:        0
HugePages_Surp:        0
Hugepagesize:       2048 kB
Hugetlb:               0 kB
DirectMap4k:      495232 kB
DirectMap2M:    14123008 kB
DirectMap1G:    20971520 kB


/proc/sys/kernel/threads-max (system-wide limit on the number of threads):
256058


/proc/sys/vm/max_map_count (maximum number of memory map areas a process may have):
65530


/proc/sys/kernel/pid_max (system-wide limit on number of process identifiers):
4194304



container (cgroup) information:
container_type: cgroupv1
cpu_cpuset_cpus: 0-11
cpu_memory_nodes: 0
active_processor_count: 12
cpu_quota: -1
cpu_period: 100000
cpu_shares: -1
memory_limit_in_bytes: -1
memory_and_swap_limit_in_bytes: -2
memory_soft_limit_in_bytes: -1
memory_usage_in_bytes: 5149392896
memory_max_usage_in_bytes: 6056349696

Steal ticks since vm start: 0
Steal ticks percentage since vm start:  0.000

CPU:total 12 (initial active 12) (6 cores per cpu, 2 threads per core) family 6 model 45 stepping 7, cmov, cx8, fxsr, mmx, sse, sse2, sse3, ssse3, sse4.1, sse4.2, popcnt, avx, aes, clmul, ht, tsc, tscinvbit, tscinv
CPU Model and flags from /proc/cpuinfo:
model name	: Intel(R) Core(TM) i7-3930K CPU @ 3.20GHz
flags		: fpu vme de pse tsc msr pae mce cx8 apic sep mtrr pge mca cmov pat pse36 clflush dts acpi mmx fxsr sse sse2 ss ht tm pbe syscall nx pdpe1gb rdtscp lm constant_tsc arch_perfmon pebs bts rep_good nopl xtopology nonstop_tsc cpuid aperfmperf pni pclmulqdq dtes64 monitor ds_cpl vmx est tm2 ssse3 cx16 xtpr pdcm pcid dca sse4_1 sse4_2 x2apic popcnt tsc_deadline_timer aes xsave avx lahf_lm epb pti tpr_shadow vnmi flexpriority ept vpid xsaveopt dtherm ida arat pln pts

Memory: 4k page, physical 32829624k(21418700k free), swap 31457276k(31457276k free)

vm_info: OpenJDK 64-Bit Server VM (11.0.5+10-post-Debian-2) for linux-amd64 JRE (11.0.5+10-post-Debian-2), built on Oct 17 2019 20:04:30 by "buildd" with gcc 9.2.1 20191008

END.
