#
# A fatal error has been detected by the Java Runtime Environment:
#
#  Internal Error (generateOopMap.cpp:2164), pid=157069, tid=157082
#  fatal error: Illegal class file encountered. Try running with -Xverify:all in method testMergefunctions
#
# JRE version: OpenJDK Runtime Environment (11.0.5+10) (build 11.0.5+10-post-Debian-2)
# Java VM: OpenJDK 64-Bit Server VM (11.0.5+10-post-Debian-2, mixed mode, sharing, tiered, compressed oops, g1 gc, linux-amd64)
# No core dump will be written. Core dumps have been disabled. To enable core dumping, try "ulimit -c unlimited" before starting Java again
#
# If you would like to submit a bug report, please visit:
#   https://bugs.debian.org/openjdk-11
#

---------------  S U M M A R Y ------------

Command Line: -agentlib:jdwp=transport=dt_socket,suspend=y,address=localhost:32901 -ea -javaagent:/users/sbi00/tgeb/eclipse/jee-2018-09/eclipse/configuration/org.eclipse.osgi/414/0/.cp/lib/javaagent-shaded.jar -Dfile.encoding=UTF-8 org.eclipse.jdt.internal.junit.runner.RemoteTestRunner -version 3 -port 42115 -testLoaderClass org.eclipse.jdt.internal.junit4.runner.JUnit4TestLoader -loaderpluginname org.eclipse.jdt.junit4.runtime -classNames de.unirostock.sems.TestMerge

Host: Intel(R) Core(TM) i7-3930K CPU @ 3.20GHz, 12 cores, 31G, Debian GNU/Linux bullseye/sid
Time: Mon Dec 16 17:59:48 2019 CET elapsed time: 2549 seconds (0d 0h 42m 29s)

---------------  T H R E A D  ---------------

Current thread (0x00007f20d429d000):  VMThread "VM Thread" [stack: 0x00007f20bc539000,0x00007f20bc639000] [id=157082]

Stack: [0x00007f20bc539000,0x00007f20bc639000],  sp=0x00007f20bc636e90,  free space=1015k
Native frames: (J=compiled Java code, A=aot compiled Java code, j=interpreted, Vv=VM code, C=native code)
V  [libjvm.so+0xd6d646]
V  [libjvm.so+0xd6e241]
V  [libjvm.so+0x62d577]
V  [libjvm.so+0x78490a]
V  [libjvm.so+0x7849ab]
V  [libjvm.so+0x789f21]
V  [libjvm.so+0x78b500]
V  [libjvm.so+0x78b7d3]
V  [libjvm.so+0xb60a84]
V  [libjvm.so+0xb6172b]
V  [libjvm.so+0xb61c17]
V  [libjvm.so+0xb0833e]
V  [libjvm.so+0x9a775a]
V  [libjvm.so+0xd77bbc]
V  [libjvm.so+0xd753b7]
V  [libjvm.so+0xd759f0]
V  [libjvm.so+0xd75d12]
V  [libjvm.so+0xd01674]
V  [libjvm.so+0xb76e3e]

VM_Operation (0x00007f20a48528c0): GetOrSetLocal, mode: safepoint, requested by thread 0x00007f20d4306800


---------------  P R O C E S S  ---------------

Threads class SMR info:
_java_thread_list=0x00007f205835d160, length=13, elements={
0x00007f20d4015800, 0x00007f20d429f800, 0x00007f20d42a1800, 0x00007f20d42a7000,
0x00007f20d42a9000, 0x00007f20d42ab000, 0x00007f20d42ad000, 0x00007f20d42c3000,
0x00007f20d4306800, 0x00007f20d430a000, 0x00007f2074001800, 0x00007f20d4506000,
0x00007f20d453e800
}

Java Threads: ( => current thread )
  0x00007f20d4015800 JavaThread "main" [_thread_blocked, id=157076, stack(0x00007f20dba3b000,0x00007f20dbb3c000)]
  0x00007f20d429f800 JavaThread "Reference Handler" daemon [_thread_blocked, id=157083, stack(0x00007f20bc436000,0x00007f20bc537000)]
  0x00007f20d42a1800 JavaThread "Finalizer" daemon [_thread_blocked, id=157084, stack(0x00007f20bc335000,0x00007f20bc436000)]
  0x00007f20d42a7000 JavaThread "Signal Dispatcher" daemon [_thread_blocked, id=157085, stack(0x00007f20bc234000,0x00007f20bc335000)]
  0x00007f20d42a9000 JavaThread "C2 CompilerThread0" daemon [_thread_in_native, id=157086, stack(0x00007f20bc133000,0x00007f20bc234000)]
  0x00007f20d42ab000 JavaThread "C1 CompilerThread0" daemon [_thread_blocked, id=157087, stack(0x00007f20bc032000,0x00007f20bc133000)]
  0x00007f20d42ad000 JavaThread "Sweeper thread" daemon [_thread_blocked, id=157088, stack(0x00007f20a499e000,0x00007f20a4a9f000)]
  0x00007f20d42c3000 JavaThread "Common-Cleaner" daemon [_thread_blocked, id=157089, stack(0x00007f20a489d000,0x00007f20a499e000)]
  0x00007f20d4306800 JavaThread "JDWP Transport Listener: dt_socket" daemon [_thread_blocked, id=157092, stack(0x00007f20a4753000,0x00007f20a4854000)] _threads_hazard_ptr=0x00007f205835d160
  0x00007f20d430a000 JavaThread "JDWP Event Helper Thread" daemon [_thread_blocked, id=157094, stack(0x00007f20a4652000,0x00007f20a4753000)]
  0x00007f2074001800 JavaThread "JDWP Command Reader" daemon [_thread_in_native, id=157095, stack(0x00007f20a4551000,0x00007f20a4652000)]
  0x00007f20d4506000 JavaThread "Service Thread" daemon [_thread_blocked, id=157098, stack(0x00007f20a4437000,0x00007f20a4538000)]
  0x00007f20d453e800 JavaThread "ReaderThread" [_thread_in_native, id=157101, stack(0x00007f20a4133000,0x00007f20a4234000)]

Other Threads:
=>0x00007f20d429d000 VMThread "VM Thread" [stack: 0x00007f20bc539000,0x00007f20bc639000] [id=157082]
  0x00007f20d450b800 WatcherThread [stack: 0x00007f20a4337000,0x00007f20a4437000] [id=157099]
  0x00007f20d402f000 GCTaskThread "GC Thread#0" [stack: 0x00007f20db693000,0x00007f20db793000] [id=157077]
  0x00007f2094001000 GCTaskThread "GC Thread#1" [stack: 0x00007f2057f00000,0x00007f2058000000] [id=157107]
  0x00007f2094002800 GCTaskThread "GC Thread#2" [stack: 0x00007f2057dfe000,0x00007f2057efe000] [id=157108]
  0x00007f2094004000 GCTaskThread "GC Thread#3" [stack: 0x00007f2057cfc000,0x00007f2057dfc000] [id=157109]
  0x00007f2094006000 GCTaskThread "GC Thread#4" [stack: 0x00007f2057bfa000,0x00007f2057cfa000] [id=157110]
  0x00007f2094008000 GCTaskThread "GC Thread#5" [stack: 0x00007f2057af8000,0x00007f2057bf8000] [id=157111]
  0x00007f2094009800 GCTaskThread "GC Thread#6" [stack: 0x00007f20579f6000,0x00007f2057af6000] [id=157112]
  0x00007f209400b800 GCTaskThread "GC Thread#7" [stack: 0x00007f20578f4000,0x00007f20579f4000] [id=157113]
  0x00007f209400d000 GCTaskThread "GC Thread#8" [stack: 0x00007f20577f2000,0x00007f20578f2000] [id=157114]
  0x00007f209400f000 GCTaskThread "GC Thread#9" [stack: 0x00007f20576f0000,0x00007f20577f0000] [id=157115]
  0x00007f20d4069000 ConcurrentGCThread "G1 Main Marker" [stack: 0x00007f20d8af5000,0x00007f20d8bf5000] [id=157078]
  0x00007f20d406b000 ConcurrentGCThread "G1 Conc#0" [stack: 0x00007f20d89f3000,0x00007f20d8af3000] [id=157079]
  0x00007f20d41f6800 ConcurrentGCThread "G1 Refine#0" [stack: 0x00007f20bc73d000,0x00007f20bc83d000] [id=157080]
  0x00007f20d41f8000 ConcurrentGCThread "G1 Young RemSet Sampling" [stack: 0x00007f20bc63b000,0x00007f20bc73b000] [id=157081]

Threads with active compile tasks:
C2 CompilerThread02549873 1465       4       org.eclipse.jdt.launching.internal.org.objectweb.asm.SymbolTable::addConstantUtf8Reference (101 bytes)

VM state:at safepoint (normal execution)

VM Mutex/Monitor currently owned by a thread:  ([mutex/lock_event])
[0x00007f20d40138d0] Threads_lock - owner thread: 0x00007f20d429d000

Heap address: 0x000000060b000000, size: 8016 MB, Compressed Oops mode: Zero based, Oop shift amount: 3
Narrow klass base: 0x0000000800000000, Narrow klass shift: 3
Compressed class space size: 1073741824 Address: 0x0000000840000000

Heap:
 garbage-first heap   total 518144K, used 48675K [0x000000060b000000, 0x0000000800000000)
  region size 2048K, 25 young (51200K), 2 survivors (4096K)
 Metaspace       used 11223K, capacity 11458K, committed 11648K, reserved 1058816K
  class space    used 1327K, capacity 1392K, committed 1408K, reserved 1048576K
Heap Regions: E=young(eden), S=young(survivor), O=old, HS=humongous(starts), HC=humongous(continues), CS=collection set, F=free, A=archive, TAMS=top-at-mark-start (previous, next)
|   0|0x000000060b000000, 0x000000060b000000, 0x000000060b200000|  0%| F|  |TAMS 0x000000060b000000, 0x000000060b000000| Untracked 
|   1|0x000000060b200000, 0x000000060b200000, 0x000000060b400000|  0%| F|  |TAMS 0x000000060b200000, 0x000000060b200000| Untracked 
|   2|0x000000060b400000, 0x000000060b400000, 0x000000060b600000|  0%| F|  |TAMS 0x000000060b400000, 0x000000060b400000| Untracked 
|   3|0x000000060b600000, 0x000000060b600000, 0x000000060b800000|  0%| F|  |TAMS 0x000000060b600000, 0x000000060b600000| Untracked 
|   4|0x000000060b800000, 0x000000060b800000, 0x000000060ba00000|  0%| F|  |TAMS 0x000000060b800000, 0x000000060b800000| Untracked 
|   5|0x000000060ba00000, 0x000000060ba00000, 0x000000060bc00000|  0%| F|  |TAMS 0x000000060ba00000, 0x000000060ba00000| Untracked 
|   6|0x000000060bc00000, 0x000000060bc00000, 0x000000060be00000|  0%| F|  |TAMS 0x000000060bc00000, 0x000000060bc00000| Untracked 
|   7|0x000000060be00000, 0x000000060be00000, 0x000000060c000000|  0%| F|  |TAMS 0x000000060be00000, 0x000000060be00000| Untracked 
|   8|0x000000060c000000, 0x000000060c000000, 0x000000060c200000|  0%| F|  |TAMS 0x000000060c000000, 0x000000060c000000| Untracked 
|   9|0x000000060c200000, 0x000000060c200000, 0x000000060c400000|  0%| F|  |TAMS 0x000000060c200000, 0x000000060c200000| Untracked 
|  10|0x000000060c400000, 0x000000060c400000, 0x000000060c600000|  0%| F|  |TAMS 0x000000060c400000, 0x000000060c400000| Untracked 
|  11|0x000000060c600000, 0x000000060c600000, 0x000000060c800000|  0%| F|  |TAMS 0x000000060c600000, 0x000000060c600000| Untracked 
|  12|0x000000060c800000, 0x000000060c800000, 0x000000060ca00000|  0%| F|  |TAMS 0x000000060c800000, 0x000000060c800000| Untracked 
|  13|0x000000060ca00000, 0x000000060ca00000, 0x000000060cc00000|  0%| F|  |TAMS 0x000000060ca00000, 0x000000060ca00000| Untracked 
|  14|0x000000060cc00000, 0x000000060cc00000, 0x000000060ce00000|  0%| F|  |TAMS 0x000000060cc00000, 0x000000060cc00000| Untracked 
|  15|0x000000060ce00000, 0x000000060ce00000, 0x000000060d000000|  0%| F|  |TAMS 0x000000060ce00000, 0x000000060ce00000| Untracked 
|  16|0x000000060d000000, 0x000000060d000000, 0x000000060d200000|  0%| F|  |TAMS 0x000000060d000000, 0x000000060d000000| Untracked 
|  17|0x000000060d200000, 0x000000060d200000, 0x000000060d400000|  0%| F|  |TAMS 0x000000060d200000, 0x000000060d200000| Untracked 
|  18|0x000000060d400000, 0x000000060d400000, 0x000000060d600000|  0%| F|  |TAMS 0x000000060d400000, 0x000000060d400000| Untracked 
|  19|0x000000060d600000, 0x000000060d600000, 0x000000060d800000|  0%| F|  |TAMS 0x000000060d600000, 0x000000060d600000| Untracked 
|  20|0x000000060d800000, 0x000000060d800000, 0x000000060da00000|  0%| F|  |TAMS 0x000000060d800000, 0x000000060d800000| Untracked 
|  21|0x000000060da00000, 0x000000060da00000, 0x000000060dc00000|  0%| F|  |TAMS 0x000000060da00000, 0x000000060da00000| Untracked 
|  22|0x000000060dc00000, 0x000000060dc00000, 0x000000060de00000|  0%| F|  |TAMS 0x000000060dc00000, 0x000000060dc00000| Untracked 
|  23|0x000000060de00000, 0x000000060de00000, 0x000000060e000000|  0%| F|  |TAMS 0x000000060de00000, 0x000000060de00000| Untracked 
|  24|0x000000060e000000, 0x000000060e000000, 0x000000060e200000|  0%| F|  |TAMS 0x000000060e000000, 0x000000060e000000| Untracked 
|  25|0x000000060e200000, 0x000000060e200000, 0x000000060e400000|  0%| F|  |TAMS 0x000000060e200000, 0x000000060e200000| Untracked 
|  26|0x000000060e400000, 0x000000060e400000, 0x000000060e600000|  0%| F|  |TAMS 0x000000060e400000, 0x000000060e400000| Untracked 
|  27|0x000000060e600000, 0x000000060e600000, 0x000000060e800000|  0%| F|  |TAMS 0x000000060e600000, 0x000000060e600000| Untracked 
|  28|0x000000060e800000, 0x000000060e800000, 0x000000060ea00000|  0%| F|  |TAMS 0x000000060e800000, 0x000000060e800000| Untracked 
|  29|0x000000060ea00000, 0x000000060ea00000, 0x000000060ec00000|  0%| F|  |TAMS 0x000000060ea00000, 0x000000060ea00000| Untracked 
|  30|0x000000060ec00000, 0x000000060ec00000, 0x000000060ee00000|  0%| F|  |TAMS 0x000000060ec00000, 0x000000060ec00000| Untracked 
|  31|0x000000060ee00000, 0x000000060ee00000, 0x000000060f000000|  0%| F|  |TAMS 0x000000060ee00000, 0x000000060ee00000| Untracked 
|  32|0x000000060f000000, 0x000000060f000000, 0x000000060f200000|  0%| F|  |TAMS 0x000000060f000000, 0x000000060f000000| Untracked 
|  33|0x000000060f200000, 0x000000060f200000, 0x000000060f400000|  0%| F|  |TAMS 0x000000060f200000, 0x000000060f200000| Untracked 
|  34|0x000000060f400000, 0x000000060f400000, 0x000000060f600000|  0%| F|  |TAMS 0x000000060f400000, 0x000000060f400000| Untracked 
|  35|0x000000060f600000, 0x000000060f600000, 0x000000060f800000|  0%| F|  |TAMS 0x000000060f600000, 0x000000060f600000| Untracked 
|  36|0x000000060f800000, 0x000000060f800000, 0x000000060fa00000|  0%| F|  |TAMS 0x000000060f800000, 0x000000060f800000| Untracked 
|  37|0x000000060fa00000, 0x000000060fa00000, 0x000000060fc00000|  0%| F|  |TAMS 0x000000060fa00000, 0x000000060fa00000| Untracked 
|  38|0x000000060fc00000, 0x000000060fc00000, 0x000000060fe00000|  0%| F|  |TAMS 0x000000060fc00000, 0x000000060fc00000| Untracked 
|  39|0x000000060fe00000, 0x000000060fe00000, 0x0000000610000000|  0%| F|  |TAMS 0x000000060fe00000, 0x000000060fe00000| Untracked 
|  40|0x0000000610000000, 0x0000000610000000, 0x0000000610200000|  0%| F|  |TAMS 0x0000000610000000, 0x0000000610000000| Untracked 
|  41|0x0000000610200000, 0x0000000610200000, 0x0000000610400000|  0%| F|  |TAMS 0x0000000610200000, 0x0000000610200000| Untracked 
|  42|0x0000000610400000, 0x0000000610400000, 0x0000000610600000|  0%| F|  |TAMS 0x0000000610400000, 0x0000000610400000| Untracked 
|  43|0x0000000610600000, 0x0000000610600000, 0x0000000610800000|  0%| F|  |TAMS 0x0000000610600000, 0x0000000610600000| Untracked 
|  44|0x0000000610800000, 0x0000000610800000, 0x0000000610a00000|  0%| F|  |TAMS 0x0000000610800000, 0x0000000610800000| Untracked 
|  45|0x0000000610a00000, 0x0000000610a00000, 0x0000000610c00000|  0%| F|  |TAMS 0x0000000610a00000, 0x0000000610a00000| Untracked 
|  46|0x0000000610c00000, 0x0000000610c00000, 0x0000000610e00000|  0%| F|  |TAMS 0x0000000610c00000, 0x0000000610c00000| Untracked 
|  47|0x0000000610e00000, 0x0000000610e00000, 0x0000000611000000|  0%| F|  |TAMS 0x0000000610e00000, 0x0000000610e00000| Untracked 
|  48|0x0000000611000000, 0x0000000611000000, 0x0000000611200000|  0%| F|  |TAMS 0x0000000611000000, 0x0000000611000000| Untracked 
|  49|0x0000000611200000, 0x0000000611200000, 0x0000000611400000|  0%| F|  |TAMS 0x0000000611200000, 0x0000000611200000| Untracked 
|  50|0x0000000611400000, 0x0000000611400000, 0x0000000611600000|  0%| F|  |TAMS 0x0000000611400000, 0x0000000611400000| Untracked 
|  51|0x0000000611600000, 0x0000000611600000, 0x0000000611800000|  0%| F|  |TAMS 0x0000000611600000, 0x0000000611600000| Untracked 
|  52|0x0000000611800000, 0x0000000611800000, 0x0000000611a00000|  0%| F|  |TAMS 0x0000000611800000, 0x0000000611800000| Untracked 
|  53|0x0000000611a00000, 0x0000000611a00000, 0x0000000611c00000|  0%| F|  |TAMS 0x0000000611a00000, 0x0000000611a00000| Untracked 
|  54|0x0000000611c00000, 0x0000000611c00000, 0x0000000611e00000|  0%| F|  |TAMS 0x0000000611c00000, 0x0000000611c00000| Untracked 
|  55|0x0000000611e00000, 0x0000000611e00000, 0x0000000612000000|  0%| F|  |TAMS 0x0000000611e00000, 0x0000000611e00000| Untracked 
|  56|0x0000000612000000, 0x0000000612000000, 0x0000000612200000|  0%| F|  |TAMS 0x0000000612000000, 0x0000000612000000| Untracked 
|  57|0x0000000612200000, 0x0000000612200000, 0x0000000612400000|  0%| F|  |TAMS 0x0000000612200000, 0x0000000612200000| Untracked 
|  58|0x0000000612400000, 0x0000000612400000, 0x0000000612600000|  0%| F|  |TAMS 0x0000000612400000, 0x0000000612400000| Untracked 
|  59|0x0000000612600000, 0x0000000612600000, 0x0000000612800000|  0%| F|  |TAMS 0x0000000612600000, 0x0000000612600000| Untracked 
|  60|0x0000000612800000, 0x0000000612800000, 0x0000000612a00000|  0%| F|  |TAMS 0x0000000612800000, 0x0000000612800000| Untracked 
|  61|0x0000000612a00000, 0x0000000612a00000, 0x0000000612c00000|  0%| F|  |TAMS 0x0000000612a00000, 0x0000000612a00000| Untracked 
|  62|0x0000000612c00000, 0x0000000612c00000, 0x0000000612e00000|  0%| F|  |TAMS 0x0000000612c00000, 0x0000000612c00000| Untracked 
|  63|0x0000000612e00000, 0x0000000612e00000, 0x0000000613000000|  0%| F|  |TAMS 0x0000000612e00000, 0x0000000612e00000| Untracked 
|  64|0x0000000613000000, 0x0000000613000000, 0x0000000613200000|  0%| F|  |TAMS 0x0000000613000000, 0x0000000613000000| Untracked 
|  65|0x0000000613200000, 0x0000000613200000, 0x0000000613400000|  0%| F|  |TAMS 0x0000000613200000, 0x0000000613200000| Untracked 
|  66|0x0000000613400000, 0x0000000613400000, 0x0000000613600000|  0%| F|  |TAMS 0x0000000613400000, 0x0000000613400000| Untracked 
|  67|0x0000000613600000, 0x0000000613600000, 0x0000000613800000|  0%| F|  |TAMS 0x0000000613600000, 0x0000000613600000| Untracked 
|  68|0x0000000613800000, 0x0000000613800000, 0x0000000613a00000|  0%| F|  |TAMS 0x0000000613800000, 0x0000000613800000| Untracked 
|  69|0x0000000613a00000, 0x0000000613a00000, 0x0000000613c00000|  0%| F|  |TAMS 0x0000000613a00000, 0x0000000613a00000| Untracked 
|  70|0x0000000613c00000, 0x0000000613c00000, 0x0000000613e00000|  0%| F|  |TAMS 0x0000000613c00000, 0x0000000613c00000| Untracked 
|  71|0x0000000613e00000, 0x0000000613e00000, 0x0000000614000000|  0%| F|  |TAMS 0x0000000613e00000, 0x0000000613e00000| Untracked 
|  72|0x0000000614000000, 0x0000000614000000, 0x0000000614200000|  0%| F|  |TAMS 0x0000000614000000, 0x0000000614000000| Untracked 
|  73|0x0000000614200000, 0x0000000614200000, 0x0000000614400000|  0%| F|  |TAMS 0x0000000614200000, 0x0000000614200000| Untracked 
|  74|0x0000000614400000, 0x0000000614400000, 0x0000000614600000|  0%| F|  |TAMS 0x0000000614400000, 0x0000000614400000| Untracked 
|  75|0x0000000614600000, 0x0000000614600000, 0x0000000614800000|  0%| F|  |TAMS 0x0000000614600000, 0x0000000614600000| Untracked 
|  76|0x0000000614800000, 0x0000000614800000, 0x0000000614a00000|  0%| F|  |TAMS 0x0000000614800000, 0x0000000614800000| Untracked 
|  77|0x0000000614a00000, 0x0000000614a00000, 0x0000000614c00000|  0%| F|  |TAMS 0x0000000614a00000, 0x0000000614a00000| Untracked 
|  78|0x0000000614c00000, 0x0000000614c00000, 0x0000000614e00000|  0%| F|  |TAMS 0x0000000614c00000, 0x0000000614c00000| Untracked 
|  79|0x0000000614e00000, 0x0000000614e00000, 0x0000000615000000|  0%| F|  |TAMS 0x0000000614e00000, 0x0000000614e00000| Untracked 
|  80|0x0000000615000000, 0x0000000615000000, 0x0000000615200000|  0%| F|  |TAMS 0x0000000615000000, 0x0000000615000000| Untracked 
|  81|0x0000000615200000, 0x0000000615200000, 0x0000000615400000|  0%| F|  |TAMS 0x0000000615200000, 0x0000000615200000| Untracked 
|  82|0x0000000615400000, 0x0000000615400000, 0x0000000615600000|  0%| F|  |TAMS 0x0000000615400000, 0x0000000615400000| Untracked 
|  83|0x0000000615600000, 0x0000000615600000, 0x0000000615800000|  0%| F|  |TAMS 0x0000000615600000, 0x0000000615600000| Untracked 
|  84|0x0000000615800000, 0x0000000615800000, 0x0000000615a00000|  0%| F|  |TAMS 0x0000000615800000, 0x0000000615800000| Untracked 
|  85|0x0000000615a00000, 0x0000000615a00000, 0x0000000615c00000|  0%| F|  |TAMS 0x0000000615a00000, 0x0000000615a00000| Untracked 
|  86|0x0000000615c00000, 0x0000000615c00000, 0x0000000615e00000|  0%| F|  |TAMS 0x0000000615c00000, 0x0000000615c00000| Untracked 
|  87|0x0000000615e00000, 0x0000000615e00000, 0x0000000616000000|  0%| F|  |TAMS 0x0000000615e00000, 0x0000000615e00000| Untracked 
|  88|0x0000000616000000, 0x0000000616000000, 0x0000000616200000|  0%| F|  |TAMS 0x0000000616000000, 0x0000000616000000| Untracked 
|  89|0x0000000616200000, 0x0000000616200000, 0x0000000616400000|  0%| F|  |TAMS 0x0000000616200000, 0x0000000616200000| Untracked 
|  90|0x0000000616400000, 0x0000000616400000, 0x0000000616600000|  0%| F|  |TAMS 0x0000000616400000, 0x0000000616400000| Untracked 
|  91|0x0000000616600000, 0x0000000616600000, 0x0000000616800000|  0%| F|  |TAMS 0x0000000616600000, 0x0000000616600000| Untracked 
|  92|0x0000000616800000, 0x0000000616800000, 0x0000000616a00000|  0%| F|  |TAMS 0x0000000616800000, 0x0000000616800000| Untracked 
|  93|0x0000000616a00000, 0x0000000616a00000, 0x0000000616c00000|  0%| F|  |TAMS 0x0000000616a00000, 0x0000000616a00000| Untracked 
|  94|0x0000000616c00000, 0x0000000616c00000, 0x0000000616e00000|  0%| F|  |TAMS 0x0000000616c00000, 0x0000000616c00000| Untracked 
|  95|0x0000000616e00000, 0x0000000616e00000, 0x0000000617000000|  0%| F|  |TAMS 0x0000000616e00000, 0x0000000616e00000| Untracked 
|  96|0x0000000617000000, 0x0000000617000000, 0x0000000617200000|  0%| F|  |TAMS 0x0000000617000000, 0x0000000617000000| Untracked 
|  97|0x0000000617200000, 0x0000000617200000, 0x0000000617400000|  0%| F|  |TAMS 0x0000000617200000, 0x0000000617200000| Untracked 
|  98|0x0000000617400000, 0x0000000617400000, 0x0000000617600000|  0%| F|  |TAMS 0x0000000617400000, 0x0000000617400000| Untracked 
|  99|0x0000000617600000, 0x0000000617600000, 0x0000000617800000|  0%| F|  |TAMS 0x0000000617600000, 0x0000000617600000| Untracked 
| 100|0x0000000617800000, 0x0000000617800000, 0x0000000617a00000|  0%| F|  |TAMS 0x0000000617800000, 0x0000000617800000| Untracked 
| 101|0x0000000617a00000, 0x0000000617a00000, 0x0000000617c00000|  0%| F|  |TAMS 0x0000000617a00000, 0x0000000617a00000| Untracked 
| 102|0x0000000617c00000, 0x0000000617c00000, 0x0000000617e00000|  0%| F|  |TAMS 0x0000000617c00000, 0x0000000617c00000| Untracked 
| 103|0x0000000617e00000, 0x0000000617e00000, 0x0000000618000000|  0%| F|  |TAMS 0x0000000617e00000, 0x0000000617e00000| Untracked 
| 104|0x0000000618000000, 0x0000000618000000, 0x0000000618200000|  0%| F|  |TAMS 0x0000000618000000, 0x0000000618000000| Untracked 
| 105|0x0000000618200000, 0x0000000618200000, 0x0000000618400000|  0%| F|  |TAMS 0x0000000618200000, 0x0000000618200000| Untracked 
| 106|0x0000000618400000, 0x0000000618400000, 0x0000000618600000|  0%| F|  |TAMS 0x0000000618400000, 0x0000000618400000| Untracked 
| 107|0x0000000618600000, 0x0000000618600000, 0x0000000618800000|  0%| F|  |TAMS 0x0000000618600000, 0x0000000618600000| Untracked 
| 108|0x0000000618800000, 0x0000000618800000, 0x0000000618a00000|  0%| F|  |TAMS 0x0000000618800000, 0x0000000618800000| Untracked 
| 109|0x0000000618a00000, 0x0000000618a00000, 0x0000000618c00000|  0%| F|  |TAMS 0x0000000618a00000, 0x0000000618a00000| Untracked 
| 110|0x0000000618c00000, 0x0000000618c00000, 0x0000000618e00000|  0%| F|  |TAMS 0x0000000618c00000, 0x0000000618c00000| Untracked 
| 111|0x0000000618e00000, 0x0000000618e00000, 0x0000000619000000|  0%| F|  |TAMS 0x0000000618e00000, 0x0000000618e00000| Untracked 
| 112|0x0000000619000000, 0x0000000619000000, 0x0000000619200000|  0%| F|  |TAMS 0x0000000619000000, 0x0000000619000000| Untracked 
| 113|0x0000000619200000, 0x0000000619200000, 0x0000000619400000|  0%| F|  |TAMS 0x0000000619200000, 0x0000000619200000| Untracked 
| 114|0x0000000619400000, 0x0000000619400000, 0x0000000619600000|  0%| F|  |TAMS 0x0000000619400000, 0x0000000619400000| Untracked 
| 115|0x0000000619600000, 0x0000000619600000, 0x0000000619800000|  0%| F|  |TAMS 0x0000000619600000, 0x0000000619600000| Untracked 
| 116|0x0000000619800000, 0x0000000619800000, 0x0000000619a00000|  0%| F|  |TAMS 0x0000000619800000, 0x0000000619800000| Untracked 
| 117|0x0000000619a00000, 0x0000000619a00000, 0x0000000619c00000|  0%| F|  |TAMS 0x0000000619a00000, 0x0000000619a00000| Untracked 
| 118|0x0000000619c00000, 0x0000000619c00000, 0x0000000619e00000|  0%| F|  |TAMS 0x0000000619c00000, 0x0000000619c00000| Untracked 
| 119|0x0000000619e00000, 0x0000000619e00000, 0x000000061a000000|  0%| F|  |TAMS 0x0000000619e00000, 0x0000000619e00000| Untracked 
| 120|0x000000061a000000, 0x000000061a000000, 0x000000061a200000|  0%| F|  |TAMS 0x000000061a000000, 0x000000061a000000| Untracked 
| 121|0x000000061a200000, 0x000000061a200000, 0x000000061a400000|  0%| F|  |TAMS 0x000000061a200000, 0x000000061a200000| Untracked 
| 122|0x000000061a400000, 0x000000061a400000, 0x000000061a600000|  0%| F|  |TAMS 0x000000061a400000, 0x000000061a400000| Untracked 
| 123|0x000000061a600000, 0x000000061a600000, 0x000000061a800000|  0%| F|  |TAMS 0x000000061a600000, 0x000000061a600000| Untracked 
| 124|0x000000061a800000, 0x000000061a800000, 0x000000061aa00000|  0%| F|  |TAMS 0x000000061a800000, 0x000000061a800000| Untracked 
| 125|0x000000061aa00000, 0x000000061aa00000, 0x000000061ac00000|  0%| F|  |TAMS 0x000000061aa00000, 0x000000061aa00000| Untracked 
| 126|0x000000061ac00000, 0x000000061ac00000, 0x000000061ae00000|  0%| F|  |TAMS 0x000000061ac00000, 0x000000061ac00000| Untracked 
| 127|0x000000061ae00000, 0x000000061ae00000, 0x000000061b000000|  0%| F|  |TAMS 0x000000061ae00000, 0x000000061ae00000| Untracked 
| 128|0x000000061b000000, 0x000000061b000000, 0x000000061b200000|  0%| F|  |TAMS 0x000000061b000000, 0x000000061b000000| Untracked 
| 129|0x000000061b200000, 0x000000061b200000, 0x000000061b400000|  0%| F|  |TAMS 0x000000061b200000, 0x000000061b200000| Untracked 
| 130|0x000000061b400000, 0x000000061b400000, 0x000000061b600000|  0%| F|  |TAMS 0x000000061b400000, 0x000000061b400000| Untracked 
| 131|0x000000061b600000, 0x000000061b600000, 0x000000061b800000|  0%| F|  |TAMS 0x000000061b600000, 0x000000061b600000| Untracked 
| 132|0x000000061b800000, 0x000000061b800000, 0x000000061ba00000|  0%| F|  |TAMS 0x000000061b800000, 0x000000061b800000| Untracked 
| 133|0x000000061ba00000, 0x000000061ba00000, 0x000000061bc00000|  0%| F|  |TAMS 0x000000061ba00000, 0x000000061ba00000| Untracked 
| 134|0x000000061bc00000, 0x000000061bc00000, 0x000000061be00000|  0%| F|  |TAMS 0x000000061bc00000, 0x000000061bc00000| Untracked 
| 135|0x000000061be00000, 0x000000061be00000, 0x000000061c000000|  0%| F|  |TAMS 0x000000061be00000, 0x000000061be00000| Untracked 
| 136|0x000000061c000000, 0x000000061c000000, 0x000000061c200000|  0%| F|  |TAMS 0x000000061c000000, 0x000000061c000000| Untracked 
| 137|0x000000061c200000, 0x000000061c200000, 0x000000061c400000|  0%| F|  |TAMS 0x000000061c200000, 0x000000061c200000| Untracked 
| 138|0x000000061c400000, 0x000000061c400000, 0x000000061c600000|  0%| F|  |TAMS 0x000000061c400000, 0x000000061c400000| Untracked 
| 139|0x000000061c600000, 0x000000061c600000, 0x000000061c800000|  0%| F|  |TAMS 0x000000061c600000, 0x000000061c600000| Untracked 
| 140|0x000000061c800000, 0x000000061c800000, 0x000000061ca00000|  0%| F|  |TAMS 0x000000061c800000, 0x000000061c800000| Untracked 
| 141|0x000000061ca00000, 0x000000061ca00000, 0x000000061cc00000|  0%| F|  |TAMS 0x000000061ca00000, 0x000000061ca00000| Untracked 
| 142|0x000000061cc00000, 0x000000061cc00000, 0x000000061ce00000|  0%| F|  |TAMS 0x000000061cc00000, 0x000000061cc00000| Untracked 
| 143|0x000000061ce00000, 0x000000061ce00000, 0x000000061d000000|  0%| F|  |TAMS 0x000000061ce00000, 0x000000061ce00000| Untracked 
| 144|0x000000061d000000, 0x000000061d000000, 0x000000061d200000|  0%| F|  |TAMS 0x000000061d000000, 0x000000061d000000| Untracked 
| 145|0x000000061d200000, 0x000000061d200000, 0x000000061d400000|  0%| F|  |TAMS 0x000000061d200000, 0x000000061d200000| Untracked 
| 146|0x000000061d400000, 0x000000061d400000, 0x000000061d600000|  0%| F|  |TAMS 0x000000061d400000, 0x000000061d400000| Untracked 
| 147|0x000000061d600000, 0x000000061d600000, 0x000000061d800000|  0%| F|  |TAMS 0x000000061d600000, 0x000000061d600000| Untracked 
| 148|0x000000061d800000, 0x000000061d800000, 0x000000061da00000|  0%| F|  |TAMS 0x000000061d800000, 0x000000061d800000| Untracked 
| 149|0x000000061da00000, 0x000000061da00000, 0x000000061dc00000|  0%| F|  |TAMS 0x000000061da00000, 0x000000061da00000| Untracked 
| 150|0x000000061dc00000, 0x000000061dc00000, 0x000000061de00000|  0%| F|  |TAMS 0x000000061dc00000, 0x000000061dc00000| Untracked 
| 151|0x000000061de00000, 0x000000061de00000, 0x000000061e000000|  0%| F|  |TAMS 0x000000061de00000, 0x000000061de00000| Untracked 
| 152|0x000000061e000000, 0x000000061e000000, 0x000000061e200000|  0%| F|  |TAMS 0x000000061e000000, 0x000000061e000000| Untracked 
| 153|0x000000061e200000, 0x000000061e200000, 0x000000061e400000|  0%| F|  |TAMS 0x000000061e200000, 0x000000061e200000| Untracked 
| 154|0x000000061e400000, 0x000000061e400000, 0x000000061e600000|  0%| F|  |TAMS 0x000000061e400000, 0x000000061e400000| Untracked 
| 155|0x000000061e600000, 0x000000061e600000, 0x000000061e800000|  0%| F|  |TAMS 0x000000061e600000, 0x000000061e600000| Untracked 
| 156|0x000000061e800000, 0x000000061e800000, 0x000000061ea00000|  0%| F|  |TAMS 0x000000061e800000, 0x000000061e800000| Untracked 
| 157|0x000000061ea00000, 0x000000061ea00000, 0x000000061ec00000|  0%| F|  |TAMS 0x000000061ea00000, 0x000000061ea00000| Untracked 
| 158|0x000000061ec00000, 0x000000061ec00000, 0x000000061ee00000|  0%| F|  |TAMS 0x000000061ec00000, 0x000000061ec00000| Untracked 
| 159|0x000000061ee00000, 0x000000061ee00000, 0x000000061f000000|  0%| F|  |TAMS 0x000000061ee00000, 0x000000061ee00000| Untracked 
| 160|0x000000061f000000, 0x000000061f000000, 0x000000061f200000|  0%| F|  |TAMS 0x000000061f000000, 0x000000061f000000| Untracked 
| 161|0x000000061f200000, 0x000000061f200000, 0x000000061f400000|  0%| F|  |TAMS 0x000000061f200000, 0x000000061f200000| Untracked 
| 162|0x000000061f400000, 0x000000061f400000, 0x000000061f600000|  0%| F|  |TAMS 0x000000061f400000, 0x000000061f400000| Untracked 
| 163|0x000000061f600000, 0x000000061f600000, 0x000000061f800000|  0%| F|  |TAMS 0x000000061f600000, 0x000000061f600000| Untracked 
| 164|0x000000061f800000, 0x000000061f800000, 0x000000061fa00000|  0%| F|  |TAMS 0x000000061f800000, 0x000000061f800000| Untracked 
| 165|0x000000061fa00000, 0x000000061fa00000, 0x000000061fc00000|  0%| F|  |TAMS 0x000000061fa00000, 0x000000061fa00000| Untracked 
| 166|0x000000061fc00000, 0x000000061fc00000, 0x000000061fe00000|  0%| F|  |TAMS 0x000000061fc00000, 0x000000061fc00000| Untracked 
| 167|0x000000061fe00000, 0x000000061fe00000, 0x0000000620000000|  0%| F|  |TAMS 0x000000061fe00000, 0x000000061fe00000| Untracked 
| 168|0x0000000620000000, 0x0000000620000000, 0x0000000620200000|  0%| F|  |TAMS 0x0000000620000000, 0x0000000620000000| Untracked 
| 169|0x0000000620200000, 0x0000000620200000, 0x0000000620400000|  0%| F|  |TAMS 0x0000000620200000, 0x0000000620200000| Untracked 
| 170|0x0000000620400000, 0x0000000620400000, 0x0000000620600000|  0%| F|  |TAMS 0x0000000620400000, 0x0000000620400000| Untracked 
| 171|0x0000000620600000, 0x0000000620600000, 0x0000000620800000|  0%| F|  |TAMS 0x0000000620600000, 0x0000000620600000| Untracked 
| 172|0x0000000620800000, 0x0000000620800000, 0x0000000620a00000|  0%| F|  |TAMS 0x0000000620800000, 0x0000000620800000| Untracked 
| 173|0x0000000620a00000, 0x0000000620a00000, 0x0000000620c00000|  0%| F|  |TAMS 0x0000000620a00000, 0x0000000620a00000| Untracked 
| 174|0x0000000620c00000, 0x0000000620c00000, 0x0000000620e00000|  0%| F|  |TAMS 0x0000000620c00000, 0x0000000620c00000| Untracked 
| 175|0x0000000620e00000, 0x0000000620e00000, 0x0000000621000000|  0%| F|  |TAMS 0x0000000620e00000, 0x0000000620e00000| Untracked 
| 176|0x0000000621000000, 0x0000000621000000, 0x0000000621200000|  0%| F|  |TAMS 0x0000000621000000, 0x0000000621000000| Untracked 
| 177|0x0000000621200000, 0x0000000621200000, 0x0000000621400000|  0%| F|  |TAMS 0x0000000621200000, 0x0000000621200000| Untracked 
| 178|0x0000000621400000, 0x0000000621400000, 0x0000000621600000|  0%| F|  |TAMS 0x0000000621400000, 0x0000000621400000| Untracked 
| 179|0x0000000621600000, 0x0000000621600000, 0x0000000621800000|  0%| F|  |TAMS 0x0000000621600000, 0x0000000621600000| Untracked 
| 180|0x0000000621800000, 0x0000000621800000, 0x0000000621a00000|  0%| F|  |TAMS 0x0000000621800000, 0x0000000621800000| Untracked 
| 181|0x0000000621a00000, 0x0000000621a00000, 0x0000000621c00000|  0%| F|  |TAMS 0x0000000621a00000, 0x0000000621a00000| Untracked 
| 182|0x0000000621c00000, 0x0000000621c00000, 0x0000000621e00000|  0%| F|  |TAMS 0x0000000621c00000, 0x0000000621c00000| Untracked 
| 183|0x0000000621e00000, 0x0000000621e00000, 0x0000000622000000|  0%| F|  |TAMS 0x0000000621e00000, 0x0000000621e00000| Untracked 
| 184|0x0000000622000000, 0x0000000622000000, 0x0000000622200000|  0%| F|  |TAMS 0x0000000622000000, 0x0000000622000000| Untracked 
| 185|0x0000000622200000, 0x0000000622200000, 0x0000000622400000|  0%| F|  |TAMS 0x0000000622200000, 0x0000000622200000| Untracked 
| 186|0x0000000622400000, 0x0000000622400000, 0x0000000622600000|  0%| F|  |TAMS 0x0000000622400000, 0x0000000622400000| Untracked 
| 187|0x0000000622600000, 0x0000000622600000, 0x0000000622800000|  0%| F|  |TAMS 0x0000000622600000, 0x0000000622600000| Untracked 
| 188|0x0000000622800000, 0x0000000622800000, 0x0000000622a00000|  0%| F|  |TAMS 0x0000000622800000, 0x0000000622800000| Untracked 
| 189|0x0000000622a00000, 0x0000000622a00000, 0x0000000622c00000|  0%| F|  |TAMS 0x0000000622a00000, 0x0000000622a00000| Untracked 
| 190|0x0000000622c00000, 0x0000000622c00000, 0x0000000622e00000|  0%| F|  |TAMS 0x0000000622c00000, 0x0000000622c00000| Untracked 
| 191|0x0000000622e00000, 0x0000000622e00000, 0x0000000623000000|  0%| F|  |TAMS 0x0000000622e00000, 0x0000000622e00000| Untracked 
| 192|0x0000000623000000, 0x0000000623000000, 0x0000000623200000|  0%| F|  |TAMS 0x0000000623000000, 0x0000000623000000| Untracked 
| 193|0x0000000623200000, 0x0000000623200000, 0x0000000623400000|  0%| F|  |TAMS 0x0000000623200000, 0x0000000623200000| Untracked 
| 194|0x0000000623400000, 0x0000000623400000, 0x0000000623600000|  0%| F|  |TAMS 0x0000000623400000, 0x0000000623400000| Untracked 
| 195|0x0000000623600000, 0x0000000623600000, 0x0000000623800000|  0%| F|  |TAMS 0x0000000623600000, 0x0000000623600000| Untracked 
| 196|0x0000000623800000, 0x0000000623800000, 0x0000000623a00000|  0%| F|  |TAMS 0x0000000623800000, 0x0000000623800000| Untracked 
| 197|0x0000000623a00000, 0x0000000623a00000, 0x0000000623c00000|  0%| F|  |TAMS 0x0000000623a00000, 0x0000000623a00000| Untracked 
| 198|0x0000000623c00000, 0x0000000623c00000, 0x0000000623e00000|  0%| F|  |TAMS 0x0000000623c00000, 0x0000000623c00000| Untracked 
| 199|0x0000000623e00000, 0x0000000623e00000, 0x0000000624000000|  0%| F|  |TAMS 0x0000000623e00000, 0x0000000623e00000| Untracked 
| 200|0x0000000624000000, 0x0000000624000000, 0x0000000624200000|  0%| F|  |TAMS 0x0000000624000000, 0x0000000624000000| Untracked 
| 201|0x0000000624200000, 0x0000000624200000, 0x0000000624400000|  0%| F|  |TAMS 0x0000000624200000, 0x0000000624200000| Untracked 
| 202|0x0000000624400000, 0x0000000624400000, 0x0000000624600000|  0%| F|  |TAMS 0x0000000624400000, 0x0000000624400000| Untracked 
| 203|0x0000000624600000, 0x0000000624600000, 0x0000000624800000|  0%| F|  |TAMS 0x0000000624600000, 0x0000000624600000| Untracked 
| 204|0x0000000624800000, 0x0000000624800000, 0x0000000624a00000|  0%| F|  |TAMS 0x0000000624800000, 0x0000000624800000| Untracked 
| 205|0x0000000624a00000, 0x0000000624a00000, 0x0000000624c00000|  0%| F|  |TAMS 0x0000000624a00000, 0x0000000624a00000| Untracked 
| 206|0x0000000624c00000, 0x0000000624c00000, 0x0000000624e00000|  0%| F|  |TAMS 0x0000000624c00000, 0x0000000624c00000| Untracked 
| 207|0x0000000624e00000, 0x0000000624e00000, 0x0000000625000000|  0%| F|  |TAMS 0x0000000624e00000, 0x0000000624e00000| Untracked 
| 208|0x0000000625000000, 0x0000000625000000, 0x0000000625200000|  0%| F|  |TAMS 0x0000000625000000, 0x0000000625000000| Untracked 
| 209|0x0000000625200000, 0x0000000625200000, 0x0000000625400000|  0%| F|  |TAMS 0x0000000625200000, 0x0000000625200000| Untracked 
| 210|0x0000000625400000, 0x0000000625400000, 0x0000000625600000|  0%| F|  |TAMS 0x0000000625400000, 0x0000000625400000| Untracked 
| 211|0x0000000625600000, 0x0000000625600000, 0x0000000625800000|  0%| F|  |TAMS 0x0000000625600000, 0x0000000625600000| Untracked 
| 212|0x0000000625800000, 0x0000000625800000, 0x0000000625a00000|  0%| F|  |TAMS 0x0000000625800000, 0x0000000625800000| Untracked 
| 213|0x0000000625a00000, 0x0000000625a00000, 0x0000000625c00000|  0%| F|  |TAMS 0x0000000625a00000, 0x0000000625a00000| Untracked 
| 214|0x0000000625c00000, 0x0000000625c00000, 0x0000000625e00000|  0%| F|  |TAMS 0x0000000625c00000, 0x0000000625c00000| Untracked 
| 215|0x0000000625e00000, 0x0000000625e00000, 0x0000000626000000|  0%| F|  |TAMS 0x0000000625e00000, 0x0000000625e00000| Untracked 
| 216|0x0000000626000000, 0x0000000626000000, 0x0000000626200000|  0%| F|  |TAMS 0x0000000626000000, 0x0000000626000000| Untracked 
| 217|0x0000000626200000, 0x0000000626200000, 0x0000000626400000|  0%| F|  |TAMS 0x0000000626200000, 0x0000000626200000| Untracked 
| 218|0x0000000626400000, 0x0000000626400000, 0x0000000626600000|  0%| F|  |TAMS 0x0000000626400000, 0x0000000626400000| Untracked 
| 219|0x0000000626600000, 0x0000000626600000, 0x0000000626800000|  0%| F|  |TAMS 0x0000000626600000, 0x0000000626600000| Untracked 
| 220|0x0000000626800000, 0x0000000626800000, 0x0000000626a00000|  0%| F|  |TAMS 0x0000000626800000, 0x0000000626800000| Untracked 
| 221|0x0000000626a00000, 0x0000000626a00000, 0x0000000626c00000|  0%| F|  |TAMS 0x0000000626a00000, 0x0000000626a00000| Untracked 
| 222|0x0000000626c00000, 0x0000000626c00000, 0x0000000626e00000|  0%| F|  |TAMS 0x0000000626c00000, 0x0000000626c00000| Untracked 
| 223|0x0000000626e00000, 0x0000000626e00000, 0x0000000627000000|  0%| F|  |TAMS 0x0000000626e00000, 0x0000000626e00000| Untracked 
| 224|0x0000000627000000, 0x0000000627000000, 0x0000000627200000|  0%| F|  |TAMS 0x0000000627000000, 0x0000000627000000| Untracked 
| 225|0x0000000627200000, 0x0000000627200000, 0x0000000627400000|  0%| F|  |TAMS 0x0000000627200000, 0x0000000627200000| Untracked 
| 226|0x0000000627400000, 0x0000000627500800, 0x0000000627600000| 50%| E|  |TAMS 0x0000000627400000, 0x0000000627400000| Complete 
| 227|0x0000000627600000, 0x0000000627800000, 0x0000000627800000|100%| E|CS|TAMS 0x0000000627600000, 0x0000000627600000| Complete 
| 228|0x0000000627800000, 0x0000000627a00000, 0x0000000627a00000|100%| E|CS|TAMS 0x0000000627800000, 0x0000000627800000| Complete 
| 229|0x0000000627a00000, 0x0000000627c00000, 0x0000000627c00000|100%| E|CS|TAMS 0x0000000627a00000, 0x0000000627a00000| Complete 
| 230|0x0000000627c00000, 0x0000000627e00000, 0x0000000627e00000|100%| E|CS|TAMS 0x0000000627c00000, 0x0000000627c00000| Complete 
| 231|0x0000000627e00000, 0x0000000628000000, 0x0000000628000000|100%| E|CS|TAMS 0x0000000627e00000, 0x0000000627e00000| Complete 
| 232|0x0000000628000000, 0x0000000628200000, 0x0000000628200000|100%| E|CS|TAMS 0x0000000628000000, 0x0000000628000000| Complete 
| 233|0x0000000628200000, 0x0000000628400000, 0x0000000628400000|100%| E|CS|TAMS 0x0000000628200000, 0x0000000628200000| Complete 
| 234|0x0000000628400000, 0x0000000628600000, 0x0000000628600000|100%| E|CS|TAMS 0x0000000628400000, 0x0000000628400000| Complete 
| 235|0x0000000628600000, 0x0000000628800000, 0x0000000628800000|100%| E|CS|TAMS 0x0000000628600000, 0x0000000628600000| Complete 
| 236|0x0000000628800000, 0x0000000628a00000, 0x0000000628a00000|100%| E|CS|TAMS 0x0000000628800000, 0x0000000628800000| Complete 
| 237|0x0000000628a00000, 0x0000000628adaff8, 0x0000000628c00000| 42%| S|CS|TAMS 0x0000000628a00000, 0x0000000628a00000| Complete 
| 238|0x0000000628c00000, 0x0000000628e00000, 0x0000000628e00000|100%| S|CS|TAMS 0x0000000628c00000, 0x0000000628c00000| Complete 
| 239|0x0000000628e00000, 0x0000000629000000, 0x0000000629000000|100%| E|CS|TAMS 0x0000000628e00000, 0x0000000628e00000| Complete 
| 240|0x0000000629000000, 0x0000000629200000, 0x0000000629200000|100%| E|CS|TAMS 0x0000000629000000, 0x0000000629000000| Complete 
| 241|0x0000000629200000, 0x0000000629400000, 0x0000000629400000|100%| E|CS|TAMS 0x0000000629200000, 0x0000000629200000| Complete 
| 242|0x0000000629400000, 0x0000000629600000, 0x0000000629600000|100%| E|CS|TAMS 0x0000000629400000, 0x0000000629400000| Complete 
| 243|0x0000000629600000, 0x0000000629800000, 0x0000000629800000|100%| E|CS|TAMS 0x0000000629600000, 0x0000000629600000| Complete 
| 244|0x0000000629800000, 0x0000000629a00000, 0x0000000629a00000|100%| E|CS|TAMS 0x0000000629800000, 0x0000000629800000| Complete 
| 245|0x0000000629a00000, 0x0000000629c00000, 0x0000000629c00000|100%| E|CS|TAMS 0x0000000629a00000, 0x0000000629a00000| Complete 
| 246|0x0000000629c00000, 0x0000000629e00000, 0x0000000629e00000|100%| E|CS|TAMS 0x0000000629c00000, 0x0000000629c00000| Complete 
| 247|0x0000000629e00000, 0x000000062a000000, 0x000000062a000000|100%| E|CS|TAMS 0x0000000629e00000, 0x0000000629e00000| Complete 
| 248|0x000000062a000000, 0x000000062a200000, 0x000000062a200000|100%| E|CS|TAMS 0x000000062a000000, 0x000000062a000000| Complete 
| 249|0x000000062a200000, 0x000000062a400000, 0x000000062a400000|100%| E|CS|TAMS 0x000000062a200000, 0x000000062a200000| Complete 
| 250|0x000000062a400000, 0x000000062a600000, 0x000000062a600000|100%| E|CS|TAMS 0x000000062a400000, 0x000000062a400000| Complete 
|3494|0x00000007bfc00000, 0x00000007bfc44000, 0x00000007bfe00000| 13%|OA|  |TAMS 0x00000007bfc00000, 0x00000007bfc00000| Untracked 
|3495|0x00000007bfe00000, 0x00000007bfe6a000, 0x00000007c0000000| 20%|CA|  |TAMS 0x00000007bfe00000, 0x00000007bfe00000| Untracked 

Card table byte_map: [0x00007f20d8cf8000,0x00007f20d9ca0000] _byte_map_base: 0x00007f20d5ca0000

Marking Bits (Prev, Next): (CMBitMap*) 0x00007f20d4058a68, (CMBitMap*) 0x00007f20d4058aa0
 Prev Bits: [0x00007f20af318000, 0x00007f20b7058000)
 Next Bits: [0x00007f20a75d8000, 0x00007f20af318000)

Polling page: 0x00007f20dd1ed000

Metaspace:

Usage:
  Non-class:      9.83 MB capacity,     9.66 MB ( 98%) used,   149.46 KB (  1%) free+waste,    21.06 KB ( <1%) overhead. 
      Class:      1.36 MB capacity,     1.30 MB ( 95%) used,    54.00 KB (  4%) free+waste,    10.19 KB ( <1%) overhead. 
       Both:     11.19 MB capacity,    10.96 MB ( 98%) used,   203.46 KB (  2%) free+waste,    31.25 KB ( <1%) overhead. 

Virtual space:
  Non-class space:       10.00 MB reserved,      10.00 MB (100%) committed 
      Class space:        1.00 GB reserved,       1.38 MB ( <1%) committed 
             Both:        1.01 GB reserved,      11.38 MB (  1%) committed 

Chunk freelists:
   Non-Class:  54.00 KB
       Class:  16.00 KB
        Both:  70.00 KB

MaxMetaspaceSize: unlimited
CompressedClassSpaceSize: 1.00 GB

CodeHeap 'non-profiled nmethods': size=120032Kb used=946Kb max_used=994Kb free=119085Kb
 bounds [0x00007f20c4406000, 0x00007f20c4676000, 0x00007f20cb93e000]
CodeHeap 'profiled nmethods': size=120028Kb used=2882Kb max_used=3306Kb free=117145Kb
 bounds [0x00007f20bcecf000, 0x00007f20bd20f000, 0x00007f20c4406000]
CodeHeap 'non-nmethods': size=5700Kb used=1167Kb max_used=1225Kb free=4532Kb
 bounds [0x00007f20bc93e000, 0x00007f20bcbae000, 0x00007f20bcecf000]
 total_blobs=2334 nmethods=1293 adapters=334
 compilation: enabled
              stopped_count=0, restarted_count=0
 full_count=0

Compilation events (20 events):
Event: 40.963 Thread 0x00007f2084255000 nmethod 1451 0x00007f20c44d1390 code [0x00007f20c44d1520, 0x00007f20c44d1578]
Event: 40.963 Thread 0x00007f2084255000 1417       4       java.lang.Class::getName (18 bytes)
Event: 40.963 Thread 0x00007f2084255000 nmethod 1417 0x00007f20c44d1610 code [0x00007f20c44d17a0, 0x00007f20c44d1848]
Event: 40.963 Thread 0x00007f2084255000 1415       4       org.eclipse.jdt.launching.internal.org.objectweb.asm.ClassWriter::visitMethod (57 bytes)
Event: 40.967 Thread 0x00007f2084255000 nmethod 1415 0x00007f20c44d1910 code [0x00007f20c44d1ac0, 0x00007f20c44d1f28]
Event: 40.967 Thread 0x00007f2084255000 1401       4       java.lang.String::regionMatches (150 bytes)
Event: 40.980 Thread 0x00007f2084255000 nmethod 1401 0x00007f20c44d2090 code [0x00007f20c44d2260, 0x00007f20c44d2d18]
Event: 40.980 Thread 0x00007f2084255000 1413       4       org.eclipse.jdt.launching.internal.org.objectweb.asm.MethodWriter::visitMaxs (60 bytes)
Event: 40.981 Thread 0x00007f2084255000 nmethod 1413 0x00007f20c44d3490 code [0x00007f20c44d3620, 0x00007f20c44d36f8]
Event: 41.065 Thread 0x00007f20d42a9000 nmethod 1388 0x00007f20c44d3810 code [0x00007f20c44d3cc0, 0x00007f20c44de7a0]
Event: 41.314 Thread 0x00007f20840db800 nmethod 1237 0x00007f20c44e2f90 code [0x00007f20c44e3860, 0x00007f20c44f0f20]
Event: 184.126 Thread 0x00007f20d42a9000 1461       4       org.eclipse.jdt.launching.internal.org.objectweb.asm.SymbolTable::addConstant (330 bytes)
Event: 184.213 Thread 0x00007f20d42a9000 nmethod 1461 0x00007f20c44fa490 code [0x00007f20c44fa780, 0x00007f20c44fc568]
Event: 207.445 Thread 0x00007f20d42a9000 1462       4       org.eclipse.jdt.launching.internal.org.objectweb.asm.MethodWriter::visitLdcInsn (183 bytes)
Event: 207.459 Thread 0x00007f20d42a9000 nmethod 1462 0x00007f20c44fd810 code [0x00007f20c44fda00, 0x00007f20c44fe5e8]
Event: 2326.088 Thread 0x00007f20d42a9000 1463       4       org.eclipse.jdt.launching.internal.org.objectweb.asm.ByteVector::enlarge (51 bytes)
Event: 2326.099 Thread 0x00007f20d42a9000 nmethod 1463 0x00007f20c4413a10 code [0x00007f20c4413bc0, 0x00007f20c4413ff8]
Event: 2340.645 Thread 0x00007f20d42ab000 1464       3       java.lang.ref.ReferenceQueue::reallyPoll (65 bytes)
Event: 2340.646 Thread 0x00007f20d42ab000 nmethod 1464 0x00007f20bcecf210 code [0x00007f20bcecf400, 0x00007f20bcecf9b0]
Event: 2549.854 Thread 0x00007f20d42a9000 1465       4       org.eclipse.jdt.launching.internal.org.objectweb.asm.SymbolTable::addConstantUtf8Reference (101 bytes)

GC Heap History (2 events):
Event: 0.626 GC heap before
{Heap before GC invocations=0 (full 0):
 garbage-first heap   total 518144K, used 25272K [0x000000060b000000, 0x0000000800000000)
  region size 2048K, 12 young (24576K), 0 survivors (0K)
 Metaspace       used 5566K, capacity 6431K, committed 6656K, reserved 1056768K
  class space    used 594K, capacity 677K, committed 768K, reserved 1048576K
}
Event: 0.640 GC heap after
{Heap after GC invocations=1 (full 0):
 garbage-first heap   total 518144K, used 3619K [0x000000060b000000, 0x0000000800000000)
  region size 2048K, 2 young (4096K), 2 survivors (4096K)
 Metaspace       used 5566K, capacity 6431K, committed 6656K, reserved 1056768K
  class space    used 594K, capacity 677K, committed 768K, reserved 1048576K
}

Deoptimization events (20 events):
Event: 40.731 Thread 0x00007f20d4015800 DEOPT PACKING pc=0x00007f20bd1775c3 sp=0x00007f20dbb35130
Event: 40.731 Thread 0x00007f20d4015800 DEOPT UNPACKING pc=0x00007f20bc97703a sp=0x00007f20dbb34678 mode 0
Event: 40.742 Thread 0x00007f20d4015800 Uncommon trap: trap_request=0xffffff4d fr.pc=0x00007f20c44a97b4 relative=0x0000000000000874
Event: 40.742 Thread 0x00007f20d4015800 Uncommon trap: reason=unstable_if action=reinterpret pc=0x00007f20c44a97b4 method=org.eclipse.jdt.launching.internal.org.objectweb.asm.ByteVector.putUTF8(Ljava/lang/String;)Lorg/eclipse/jdt/launching/internal/org/objectweb/asm/ByteVector; @ 91 c2
Event: 40.742 Thread 0x00007f20d4015800 DEOPT PACKING pc=0x00007f20c44a97b4 sp=0x00007f20dbb34db0
Event: 40.742 Thread 0x00007f20d4015800 DEOPT UNPACKING pc=0x00007f20bc977225 sp=0x00007f20dbb34d08 mode 2
Event: 40.743 Thread 0x00007f20d4015800 Uncommon trap: trap_request=0xffffff4d fr.pc=0x00007f20c44b1068 relative=0x0000000000000048
Event: 40.743 Thread 0x00007f20d4015800 Uncommon trap: reason=unstable_if action=reinterpret pc=0x00007f20c44b1068 method=java.lang.Character.isSurrogate(C)Z @ 3 c2
Event: 40.743 Thread 0x00007f20d4015800 DEOPT PACKING pc=0x00007f20c44b1068 sp=0x00007f20dbb37540
Event: 40.743 Thread 0x00007f20d4015800 DEOPT UNPACKING pc=0x00007f20bc977225 sp=0x00007f20dbb37498 mode 2
Event: 40.750 Thread 0x00007f20d4015800 DEOPT PACKING pc=0x00007f20bcfca243 sp=0x00007f20dbb36320
Event: 40.750 Thread 0x00007f20d4015800 DEOPT UNPACKING pc=0x00007f20bc97703a sp=0x00007f20dbb35ab8 mode 0
Event: 40.849 Thread 0x00007f20d4015800 DEOPT PACKING pc=0x00007f20bcfca243 sp=0x00007f20dbb368c0
Event: 40.849 Thread 0x00007f20d4015800 DEOPT UNPACKING pc=0x00007f20bc97703a sp=0x00007f20dbb36058 mode 0
Event: 40.877 Thread 0x00007f20d4015800 Uncommon trap: trap_request=0xffffff4d fr.pc=0x00007f20c44c5b28 relative=0x0000000000003e08
Event: 40.877 Thread 0x00007f20d4015800 Uncommon trap: reason=unstable_if action=reinterpret pc=0x00007f20c44c5b28 method=org.eclipse.jdt.launching.internal.org.objectweb.asm.ClassReader.readMethod(Lorg/eclipse/jdt/launching/internal/org/objectweb/asm/ClassVisitor;Lorg/eclipse/jdt/launching/int
Event: 40.877 Thread 0x00007f20d4015800 DEOPT PACKING pc=0x00007f20c44c5b28 sp=0x00007f20dbb35310
Event: 40.877 Thread 0x00007f20d4015800 DEOPT UNPACKING pc=0x00007f20bc977225 sp=0x00007f20dbb35358 mode 2
Event: 40.906 Thread 0x00007f20d4015800 DEOPT PACKING pc=0x00007f20bcfca243 sp=0x00007f20dbb36890
Event: 40.906 Thread 0x00007f20d4015800 DEOPT UNPACKING pc=0x00007f20bc97703a sp=0x00007f20dbb36028 mode 0

Classes redefined (8 events):
Event: 184.160 Thread 0x00007f20d429d000 redefined class name=de.unirostock.sems.bives.ds.Patch, count=1
Event: 207.456 Thread 0x00007f20d429d000 redefined class name=de.unirostock.sems.bives.ds.Patch, count=2
Event: 1205.397 Thread 0x00007f20d429d000 redefined class name=de.unirostock.sems.TestMerge, count=1
Event: 1212.682 Thread 0x00007f20d429d000 redefined class name=de.unirostock.sems.TestMerge, count=2
Event: 1523.682 Thread 0x00007f20d429d000 redefined class name=de.unirostock.sems.xmlutils.ds.TreeDocument, count=1
Event: 1669.734 Thread 0x00007f20d429d000 redefined class name=de.unirostock.sems.bives.algorithm.general.PatchProducer, count=1
Event: 2326.097 Thread 0x00007f20d429d000 redefined class name=de.unirostock.sems.TestMerge, count=3
Event: 2549.861 Thread 0x00007f20d429d000 redefined class name=de.unirostock.sems.TestMerge, count=4

Internal exceptions (12 events):
Event: 0.154 Thread 0x00007f20d4015800 Exception <a 'java/security/PrivilegedActionException'{0x000000062a39edb0}> (0x000000062a39edb0) thrown at [/build/openjdk-11-JSGVKF/openjdk-11-11.0.5+10/src/hotspot/share/prims/jvm.cpp, line 1295]
Event: 0.154 Thread 0x00007f20d4015800 Exception <a 'java/security/PrivilegedActionException'{0x000000062a39f080}> (0x000000062a39f080) thrown at [/build/openjdk-11-JSGVKF/openjdk-11-11.0.5+10/src/hotspot/share/prims/jvm.cpp, line 1295]
Event: 0.156 Thread 0x00007f20d4015800 Exception <a 'java/security/PrivilegedActionException'{0x000000062a3eac00}> (0x000000062a3eac00) thrown at [/build/openjdk-11-JSGVKF/openjdk-11-11.0.5+10/src/hotspot/share/prims/jvm.cpp, line 1295]
Event: 0.156 Thread 0x00007f20d4015800 Exception <a 'java/security/PrivilegedActionException'{0x000000062a3eaed0}> (0x000000062a3eaed0) thrown at [/build/openjdk-11-JSGVKF/openjdk-11-11.0.5+10/src/hotspot/share/prims/jvm.cpp, line 1295]
Event: 0.460 Thread 0x00007f20d4015800 Exception <a 'java/lang/NoSuchMethodError'{0x00000006296c35a8}: 'java.lang.Object java.lang.invoke.DirectMethodHandle$Holder.invokeStatic(java.lang.Object, java.lang.Object, java.lang.Object, java.lang.Object, java.lang.Object, java.lang.Object, java.lang
Event: 0.465 Thread 0x00007f20d4015800 Exception <a 'java/lang/NoSuchMethodError'{0x00000006296d2ac0}: 'java.lang.Object java.lang.invoke.DirectMethodHandle$Holder.invokeStatic(java.lang.Object, java.lang.Object, java.lang.Object, java.lang.Object, java.lang.Object, java.lang.Object, java.lang
Event: 0.467 Thread 0x00007f20d4015800 Exception <a 'java/lang/NoSuchMethodError'{0x00000006296e09d8}: 'java.lang.Object java.lang.invoke.DirectMethodHandle$Holder.invokeSpecial(java.lang.Object, java.lang.Object, int, int, java.lang.Object, java.lang.Object, java.lang.Object)'> (0x00000006296
Event: 0.467 Thread 0x00007f20d4015800 Exception <a 'java/lang/NoSuchMethodError'{0x00000006296e3f68}: 'java.lang.Object java.lang.invoke.DelegatingMethodHandle$Holder.reinvoke_L(java.lang.Object, int, int, java.lang.Object, java.lang.Object, java.lang.Object)'> (0x00000006296e3f68) thrown at 
Event: 0.468 Thread 0x00007f20d4015800 Exception <a 'java/lang/NoSuchMethodError'{0x00000006296e91d8}: 'java.lang.Object java.lang.invoke.DirectMethodHandle$Holder.invokeStatic(java.lang.Object, java.lang.Object, java.lang.Object, java.lang.Object, int)'> (0x00000006296e91d8) thrown at [/build
Event: 0.777 Thread 0x00007f20d4015800 Exception <a 'java/lang/NoSuchMethodError'{0x0000000629d773a0}: 'int java.lang.invoke.DirectMethodHandle$Holder.invokeSpecialIFC(java.lang.Object, java.lang.Object, int)'> (0x0000000629d773a0) thrown at [/build/openjdk-11-JSGVKF/openjdk-11-11.0.5+10/src/h
Event: 40.542 Thread 0x00007f20d4015800 Implicit null exception at 0x00007f20c4436502 to 0x00007f20c4436b8e
Event: 40.686 Thread 0x00007f20d4015800 Exception <a 'java/lang/NoSuchMethodError'{0x000000062855fcb0}: 'int java.lang.invoke.DirectMethodHandle$Holder.invokeStaticInit(java.lang.Object, java.lang.Object)'> (0x000000062855fcb0) thrown at [/build/openjdk-11-JSGVKF/openjdk-11-11.0.5+10/src/hotspo

Events (20 events):
Event: 2549.862 Executing VM operation: RedefineClasses done
Event: 2549.866 Executing VM operation: ChangeBreakpoints
Event: 2549.867 Executing VM operation: ChangeBreakpoints done
Event: 2549.868 Executing VM operation: GetFrameCount
Event: 2549.868 Executing VM operation: GetFrameCount done
Event: 2549.868 Executing VM operation: GetStackTrace
Event: 2549.868 Executing VM operation: GetStackTrace done
Event: 2549.869 Executing VM operation: GetFrameCount
Event: 2549.869 Executing VM operation: GetFrameCount done
Event: 2549.869 Executing VM operation: SetFramePop
Event: 2549.869 Executing VM operation: SetFramePop done
Event: 2549.869 Executing VM operation: GetFrameLocation
Event: 2549.869 Executing VM operation: GetFrameLocation done
Event: 2549.869 Executing VM operation: GetCurrentLocation
Event: 2549.869 Executing VM operation: GetCurrentLocation done
Event: 2549.869 Executing VM operation: ChangeSingleStep
Event: 2549.869 Executing VM operation: ChangeSingleStep done
Event: 2549.869 Executing VM operation: GetFrameLocation
Event: 2549.869 Executing VM operation: GetFrameLocation done
Event: 2549.869 Executing VM operation: GetOrSetLocal


Dynamic libraries:
60b000000-62a600000 rw-p 00000000 00:00 0 
62a600000-7bfc00000 ---p 00000000 00:00 0 
7bfc00000-7bfc44000 rw-p 01104000 08:01 136699                           /usr/lib/jvm/java-11-openjdk-amd64/lib/server/classes.jsa
7bfc44000-7bfe00000 rw-p 00000000 00:00 0 
7bfe00000-7bfe6a000 rw-p 0109a000 08:01 136699                           /usr/lib/jvm/java-11-openjdk-amd64/lib/server/classes.jsa
7bfe6a000-7c0000000 rw-p 00000000 00:00 0 
7c0000000-800000000 ---p 00000000 00:00 0 
800000000-800002000 rwxp 00001000 08:01 136699                           /usr/lib/jvm/java-11-openjdk-amd64/lib/server/classes.jsa
800002000-801099000 rw-p 00003000 08:01 136699                           /usr/lib/jvm/java-11-openjdk-amd64/lib/server/classes.jsa
840000000-840160000 rw-p 00000000 00:00 0 
840160000-880000000 ---p 00000000 00:00 0 
557b6055d000-557b6055e000 r--p 00000000 08:01 131459                     /usr/lib/jvm/java-11-openjdk-amd64/bin/java
557b6055e000-557b6055f000 r-xp 00001000 08:01 131459                     /usr/lib/jvm/java-11-openjdk-amd64/bin/java
557b6055f000-557b60560000 r--p 00002000 08:01 131459                     /usr/lib/jvm/java-11-openjdk-amd64/bin/java
557b60560000-557b60561000 r--p 00002000 08:01 131459                     /usr/lib/jvm/java-11-openjdk-amd64/bin/java
557b60561000-557b60562000 rw-p 00003000 08:01 131459                     /usr/lib/jvm/java-11-openjdk-amd64/bin/java
557b61529000-557b6154a000 rw-p 00000000 00:00 0                          [heap]
7f202c000000-7f202c021000 rw-p 00000000 00:00 0 
7f202c021000-7f2030000000 ---p 00000000 00:00 0 
7f2030000000-7f2030021000 rw-p 00000000 00:00 0 
7f2030021000-7f2034000000 ---p 00000000 00:00 0 
7f2034000000-7f2034021000 rw-p 00000000 00:00 0 
7f2034021000-7f2038000000 ---p 00000000 00:00 0 
7f2038000000-7f2038021000 rw-p 00000000 00:00 0 
7f2038021000-7f203c000000 ---p 00000000 00:00 0 
7f203c000000-7f203c021000 rw-p 00000000 00:00 0 
7f203c021000-7f2040000000 ---p 00000000 00:00 0 
7f2040000000-7f2040021000 rw-p 00000000 00:00 0 
7f2040021000-7f2044000000 ---p 00000000 00:00 0 
7f2044000000-7f2044021000 rw-p 00000000 00:00 0 
7f2044021000-7f2048000000 ---p 00000000 00:00 0 
7f2048000000-7f2048021000 rw-p 00000000 00:00 0 
7f2048021000-7f204c000000 ---p 00000000 00:00 0 
7f204c000000-7f204c021000 rw-p 00000000 00:00 0 
7f204c021000-7f2050000000 ---p 00000000 00:00 0 
7f2050000000-7f2050876000 rw-p 00000000 00:00 0 
7f2050876000-7f2054000000 ---p 00000000 00:00 0 
7f20574ee000-7f20576ee000 rw-p 00000000 00:00 0 
7f20576ee000-7f20576ef000 ---p 00000000 00:00 0 
7f20576ef000-7f20577f0000 rw-p 00000000 00:00 0 
7f20577f0000-7f20577f1000 ---p 00000000 00:00 0 
7f20577f1000-7f20578f2000 rw-p 00000000 00:00 0 
7f20578f2000-7f20578f3000 ---p 00000000 00:00 0 
7f20578f3000-7f20579f4000 rw-p 00000000 00:00 0 
7f20579f4000-7f20579f5000 ---p 00000000 00:00 0 
7f20579f5000-7f2057af6000 rw-p 00000000 00:00 0 
7f2057af6000-7f2057af7000 ---p 00000000 00:00 0 
7f2057af7000-7f2057bf8000 rw-p 00000000 00:00 0 
7f2057bf8000-7f2057bf9000 ---p 00000000 00:00 0 
7f2057bf9000-7f2057cfa000 rw-p 00000000 00:00 0 
7f2057cfa000-7f2057cfb000 ---p 00000000 00:00 0 
7f2057cfb000-7f2057dfc000 rw-p 00000000 00:00 0 
7f2057dfc000-7f2057dfd000 ---p 00000000 00:00 0 
7f2057dfd000-7f2057efe000 rw-p 00000000 00:00 0 
7f2057efe000-7f2057eff000 ---p 00000000 00:00 0 
7f2057eff000-7f2058000000 rw-p 00000000 00:00 0 
7f2058000000-7f205a57b000 rw-p 00000000 00:00 0 
7f205a57b000-7f205c000000 ---p 00000000 00:00 0 
7f205c000000-7f205c021000 rw-p 00000000 00:00 0 
7f205c021000-7f2060000000 ---p 00000000 00:00 0 
7f2060000000-7f2060021000 rw-p 00000000 00:00 0 
7f2060021000-7f2064000000 ---p 00000000 00:00 0 
7f2064000000-7f2064021000 rw-p 00000000 00:00 0 
7f2064021000-7f2068000000 ---p 00000000 00:00 0 
7f2068000000-7f2068021000 rw-p 00000000 00:00 0 
7f2068021000-7f206c000000 ---p 00000000 00:00 0 
7f206c000000-7f206c021000 rw-p 00000000 00:00 0 
7f206c021000-7f2070000000 ---p 00000000 00:00 0 
7f2070000000-7f2070021000 rw-p 00000000 00:00 0 
7f2070021000-7f2074000000 ---p 00000000 00:00 0 
7f2074000000-7f20740cd000 rw-p 00000000 00:00 0 
7f20740cd000-7f2078000000 ---p 00000000 00:00 0 
7f2078000000-7f207877c000 rw-p 00000000 00:00 0 
7f207877c000-7f207c000000 ---p 00000000 00:00 0 
7f207c000000-7f207c021000 rw-p 00000000 00:00 0 
7f207c021000-7f2080000000 ---p 00000000 00:00 0 
7f2080000000-7f2080021000 rw-p 00000000 00:00 0 
7f2080021000-7f2084000000 ---p 00000000 00:00 0 
7f2084000000-7f20866cf000 rw-p 00000000 00:00 0 
7f20866cf000-7f2088000000 ---p 00000000 00:00 0 
7f2088000000-7f2088021000 rw-p 00000000 00:00 0 
7f2088021000-7f208c000000 ---p 00000000 00:00 0 
7f208c000000-7f208c021000 rw-p 00000000 00:00 0 
7f208c021000-7f2090000000 ---p 00000000 00:00 0 
7f2090000000-7f2090021000 rw-p 00000000 00:00 0 
7f2090021000-7f2094000000 ---p 00000000 00:00 0 
7f2094000000-7f2094052000 rw-p 00000000 00:00 0 
7f2094052000-7f2098000000 ---p 00000000 00:00 0 
7f2098000000-7f2098021000 rw-p 00000000 00:00 0 
7f2098021000-7f209c000000 ---p 00000000 00:00 0 
7f209c000000-7f209c021000 rw-p 00000000 00:00 0 
7f209c021000-7f20a0000000 ---p 00000000 00:00 0 
7f20a0000000-7f20a0021000 rw-p 00000000 00:00 0 
7f20a0021000-7f20a4000000 ---p 00000000 00:00 0 
7f20a4032000-7f20a4036000 ---p 00000000 00:00 0 
7f20a4036000-7f20a4133000 rw-p 00000000 00:00 0 
7f20a4133000-7f20a4137000 ---p 00000000 00:00 0 
7f20a4137000-7f20a4234000 rw-p 00000000 00:00 0 
7f20a4234000-7f20a4238000 ---p 00000000 00:00 0 
7f20a4238000-7f20a4335000 rw-p 00000000 00:00 0 
7f20a4335000-7f20a4336000 ---p 00000000 00:00 0 
7f20a4336000-7f20a4437000 rw-p 00000000 00:00 0 
7f20a4437000-7f20a443b000 ---p 00000000 00:00 0 
7f20a443b000-7f20a4538000 rw-p 00000000 00:00 0 
7f20a4538000-7f20a453c000 r--p 00000000 08:01 134021                     /usr/lib/jvm/java-11-openjdk-amd64/lib/libnet.so
7f20a453c000-7f20a454b000 r-xp 00004000 08:01 134021                     /usr/lib/jvm/java-11-openjdk-amd64/lib/libnet.so
7f20a454b000-7f20a454f000 r--p 00013000 08:01 134021                     /usr/lib/jvm/java-11-openjdk-amd64/lib/libnet.so
7f20a454f000-7f20a4550000 r--p 00016000 08:01 134021                     /usr/lib/jvm/java-11-openjdk-amd64/lib/libnet.so
7f20a4550000-7f20a4551000 rw-p 00017000 08:01 134021                     /usr/lib/jvm/java-11-openjdk-amd64/lib/libnet.so
7f20a4551000-7f20a4555000 ---p 00000000 00:00 0 
7f20a4555000-7f20a4652000 rw-p 00000000 00:00 0 
7f20a4652000-7f20a4656000 ---p 00000000 00:00 0 
7f20a4656000-7f20a4753000 rw-p 00000000 00:00 0 
7f20a4753000-7f20a4757000 ---p 00000000 00:00 0 
7f20a4757000-7f20a4854000 rw-p 00000000 00:00 0 
7f20a4854000-7f20a4857000 r--p 00000000 08:01 5898969                    /lib/x86_64-linux-gnu/libnss_files-2.29.so
7f20a4857000-7f20a485e000 r-xp 00003000 08:01 5898969                    /lib/x86_64-linux-gnu/libnss_files-2.29.so
7f20a485e000-7f20a4860000 r--p 0000a000 08:01 5898969                    /lib/x86_64-linux-gnu/libnss_files-2.29.so
7f20a4860000-7f20a4861000 r--p 0000b000 08:01 5898969                    /lib/x86_64-linux-gnu/libnss_files-2.29.so
7f20a4861000-7f20a4862000 rw-p 0000c000 08:01 5898969                    /lib/x86_64-linux-gnu/libnss_files-2.29.so
7f20a4862000-7f20a4868000 rw-p 00000000 00:00 0 
7f20a4868000-7f20a489d000 r--s 00000000 08:01 2499215                    /var/cache/nscd/hosts
7f20a489d000-7f20a48a1000 ---p 00000000 00:00 0 
7f20a48a1000-7f20a499e000 rw-p 00000000 00:00 0 
7f20a499e000-7f20a49a2000 ---p 00000000 00:00 0 
7f20a49a2000-7f20a4a9f000 rw-p 00000000 00:00 0 
7f20a4a9f000-7f20a4dd8000 r--p 00000000 08:01 6165976                    /usr/lib/locale/locale-archive
7f20a4dd8000-7f20a7db0000 rw-p 00000000 00:00 0 
7f20a7db0000-7f20ae308000 ---p 00000000 00:00 0 
7f20ae308000-7f20ae318000 rw-p 00000000 00:00 0 
7f20ae318000-7f20af318000 ---p 00000000 00:00 0 
7f20af318000-7f20afaf0000 rw-p 00000000 00:00 0 
7f20afaf0000-7f20b6048000 ---p 00000000 00:00 0 
7f20b6048000-7f20b6058000 rw-p 00000000 00:00 0 
7f20b6058000-7f20b7058000 ---p 00000000 00:00 0 
7f20b7058000-7f20b7153000 rw-p 00000000 00:00 0 
7f20b7153000-7f20b7dfe000 ---p 00000000 00:00 0 
7f20b7dfe000-7f20b7e00000 rw-p 00000000 00:00 0 
7f20b7e00000-7f20b8000000 ---p 00000000 00:00 0 
7f20b8000000-7f20b8021000 rw-p 00000000 00:00 0 
7f20b8021000-7f20bc000000 ---p 00000000 00:00 0 
7f20bc018000-7f20bc01f000 r--p 00000000 08:01 134023                     /usr/lib/jvm/java-11-openjdk-amd64/lib/libnio.so
7f20bc01f000-7f20bc026000 r-xp 00007000 08:01 134023                     /usr/lib/jvm/java-11-openjdk-amd64/lib/libnio.so
7f20bc026000-7f20bc029000 r--p 0000e000 08:01 134023                     /usr/lib/jvm/java-11-openjdk-amd64/lib/libnio.so
7f20bc029000-7f20bc02a000 r--p 00010000 08:01 134023                     /usr/lib/jvm/java-11-openjdk-amd64/lib/libnio.so
7f20bc02a000-7f20bc02b000 rw-p 00011000 08:01 134023                     /usr/lib/jvm/java-11-openjdk-amd64/lib/libnio.so
7f20bc02b000-7f20bc02c000 r--p 00000000 08:01 133637                     /usr/lib/jvm/java-11-openjdk-amd64/lib/libdt_socket.so
7f20bc02c000-7f20bc02f000 r-xp 00001000 08:01 133637                     /usr/lib/jvm/java-11-openjdk-amd64/lib/libdt_socket.so
7f20bc02f000-7f20bc030000 r--p 00004000 08:01 133637                     /usr/lib/jvm/java-11-openjdk-amd64/lib/libdt_socket.so
7f20bc030000-7f20bc031000 r--p 00004000 08:01 133637                     /usr/lib/jvm/java-11-openjdk-amd64/lib/libdt_socket.so
7f20bc031000-7f20bc032000 rw-p 00005000 08:01 133637                     /usr/lib/jvm/java-11-openjdk-amd64/lib/libdt_socket.so
7f20bc032000-7f20bc036000 ---p 00000000 00:00 0 
7f20bc036000-7f20bc133000 rw-p 00000000 00:00 0 
7f20bc133000-7f20bc137000 ---p 00000000 00:00 0 
7f20bc137000-7f20bc234000 rw-p 00000000 00:00 0 
7f20bc234000-7f20bc238000 ---p 00000000 00:00 0 
7f20bc238000-7f20bc335000 rw-p 00000000 00:00 0 
7f20bc335000-7f20bc339000 ---p 00000000 00:00 0 
7f20bc339000-7f20bc436000 rw-p 00000000 00:00 0 
7f20bc436000-7f20bc43a000 ---p 00000000 00:00 0 
7f20bc43a000-7f20bc537000 rw-p 00000000 00:00 0 
7f20bc537000-7f20bc538000 ---p 00000000 00:00 0 
7f20bc538000-7f20bc639000 rw-p 00000000 00:00 0 
7f20bc639000-7f20bc63a000 ---p 00000000 00:00 0 
7f20bc63a000-7f20bc73b000 rw-p 00000000 00:00 0 
7f20bc73b000-7f20bc73c000 ---p 00000000 00:00 0 
7f20bc73c000-7f20bc93e000 rw-p 00000000 00:00 0 
7f20bc93e000-7f20bcbae000 rwxp 00000000 00:00 0 
7f20bcbae000-7f20bcecf000 ---p 00000000 00:00 0 
7f20bcecf000-7f20bd20f000 rwxp 00000000 00:00 0 
7f20bd20f000-7f20c4406000 ---p 00000000 00:00 0 
7f20c4406000-7f20c4676000 rwxp 00000000 00:00 0 
7f20c4676000-7f20cb93e000 ---p 00000000 00:00 0 
7f20cb93e000-7f20d4000000 r--s 00000000 08:01 134057                     /usr/lib/jvm/java-11-openjdk-amd64/lib/modules
7f20d4000000-7f20d4ea8000 rw-p 00000000 00:00 0 
7f20d4ea8000-7f20d8000000 ---p 00000000 00:00 0 
7f20d8000000-7f20d8001000 r--p 00000000 08:01 133657                     /usr/lib/jvm/java-11-openjdk-amd64/lib/libextnet.so
7f20d8001000-7f20d8002000 r-xp 00001000 08:01 133657                     /usr/lib/jvm/java-11-openjdk-amd64/lib/libextnet.so
7f20d8002000-7f20d8003000 r--p 00002000 08:01 133657                     /usr/lib/jvm/java-11-openjdk-amd64/lib/libextnet.so
7f20d8003000-7f20d8004000 r--p 00002000 08:01 133657                     /usr/lib/jvm/java-11-openjdk-amd64/lib/libextnet.so
7f20d8004000-7f20d8005000 rw-p 00003000 08:01 133657                     /usr/lib/jvm/java-11-openjdk-amd64/lib/libextnet.so
7f20d8005000-7f20d800c000 r--s 00000000 08:01 6215712                    /usr/lib/x86_64-linux-gnu/gconv/gconv-modules.cache
7f20d800c000-7f20d89f1000 rw-p 00000000 00:00 0 
7f20d89f1000-7f20d89f2000 ---p 00000000 00:00 0 
7f20d89f2000-7f20d8af3000 rw-p 00000000 00:00 0 
7f20d8af3000-7f20d8af4000 ---p 00000000 00:00 0 
7f20d8af4000-7f20d8df3000 rw-p 00000000 00:00 0 
7f20d8df3000-7f20d9a9e000 ---p 00000000 00:00 0 
7f20d9a9e000-7f20d9aa0000 rw-p 00000000 00:00 0 
7f20d9aa0000-7f20d9ca0000 ---p 00000000 00:00 0 
7f20d9ca0000-7f20d9d9b000 rw-p 00000000 00:00 0 
7f20d9d9b000-7f20daa46000 ---p 00000000 00:00 0 
7f20daa46000-7f20daa48000 rw-p 00000000 00:00 0 
7f20daa48000-7f20dac48000 ---p 00000000 00:00 0 
7f20dac48000-7f20db691000 rw-p 00000000 00:00 0 
7f20db691000-7f20db692000 ---p 00000000 00:00 0 
7f20db692000-7f20db798000 rw-p 00000000 00:00 0 
7f20db798000-7f20db87e000 ---p 00000000 00:00 0 
7f20db87e000-7f20db885000 rw-p 00000000 00:00 0 
7f20db885000-7f20db969000 ---p 00000000 00:00 0 
7f20db969000-7f20db96e000 rw-p 00000000 00:00 0 
7f20db96e000-7f20db975000 ---p 00000000 00:00 0 
7f20db975000-7f20db977000 r--s 0000c000 08:01 447                        /usr/share/java/java-atk-wrapper.jar
7f20db977000-7f20db979000 r--p 00000000 08:01 133990                     /usr/lib/jvm/java-11-openjdk-amd64/lib/libjimage.so
7f20db979000-7f20db97c000 r-xp 00002000 08:01 133990                     /usr/lib/jvm/java-11-openjdk-amd64/lib/libjimage.so
7f20db97c000-7f20db97d000 r--p 00005000 08:01 133990                     /usr/lib/jvm/java-11-openjdk-amd64/lib/libjimage.so
7f20db97d000-7f20db97e000 ---p 00006000 08:01 133990                     /usr/lib/jvm/java-11-openjdk-amd64/lib/libjimage.so
7f20db97e000-7f20db97f000 r--p 00006000 08:01 133990                     /usr/lib/jvm/java-11-openjdk-amd64/lib/libjimage.so
7f20db97f000-7f20db980000 rw-p 00007000 08:01 133990                     /usr/lib/jvm/java-11-openjdk-amd64/lib/libjimage.so
7f20db980000-7f20db982000 r--p 00000000 08:01 134055                     /usr/lib/jvm/java-11-openjdk-amd64/lib/libzip.so
7f20db982000-7f20db986000 r-xp 00002000 08:01 134055                     /usr/lib/jvm/java-11-openjdk-amd64/lib/libzip.so
7f20db986000-7f20db988000 r--p 00006000 08:01 134055                     /usr/lib/jvm/java-11-openjdk-amd64/lib/libzip.so
7f20db988000-7f20db989000 r--p 00007000 08:01 134055                     /usr/lib/jvm/java-11-openjdk-amd64/lib/libzip.so
7f20db989000-7f20db98a000 rw-p 00008000 08:01 134055                     /usr/lib/jvm/java-11-openjdk-amd64/lib/libzip.so
7f20db98a000-7f20db992000 rw-s 00000000 08:01 396058                     /tmp/hsperfdata_tgeb/157069
7f20db992000-7f20db9c7000 r--s 00000000 08:01 2499213                    /var/cache/nscd/passwd
7f20db9c7000-7f20db9c9000 r--p 00000000 08:01 133988                     /usr/lib/jvm/java-11-openjdk-amd64/lib/libjdwp.so
7f20db9c9000-7f20db9f4000 r-xp 00002000 08:01 133988                     /usr/lib/jvm/java-11-openjdk-amd64/lib/libjdwp.so
7f20db9f4000-7f20dba01000 r--p 0002d000 08:01 133988                     /usr/lib/jvm/java-11-openjdk-amd64/lib/libjdwp.so
7f20dba01000-7f20dba02000 ---p 0003a000 08:01 133988                     /usr/lib/jvm/java-11-openjdk-amd64/lib/libjdwp.so
7f20dba02000-7f20dba03000 r--p 0003a000 08:01 133988                     /usr/lib/jvm/java-11-openjdk-amd64/lib/libjdwp.so
7f20dba03000-7f20dba04000 rw-p 0003b000 08:01 133988                     /usr/lib/jvm/java-11-openjdk-amd64/lib/libjdwp.so
7f20dba04000-7f20dba11000 r--p 00000000 08:01 133982                     /usr/lib/jvm/java-11-openjdk-amd64/lib/libjava.so
7f20dba11000-7f20dba26000 r-xp 0000d000 08:01 133982                     /usr/lib/jvm/java-11-openjdk-amd64/lib/libjava.so
7f20dba26000-7f20dba2d000 r--p 00022000 08:01 133982                     /usr/lib/jvm/java-11-openjdk-amd64/lib/libjava.so
7f20dba2d000-7f20dba2e000 r--p 00028000 08:01 133982                     /usr/lib/jvm/java-11-openjdk-amd64/lib/libjava.so
7f20dba2e000-7f20dba30000 rw-p 00029000 08:01 133982                     /usr/lib/jvm/java-11-openjdk-amd64/lib/libjava.so
7f20dba30000-7f20dba33000 r--p 00000000 08:01 5898988                    /lib/x86_64-linux-gnu/librt-2.29.so
7f20dba33000-7f20dba37000 r-xp 00003000 08:01 5898988                    /lib/x86_64-linux-gnu/librt-2.29.so
7f20dba37000-7f20dba39000 r--p 00007000 08:01 5898988                    /lib/x86_64-linux-gnu/librt-2.29.so
7f20dba39000-7f20dba3a000 r--p 00008000 08:01 5898988                    /lib/x86_64-linux-gnu/librt-2.29.so
7f20dba3a000-7f20dba3b000 rw-p 00009000 08:01 5898988                    /lib/x86_64-linux-gnu/librt-2.29.so
7f20dba3b000-7f20dba3f000 ---p 00000000 00:00 0 
7f20dba3f000-7f20dbb3c000 rw-p 00000000 00:00 0 
7f20dbb3c000-7f20dbb3f000 r--p 00000000 08:01 5898306                    /lib/x86_64-linux-gnu/libgcc_s.so.1
7f20dbb3f000-7f20dbb50000 r-xp 00003000 08:01 5898306                    /lib/x86_64-linux-gnu/libgcc_s.so.1
7f20dbb50000-7f20dbb54000 r--p 00014000 08:01 5898306                    /lib/x86_64-linux-gnu/libgcc_s.so.1
7f20dbb54000-7f20dbb55000 r--p 00017000 08:01 5898306                    /lib/x86_64-linux-gnu/libgcc_s.so.1
7f20dbb55000-7f20dbb56000 rw-p 00018000 08:01 5898306                    /lib/x86_64-linux-gnu/libgcc_s.so.1
7f20dbb56000-7f20dbb65000 r--p 00000000 08:01 5898865                    /lib/x86_64-linux-gnu/libm-2.29.so
7f20dbb65000-7f20dbc00000 r-xp 0000f000 08:01 5898865                    /lib/x86_64-linux-gnu/libm-2.29.so
7f20dbc00000-7f20dbc99000 r--p 000aa000 08:01 5898865                    /lib/x86_64-linux-gnu/libm-2.29.so
7f20dbc99000-7f20dbc9a000 r--p 00142000 08:01 5898865                    /lib/x86_64-linux-gnu/libm-2.29.so
7f20dbc9a000-7f20dbc9b000 rw-p 00143000 08:01 5898865                    /lib/x86_64-linux-gnu/libm-2.29.so
7f20dbc9b000-7f20dbd31000 r--p 00000000 08:01 6163067                    /usr/lib/x86_64-linux-gnu/libstdc++.so.6.0.28
7f20dbd31000-7f20dbe19000 r-xp 00096000 08:01 6163067                    /usr/lib/x86_64-linux-gnu/libstdc++.so.6.0.28
7f20dbe19000-7f20dbe63000 r--p 0017e000 08:01 6163067                    /usr/lib/x86_64-linux-gnu/libstdc++.so.6.0.28
7f20dbe63000-7f20dbe6e000 r--p 001c7000 08:01 6163067                    /usr/lib/x86_64-linux-gnu/libstdc++.so.6.0.28
7f20dbe6e000-7f20dbe71000 rw-p 001d2000 08:01 6163067                    /usr/lib/x86_64-linux-gnu/libstdc++.so.6.0.28
7f20dbe71000-7f20dbe74000 rw-p 00000000 00:00 0 
7f20dbe74000-7f20dc0e1000 r--p 00000000 08:01 134066                     /usr/lib/jvm/java-11-openjdk-amd64/lib/server/libjvm.so
7f20dc0e1000-7f20dcc54000 r-xp 0026d000 08:01 134066                     /usr/lib/jvm/java-11-openjdk-amd64/lib/server/libjvm.so
7f20dcc54000-7f20dce8e000 r--p 00de0000 08:01 134066                     /usr/lib/jvm/java-11-openjdk-amd64/lib/server/libjvm.so
7f20dce8e000-7f20dcf4b000 r--p 01019000 08:01 134066                     /usr/lib/jvm/java-11-openjdk-amd64/lib/server/libjvm.so
7f20dcf4b000-7f20dcf84000 rw-p 010d6000 08:01 134066                     /usr/lib/jvm/java-11-openjdk-amd64/lib/server/libjvm.so
7f20dcf84000-7f20dcfdd000 rw-p 00000000 00:00 0 
7f20dcfdd000-7f20dcfe4000 r--p 00000000 08:01 5898981                    /lib/x86_64-linux-gnu/libpthread-2.29.so
7f20dcfe4000-7f20dcff3000 r-xp 00007000 08:01 5898981                    /lib/x86_64-linux-gnu/libpthread-2.29.so
7f20dcff3000-7f20dcff8000 r--p 00016000 08:01 5898981                    /lib/x86_64-linux-gnu/libpthread-2.29.so
7f20dcff8000-7f20dcff9000 r--p 0001a000 08:01 5898981                    /lib/x86_64-linux-gnu/libpthread-2.29.so
7f20dcff9000-7f20dcffa000 rw-p 0001b000 08:01 5898981                    /lib/x86_64-linux-gnu/libpthread-2.29.so
7f20dcffa000-7f20dcffe000 rw-p 00000000 00:00 0 
7f20dcffe000-7f20dcfff000 r--p 00000000 08:01 5898856                    /lib/x86_64-linux-gnu/libdl-2.29.so
7f20dcfff000-7f20dd000000 r-xp 00001000 08:01 5898856                    /lib/x86_64-linux-gnu/libdl-2.29.so
7f20dd000000-7f20dd001000 r--p 00002000 08:01 5898856                    /lib/x86_64-linux-gnu/libdl-2.29.so
7f20dd001000-7f20dd002000 r--p 00002000 08:01 5898856                    /lib/x86_64-linux-gnu/libdl-2.29.so
7f20dd002000-7f20dd003000 rw-p 00003000 08:01 5898856                    /lib/x86_64-linux-gnu/libdl-2.29.so
7f20dd003000-7f20dd006000 r--p 00000000 08:01 5898360                    /lib/x86_64-linux-gnu/libz.so.1.2.11
7f20dd006000-7f20dd017000 r-xp 00003000 08:01 5898360                    /lib/x86_64-linux-gnu/libz.so.1.2.11
7f20dd017000-7f20dd01d000 r--p 00014000 08:01 5898360                    /lib/x86_64-linux-gnu/libz.so.1.2.11
7f20dd01d000-7f20dd01e000 ---p 0001a000 08:01 5898360                    /lib/x86_64-linux-gnu/libz.so.1.2.11
7f20dd01e000-7f20dd01f000 r--p 0001a000 08:01 5898360                    /lib/x86_64-linux-gnu/libz.so.1.2.11
7f20dd01f000-7f20dd020000 rw-p 0001b000 08:01 5898360                    /lib/x86_64-linux-gnu/libz.so.1.2.11
7f20dd020000-7f20dd045000 r--p 00000000 08:01 5898839                    /lib/x86_64-linux-gnu/libc-2.29.so
7f20dd045000-7f20dd18c000 r-xp 00025000 08:01 5898839                    /lib/x86_64-linux-gnu/libc-2.29.so
7f20dd18c000-7f20dd1d5000 r--p 0016c000 08:01 5898839                    /lib/x86_64-linux-gnu/libc-2.29.so
7f20dd1d5000-7f20dd1d6000 ---p 001b5000 08:01 5898839                    /lib/x86_64-linux-gnu/libc-2.29.so
7f20dd1d6000-7f20dd1d9000 r--p 001b5000 08:01 5898839                    /lib/x86_64-linux-gnu/libc-2.29.so
7f20dd1d9000-7f20dd1dc000 rw-p 001b8000 08:01 5898839                    /lib/x86_64-linux-gnu/libc-2.29.so
7f20dd1dc000-7f20dd1e0000 rw-p 00000000 00:00 0 
7f20dd1e0000-7f20dd1e2000 r--p 00000000 08:01 133659                     /usr/lib/jvm/java-11-openjdk-amd64/lib/libinstrument.so
7f20dd1e2000-7f20dd1e8000 r-xp 00002000 08:01 133659                     /usr/lib/jvm/java-11-openjdk-amd64/lib/libinstrument.so
7f20dd1e8000-7f20dd1eb000 r--p 00008000 08:01 133659                     /usr/lib/jvm/java-11-openjdk-amd64/lib/libinstrument.so
7f20dd1eb000-7f20dd1ec000 r--p 0000a000 08:01 133659                     /usr/lib/jvm/java-11-openjdk-amd64/lib/libinstrument.so
7f20dd1ec000-7f20dd1ed000 rw-p 0000b000 08:01 133659                     /usr/lib/jvm/java-11-openjdk-amd64/lib/libinstrument.so
7f20dd1ed000-7f20dd1ee000 ---p 00000000 00:00 0 
7f20dd1ee000-7f20dd1ef000 r--p 00000000 00:00 0 
7f20dd1ef000-7f20dd1f4000 r--p 00000000 08:01 134037                     /usr/lib/jvm/java-11-openjdk-amd64/lib/libverify.so
7f20dd1f4000-7f20dd1fb000 r-xp 00005000 08:01 134037                     /usr/lib/jvm/java-11-openjdk-amd64/lib/libverify.so
7f20dd1fb000-7f20dd1fd000 r--p 0000c000 08:01 134037                     /usr/lib/jvm/java-11-openjdk-amd64/lib/libverify.so
7f20dd1fd000-7f20dd1fe000 ---p 0000e000 08:01 134037                     /usr/lib/jvm/java-11-openjdk-amd64/lib/libverify.so
7f20dd1fe000-7f20dd200000 r--p 0000e000 08:01 134037                     /usr/lib/jvm/java-11-openjdk-amd64/lib/libverify.so
7f20dd200000-7f20dd201000 rw-p 00010000 08:01 134037                     /usr/lib/jvm/java-11-openjdk-amd64/lib/libverify.so
7f20dd201000-7f20dd204000 r--p 00000000 08:01 133493                     /usr/lib/jvm/java-11-openjdk-amd64/lib/jli/libjli.so
7f20dd204000-7f20dd20e000 r-xp 00003000 08:01 133493                     /usr/lib/jvm/java-11-openjdk-amd64/lib/jli/libjli.so
7f20dd20e000-7f20dd211000 r--p 0000d000 08:01 133493                     /usr/lib/jvm/java-11-openjdk-amd64/lib/jli/libjli.so
7f20dd211000-7f20dd212000 r--p 0000f000 08:01 133493                     /usr/lib/jvm/java-11-openjdk-amd64/lib/jli/libjli.so
7f20dd212000-7f20dd213000 rw-p 00010000 08:01 133493                     /usr/lib/jvm/java-11-openjdk-amd64/lib/jli/libjli.so
7f20dd213000-7f20dd215000 rw-p 00000000 00:00 0 
7f20dd215000-7f20dd216000 r--p 00000000 08:01 5898441                    /lib/x86_64-linux-gnu/ld-2.29.so
7f20dd216000-7f20dd234000 r-xp 00001000 08:01 5898441                    /lib/x86_64-linux-gnu/ld-2.29.so
7f20dd234000-7f20dd23c000 r--p 0001f000 08:01 5898441                    /lib/x86_64-linux-gnu/ld-2.29.so
7f20dd23c000-7f20dd23d000 r--p 00026000 08:01 5898441                    /lib/x86_64-linux-gnu/ld-2.29.so
7f20dd23d000-7f20dd23e000 rw-p 00027000 08:01 5898441                    /lib/x86_64-linux-gnu/ld-2.29.so
7f20dd23e000-7f20dd23f000 rw-p 00000000 00:00 0 
7ffd3cb69000-7ffd3cb8b000 rw-p 00000000 00:00 0                          [stack]
7ffd3cba7000-7ffd3cbaa000 r--p 00000000 00:00 0                          [vvar]
7ffd3cbaa000-7ffd3cbab000 r-xp 00000000 00:00 0                          [vdso]


VM Arguments:
jvm_args: -agentlib:jdwp=transport=dt_socket,suspend=y,address=localhost:32901 -ea -javaagent:/users/sbi00/tgeb/eclipse/jee-2018-09/eclipse/configuration/org.eclipse.osgi/414/0/.cp/lib/javaagent-shaded.jar -Dfile.encoding=UTF-8 
java_command: org.eclipse.jdt.internal.junit.runner.RemoteTestRunner -version 3 -port 42115 -testLoaderClass org.eclipse.jdt.internal.junit4.runner.JUnit4TestLoader -loaderpluginname org.eclipse.jdt.junit4.runtime -classNames de.unirostock.sems.TestMerge
java_class_path (initial): /users/sbi00/tgeb/eclipse-workspace/BiVeS-Merge/target/test-classes:/users/sbi00/tgeb/eclipse-workspace/BiVeS-Merge/target/classes:/users/sbi00/tgeb/.m2/repository/junit/junit/4.8.1/junit-4.8.1.jar:/var/www/html/GitRepos/BiVeS-Core/target/classes:/users/sbi00/tgeb/.m2/repository/com/googlecode/json-simple/json-simple/1.1.1/json-simple-1.1.1.jar:/var/www/html/GitRepos/XMLUtils/target/classes:/users/sbi00/tgeb/.m2/repository/de/binfalse/BFUtils/0.5.8/BFUtils-0.5.8.jar:/users/sbi00/tgeb/.m2/repository/commons-io/commons-io/2.4/commons-io-2.4.jar:/users/sbi00/tgeb/.m2/repository/org/apache/httpcomponents/httpclient/4.5.10/httpclient-4.5.10.jar:/users/sbi00/tgeb/.m2/repository/org/apache/httpcomponents/httpcore/4.4.12/httpcore-4.4.12.jar:/users/sbi00/tgeb/.m2/repository/commons-logging/commons-logging/1.2/commons-logging-1.2.jar:/users/sbi00/tgeb/.m2/repository/commons-codec/commons-codec/1.11/commons-codec-1.11.jar:/users/sbi00/tgeb/.m2/repository/org/jdom/jdom2/2.0.5/jdom2-2.0.5.jar:/users/sbi00/tgeb/.m2/repository/de/uni-rostock/sbi/jCOMODI/1.0.2/jCOMODI-1.0.2.jar:/users/sbi00/tgeb/.m2/repository/org/apache/jena/jena-tdb/3.0.0/jena-tdb-3.0.0.jar:/users/sbi00/tgeb/.m2/repository/org/apache/jena/jena-arq/3.0.0/jena-arq-3.0.0.jar:/users/sbi00/tgeb/.m2/repository/org/apache/jena/jena-core/3.0.0/jena-core-3.0.0.jar:/users/sbi00/tgeb/.m2/repository/org/apache/jena/jena-iri/3.0.0/jena-iri-3.0.0.jar:/users/sbi00/tgeb/.m2/repository/xerces/xercesImpl/2.11.0/xercesImpl-2.11.0.jar:/users/sbi00/tgeb/.m2/repository/xml-apis/xml-apis/1.4.01/xml-apis-1.4.01.jar:/users/sbi00/tgeb/.m2/repository/org/apache/jena/jena-base/3.0.0/jena-base-3.0.0.jar:/users/sbi00/tgeb/.m2/repository/org/apache/jena/jena-shaded-guava/3.0.0/jena-shaded-guava-3.0.0.jar:/users/sbi00/tgeb/.m2/repository/com/github/jsonld-java/jsonld-java/0.5.1/jsonld-java-0.5.1.jar:/users/sbi00/tgeb/.m2/repository/com/fasterxml/jackson/core/jackson-core/2.3.3/jackson-core-2.3.3.jar:/users/sbi00/tge
Launcher Type: SUN_STANDARD

[Global flags]
     intx CICompilerCount                          = 4                                         {product} {ergonomic}
     uint ConcGCThreads                            = 3                                         {product} {ergonomic}
     uint G1ConcRefinementThreads                  = 10                                        {product} {ergonomic}
   size_t G1HeapRegionSize                         = 2097152                                   {product} {ergonomic}
    uintx GCDrainStackTargetSize                   = 64                                        {product} {ergonomic}
   size_t InitialHeapSize                          = 526385152                                 {product} {ergonomic}
   size_t MarkStackSize                            = 4194304                                   {product} {ergonomic}
   size_t MaxHeapSize                              = 8405385216                                {product} {ergonomic}
   size_t MaxNewSize                               = 5041553408                                {product} {ergonomic}
   size_t MinHeapDeltaBytes                        = 2097152                                   {product} {ergonomic}
    uintx NonNMethodCodeHeapSize                   = 5836300                                {pd product} {ergonomic}
    uintx NonProfiledCodeHeapSize                  = 122910970                              {pd product} {ergonomic}
    uintx ProfiledCodeHeapSize                     = 122910970                              {pd product} {ergonomic}
    uintx ReservedCodeCacheSize                    = 251658240                              {pd product} {ergonomic}
     bool SegmentedCodeCache                       = true                                      {product} {ergonomic}
     bool UseCompressedClassPointers               = true                                 {lp64_product} {ergonomic}
     bool UseCompressedOops                        = true                                 {lp64_product} {ergonomic}
     bool UseG1GC                                  = true                                      {product} {ergonomic}

Logging:
Log output configuration:
 #0: stdout all=warning uptime,level,tags
 #1: stderr all=off uptime,level,tags

Environment Variables:
PATH=/usr/local/bin:/usr/bin:/bin:/usr/local/games:/usr/games
SHELL=/usr/bin/zsh
DISPLAY=:0

Signal Handlers:
SIGSEGV: [libjvm.so+0xd6efb0], sa_mask[0]=11111111011111111101111111111110, sa_flags=SA_RESTART|SA_SIGINFO
SIGBUS: [libjvm.so+0xd6efb0], sa_mask[0]=11111111011111111101111111111110, sa_flags=SA_RESTART|SA_SIGINFO
SIGFPE: [libjvm.so+0xd6efb0], sa_mask[0]=11111111011111111101111111111110, sa_flags=SA_RESTART|SA_SIGINFO
SIGPIPE: [libjvm.so+0xb6e120], sa_mask[0]=11111111011111111101111111111110, sa_flags=SA_RESTART|SA_SIGINFO
SIGXFSZ: [libjvm.so+0xb6e120], sa_mask[0]=11111111011111111101111111111110, sa_flags=SA_RESTART|SA_SIGINFO
SIGILL: [libjvm.so+0xd6efb0], sa_mask[0]=11111111011111111101111111111110, sa_flags=SA_RESTART|SA_SIGINFO
SIGUSR2: [libjvm.so+0xb6dfc0], sa_mask[0]=00100000000000000000000000000000, sa_flags=SA_RESTART|SA_SIGINFO
SIGHUP: [libjvm.so+0xb6e460], sa_mask[0]=11111111011111111101111111111110, sa_flags=SA_RESTART|SA_SIGINFO
SIGINT: [libjvm.so+0xb6e460], sa_mask[0]=11111111011111111101111111111110, sa_flags=SA_RESTART|SA_SIGINFO
SIGTERM: [libjvm.so+0xb6e460], sa_mask[0]=11111111011111111101111111111110, sa_flags=SA_RESTART|SA_SIGINFO
SIGQUIT: [libjvm.so+0xb6e460], sa_mask[0]=11111111011111111101111111111110, sa_flags=SA_RESTART|SA_SIGINFO


---------------  S Y S T E M  ---------------

OS:PRETTY_NAME="Debian GNU/Linux bullseye/sid"
NAME="Debian GNU/Linux"
ID=debian
HOME_URL="https://www.debian.org/"
SUPPORT_URL="https://www.debian.org/support"
BUG_REPORT_URL="https://bugs.debian.org/"
uname:Linux 5.3.0-3-amd64 #1 SMP Debian 5.3.15-1 (2019-12-07) x86_64
libc:glibc 2.29 NPTL 2.29 
rlimit: STACK 8192k, CORE 0k, NPROC 128029, NOFILE 1048576, AS infinity, DATA infinity, FSIZE infinity
load average:3.38 3.46 3.61

/proc/meminfo:
MemTotal:       32829624 kB
MemFree:        21909680 kB
MemAvailable:   24850824 kB
Buffers:          303692 kB
Cached:          3212112 kB
SwapCached:            0 kB
Active:          8152840 kB
Inactive:        1972776 kB
Active(anon):    6647900 kB
Inactive(anon):   350008 kB
Active(file):    1504940 kB
Inactive(file):  1622768 kB
Unevictable:         180 kB
Mlocked:             180 kB
SwapTotal:      31457276 kB
SwapFree:       31457276 kB
Dirty:              2424 kB
Writeback:             0 kB
AnonPages:       6560452 kB
Mapped:           858496 kB
Shmem:            401016 kB
KReclaimable:     279468 kB
Slab:             577196 kB
SReclaimable:     279468 kB
SUnreclaim:       297728 kB
KernelStack:       23448 kB
PageTables:        52100 kB
NFS_Unstable:          0 kB
Bounce:                0 kB
WritebackTmp:          0 kB
CommitLimit:    47872088 kB
Committed_AS:   14221840 kB
VmallocTotal:   34359738367 kB
VmallocUsed:       48620 kB
VmallocChunk:          0 kB
Percpu:            11648 kB
HardwareCorrupted:     0 kB
AnonHugePages:   3903488 kB
ShmemHugePages:        0 kB
ShmemPmdMapped:        0 kB
HugePages_Total:       0
HugePages_Free:        0
HugePages_Rsvd:        0
HugePages_Surp:        0
Hugepagesize:       2048 kB
Hugetlb:               0 kB
DirectMap4k:      495232 kB
DirectMap2M:    14123008 kB
DirectMap1G:    20971520 kB


/proc/sys/kernel/threads-max (system-wide limit on the number of threads):
256058


/proc/sys/vm/max_map_count (maximum number of memory map areas a process may have):
65530


/proc/sys/kernel/pid_max (system-wide limit on number of process identifiers):
4194304



container (cgroup) information:
container_type: cgroupv1
cpu_cpuset_cpus: 0-11
cpu_memory_nodes: 0
active_processor_count: 12
cpu_quota: -1
cpu_period: 100000
cpu_shares: -1
memory_limit_in_bytes: -1
memory_and_swap_limit_in_bytes: -2
memory_soft_limit_in_bytes: -1
memory_usage_in_bytes: 4647526400
memory_max_usage_in_bytes: 6056349696

Steal ticks since vm start: 0
Steal ticks percentage since vm start:  0.000

CPU:total 12 (initial active 12) (6 cores per cpu, 2 threads per core) family 6 model 45 stepping 7, cmov, cx8, fxsr, mmx, sse, sse2, sse3, ssse3, sse4.1, sse4.2, popcnt, avx, aes, clmul, ht, tsc, tscinvbit, tscinv
CPU Model and flags from /proc/cpuinfo:
model name	: Intel(R) Core(TM) i7-3930K CPU @ 3.20GHz
flags		: fpu vme de pse tsc msr pae mce cx8 apic sep mtrr pge mca cmov pat pse36 clflush dts acpi mmx fxsr sse sse2 ss ht tm pbe syscall nx pdpe1gb rdtscp lm constant_tsc arch_perfmon pebs bts rep_good nopl xtopology nonstop_tsc cpuid aperfmperf pni pclmulqdq dtes64 monitor ds_cpl vmx est tm2 ssse3 cx16 xtpr pdcm pcid dca sse4_1 sse4_2 x2apic popcnt tsc_deadline_timer aes xsave avx lahf_lm epb pti tpr_shadow vnmi flexpriority ept vpid xsaveopt dtherm ida arat pln pts

Memory: 4k page, physical 32829624k(21909776k free), swap 31457276k(31457276k free)

vm_info: OpenJDK 64-Bit Server VM (11.0.5+10-post-Debian-2) for linux-amd64 JRE (11.0.5+10-post-Debian-2), built on Oct 17 2019 20:04:30 by "buildd" with gcc 9.2.1 20191008

END.
