#
# A fatal error has been detected by the Java Runtime Environment:
#
#  Internal Error (generateOopMap.cpp:2164), pid=136357, tid=136370
#  fatal error: Illegal class file encountered. Try running with -Xverify:all in method testMergefunctions
#
# JRE version: OpenJDK Runtime Environment (11.0.5+10) (build 11.0.5+10-post-Debian-2)
# Java VM: OpenJDK 64-Bit Server VM (11.0.5+10-post-Debian-2, mixed mode, sharing, tiered, compressed oops, g1 gc, linux-amd64)
# No core dump will be written. Core dumps have been disabled. To enable core dumping, try "ulimit -c unlimited" before starting Java again
#
# If you would like to submit a bug report, please visit:
#   https://bugs.debian.org/openjdk-11
#

---------------  S U M M A R Y ------------

Command Line: -agentlib:jdwp=transport=dt_socket,suspend=y,address=localhost:44077 -ea -javaagent:/users/sbi00/tgeb/eclipse/jee-2018-09/eclipse/configuration/org.eclipse.osgi/414/0/.cp/lib/javaagent-shaded.jar -Dfile.encoding=UTF-8 org.eclipse.jdt.internal.junit.runner.RemoteTestRunner -version 3 -port 44741 -testLoaderClass org.eclipse.jdt.internal.junit4.runner.JUnit4TestLoader -loaderpluginname org.eclipse.jdt.junit4.runtime -classNames de.unirostock.sems.TestMerge

Host: Intel(R) Core(TM) i7-3930K CPU @ 3.20GHz, 12 cores, 31G, Debian GNU/Linux bullseye/sid
Time: Mon Dec 16 17:59:48 2019 CET elapsed time: 6121 seconds (0d 1h 42m 1s)

---------------  T H R E A D  ---------------

Current thread (0x00007f820829d000):  VMThread "VM Thread" [stack: 0x00007f81f02b6000,0x00007f81f03b6000] [id=136370]

Stack: [0x00007f81f02b6000,0x00007f81f03b6000],  sp=0x00007f81f03b3e90,  free space=1015k
Native frames: (J=compiled Java code, A=aot compiled Java code, j=interpreted, Vv=VM code, C=native code)
V  [libjvm.so+0xd6d646]
V  [libjvm.so+0xd6e241]
V  [libjvm.so+0x62d577]
V  [libjvm.so+0x78490a]
V  [libjvm.so+0x7849ab]
V  [libjvm.so+0x789f21]
V  [libjvm.so+0x78b500]
V  [libjvm.so+0x78b7d3]
V  [libjvm.so+0xb60a84]
V  [libjvm.so+0xb6172b]
V  [libjvm.so+0xb61c17]
V  [libjvm.so+0xb0833e]
V  [libjvm.so+0x9a775a]
V  [libjvm.so+0xd77bbc]
V  [libjvm.so+0xd753b7]
V  [libjvm.so+0xd759f0]
V  [libjvm.so+0xd75d12]
V  [libjvm.so+0xd01674]
V  [libjvm.so+0xb76e3e]

VM_Operation (0x00007f81cb4fb8c0): GetOrSetLocal, mode: safepoint, requested by thread 0x00007f8208316800


---------------  P R O C E S S  ---------------

Threads class SMR info:
_java_thread_list=0x00007f81900b1560, length=13, elements={
0x00007f8208015800, 0x00007f820829f800, 0x00007f82082a1800, 0x00007f82082a7000,
0x00007f82082a9000, 0x00007f82082ab000, 0x00007f82082ad000, 0x00007f82082cb000,
0x00007f8208316800, 0x00007f8208319800, 0x00007f81a4001800, 0x00007f8208516000,
0x00007f820856c800
}

Java Threads: ( => current thread )
  0x00007f8208015800 JavaThread "main" [_thread_blocked, id=136364, stack(0x00007f820e850000,0x00007f820e951000)]
  0x00007f820829f800 JavaThread "Reference Handler" daemon [_thread_blocked, id=136371, stack(0x00007f81f01b3000,0x00007f81f02b4000)]
  0x00007f82082a1800 JavaThread "Finalizer" daemon [_thread_blocked, id=136372, stack(0x00007f81f00b2000,0x00007f81f01b3000)]
  0x00007f82082a7000 JavaThread "Signal Dispatcher" daemon [_thread_blocked, id=136373, stack(0x00007f81d81f6000,0x00007f81d82f7000)]
  0x00007f82082a9000 JavaThread "C2 CompilerThread0" daemon [_thread_blocked, id=136374, stack(0x00007f81d80f5000,0x00007f81d81f6000)]
  0x00007f82082ab000 JavaThread "C1 CompilerThread0" daemon [_thread_blocked, id=136375, stack(0x00007f81cb6ff000,0x00007f81cb800000)]
  0x00007f82082ad000 JavaThread "Sweeper thread" daemon [_thread_blocked, id=136376, stack(0x00007f81cb5fe000,0x00007f81cb6ff000)]
  0x00007f82082cb000 JavaThread "Common-Cleaner" daemon [_thread_blocked, id=136377, stack(0x00007f81cb4fd000,0x00007f81cb5fe000)]
  0x00007f8208316800 JavaThread "JDWP Transport Listener: dt_socket" daemon [_thread_blocked, id=136379, stack(0x00007f81cb3fc000,0x00007f81cb4fd000)] _threads_hazard_ptr=0x00007f81900b1560
  0x00007f8208319800 JavaThread "JDWP Event Helper Thread" daemon [_thread_blocked, id=136381, stack(0x00007f81cb2fb000,0x00007f81cb3fc000)]
  0x00007f81a4001800 JavaThread "JDWP Command Reader" daemon [_thread_in_native, id=136383, stack(0x00007f81cb1fa000,0x00007f81cb2fb000)]
  0x00007f8208516000 JavaThread "Service Thread" daemon [_thread_blocked, id=136386, stack(0x00007f81caff8000,0x00007f81cb0f9000)]
  0x00007f820856c800 JavaThread "ReaderThread" [_thread_in_native, id=136388, stack(0x00007f81cadf5000,0x00007f81caef6000)]

Other Threads:
=>0x00007f820829d000 VMThread "VM Thread" [stack: 0x00007f81f02b6000,0x00007f81f03b6000] [id=136370]
  0x00007f820851b800 WatcherThread [stack: 0x00007f81caef8000,0x00007f81caff8000] [id=136387]
  0x00007f820802f000 GCTaskThread "GC Thread#0" [stack: 0x00007f820e4a8000,0x00007f820e5a8000] [id=136365]
  0x00007f81c0001000 GCTaskThread "GC Thread#1" [stack: 0x00007f81cabf4000,0x00007f81cacf4000] [id=136394]
  0x00007f81c0002800 GCTaskThread "GC Thread#2" [stack: 0x00007f81caaf2000,0x00007f81cabf2000] [id=136395]
  0x00007f81c0004000 GCTaskThread "GC Thread#3" [stack: 0x00007f81ca9f0000,0x00007f81caaf0000] [id=136396]
  0x00007f81c0005800 GCTaskThread "GC Thread#4" [stack: 0x00007f81ca8ee000,0x00007f81ca9ee000] [id=136397]
  0x00007f81c0007800 GCTaskThread "GC Thread#5" [stack: 0x00007f81ca7ec000,0x00007f81ca8ec000] [id=136398]
  0x00007f81c0009000 GCTaskThread "GC Thread#6" [stack: 0x00007f81ca6ea000,0x00007f81ca7ea000] [id=136399]
  0x00007f81c000a800 GCTaskThread "GC Thread#7" [stack: 0x00007f81ca5e8000,0x00007f81ca6e8000] [id=136400]
  0x00007f81c000c000 GCTaskThread "GC Thread#8" [stack: 0x00007f81ca4e6000,0x00007f81ca5e6000] [id=136401]
  0x00007f81c000e000 GCTaskThread "GC Thread#9" [stack: 0x00007f81ca3e4000,0x00007f81ca4e4000] [id=136402]
  0x00007f8208069000 ConcurrentGCThread "G1 Main Marker" [stack: 0x00007f820c8b2000,0x00007f820c9b2000] [id=136366]
  0x00007f820806b000 ConcurrentGCThread "G1 Conc#0" [stack: 0x00007f820c7b0000,0x00007f820c8b0000] [id=136367]
  0x00007f82081f6800 ConcurrentGCThread "G1 Refine#0" [stack: 0x00007f81f053b000,0x00007f81f063b000] [id=136368]
  0x00007f82081f8000 ConcurrentGCThread "G1 Young RemSet Sampling" [stack: 0x00007f81f0439000,0x00007f81f0539000] [id=136369]

Threads with active compile tasks:

VM state:at safepoint (normal execution)

VM Mutex/Monitor currently owned by a thread:  ([mutex/lock_event])
[0x00007f82080138d0] Threads_lock - owner thread: 0x00007f820829d000

Heap address: 0x000000060b000000, size: 8016 MB, Compressed Oops mode: Zero based, Oop shift amount: 3
Narrow klass base: 0x0000000800000000, Narrow klass shift: 3
Compressed class space size: 1073741824 Address: 0x0000000840000000

Heap:
 garbage-first heap   total 518144K, used 15888K [0x000000060b000000, 0x0000000800000000)
  region size 2048K, 9 young (18432K), 2 survivors (4096K)
 Metaspace       used 7156K, capacity 7789K, committed 8064K, reserved 1056768K
  class space    used 744K, capacity 810K, committed 896K, reserved 1048576K
Heap Regions: E=young(eden), S=young(survivor), O=old, HS=humongous(starts), HC=humongous(continues), CS=collection set, F=free, A=archive, TAMS=top-at-mark-start (previous, next)
|   0|0x000000060b000000, 0x000000060b000000, 0x000000060b200000|  0%| F|  |TAMS 0x000000060b000000, 0x000000060b000000| Untracked 
|   1|0x000000060b200000, 0x000000060b200000, 0x000000060b400000|  0%| F|  |TAMS 0x000000060b200000, 0x000000060b200000| Untracked 
|   2|0x000000060b400000, 0x000000060b400000, 0x000000060b600000|  0%| F|  |TAMS 0x000000060b400000, 0x000000060b400000| Untracked 
|   3|0x000000060b600000, 0x000000060b600000, 0x000000060b800000|  0%| F|  |TAMS 0x000000060b600000, 0x000000060b600000| Untracked 
|   4|0x000000060b800000, 0x000000060b800000, 0x000000060ba00000|  0%| F|  |TAMS 0x000000060b800000, 0x000000060b800000| Untracked 
|   5|0x000000060ba00000, 0x000000060ba00000, 0x000000060bc00000|  0%| F|  |TAMS 0x000000060ba00000, 0x000000060ba00000| Untracked 
|   6|0x000000060bc00000, 0x000000060bc00000, 0x000000060be00000|  0%| F|  |TAMS 0x000000060bc00000, 0x000000060bc00000| Untracked 
|   7|0x000000060be00000, 0x000000060be00000, 0x000000060c000000|  0%| F|  |TAMS 0x000000060be00000, 0x000000060be00000| Untracked 
|   8|0x000000060c000000, 0x000000060c000000, 0x000000060c200000|  0%| F|  |TAMS 0x000000060c000000, 0x000000060c000000| Untracked 
|   9|0x000000060c200000, 0x000000060c200000, 0x000000060c400000|  0%| F|  |TAMS 0x000000060c200000, 0x000000060c200000| Untracked 
|  10|0x000000060c400000, 0x000000060c400000, 0x000000060c600000|  0%| F|  |TAMS 0x000000060c400000, 0x000000060c400000| Untracked 
|  11|0x000000060c600000, 0x000000060c600000, 0x000000060c800000|  0%| F|  |TAMS 0x000000060c600000, 0x000000060c600000| Untracked 
|  12|0x000000060c800000, 0x000000060c800000, 0x000000060ca00000|  0%| F|  |TAMS 0x000000060c800000, 0x000000060c800000| Untracked 
|  13|0x000000060ca00000, 0x000000060ca00000, 0x000000060cc00000|  0%| F|  |TAMS 0x000000060ca00000, 0x000000060ca00000| Untracked 
|  14|0x000000060cc00000, 0x000000060cc00000, 0x000000060ce00000|  0%| F|  |TAMS 0x000000060cc00000, 0x000000060cc00000| Untracked 
|  15|0x000000060ce00000, 0x000000060ce00000, 0x000000060d000000|  0%| F|  |TAMS 0x000000060ce00000, 0x000000060ce00000| Untracked 
|  16|0x000000060d000000, 0x000000060d000000, 0x000000060d200000|  0%| F|  |TAMS 0x000000060d000000, 0x000000060d000000| Untracked 
|  17|0x000000060d200000, 0x000000060d200000, 0x000000060d400000|  0%| F|  |TAMS 0x000000060d200000, 0x000000060d200000| Untracked 
|  18|0x000000060d400000, 0x000000060d400000, 0x000000060d600000|  0%| F|  |TAMS 0x000000060d400000, 0x000000060d400000| Untracked 
|  19|0x000000060d600000, 0x000000060d600000, 0x000000060d800000|  0%| F|  |TAMS 0x000000060d600000, 0x000000060d600000| Untracked 
|  20|0x000000060d800000, 0x000000060d800000, 0x000000060da00000|  0%| F|  |TAMS 0x000000060d800000, 0x000000060d800000| Untracked 
|  21|0x000000060da00000, 0x000000060da00000, 0x000000060dc00000|  0%| F|  |TAMS 0x000000060da00000, 0x000000060da00000| Untracked 
|  22|0x000000060dc00000, 0x000000060dc00000, 0x000000060de00000|  0%| F|  |TAMS 0x000000060dc00000, 0x000000060dc00000| Untracked 
|  23|0x000000060de00000, 0x000000060de00000, 0x000000060e000000|  0%| F|  |TAMS 0x000000060de00000, 0x000000060de00000| Untracked 
|  24|0x000000060e000000, 0x000000060e000000, 0x000000060e200000|  0%| F|  |TAMS 0x000000060e000000, 0x000000060e000000| Untracked 
|  25|0x000000060e200000, 0x000000060e200000, 0x000000060e400000|  0%| F|  |TAMS 0x000000060e200000, 0x000000060e200000| Untracked 
|  26|0x000000060e400000, 0x000000060e400000, 0x000000060e600000|  0%| F|  |TAMS 0x000000060e400000, 0x000000060e400000| Untracked 
|  27|0x000000060e600000, 0x000000060e600000, 0x000000060e800000|  0%| F|  |TAMS 0x000000060e600000, 0x000000060e600000| Untracked 
|  28|0x000000060e800000, 0x000000060e800000, 0x000000060ea00000|  0%| F|  |TAMS 0x000000060e800000, 0x000000060e800000| Untracked 
|  29|0x000000060ea00000, 0x000000060ea00000, 0x000000060ec00000|  0%| F|  |TAMS 0x000000060ea00000, 0x000000060ea00000| Untracked 
|  30|0x000000060ec00000, 0x000000060ec00000, 0x000000060ee00000|  0%| F|  |TAMS 0x000000060ec00000, 0x000000060ec00000| Untracked 
|  31|0x000000060ee00000, 0x000000060ee00000, 0x000000060f000000|  0%| F|  |TAMS 0x000000060ee00000, 0x000000060ee00000| Untracked 
|  32|0x000000060f000000, 0x000000060f000000, 0x000000060f200000|  0%| F|  |TAMS 0x000000060f000000, 0x000000060f000000| Untracked 
|  33|0x000000060f200000, 0x000000060f200000, 0x000000060f400000|  0%| F|  |TAMS 0x000000060f200000, 0x000000060f200000| Untracked 
|  34|0x000000060f400000, 0x000000060f400000, 0x000000060f600000|  0%| F|  |TAMS 0x000000060f400000, 0x000000060f400000| Untracked 
|  35|0x000000060f600000, 0x000000060f600000, 0x000000060f800000|  0%| F|  |TAMS 0x000000060f600000, 0x000000060f600000| Untracked 
|  36|0x000000060f800000, 0x000000060f800000, 0x000000060fa00000|  0%| F|  |TAMS 0x000000060f800000, 0x000000060f800000| Untracked 
|  37|0x000000060fa00000, 0x000000060fa00000, 0x000000060fc00000|  0%| F|  |TAMS 0x000000060fa00000, 0x000000060fa00000| Untracked 
|  38|0x000000060fc00000, 0x000000060fc00000, 0x000000060fe00000|  0%| F|  |TAMS 0x000000060fc00000, 0x000000060fc00000| Untracked 
|  39|0x000000060fe00000, 0x000000060fe00000, 0x0000000610000000|  0%| F|  |TAMS 0x000000060fe00000, 0x000000060fe00000| Untracked 
|  40|0x0000000610000000, 0x0000000610000000, 0x0000000610200000|  0%| F|  |TAMS 0x0000000610000000, 0x0000000610000000| Untracked 
|  41|0x0000000610200000, 0x0000000610200000, 0x0000000610400000|  0%| F|  |TAMS 0x0000000610200000, 0x0000000610200000| Untracked 
|  42|0x0000000610400000, 0x0000000610400000, 0x0000000610600000|  0%| F|  |TAMS 0x0000000610400000, 0x0000000610400000| Untracked 
|  43|0x0000000610600000, 0x0000000610600000, 0x0000000610800000|  0%| F|  |TAMS 0x0000000610600000, 0x0000000610600000| Untracked 
|  44|0x0000000610800000, 0x0000000610800000, 0x0000000610a00000|  0%| F|  |TAMS 0x0000000610800000, 0x0000000610800000| Untracked 
|  45|0x0000000610a00000, 0x0000000610a00000, 0x0000000610c00000|  0%| F|  |TAMS 0x0000000610a00000, 0x0000000610a00000| Untracked 
|  46|0x0000000610c00000, 0x0000000610c00000, 0x0000000610e00000|  0%| F|  |TAMS 0x0000000610c00000, 0x0000000610c00000| Untracked 
|  47|0x0000000610e00000, 0x0000000610e00000, 0x0000000611000000|  0%| F|  |TAMS 0x0000000610e00000, 0x0000000610e00000| Untracked 
|  48|0x0000000611000000, 0x0000000611000000, 0x0000000611200000|  0%| F|  |TAMS 0x0000000611000000, 0x0000000611000000| Untracked 
|  49|0x0000000611200000, 0x0000000611200000, 0x0000000611400000|  0%| F|  |TAMS 0x0000000611200000, 0x0000000611200000| Untracked 
|  50|0x0000000611400000, 0x0000000611400000, 0x0000000611600000|  0%| F|  |TAMS 0x0000000611400000, 0x0000000611400000| Untracked 
|  51|0x0000000611600000, 0x0000000611600000, 0x0000000611800000|  0%| F|  |TAMS 0x0000000611600000, 0x0000000611600000| Untracked 
|  52|0x0000000611800000, 0x0000000611800000, 0x0000000611a00000|  0%| F|  |TAMS 0x0000000611800000, 0x0000000611800000| Untracked 
|  53|0x0000000611a00000, 0x0000000611a00000, 0x0000000611c00000|  0%| F|  |TAMS 0x0000000611a00000, 0x0000000611a00000| Untracked 
|  54|0x0000000611c00000, 0x0000000611c00000, 0x0000000611e00000|  0%| F|  |TAMS 0x0000000611c00000, 0x0000000611c00000| Untracked 
|  55|0x0000000611e00000, 0x0000000611e00000, 0x0000000612000000|  0%| F|  |TAMS 0x0000000611e00000, 0x0000000611e00000| Untracked 
|  56|0x0000000612000000, 0x0000000612000000, 0x0000000612200000|  0%| F|  |TAMS 0x0000000612000000, 0x0000000612000000| Untracked 
|  57|0x0000000612200000, 0x0000000612200000, 0x0000000612400000|  0%| F|  |TAMS 0x0000000612200000, 0x0000000612200000| Untracked 
|  58|0x0000000612400000, 0x0000000612400000, 0x0000000612600000|  0%| F|  |TAMS 0x0000000612400000, 0x0000000612400000| Untracked 
|  59|0x0000000612600000, 0x0000000612600000, 0x0000000612800000|  0%| F|  |TAMS 0x0000000612600000, 0x0000000612600000| Untracked 
|  60|0x0000000612800000, 0x0000000612800000, 0x0000000612a00000|  0%| F|  |TAMS 0x0000000612800000, 0x0000000612800000| Untracked 
|  61|0x0000000612a00000, 0x0000000612a00000, 0x0000000612c00000|  0%| F|  |TAMS 0x0000000612a00000, 0x0000000612a00000| Untracked 
|  62|0x0000000612c00000, 0x0000000612c00000, 0x0000000612e00000|  0%| F|  |TAMS 0x0000000612c00000, 0x0000000612c00000| Untracked 
|  63|0x0000000612e00000, 0x0000000612e00000, 0x0000000613000000|  0%| F|  |TAMS 0x0000000612e00000, 0x0000000612e00000| Untracked 
|  64|0x0000000613000000, 0x0000000613000000, 0x0000000613200000|  0%| F|  |TAMS 0x0000000613000000, 0x0000000613000000| Untracked 
|  65|0x0000000613200000, 0x0000000613200000, 0x0000000613400000|  0%| F|  |TAMS 0x0000000613200000, 0x0000000613200000| Untracked 
|  66|0x0000000613400000, 0x0000000613400000, 0x0000000613600000|  0%| F|  |TAMS 0x0000000613400000, 0x0000000613400000| Untracked 
|  67|0x0000000613600000, 0x0000000613600000, 0x0000000613800000|  0%| F|  |TAMS 0x0000000613600000, 0x0000000613600000| Untracked 
|  68|0x0000000613800000, 0x0000000613800000, 0x0000000613a00000|  0%| F|  |TAMS 0x0000000613800000, 0x0000000613800000| Untracked 
|  69|0x0000000613a00000, 0x0000000613a00000, 0x0000000613c00000|  0%| F|  |TAMS 0x0000000613a00000, 0x0000000613a00000| Untracked 
|  70|0x0000000613c00000, 0x0000000613c00000, 0x0000000613e00000|  0%| F|  |TAMS 0x0000000613c00000, 0x0000000613c00000| Untracked 
|  71|0x0000000613e00000, 0x0000000613e00000, 0x0000000614000000|  0%| F|  |TAMS 0x0000000613e00000, 0x0000000613e00000| Untracked 
|  72|0x0000000614000000, 0x0000000614000000, 0x0000000614200000|  0%| F|  |TAMS 0x0000000614000000, 0x0000000614000000| Untracked 
|  73|0x0000000614200000, 0x0000000614200000, 0x0000000614400000|  0%| F|  |TAMS 0x0000000614200000, 0x0000000614200000| Untracked 
|  74|0x0000000614400000, 0x0000000614400000, 0x0000000614600000|  0%| F|  |TAMS 0x0000000614400000, 0x0000000614400000| Untracked 
|  75|0x0000000614600000, 0x0000000614600000, 0x0000000614800000|  0%| F|  |TAMS 0x0000000614600000, 0x0000000614600000| Untracked 
|  76|0x0000000614800000, 0x0000000614800000, 0x0000000614a00000|  0%| F|  |TAMS 0x0000000614800000, 0x0000000614800000| Untracked 
|  77|0x0000000614a00000, 0x0000000614a00000, 0x0000000614c00000|  0%| F|  |TAMS 0x0000000614a00000, 0x0000000614a00000| Untracked 
|  78|0x0000000614c00000, 0x0000000614c00000, 0x0000000614e00000|  0%| F|  |TAMS 0x0000000614c00000, 0x0000000614c00000| Untracked 
|  79|0x0000000614e00000, 0x0000000614e00000, 0x0000000615000000|  0%| F|  |TAMS 0x0000000614e00000, 0x0000000614e00000| Untracked 
|  80|0x0000000615000000, 0x0000000615000000, 0x0000000615200000|  0%| F|  |TAMS 0x0000000615000000, 0x0000000615000000| Untracked 
|  81|0x0000000615200000, 0x0000000615200000, 0x0000000615400000|  0%| F|  |TAMS 0x0000000615200000, 0x0000000615200000| Untracked 
|  82|0x0000000615400000, 0x0000000615400000, 0x0000000615600000|  0%| F|  |TAMS 0x0000000615400000, 0x0000000615400000| Untracked 
|  83|0x0000000615600000, 0x0000000615600000, 0x0000000615800000|  0%| F|  |TAMS 0x0000000615600000, 0x0000000615600000| Untracked 
|  84|0x0000000615800000, 0x0000000615800000, 0x0000000615a00000|  0%| F|  |TAMS 0x0000000615800000, 0x0000000615800000| Untracked 
|  85|0x0000000615a00000, 0x0000000615a00000, 0x0000000615c00000|  0%| F|  |TAMS 0x0000000615a00000, 0x0000000615a00000| Untracked 
|  86|0x0000000615c00000, 0x0000000615c00000, 0x0000000615e00000|  0%| F|  |TAMS 0x0000000615c00000, 0x0000000615c00000| Untracked 
|  87|0x0000000615e00000, 0x0000000615e00000, 0x0000000616000000|  0%| F|  |TAMS 0x0000000615e00000, 0x0000000615e00000| Untracked 
|  88|0x0000000616000000, 0x0000000616000000, 0x0000000616200000|  0%| F|  |TAMS 0x0000000616000000, 0x0000000616000000| Untracked 
|  89|0x0000000616200000, 0x0000000616200000, 0x0000000616400000|  0%| F|  |TAMS 0x0000000616200000, 0x0000000616200000| Untracked 
|  90|0x0000000616400000, 0x0000000616400000, 0x0000000616600000|  0%| F|  |TAMS 0x0000000616400000, 0x0000000616400000| Untracked 
|  91|0x0000000616600000, 0x0000000616600000, 0x0000000616800000|  0%| F|  |TAMS 0x0000000616600000, 0x0000000616600000| Untracked 
|  92|0x0000000616800000, 0x0000000616800000, 0x0000000616a00000|  0%| F|  |TAMS 0x0000000616800000, 0x0000000616800000| Untracked 
|  93|0x0000000616a00000, 0x0000000616a00000, 0x0000000616c00000|  0%| F|  |TAMS 0x0000000616a00000, 0x0000000616a00000| Untracked 
|  94|0x0000000616c00000, 0x0000000616c00000, 0x0000000616e00000|  0%| F|  |TAMS 0x0000000616c00000, 0x0000000616c00000| Untracked 
|  95|0x0000000616e00000, 0x0000000616e00000, 0x0000000617000000|  0%| F|  |TAMS 0x0000000616e00000, 0x0000000616e00000| Untracked 
|  96|0x0000000617000000, 0x0000000617000000, 0x0000000617200000|  0%| F|  |TAMS 0x0000000617000000, 0x0000000617000000| Untracked 
|  97|0x0000000617200000, 0x0000000617200000, 0x0000000617400000|  0%| F|  |TAMS 0x0000000617200000, 0x0000000617200000| Untracked 
|  98|0x0000000617400000, 0x0000000617400000, 0x0000000617600000|  0%| F|  |TAMS 0x0000000617400000, 0x0000000617400000| Untracked 
|  99|0x0000000617600000, 0x0000000617600000, 0x0000000617800000|  0%| F|  |TAMS 0x0000000617600000, 0x0000000617600000| Untracked 
| 100|0x0000000617800000, 0x0000000617800000, 0x0000000617a00000|  0%| F|  |TAMS 0x0000000617800000, 0x0000000617800000| Untracked 
| 101|0x0000000617a00000, 0x0000000617a00000, 0x0000000617c00000|  0%| F|  |TAMS 0x0000000617a00000, 0x0000000617a00000| Untracked 
| 102|0x0000000617c00000, 0x0000000617c00000, 0x0000000617e00000|  0%| F|  |TAMS 0x0000000617c00000, 0x0000000617c00000| Untracked 
| 103|0x0000000617e00000, 0x0000000617e00000, 0x0000000618000000|  0%| F|  |TAMS 0x0000000617e00000, 0x0000000617e00000| Untracked 
| 104|0x0000000618000000, 0x0000000618000000, 0x0000000618200000|  0%| F|  |TAMS 0x0000000618000000, 0x0000000618000000| Untracked 
| 105|0x0000000618200000, 0x0000000618200000, 0x0000000618400000|  0%| F|  |TAMS 0x0000000618200000, 0x0000000618200000| Untracked 
| 106|0x0000000618400000, 0x0000000618400000, 0x0000000618600000|  0%| F|  |TAMS 0x0000000618400000, 0x0000000618400000| Untracked 
| 107|0x0000000618600000, 0x0000000618600000, 0x0000000618800000|  0%| F|  |TAMS 0x0000000618600000, 0x0000000618600000| Untracked 
| 108|0x0000000618800000, 0x0000000618800000, 0x0000000618a00000|  0%| F|  |TAMS 0x0000000618800000, 0x0000000618800000| Untracked 
| 109|0x0000000618a00000, 0x0000000618a00000, 0x0000000618c00000|  0%| F|  |TAMS 0x0000000618a00000, 0x0000000618a00000| Untracked 
| 110|0x0000000618c00000, 0x0000000618c00000, 0x0000000618e00000|  0%| F|  |TAMS 0x0000000618c00000, 0x0000000618c00000| Untracked 
| 111|0x0000000618e00000, 0x0000000618e00000, 0x0000000619000000|  0%| F|  |TAMS 0x0000000618e00000, 0x0000000618e00000| Untracked 
| 112|0x0000000619000000, 0x0000000619000000, 0x0000000619200000|  0%| F|  |TAMS 0x0000000619000000, 0x0000000619000000| Untracked 
| 113|0x0000000619200000, 0x0000000619200000, 0x0000000619400000|  0%| F|  |TAMS 0x0000000619200000, 0x0000000619200000| Untracked 
| 114|0x0000000619400000, 0x0000000619400000, 0x0000000619600000|  0%| F|  |TAMS 0x0000000619400000, 0x0000000619400000| Untracked 
| 115|0x0000000619600000, 0x0000000619600000, 0x0000000619800000|  0%| F|  |TAMS 0x0000000619600000, 0x0000000619600000| Untracked 
| 116|0x0000000619800000, 0x0000000619800000, 0x0000000619a00000|  0%| F|  |TAMS 0x0000000619800000, 0x0000000619800000| Untracked 
| 117|0x0000000619a00000, 0x0000000619a00000, 0x0000000619c00000|  0%| F|  |TAMS 0x0000000619a00000, 0x0000000619a00000| Untracked 
| 118|0x0000000619c00000, 0x0000000619c00000, 0x0000000619e00000|  0%| F|  |TAMS 0x0000000619c00000, 0x0000000619c00000| Untracked 
| 119|0x0000000619e00000, 0x0000000619e00000, 0x000000061a000000|  0%| F|  |TAMS 0x0000000619e00000, 0x0000000619e00000| Untracked 
| 120|0x000000061a000000, 0x000000061a000000, 0x000000061a200000|  0%| F|  |TAMS 0x000000061a000000, 0x000000061a000000| Untracked 
| 121|0x000000061a200000, 0x000000061a200000, 0x000000061a400000|  0%| F|  |TAMS 0x000000061a200000, 0x000000061a200000| Untracked 
| 122|0x000000061a400000, 0x000000061a400000, 0x000000061a600000|  0%| F|  |TAMS 0x000000061a400000, 0x000000061a400000| Untracked 
| 123|0x000000061a600000, 0x000000061a600000, 0x000000061a800000|  0%| F|  |TAMS 0x000000061a600000, 0x000000061a600000| Untracked 
| 124|0x000000061a800000, 0x000000061a800000, 0x000000061aa00000|  0%| F|  |TAMS 0x000000061a800000, 0x000000061a800000| Untracked 
| 125|0x000000061aa00000, 0x000000061aa00000, 0x000000061ac00000|  0%| F|  |TAMS 0x000000061aa00000, 0x000000061aa00000| Untracked 
| 126|0x000000061ac00000, 0x000000061ac00000, 0x000000061ae00000|  0%| F|  |TAMS 0x000000061ac00000, 0x000000061ac00000| Untracked 
| 127|0x000000061ae00000, 0x000000061ae00000, 0x000000061b000000|  0%| F|  |TAMS 0x000000061ae00000, 0x000000061ae00000| Untracked 
| 128|0x000000061b000000, 0x000000061b000000, 0x000000061b200000|  0%| F|  |TAMS 0x000000061b000000, 0x000000061b000000| Untracked 
| 129|0x000000061b200000, 0x000000061b200000, 0x000000061b400000|  0%| F|  |TAMS 0x000000061b200000, 0x000000061b200000| Untracked 
| 130|0x000000061b400000, 0x000000061b400000, 0x000000061b600000|  0%| F|  |TAMS 0x000000061b400000, 0x000000061b400000| Untracked 
| 131|0x000000061b600000, 0x000000061b600000, 0x000000061b800000|  0%| F|  |TAMS 0x000000061b600000, 0x000000061b600000| Untracked 
| 132|0x000000061b800000, 0x000000061b800000, 0x000000061ba00000|  0%| F|  |TAMS 0x000000061b800000, 0x000000061b800000| Untracked 
| 133|0x000000061ba00000, 0x000000061ba00000, 0x000000061bc00000|  0%| F|  |TAMS 0x000000061ba00000, 0x000000061ba00000| Untracked 
| 134|0x000000061bc00000, 0x000000061bc00000, 0x000000061be00000|  0%| F|  |TAMS 0x000000061bc00000, 0x000000061bc00000| Untracked 
| 135|0x000000061be00000, 0x000000061be00000, 0x000000061c000000|  0%| F|  |TAMS 0x000000061be00000, 0x000000061be00000| Untracked 
| 136|0x000000061c000000, 0x000000061c000000, 0x000000061c200000|  0%| F|  |TAMS 0x000000061c000000, 0x000000061c000000| Untracked 
| 137|0x000000061c200000, 0x000000061c200000, 0x000000061c400000|  0%| F|  |TAMS 0x000000061c200000, 0x000000061c200000| Untracked 
| 138|0x000000061c400000, 0x000000061c400000, 0x000000061c600000|  0%| F|  |TAMS 0x000000061c400000, 0x000000061c400000| Untracked 
| 139|0x000000061c600000, 0x000000061c600000, 0x000000061c800000|  0%| F|  |TAMS 0x000000061c600000, 0x000000061c600000| Untracked 
| 140|0x000000061c800000, 0x000000061c800000, 0x000000061ca00000|  0%| F|  |TAMS 0x000000061c800000, 0x000000061c800000| Untracked 
| 141|0x000000061ca00000, 0x000000061ca00000, 0x000000061cc00000|  0%| F|  |TAMS 0x000000061ca00000, 0x000000061ca00000| Untracked 
| 142|0x000000061cc00000, 0x000000061cc00000, 0x000000061ce00000|  0%| F|  |TAMS 0x000000061cc00000, 0x000000061cc00000| Untracked 
| 143|0x000000061ce00000, 0x000000061ce00000, 0x000000061d000000|  0%| F|  |TAMS 0x000000061ce00000, 0x000000061ce00000| Untracked 
| 144|0x000000061d000000, 0x000000061d000000, 0x000000061d200000|  0%| F|  |TAMS 0x000000061d000000, 0x000000061d000000| Untracked 
| 145|0x000000061d200000, 0x000000061d200000, 0x000000061d400000|  0%| F|  |TAMS 0x000000061d200000, 0x000000061d200000| Untracked 
| 146|0x000000061d400000, 0x000000061d400000, 0x000000061d600000|  0%| F|  |TAMS 0x000000061d400000, 0x000000061d400000| Untracked 
| 147|0x000000061d600000, 0x000000061d600000, 0x000000061d800000|  0%| F|  |TAMS 0x000000061d600000, 0x000000061d600000| Untracked 
| 148|0x000000061d800000, 0x000000061d800000, 0x000000061da00000|  0%| F|  |TAMS 0x000000061d800000, 0x000000061d800000| Untracked 
| 149|0x000000061da00000, 0x000000061da00000, 0x000000061dc00000|  0%| F|  |TAMS 0x000000061da00000, 0x000000061da00000| Untracked 
| 150|0x000000061dc00000, 0x000000061dc00000, 0x000000061de00000|  0%| F|  |TAMS 0x000000061dc00000, 0x000000061dc00000| Untracked 
| 151|0x000000061de00000, 0x000000061de00000, 0x000000061e000000|  0%| F|  |TAMS 0x000000061de00000, 0x000000061de00000| Untracked 
| 152|0x000000061e000000, 0x000000061e000000, 0x000000061e200000|  0%| F|  |TAMS 0x000000061e000000, 0x000000061e000000| Untracked 
| 153|0x000000061e200000, 0x000000061e200000, 0x000000061e400000|  0%| F|  |TAMS 0x000000061e200000, 0x000000061e200000| Untracked 
| 154|0x000000061e400000, 0x000000061e400000, 0x000000061e600000|  0%| F|  |TAMS 0x000000061e400000, 0x000000061e400000| Untracked 
| 155|0x000000061e600000, 0x000000061e600000, 0x000000061e800000|  0%| F|  |TAMS 0x000000061e600000, 0x000000061e600000| Untracked 
| 156|0x000000061e800000, 0x000000061e800000, 0x000000061ea00000|  0%| F|  |TAMS 0x000000061e800000, 0x000000061e800000| Untracked 
| 157|0x000000061ea00000, 0x000000061ea00000, 0x000000061ec00000|  0%| F|  |TAMS 0x000000061ea00000, 0x000000061ea00000| Untracked 
| 158|0x000000061ec00000, 0x000000061ec00000, 0x000000061ee00000|  0%| F|  |TAMS 0x000000061ec00000, 0x000000061ec00000| Untracked 
| 159|0x000000061ee00000, 0x000000061ee00000, 0x000000061f000000|  0%| F|  |TAMS 0x000000061ee00000, 0x000000061ee00000| Untracked 
| 160|0x000000061f000000, 0x000000061f000000, 0x000000061f200000|  0%| F|  |TAMS 0x000000061f000000, 0x000000061f000000| Untracked 
| 161|0x000000061f200000, 0x000000061f200000, 0x000000061f400000|  0%| F|  |TAMS 0x000000061f200000, 0x000000061f200000| Untracked 
| 162|0x000000061f400000, 0x000000061f400000, 0x000000061f600000|  0%| F|  |TAMS 0x000000061f400000, 0x000000061f400000| Untracked 
| 163|0x000000061f600000, 0x000000061f600000, 0x000000061f800000|  0%| F|  |TAMS 0x000000061f600000, 0x000000061f600000| Untracked 
| 164|0x000000061f800000, 0x000000061f800000, 0x000000061fa00000|  0%| F|  |TAMS 0x000000061f800000, 0x000000061f800000| Untracked 
| 165|0x000000061fa00000, 0x000000061fa00000, 0x000000061fc00000|  0%| F|  |TAMS 0x000000061fa00000, 0x000000061fa00000| Untracked 
| 166|0x000000061fc00000, 0x000000061fc00000, 0x000000061fe00000|  0%| F|  |TAMS 0x000000061fc00000, 0x000000061fc00000| Untracked 
| 167|0x000000061fe00000, 0x000000061fe00000, 0x0000000620000000|  0%| F|  |TAMS 0x000000061fe00000, 0x000000061fe00000| Untracked 
| 168|0x0000000620000000, 0x0000000620000000, 0x0000000620200000|  0%| F|  |TAMS 0x0000000620000000, 0x0000000620000000| Untracked 
| 169|0x0000000620200000, 0x0000000620200000, 0x0000000620400000|  0%| F|  |TAMS 0x0000000620200000, 0x0000000620200000| Untracked 
| 170|0x0000000620400000, 0x0000000620400000, 0x0000000620600000|  0%| F|  |TAMS 0x0000000620400000, 0x0000000620400000| Untracked 
| 171|0x0000000620600000, 0x0000000620600000, 0x0000000620800000|  0%| F|  |TAMS 0x0000000620600000, 0x0000000620600000| Untracked 
| 172|0x0000000620800000, 0x0000000620800000, 0x0000000620a00000|  0%| F|  |TAMS 0x0000000620800000, 0x0000000620800000| Untracked 
| 173|0x0000000620a00000, 0x0000000620a00000, 0x0000000620c00000|  0%| F|  |TAMS 0x0000000620a00000, 0x0000000620a00000| Untracked 
| 174|0x0000000620c00000, 0x0000000620c00000, 0x0000000620e00000|  0%| F|  |TAMS 0x0000000620c00000, 0x0000000620c00000| Untracked 
| 175|0x0000000620e00000, 0x0000000620e00000, 0x0000000621000000|  0%| F|  |TAMS 0x0000000620e00000, 0x0000000620e00000| Untracked 
| 176|0x0000000621000000, 0x0000000621000000, 0x0000000621200000|  0%| F|  |TAMS 0x0000000621000000, 0x0000000621000000| Untracked 
| 177|0x0000000621200000, 0x0000000621200000, 0x0000000621400000|  0%| F|  |TAMS 0x0000000621200000, 0x0000000621200000| Untracked 
| 178|0x0000000621400000, 0x0000000621400000, 0x0000000621600000|  0%| F|  |TAMS 0x0000000621400000, 0x0000000621400000| Untracked 
| 179|0x0000000621600000, 0x0000000621600000, 0x0000000621800000|  0%| F|  |TAMS 0x0000000621600000, 0x0000000621600000| Untracked 
| 180|0x0000000621800000, 0x0000000621800000, 0x0000000621a00000|  0%| F|  |TAMS 0x0000000621800000, 0x0000000621800000| Untracked 
| 181|0x0000000621a00000, 0x0000000621a00000, 0x0000000621c00000|  0%| F|  |TAMS 0x0000000621a00000, 0x0000000621a00000| Untracked 
| 182|0x0000000621c00000, 0x0000000621c00000, 0x0000000621e00000|  0%| F|  |TAMS 0x0000000621c00000, 0x0000000621c00000| Untracked 
| 183|0x0000000621e00000, 0x0000000621e00000, 0x0000000622000000|  0%| F|  |TAMS 0x0000000621e00000, 0x0000000621e00000| Untracked 
| 184|0x0000000622000000, 0x0000000622000000, 0x0000000622200000|  0%| F|  |TAMS 0x0000000622000000, 0x0000000622000000| Untracked 
| 185|0x0000000622200000, 0x0000000622200000, 0x0000000622400000|  0%| F|  |TAMS 0x0000000622200000, 0x0000000622200000| Untracked 
| 186|0x0000000622400000, 0x0000000622400000, 0x0000000622600000|  0%| F|  |TAMS 0x0000000622400000, 0x0000000622400000| Untracked 
| 187|0x0000000622600000, 0x0000000622600000, 0x0000000622800000|  0%| F|  |TAMS 0x0000000622600000, 0x0000000622600000| Untracked 
| 188|0x0000000622800000, 0x0000000622800000, 0x0000000622a00000|  0%| F|  |TAMS 0x0000000622800000, 0x0000000622800000| Untracked 
| 189|0x0000000622a00000, 0x0000000622a00000, 0x0000000622c00000|  0%| F|  |TAMS 0x0000000622a00000, 0x0000000622a00000| Untracked 
| 190|0x0000000622c00000, 0x0000000622c00000, 0x0000000622e00000|  0%| F|  |TAMS 0x0000000622c00000, 0x0000000622c00000| Untracked 
| 191|0x0000000622e00000, 0x0000000622e00000, 0x0000000623000000|  0%| F|  |TAMS 0x0000000622e00000, 0x0000000622e00000| Untracked 
| 192|0x0000000623000000, 0x0000000623000000, 0x0000000623200000|  0%| F|  |TAMS 0x0000000623000000, 0x0000000623000000| Untracked 
| 193|0x0000000623200000, 0x0000000623200000, 0x0000000623400000|  0%| F|  |TAMS 0x0000000623200000, 0x0000000623200000| Untracked 
| 194|0x0000000623400000, 0x0000000623400000, 0x0000000623600000|  0%| F|  |TAMS 0x0000000623400000, 0x0000000623400000| Untracked 
| 195|0x0000000623600000, 0x0000000623600000, 0x0000000623800000|  0%| F|  |TAMS 0x0000000623600000, 0x0000000623600000| Untracked 
| 196|0x0000000623800000, 0x0000000623800000, 0x0000000623a00000|  0%| F|  |TAMS 0x0000000623800000, 0x0000000623800000| Untracked 
| 197|0x0000000623a00000, 0x0000000623a00000, 0x0000000623c00000|  0%| F|  |TAMS 0x0000000623a00000, 0x0000000623a00000| Untracked 
| 198|0x0000000623c00000, 0x0000000623c00000, 0x0000000623e00000|  0%| F|  |TAMS 0x0000000623c00000, 0x0000000623c00000| Untracked 
| 199|0x0000000623e00000, 0x0000000623e00000, 0x0000000624000000|  0%| F|  |TAMS 0x0000000623e00000, 0x0000000623e00000| Untracked 
| 200|0x0000000624000000, 0x0000000624000000, 0x0000000624200000|  0%| F|  |TAMS 0x0000000624000000, 0x0000000624000000| Untracked 
| 201|0x0000000624200000, 0x0000000624200000, 0x0000000624400000|  0%| F|  |TAMS 0x0000000624200000, 0x0000000624200000| Untracked 
| 202|0x0000000624400000, 0x0000000624400000, 0x0000000624600000|  0%| F|  |TAMS 0x0000000624400000, 0x0000000624400000| Untracked 
| 203|0x0000000624600000, 0x0000000624600000, 0x0000000624800000|  0%| F|  |TAMS 0x0000000624600000, 0x0000000624600000| Untracked 
| 204|0x0000000624800000, 0x0000000624800000, 0x0000000624a00000|  0%| F|  |TAMS 0x0000000624800000, 0x0000000624800000| Untracked 
| 205|0x0000000624a00000, 0x0000000624a00000, 0x0000000624c00000|  0%| F|  |TAMS 0x0000000624a00000, 0x0000000624a00000| Untracked 
| 206|0x0000000624c00000, 0x0000000624c00000, 0x0000000624e00000|  0%| F|  |TAMS 0x0000000624c00000, 0x0000000624c00000| Untracked 
| 207|0x0000000624e00000, 0x0000000624e00000, 0x0000000625000000|  0%| F|  |TAMS 0x0000000624e00000, 0x0000000624e00000| Untracked 
| 208|0x0000000625000000, 0x0000000625000000, 0x0000000625200000|  0%| F|  |TAMS 0x0000000625000000, 0x0000000625000000| Untracked 
| 209|0x0000000625200000, 0x0000000625200000, 0x0000000625400000|  0%| F|  |TAMS 0x0000000625200000, 0x0000000625200000| Untracked 
| 210|0x0000000625400000, 0x0000000625400000, 0x0000000625600000|  0%| F|  |TAMS 0x0000000625400000, 0x0000000625400000| Untracked 
| 211|0x0000000625600000, 0x0000000625600000, 0x0000000625800000|  0%| F|  |TAMS 0x0000000625600000, 0x0000000625600000| Untracked 
| 212|0x0000000625800000, 0x0000000625800000, 0x0000000625a00000|  0%| F|  |TAMS 0x0000000625800000, 0x0000000625800000| Untracked 
| 213|0x0000000625a00000, 0x0000000625a00000, 0x0000000625c00000|  0%| F|  |TAMS 0x0000000625a00000, 0x0000000625a00000| Untracked 
| 214|0x0000000625c00000, 0x0000000625c00000, 0x0000000625e00000|  0%| F|  |TAMS 0x0000000625c00000, 0x0000000625c00000| Untracked 
| 215|0x0000000625e00000, 0x0000000625e00000, 0x0000000626000000|  0%| F|  |TAMS 0x0000000625e00000, 0x0000000625e00000| Untracked 
| 216|0x0000000626000000, 0x0000000626000000, 0x0000000626200000|  0%| F|  |TAMS 0x0000000626000000, 0x0000000626000000| Untracked 
| 217|0x0000000626200000, 0x0000000626200000, 0x0000000626400000|  0%| F|  |TAMS 0x0000000626200000, 0x0000000626200000| Untracked 
| 218|0x0000000626400000, 0x0000000626400000, 0x0000000626600000|  0%| F|  |TAMS 0x0000000626400000, 0x0000000626400000| Untracked 
| 219|0x0000000626600000, 0x0000000626600000, 0x0000000626800000|  0%| F|  |TAMS 0x0000000626600000, 0x0000000626600000| Untracked 
| 220|0x0000000626800000, 0x0000000626800000, 0x0000000626a00000|  0%| F|  |TAMS 0x0000000626800000, 0x0000000626800000| Untracked 
| 221|0x0000000626a00000, 0x0000000626a00000, 0x0000000626c00000|  0%| F|  |TAMS 0x0000000626a00000, 0x0000000626a00000| Untracked 
| 222|0x0000000626c00000, 0x0000000626c00000, 0x0000000626e00000|  0%| F|  |TAMS 0x0000000626c00000, 0x0000000626c00000| Untracked 
| 223|0x0000000626e00000, 0x0000000626e00000, 0x0000000627000000|  0%| F|  |TAMS 0x0000000626e00000, 0x0000000626e00000| Untracked 
| 224|0x0000000627000000, 0x0000000627000000, 0x0000000627200000|  0%| F|  |TAMS 0x0000000627000000, 0x0000000627000000| Untracked 
| 225|0x0000000627200000, 0x0000000627200000, 0x0000000627400000|  0%| F|  |TAMS 0x0000000627200000, 0x0000000627200000| Untracked 
| 226|0x0000000627400000, 0x0000000627400000, 0x0000000627600000|  0%| F|  |TAMS 0x0000000627400000, 0x0000000627400000| Untracked 
| 227|0x0000000627600000, 0x0000000627600000, 0x0000000627800000|  0%| F|  |TAMS 0x0000000627600000, 0x0000000627600000| Untracked 
| 228|0x0000000627800000, 0x0000000627800000, 0x0000000627a00000|  0%| F|  |TAMS 0x0000000627800000, 0x0000000627800000| Untracked 
| 229|0x0000000627a00000, 0x0000000627a00000, 0x0000000627c00000|  0%| F|  |TAMS 0x0000000627a00000, 0x0000000627a00000| Untracked 
| 230|0x0000000627c00000, 0x0000000627c00000, 0x0000000627e00000|  0%| F|  |TAMS 0x0000000627c00000, 0x0000000627c00000| Untracked 
| 231|0x0000000627e00000, 0x0000000627e00000, 0x0000000628000000|  0%| F|  |TAMS 0x0000000627e00000, 0x0000000627e00000| Untracked 
| 232|0x0000000628000000, 0x0000000628000000, 0x0000000628200000|  0%| F|  |TAMS 0x0000000628000000, 0x0000000628000000| Untracked 
| 233|0x0000000628200000, 0x0000000628200000, 0x0000000628400000|  0%| F|  |TAMS 0x0000000628200000, 0x0000000628200000| Untracked 
| 234|0x0000000628400000, 0x0000000628400000, 0x0000000628600000|  0%| F|  |TAMS 0x0000000628400000, 0x0000000628400000| Untracked 
| 235|0x0000000628600000, 0x0000000628600000, 0x0000000628800000|  0%| F|  |TAMS 0x0000000628600000, 0x0000000628600000| Untracked 
| 236|0x0000000628800000, 0x0000000628800000, 0x0000000628a00000|  0%| F|  |TAMS 0x0000000628800000, 0x0000000628800000| Untracked 
| 237|0x0000000628a00000, 0x0000000628ad6158, 0x0000000628c00000| 41%| S|CS|TAMS 0x0000000628a00000, 0x0000000628a00000| Complete 
| 238|0x0000000628c00000, 0x0000000628e00000, 0x0000000628e00000|100%| S|CS|TAMS 0x0000000628c00000, 0x0000000628c00000| Complete 
| 239|0x0000000628e00000, 0x0000000628e00000, 0x0000000629000000|  0%| F|  |TAMS 0x0000000628e00000, 0x0000000628e00000| Untracked 
| 240|0x0000000629000000, 0x0000000629000000, 0x0000000629200000|  0%| F|  |TAMS 0x0000000629000000, 0x0000000629000000| Untracked 
| 241|0x0000000629200000, 0x0000000629200000, 0x0000000629400000|  0%| F|  |TAMS 0x0000000629200000, 0x0000000629200000| Untracked 
| 242|0x0000000629400000, 0x0000000629400000, 0x0000000629600000|  0%| F|  |TAMS 0x0000000629400000, 0x0000000629400000| Untracked 
| 243|0x0000000629600000, 0x0000000629600000, 0x0000000629800000|  0%| F|  |TAMS 0x0000000629600000, 0x0000000629600000| Untracked 
| 244|0x0000000629800000, 0x0000000629a00000, 0x0000000629a00000|100%| E|  |TAMS 0x0000000629800000, 0x0000000629800000| Complete 
| 245|0x0000000629a00000, 0x0000000629c00000, 0x0000000629c00000|100%| E|CS|TAMS 0x0000000629a00000, 0x0000000629a00000| Complete 
| 246|0x0000000629c00000, 0x0000000629e00000, 0x0000000629e00000|100%| E|CS|TAMS 0x0000000629c00000, 0x0000000629c00000| Complete 
| 247|0x0000000629e00000, 0x000000062a000000, 0x000000062a000000|100%| E|CS|TAMS 0x0000000629e00000, 0x0000000629e00000| Complete 
| 248|0x000000062a000000, 0x000000062a200000, 0x000000062a200000|100%| E|CS|TAMS 0x000000062a000000, 0x000000062a000000| Complete 
| 249|0x000000062a200000, 0x000000062a400000, 0x000000062a400000|100%| E|CS|TAMS 0x000000062a200000, 0x000000062a200000| Complete 
| 250|0x000000062a400000, 0x000000062a600000, 0x000000062a600000|100%| E|CS|TAMS 0x000000062a400000, 0x000000062a400000| Complete 
|3494|0x00000007bfc00000, 0x00000007bfc44000, 0x00000007bfe00000| 13%|OA|  |TAMS 0x00000007bfc00000, 0x00000007bfc00000| Untracked 
|3495|0x00000007bfe00000, 0x00000007bfe6a000, 0x00000007c0000000| 20%|CA|  |TAMS 0x00000007bfe00000, 0x00000007bfe00000| Untracked 

Card table byte_map: [0x00007f81eb058000,0x00007f81ec000000] _byte_map_base: 0x00007f81e8000000

Marking Bits (Prev, Next): (CMBitMap*) 0x00007f8208058a68, (CMBitMap*) 0x00007f8208058aa0
 Prev Bits: [0x00007f81e2370000, 0x00007f81ea0b0000)
 Next Bits: [0x00007f81da630000, 0x00007f81e2370000)

Polling page: 0x00007f8210002000

Metaspace:

Usage:
  Non-class:      6.82 MB capacity,     6.26 MB ( 92%) used,   553.00 KB (  8%) free+waste,    14.12 KB ( <1%) overhead. 
      Class:    810.00 KB capacity,   744.92 KB ( 92%) used,    58.02 KB (  7%) free+waste,     7.06 KB ( <1%) overhead. 
       Both:      7.61 MB capacity,     6.99 MB ( 92%) used,   611.02 KB (  8%) free+waste,    21.19 KB ( <1%) overhead. 

Virtual space:
  Non-class space:        8.00 MB reserved,       7.00 MB ( 88%) committed 
      Class space:        1.00 GB reserved,     896.00 KB ( <1%) committed 
             Both:        1.01 GB reserved,       7.88 MB ( <1%) committed 

Chunk freelists:
   Non-Class:  61.00 KB
       Class:  22.00 KB
        Both:  83.00 KB

MaxMetaspaceSize: unlimited
CompressedClassSpaceSize: 1.00 GB

CodeHeap 'non-profiled nmethods': size=120032Kb used=611Kb max_used=611Kb free=119420Kb
 bounds [0x00007f81f8406000, 0x00007f81f8676000, 0x00007f81ff93e000]
CodeHeap 'profiled nmethods': size=120028Kb used=2573Kb max_used=2573Kb free=117454Kb
 bounds [0x00007f81f0ecf000, 0x00007f81f115f000, 0x00007f81f8406000]
CodeHeap 'non-nmethods': size=5700Kb used=1151Kb max_used=1233Kb free=4549Kb
 bounds [0x00007f81f093e000, 0x00007f81f0bae000, 0x00007f81f0ecf000]
 total_blobs=1899 nmethods=1174 adapters=309
 compilation: enabled
              stopped_count=0, restarted_count=0
 full_count=0

Compilation events (20 events):
Event: 0.830 Thread 0x00007f82082ab000 nmethod 1163 0x00007f81f114bf90 code [0x00007f81f114c500, 0x00007f81f114f6a8]
Event: 0.830 Thread 0x00007f82082ab000 1166       3       java.util.TreeMap::get (19 bytes)
Event: 0.830 Thread 0x00007f82082ab000 nmethod 1166 0x00007f81f1150690 code [0x00007f81f1150860, 0x00007f81f1150aa8]
Event: 0.830 Thread 0x00007f82082ab000 1168       3       de.unirostock.sems.xmlutils.ds.DocumentNode::getAttributeValue (32 bytes)
Event: 0.831 Thread 0x00007f82082ab000 nmethod 1168 0x00007f81f1150b90 code [0x00007f81f1150d80, 0x00007f81f1151238]
Event: 0.831 Thread 0x00007f82082ab000 1165       1       de.unirostock.sems.bives.sbml.parser.SBMLGenericIdNameObject::getID (5 bytes)
Event: 0.831 Thread 0x00007f82082ab000 nmethod 1165 0x00007f81f847b110 code [0x00007f81f847b2c0, 0x00007f81f847b3f0]
Event: 0.831 Thread 0x00007f82082ab000 1169       1       org.jdom2.Attribute::getValue (5 bytes)
Event: 0.831 Thread 0x00007f82082ab000 nmethod 1169 0x00007f81f847b490 code [0x00007f81f847b640, 0x00007f81f847b770]
Event: 0.844 Thread 0x00007f81b43a8800 nmethod 1152 0x00007f81f847b810 code [0x00007f81f847b9e0, 0x00007f81f847c878]
Event: 0.844 Thread 0x00007f81b43a8800 1145       4       java.util.HashMap::get (23 bytes)
Event: 0.848 Thread 0x00007f81b43a8800 nmethod 1145 0x00007f81f847ce10 code [0x00007f81f847cfc0, 0x00007f81f847d358]
Event: 0.850 Thread 0x00007f82082a9000 nmethod 1122 0x00007f81f847d610 code [0x00007f81f847d860, 0x00007f81f847f290]
Event: 1.651 Thread 0x00007f81b40da800 nmethod 912 0x00007f81f847fb90 code [0x00007f81f84804e0, 0x00007f81f8493c40]
Event: 612.220 Thread 0x00007f82082ab000 1170       3       org.eclipse.jdt.launching.internal.org.objectweb.asm.SymbolTable$Entry::<init> (20 bytes)
Event: 612.220 Thread 0x00007f82082ab000 nmethod 1170 0x00007f81f1151390 code [0x00007f81f1151540, 0x00007f81f1151748]
Event: 1093.437 Thread 0x00007f82082ab000 1171       3       org.eclipse.jdt.launching.internal.org.objectweb.asm.SymbolTable$Entry::<init> (18 bytes)
Event: 1093.438 Thread 0x00007f82082ab000 nmethod 1171 0x00007f81f1151810 code [0x00007f81f11519c0, 0x00007f81f1151bc8]
Event: 2340.667 Thread 0x00007f82082ab000 1172       3       java.lang.ref.ReferenceQueue::reallyPoll (65 bytes)
Event: 2340.667 Thread 0x00007f82082ab000 nmethod 1172 0x00007f81f1151c90 code [0x00007f81f1151e80, 0x00007f81f1152430]

GC Heap History (2 events):
Event: 0.637 GC heap before
{Heap before GC invocations=0 (full 0):
 garbage-first heap   total 518144K, used 25272K [0x000000060b000000, 0x0000000800000000)
  region size 2048K, 12 young (24576K), 0 survivors (0K)
 Metaspace       used 5564K, capacity 6431K, committed 6656K, reserved 1056768K
  class space    used 594K, capacity 677K, committed 768K, reserved 1048576K
}
Event: 0.648 GC heap after
{Heap after GC invocations=1 (full 0):
 garbage-first heap   total 518144K, used 3600K [0x000000060b000000, 0x0000000800000000)
  region size 2048K, 2 young (4096K), 2 survivors (4096K)
 Metaspace       used 5564K, capacity 6431K, committed 6656K, reserved 1056768K
  class space    used 594K, capacity 677K, committed 768K, reserved 1048576K
}

Deoptimization events (20 events):
Event: 0.489 Thread 0x00007f8208015800 DEOPT PACKING pc=0x00007f81f0f38f95 sp=0x00007f820e94b5f0
Event: 0.489 Thread 0x00007f8208015800 DEOPT UNPACKING pc=0x00007f81f097703a sp=0x00007f820e94aa90 mode 0
Event: 0.542 Thread 0x00007f8208015800 DEOPT PACKING pc=0x00007f81f0f10a53 sp=0x00007f820e94a060
Event: 0.542 Thread 0x00007f8208015800 DEOPT UNPACKING pc=0x00007f81f097703a sp=0x00007f820e949568 mode 0
Event: 0.557 Thread 0x00007f8208015800 DEOPT PACKING pc=0x00007f81f0f708fb sp=0x00007f820e94a070
Event: 0.557 Thread 0x00007f8208015800 DEOPT UNPACKING pc=0x00007f81f097703a sp=0x00007f820e9495b8 mode 0
Event: 0.577 Thread 0x00007f8208015800 DEOPT PACKING pc=0x00007f81f0f708fb sp=0x00007f820e949580
Event: 0.577 Thread 0x00007f8208015800 DEOPT UNPACKING pc=0x00007f81f097703a sp=0x00007f820e948ac8 mode 0
Event: 0.611 Thread 0x00007f8208015800 DEOPT PACKING pc=0x00007f81f0f708fb sp=0x00007f820e949ba0
Event: 0.611 Thread 0x00007f8208015800 DEOPT UNPACKING pc=0x00007f81f097703a sp=0x00007f820e9490e8 mode 0
Event: 0.636 Thread 0x00007f8208015800 Uncommon trap: trap_request=0xffffff4d fr.pc=0x00007f81f8454f30 relative=0x0000000000000350
Event: 0.636 Thread 0x00007f8208015800 Uncommon trap: reason=unstable_if action=reinterpret pc=0x00007f81f8454f30 method=org.eclipse.jdt.launching.internal.org.objectweb.asm.MethodWriter.visitVarInsn(II)V @ 20 c2
Event: 0.636 Thread 0x00007f8208015800 DEOPT PACKING pc=0x00007f81f8454f30 sp=0x00007f820e947a50
Event: 0.636 Thread 0x00007f8208015800 DEOPT UNPACKING pc=0x00007f81f0977225 sp=0x00007f820e947a18 mode 2
Event: 0.770 Thread 0x00007f8208015800 Uncommon trap: trap_request=0xffffff4d fr.pc=0x00007f81f846af48 relative=0x0000000000000408
Event: 0.770 Thread 0x00007f8208015800 Uncommon trap: reason=unstable_if action=reinterpret pc=0x00007f81f846af48 method=org.eclipse.jdt.launching.internal.org.objectweb.asm.Type.getArgumentsAndReturnSizes(Ljava/lang/String;)I @ 121 c2
Event: 0.770 Thread 0x00007f8208015800 DEOPT PACKING pc=0x00007f81f846af48 sp=0x00007f820e94b7e0
Event: 0.770 Thread 0x00007f8208015800 DEOPT UNPACKING pc=0x00007f81f0977225 sp=0x00007f820e94b790 mode 2
Event: 0.823 Thread 0x00007f8208015800 DEOPT PACKING pc=0x00007f81f1109f9f sp=0x00007f820e94a5e0
Event: 0.823 Thread 0x00007f8208015800 DEOPT UNPACKING pc=0x00007f81f097703a sp=0x00007f820e949b48 mode 0

Classes redefined (20 events):
Event: 52.724 Thread 0x00007f820829d000 redefined class name=de.unirostock.sems.bives.merge.algorithm.SBMLMerger, count=2
Event: 62.739 Thread 0x00007f820829d000 redefined class name=de.unirostock.sems.bives.merge.algorithm.SBMLMerger, count=3
Event: 612.228 Thread 0x00007f820829d000 redefined class name=de.unirostock.sems.bives.api.Diff, count=1
Event: 625.552 Thread 0x00007f820829d000 redefined class name=de.unirostock.sems.bives.api.Diff, count=2
Event: 641.163 Thread 0x00007f820829d000 redefined class name=de.unirostock.sems.bives.api.Diff, count=3
Event: 681.449 Thread 0x00007f820829d000 redefined class name=de.unirostock.sems.bives.api.Diff, count=4
Event: 692.762 Thread 0x00007f820829d000 redefined class name=de.unirostock.sems.bives.api.Diff, count=5
Event: 707.653 Thread 0x00007f820829d000 redefined class name=de.unirostock.sems.bives.api.Diff, count=6
Event: 733.366 Thread 0x00007f820829d000 redefined class name=de.unirostock.sems.bives.api.Diff, count=7
Event: 1093.447 Thread 0x00007f820829d000 redefined class name=de.unirostock.sems.xmlutils.ds.TreeDocument, count=1
Event: 1166.971 Thread 0x00007f820829d000 redefined class name=de.unirostock.sems.bives.merge.algorithm.SBMLMerger, count=11
Event: 1192.437 Thread 0x00007f820829d000 redefined class name=de.unirostock.sems.bives.merge.algorithm.SBMLMerger, count=12
Event: 1235.345 Thread 0x00007f820829d000 redefined class name=de.unirostock.sems.bives.merge.algorithm.SBMLMerger, count=13
Event: 1307.708 Thread 0x00007f820829d000 redefined class name=de.unirostock.sems.bives.merge.algorithm.SBMLMerger, count=14
Event: 1325.032 Thread 0x00007f820829d000 redefined class name=de.unirostock.sems.xmlutils.ds.TreeDocument, count=2
Event: 4776.782 Thread 0x00007f820829d000 redefined class name=de.unirostock.sems.TestMerge, count=1
Event: 4784.074 Thread 0x00007f820829d000 redefined class name=de.unirostock.sems.TestMerge, count=2
Event: 5095.075 Thread 0x00007f820829d000 redefined class name=de.unirostock.sems.xmlutils.ds.TreeDocument, count=3
Event: 5897.470 Thread 0x00007f820829d000 redefined class name=de.unirostock.sems.TestMerge, count=3
Event: 6121.030 Thread 0x00007f820829d000 redefined class name=de.unirostock.sems.TestMerge, count=4

Internal exceptions (10 events):
Event: 0.158 Thread 0x00007f8208015800 Exception <a 'java/security/PrivilegedActionException'{0x000000062a39edb0}> (0x000000062a39edb0) thrown at [/build/openjdk-11-JSGVKF/openjdk-11-11.0.5+10/src/hotspot/share/prims/jvm.cpp, line 1295]
Event: 0.158 Thread 0x00007f8208015800 Exception <a 'java/security/PrivilegedActionException'{0x000000062a39f080}> (0x000000062a39f080) thrown at [/build/openjdk-11-JSGVKF/openjdk-11-11.0.5+10/src/hotspot/share/prims/jvm.cpp, line 1295]
Event: 0.161 Thread 0x00007f8208015800 Exception <a 'java/security/PrivilegedActionException'{0x000000062a3eac00}> (0x000000062a3eac00) thrown at [/build/openjdk-11-JSGVKF/openjdk-11-11.0.5+10/src/hotspot/share/prims/jvm.cpp, line 1295]
Event: 0.161 Thread 0x00007f8208015800 Exception <a 'java/security/PrivilegedActionException'{0x000000062a3eaed0}> (0x000000062a3eaed0) thrown at [/build/openjdk-11-JSGVKF/openjdk-11-11.0.5+10/src/hotspot/share/prims/jvm.cpp, line 1295]
Event: 0.466 Thread 0x00007f8208015800 Exception <a 'java/lang/NoSuchMethodError'{0x00000006296c35a8}: 'java.lang.Object java.lang.invoke.DirectMethodHandle$Holder.invokeStatic(java.lang.Object, java.lang.Object, java.lang.Object, java.lang.Object, java.lang.Object, java.lang.Object, java.lang
Event: 0.468 Thread 0x00007f8208015800 Exception <a 'java/lang/NoSuchMethodError'{0x00000006296d2ac0}: 'java.lang.Object java.lang.invoke.DirectMethodHandle$Holder.invokeStatic(java.lang.Object, java.lang.Object, java.lang.Object, java.lang.Object, java.lang.Object, java.lang.Object, java.lang
Event: 0.470 Thread 0x00007f8208015800 Exception <a 'java/lang/NoSuchMethodError'{0x00000006296e09d8}: 'java.lang.Object java.lang.invoke.DirectMethodHandle$Holder.invokeSpecial(java.lang.Object, java.lang.Object, int, int, java.lang.Object, java.lang.Object, java.lang.Object)'> (0x00000006296
Event: 0.470 Thread 0x00007f8208015800 Exception <a 'java/lang/NoSuchMethodError'{0x00000006296e3f68}: 'java.lang.Object java.lang.invoke.DelegatingMethodHandle$Holder.reinvoke_L(java.lang.Object, int, int, java.lang.Object, java.lang.Object, java.lang.Object)'> (0x00000006296e3f68) thrown at 
Event: 0.471 Thread 0x00007f8208015800 Exception <a 'java/lang/NoSuchMethodError'{0x00000006296e91d8}: 'java.lang.Object java.lang.invoke.DirectMethodHandle$Holder.invokeStatic(java.lang.Object, java.lang.Object, java.lang.Object, java.lang.Object, int)'> (0x00000006296e91d8) thrown at [/build
Event: 0.775 Thread 0x00007f8208015800 Exception <a 'java/lang/NoSuchMethodError'{0x0000000629d773a0}: 'int java.lang.invoke.DirectMethodHandle$Holder.invokeSpecialIFC(java.lang.Object, java.lang.Object, int)'> (0x0000000629d773a0) thrown at [/build/openjdk-11-JSGVKF/openjdk-11-11.0.5+10/src/h

Events (20 events):
Event: 6121.030 Executing VM operation: RedefineClasses done
Event: 6121.035 Executing VM operation: ChangeBreakpoints
Event: 6121.035 Executing VM operation: ChangeBreakpoints done
Event: 6121.036 Executing VM operation: GetFrameCount
Event: 6121.036 Executing VM operation: GetFrameCount done
Event: 6121.036 Executing VM operation: GetStackTrace
Event: 6121.036 Executing VM operation: GetStackTrace done
Event: 6121.037 Executing VM operation: GetFrameCount
Event: 6121.037 Executing VM operation: GetFrameCount done
Event: 6121.037 Executing VM operation: SetFramePop
Event: 6121.037 Executing VM operation: SetFramePop done
Event: 6121.037 Executing VM operation: GetFrameLocation
Event: 6121.037 Executing VM operation: GetFrameLocation done
Event: 6121.037 Executing VM operation: GetCurrentLocation
Event: 6121.037 Executing VM operation: GetCurrentLocation done
Event: 6121.037 Executing VM operation: ChangeSingleStep
Event: 6121.037 Executing VM operation: ChangeSingleStep done
Event: 6121.037 Executing VM operation: GetFrameLocation
Event: 6121.037 Executing VM operation: GetFrameLocation done
Event: 6121.037 Executing VM operation: GetOrSetLocal


Dynamic libraries:
60b000000-62a600000 rw-p 00000000 00:00 0 
62a600000-7bfc00000 ---p 00000000 00:00 0 
7bfc00000-7bfc44000 rw-p 01104000 08:01 136699                           /usr/lib/jvm/java-11-openjdk-amd64/lib/server/classes.jsa
7bfc44000-7bfe00000 rw-p 00000000 00:00 0 
7bfe00000-7bfe6a000 rw-p 0109a000 08:01 136699                           /usr/lib/jvm/java-11-openjdk-amd64/lib/server/classes.jsa
7bfe6a000-7c0000000 rw-p 00000000 00:00 0 
7c0000000-800000000 ---p 00000000 00:00 0 
800000000-800002000 rwxp 00001000 08:01 136699                           /usr/lib/jvm/java-11-openjdk-amd64/lib/server/classes.jsa
800002000-801099000 rw-p 00003000 08:01 136699                           /usr/lib/jvm/java-11-openjdk-amd64/lib/server/classes.jsa
840000000-8400e0000 rw-p 00000000 00:00 0 
8400e0000-880000000 ---p 00000000 00:00 0 
5567e2e8c000-5567e2e8d000 r--p 00000000 08:01 131459                     /usr/lib/jvm/java-11-openjdk-amd64/bin/java
5567e2e8d000-5567e2e8e000 r-xp 00001000 08:01 131459                     /usr/lib/jvm/java-11-openjdk-amd64/bin/java
5567e2e8e000-5567e2e8f000 r--p 00002000 08:01 131459                     /usr/lib/jvm/java-11-openjdk-amd64/bin/java
5567e2e8f000-5567e2e90000 r--p 00002000 08:01 131459                     /usr/lib/jvm/java-11-openjdk-amd64/bin/java
5567e2e90000-5567e2e91000 rw-p 00003000 08:01 131459                     /usr/lib/jvm/java-11-openjdk-amd64/bin/java
5567e3e5f000-5567e3e80000 rw-p 00000000 00:00 0                          [heap]
7f8160000000-7f8160021000 rw-p 00000000 00:00 0 
7f8160021000-7f8164000000 ---p 00000000 00:00 0 
7f8164000000-7f8164021000 rw-p 00000000 00:00 0 
7f8164021000-7f8168000000 ---p 00000000 00:00 0 
7f8168000000-7f8168021000 rw-p 00000000 00:00 0 
7f8168021000-7f816c000000 ---p 00000000 00:00 0 
7f816c000000-7f816c021000 rw-p 00000000 00:00 0 
7f816c021000-7f8170000000 ---p 00000000 00:00 0 
7f8170000000-7f8170021000 rw-p 00000000 00:00 0 
7f8170021000-7f8174000000 ---p 00000000 00:00 0 
7f8174000000-7f8174021000 rw-p 00000000 00:00 0 
7f8174021000-7f8178000000 ---p 00000000 00:00 0 
7f8178000000-7f8178021000 rw-p 00000000 00:00 0 
7f8178021000-7f817c000000 ---p 00000000 00:00 0 
7f817c000000-7f817c021000 rw-p 00000000 00:00 0 
7f817c021000-7f8180000000 ---p 00000000 00:00 0 
7f8180000000-7f81801bd000 rw-p 00000000 00:00 0 
7f81801bd000-7f8184000000 ---p 00000000 00:00 0 
7f8184000000-7f8184021000 rw-p 00000000 00:00 0 
7f8184021000-7f8188000000 ---p 00000000 00:00 0 
7f8188000000-7f8188021000 rw-p 00000000 00:00 0 
7f8188021000-7f818c000000 ---p 00000000 00:00 0 
7f818c000000-7f818c021000 rw-p 00000000 00:00 0 
7f818c021000-7f8190000000 ---p 00000000 00:00 0 
7f8190000000-7f8193157000 rw-p 00000000 00:00 0 
7f8193157000-7f8194000000 ---p 00000000 00:00 0 
7f8194000000-7f8194021000 rw-p 00000000 00:00 0 
7f8194021000-7f8198000000 ---p 00000000 00:00 0 
7f8198000000-7f8198021000 rw-p 00000000 00:00 0 
7f8198021000-7f819c000000 ---p 00000000 00:00 0 
7f819c000000-7f819c021000 rw-p 00000000 00:00 0 
7f819c021000-7f81a0000000 ---p 00000000 00:00 0 
7f81a0000000-7f81a0021000 rw-p 00000000 00:00 0 
7f81a0021000-7f81a4000000 ---p 00000000 00:00 0 
7f81a4000000-7f81a408e000 rw-p 00000000 00:00 0 
7f81a408e000-7f81a8000000 ---p 00000000 00:00 0 
7f81a8000000-7f81a86b2000 rw-p 00000000 00:00 0 
7f81a86b2000-7f81ac000000 ---p 00000000 00:00 0 
7f81ac000000-7f81ac021000 rw-p 00000000 00:00 0 
7f81ac021000-7f81b0000000 ---p 00000000 00:00 0 
7f81b0000000-7f81b0021000 rw-p 00000000 00:00 0 
7f81b0021000-7f81b4000000 ---p 00000000 00:00 0 
7f81b4000000-7f81b47f1000 rw-p 00000000 00:00 0 
7f81b47f1000-7f81b8000000 ---p 00000000 00:00 0 
7f81b8000000-7f81b8021000 rw-p 00000000 00:00 0 
7f81b8021000-7f81bc000000 ---p 00000000 00:00 0 
7f81bc000000-7f81bc021000 rw-p 00000000 00:00 0 
7f81bc021000-7f81c0000000 ---p 00000000 00:00 0 
7f81c0000000-7f81c0061000 rw-p 00000000 00:00 0 
7f81c0061000-7f81c4000000 ---p 00000000 00:00 0 
7f81c4000000-7f81c4021000 rw-p 00000000 00:00 0 
7f81c4021000-7f81c8000000 ---p 00000000 00:00 0 
7f81ca3e2000-7f81ca3e3000 ---p 00000000 00:00 0 
7f81ca3e3000-7f81ca4e4000 rw-p 00000000 00:00 0 
7f81ca4e4000-7f81ca4e5000 ---p 00000000 00:00 0 
7f81ca4e5000-7f81ca5e6000 rw-p 00000000 00:00 0 
7f81ca5e6000-7f81ca5e7000 ---p 00000000 00:00 0 
7f81ca5e7000-7f81ca6e8000 rw-p 00000000 00:00 0 
7f81ca6e8000-7f81ca6e9000 ---p 00000000 00:00 0 
7f81ca6e9000-7f81ca7ea000 rw-p 00000000 00:00 0 
7f81ca7ea000-7f81ca7eb000 ---p 00000000 00:00 0 
7f81ca7eb000-7f81ca8ec000 rw-p 00000000 00:00 0 
7f81ca8ec000-7f81ca8ed000 ---p 00000000 00:00 0 
7f81ca8ed000-7f81ca9ee000 rw-p 00000000 00:00 0 
7f81ca9ee000-7f81ca9ef000 ---p 00000000 00:00 0 
7f81ca9ef000-7f81caaf0000 rw-p 00000000 00:00 0 
7f81caaf0000-7f81caaf1000 ---p 00000000 00:00 0 
7f81caaf1000-7f81cabf2000 rw-p 00000000 00:00 0 
7f81cabf2000-7f81cabf3000 ---p 00000000 00:00 0 
7f81cabf3000-7f81cacf4000 rw-p 00000000 00:00 0 
7f81cacf4000-7f81cacf8000 ---p 00000000 00:00 0 
7f81cacf8000-7f81cadf5000 rw-p 00000000 00:00 0 
7f81cadf5000-7f81cadf9000 ---p 00000000 00:00 0 
7f81cadf9000-7f81caef6000 rw-p 00000000 00:00 0 
7f81caef6000-7f81caef7000 ---p 00000000 00:00 0 
7f81caef7000-7f81caff8000 rw-p 00000000 00:00 0 
7f81caff8000-7f81caffc000 ---p 00000000 00:00 0 
7f81caffc000-7f81cb0f9000 rw-p 00000000 00:00 0 
7f81cb0f9000-7f81cb0fd000 ---p 00000000 00:00 0 
7f81cb0fd000-7f81cb1fa000 rw-p 00000000 00:00 0 
7f81cb1fa000-7f81cb1fe000 ---p 00000000 00:00 0 
7f81cb1fe000-7f81cb2fb000 rw-p 00000000 00:00 0 
7f81cb2fb000-7f81cb2ff000 ---p 00000000 00:00 0 
7f81cb2ff000-7f81cb3fc000 rw-p 00000000 00:00 0 
7f81cb3fc000-7f81cb400000 ---p 00000000 00:00 0 
7f81cb400000-7f81cb4fd000 rw-p 00000000 00:00 0 
7f81cb4fd000-7f81cb501000 ---p 00000000 00:00 0 
7f81cb501000-7f81cb5fe000 rw-p 00000000 00:00 0 
7f81cb5fe000-7f81cb602000 ---p 00000000 00:00 0 
7f81cb602000-7f81cb6ff000 rw-p 00000000 00:00 0 
7f81cb6ff000-7f81cb703000 ---p 00000000 00:00 0 
7f81cb703000-7f81cbf00000 rw-p 00000000 00:00 0 
7f81cbf00000-7f81cc000000 ---p 00000000 00:00 0 
7f81cc000000-7f81cc021000 rw-p 00000000 00:00 0 
7f81cc021000-7f81d0000000 ---p 00000000 00:00 0 
7f81d0000000-7f81d0021000 rw-p 00000000 00:00 0 
7f81d0021000-7f81d4000000 ---p 00000000 00:00 0 
7f81d4000000-7f81d4021000 rw-p 00000000 00:00 0 
7f81d4021000-7f81d8000000 ---p 00000000 00:00 0 
7f81d80f5000-7f81d80f9000 ---p 00000000 00:00 0 
7f81d80f9000-7f81d81f6000 rw-p 00000000 00:00 0 
7f81d81f6000-7f81d81fa000 ---p 00000000 00:00 0 
7f81d81fa000-7f81d82f7000 rw-p 00000000 00:00 0 
7f81d82f7000-7f81d8630000 r--p 00000000 08:01 6165976                    /usr/lib/locale/locale-archive
7f81d8630000-7f81dae08000 rw-p 00000000 00:00 0 
7f81dae08000-7f81e1360000 ---p 00000000 00:00 0 
7f81e1360000-7f81e1370000 rw-p 00000000 00:00 0 
7f81e1370000-7f81e2370000 ---p 00000000 00:00 0 
7f81e2370000-7f81e2b48000 rw-p 00000000 00:00 0 
7f81e2b48000-7f81e90a0000 ---p 00000000 00:00 0 
7f81e90a0000-7f81e90b0000 rw-p 00000000 00:00 0 
7f81e90b0000-7f81ea0b0000 ---p 00000000 00:00 0 
7f81ea0b0000-7f81ea1ab000 rw-p 00000000 00:00 0 
7f81ea1ab000-7f81eae56000 ---p 00000000 00:00 0 
7f81eae56000-7f81eae58000 rw-p 00000000 00:00 0 
7f81eae58000-7f81eb058000 ---p 00000000 00:00 0 
7f81eb058000-7f81eb153000 rw-p 00000000 00:00 0 
7f81eb153000-7f81ebdfe000 ---p 00000000 00:00 0 
7f81ebdfe000-7f81ebe00000 rw-p 00000000 00:00 0 
7f81ebe00000-7f81ec000000 ---p 00000000 00:00 0 
7f81ec000000-7f81ec021000 rw-p 00000000 00:00 0 
7f81ec021000-7f81f0000000 ---p 00000000 00:00 0 
7f81f0064000-7f81f0068000 r--p 00000000 08:01 134021                     /usr/lib/jvm/java-11-openjdk-amd64/lib/libnet.so
7f81f0068000-7f81f0077000 r-xp 00004000 08:01 134021                     /usr/lib/jvm/java-11-openjdk-amd64/lib/libnet.so
7f81f0077000-7f81f007b000 r--p 00013000 08:01 134021                     /usr/lib/jvm/java-11-openjdk-amd64/lib/libnet.so
7f81f007b000-7f81f007c000 r--p 00016000 08:01 134021                     /usr/lib/jvm/java-11-openjdk-amd64/lib/libnet.so
7f81f007c000-7f81f007d000 rw-p 00017000 08:01 134021                     /usr/lib/jvm/java-11-openjdk-amd64/lib/libnet.so
7f81f007d000-7f81f0080000 r--p 00000000 08:01 5898969                    /lib/x86_64-linux-gnu/libnss_files-2.29.so
7f81f0080000-7f81f0087000 r-xp 00003000 08:01 5898969                    /lib/x86_64-linux-gnu/libnss_files-2.29.so
7f81f0087000-7f81f0089000 r--p 0000a000 08:01 5898969                    /lib/x86_64-linux-gnu/libnss_files-2.29.so
7f81f0089000-7f81f008a000 r--p 0000b000 08:01 5898969                    /lib/x86_64-linux-gnu/libnss_files-2.29.so
7f81f008a000-7f81f008b000 rw-p 0000c000 08:01 5898969                    /lib/x86_64-linux-gnu/libnss_files-2.29.so
7f81f008b000-7f81f0091000 rw-p 00000000 00:00 0 
7f81f009f000-7f81f00a6000 r--p 00000000 08:01 134023                     /usr/lib/jvm/java-11-openjdk-amd64/lib/libnio.so
7f81f00a6000-7f81f00ad000 r-xp 00007000 08:01 134023                     /usr/lib/jvm/java-11-openjdk-amd64/lib/libnio.so
7f81f00ad000-7f81f00b0000 r--p 0000e000 08:01 134023                     /usr/lib/jvm/java-11-openjdk-amd64/lib/libnio.so
7f81f00b0000-7f81f00b1000 r--p 00010000 08:01 134023                     /usr/lib/jvm/java-11-openjdk-amd64/lib/libnio.so
7f81f00b1000-7f81f00b2000 rw-p 00011000 08:01 134023                     /usr/lib/jvm/java-11-openjdk-amd64/lib/libnio.so
7f81f00b2000-7f81f00b6000 ---p 00000000 00:00 0 
7f81f00b6000-7f81f01b3000 rw-p 00000000 00:00 0 
7f81f01b3000-7f81f01b7000 ---p 00000000 00:00 0 
7f81f01b7000-7f81f02b4000 rw-p 00000000 00:00 0 
7f81f02b4000-7f81f02b5000 ---p 00000000 00:00 0 
7f81f02b5000-7f81f0437000 rw-p 00000000 00:00 0 
7f81f0437000-7f81f0438000 ---p 00000000 00:00 0 
7f81f0438000-7f81f0539000 rw-p 00000000 00:00 0 
7f81f0539000-7f81f053a000 ---p 00000000 00:00 0 
7f81f053a000-7f81f093e000 rw-p 00000000 00:00 0 
7f81f093e000-7f81f0bae000 rwxp 00000000 00:00 0 
7f81f0bae000-7f81f0ecf000 ---p 00000000 00:00 0 
7f81f0ecf000-7f81f115f000 rwxp 00000000 00:00 0 
7f81f115f000-7f81f8406000 ---p 00000000 00:00 0 
7f81f8406000-7f81f8676000 rwxp 00000000 00:00 0 
7f81f8676000-7f81ff93e000 ---p 00000000 00:00 0 
7f81ff93e000-7f8208000000 r--s 00000000 08:01 134057                     /usr/lib/jvm/java-11-openjdk-amd64/lib/modules
7f8208000000-7f8208855000 rw-p 00000000 00:00 0 
7f8208855000-7f820c000000 ---p 00000000 00:00 0 
7f820c004000-7f820c005000 r--p 00000000 08:01 133657                     /usr/lib/jvm/java-11-openjdk-amd64/lib/libextnet.so
7f820c005000-7f820c006000 r-xp 00001000 08:01 133657                     /usr/lib/jvm/java-11-openjdk-amd64/lib/libextnet.so
7f820c006000-7f820c007000 r--p 00002000 08:01 133657                     /usr/lib/jvm/java-11-openjdk-amd64/lib/libextnet.so
7f820c007000-7f820c008000 r--p 00002000 08:01 133657                     /usr/lib/jvm/java-11-openjdk-amd64/lib/libextnet.so
7f820c008000-7f820c009000 rw-p 00003000 08:01 133657                     /usr/lib/jvm/java-11-openjdk-amd64/lib/libextnet.so
7f820c009000-7f820c03e000 r--s 00000000 08:01 2499215                    /var/cache/nscd/hosts
7f820c03e000-7f820c03f000 r--p 00000000 08:01 133637                     /usr/lib/jvm/java-11-openjdk-amd64/lib/libdt_socket.so
7f820c03f000-7f820c042000 r-xp 00001000 08:01 133637                     /usr/lib/jvm/java-11-openjdk-amd64/lib/libdt_socket.so
7f820c042000-7f820c043000 r--p 00004000 08:01 133637                     /usr/lib/jvm/java-11-openjdk-amd64/lib/libdt_socket.so
7f820c043000-7f820c044000 r--p 00004000 08:01 133637                     /usr/lib/jvm/java-11-openjdk-amd64/lib/libdt_socket.so
7f820c044000-7f820c045000 rw-p 00005000 08:01 133637                     /usr/lib/jvm/java-11-openjdk-amd64/lib/libdt_socket.so
7f820c045000-7f820c04c000 r--s 00000000 08:01 6215712                    /usr/lib/x86_64-linux-gnu/gconv/gconv-modules.cache
7f820c04c000-7f820c7ae000 rw-p 00000000 00:00 0 
7f820c7ae000-7f820c7af000 ---p 00000000 00:00 0 
7f820c7af000-7f820c8b0000 rw-p 00000000 00:00 0 
7f820c8b0000-7f820c8b1000 ---p 00000000 00:00 0 
7f820c8b1000-7f820cbb0000 rw-p 00000000 00:00 0 
7f820cbb0000-7f820d85b000 ---p 00000000 00:00 0 
7f820d85b000-7f820d85d000 rw-p 00000000 00:00 0 
7f820d85d000-7f820da5d000 ---p 00000000 00:00 0 
7f820da5d000-7f820e4a6000 rw-p 00000000 00:00 0 
7f820e4a6000-7f820e4a7000 ---p 00000000 00:00 0 
7f820e4a7000-7f820e5ad000 rw-p 00000000 00:00 0 
7f820e5ad000-7f820e693000 ---p 00000000 00:00 0 
7f820e693000-7f820e699000 rw-p 00000000 00:00 0 
7f820e699000-7f820e77e000 ---p 00000000 00:00 0 
7f820e77e000-7f820e783000 rw-p 00000000 00:00 0 
7f820e783000-7f820e78a000 ---p 00000000 00:00 0 
7f820e78a000-7f820e78c000 r--s 0000c000 08:01 447                        /usr/share/java/java-atk-wrapper.jar
7f820e78c000-7f820e78e000 r--p 00000000 08:01 133990                     /usr/lib/jvm/java-11-openjdk-amd64/lib/libjimage.so
7f820e78e000-7f820e791000 r-xp 00002000 08:01 133990                     /usr/lib/jvm/java-11-openjdk-amd64/lib/libjimage.so
7f820e791000-7f820e792000 r--p 00005000 08:01 133990                     /usr/lib/jvm/java-11-openjdk-amd64/lib/libjimage.so
7f820e792000-7f820e793000 ---p 00006000 08:01 133990                     /usr/lib/jvm/java-11-openjdk-amd64/lib/libjimage.so
7f820e793000-7f820e794000 r--p 00006000 08:01 133990                     /usr/lib/jvm/java-11-openjdk-amd64/lib/libjimage.so
7f820e794000-7f820e795000 rw-p 00007000 08:01 133990                     /usr/lib/jvm/java-11-openjdk-amd64/lib/libjimage.so
7f820e795000-7f820e797000 r--p 00000000 08:01 134055                     /usr/lib/jvm/java-11-openjdk-amd64/lib/libzip.so
7f820e797000-7f820e79b000 r-xp 00002000 08:01 134055                     /usr/lib/jvm/java-11-openjdk-amd64/lib/libzip.so
7f820e79b000-7f820e79d000 r--p 00006000 08:01 134055                     /usr/lib/jvm/java-11-openjdk-amd64/lib/libzip.so
7f820e79d000-7f820e79e000 r--p 00007000 08:01 134055                     /usr/lib/jvm/java-11-openjdk-amd64/lib/libzip.so
7f820e79e000-7f820e79f000 rw-p 00008000 08:01 134055                     /usr/lib/jvm/java-11-openjdk-amd64/lib/libzip.so
7f820e79f000-7f820e7a7000 rw-s 00000000 08:01 396175                     /tmp/hsperfdata_tgeb/136357
7f820e7a7000-7f820e7dc000 r--s 00000000 08:01 2499213                    /var/cache/nscd/passwd
7f820e7dc000-7f820e7de000 r--p 00000000 08:01 133988                     /usr/lib/jvm/java-11-openjdk-amd64/lib/libjdwp.so
7f820e7de000-7f820e809000 r-xp 00002000 08:01 133988                     /usr/lib/jvm/java-11-openjdk-amd64/lib/libjdwp.so
7f820e809000-7f820e816000 r--p 0002d000 08:01 133988                     /usr/lib/jvm/java-11-openjdk-amd64/lib/libjdwp.so
7f820e816000-7f820e817000 ---p 0003a000 08:01 133988                     /usr/lib/jvm/java-11-openjdk-amd64/lib/libjdwp.so
7f820e817000-7f820e818000 r--p 0003a000 08:01 133988                     /usr/lib/jvm/java-11-openjdk-amd64/lib/libjdwp.so
7f820e818000-7f820e819000 rw-p 0003b000 08:01 133988                     /usr/lib/jvm/java-11-openjdk-amd64/lib/libjdwp.so
7f820e819000-7f820e826000 r--p 00000000 08:01 133982                     /usr/lib/jvm/java-11-openjdk-amd64/lib/libjava.so
7f820e826000-7f820e83b000 r-xp 0000d000 08:01 133982                     /usr/lib/jvm/java-11-openjdk-amd64/lib/libjava.so
7f820e83b000-7f820e842000 r--p 00022000 08:01 133982                     /usr/lib/jvm/java-11-openjdk-amd64/lib/libjava.so
7f820e842000-7f820e843000 r--p 00028000 08:01 133982                     /usr/lib/jvm/java-11-openjdk-amd64/lib/libjava.so
7f820e843000-7f820e845000 rw-p 00029000 08:01 133982                     /usr/lib/jvm/java-11-openjdk-amd64/lib/libjava.so
7f820e845000-7f820e848000 r--p 00000000 08:01 5898988                    /lib/x86_64-linux-gnu/librt-2.29.so
7f820e848000-7f820e84c000 r-xp 00003000 08:01 5898988                    /lib/x86_64-linux-gnu/librt-2.29.so
7f820e84c000-7f820e84e000 r--p 00007000 08:01 5898988                    /lib/x86_64-linux-gnu/librt-2.29.so
7f820e84e000-7f820e84f000 r--p 00008000 08:01 5898988                    /lib/x86_64-linux-gnu/librt-2.29.so
7f820e84f000-7f820e850000 rw-p 00009000 08:01 5898988                    /lib/x86_64-linux-gnu/librt-2.29.so
7f820e850000-7f820e854000 ---p 00000000 00:00 0 
7f820e854000-7f820e951000 rw-p 00000000 00:00 0 
7f820e951000-7f820e954000 r--p 00000000 08:01 5898306                    /lib/x86_64-linux-gnu/libgcc_s.so.1
7f820e954000-7f820e965000 r-xp 00003000 08:01 5898306                    /lib/x86_64-linux-gnu/libgcc_s.so.1
7f820e965000-7f820e969000 r--p 00014000 08:01 5898306                    /lib/x86_64-linux-gnu/libgcc_s.so.1
7f820e969000-7f820e96a000 r--p 00017000 08:01 5898306                    /lib/x86_64-linux-gnu/libgcc_s.so.1
7f820e96a000-7f820e96b000 rw-p 00018000 08:01 5898306                    /lib/x86_64-linux-gnu/libgcc_s.so.1
7f820e96b000-7f820e97a000 r--p 00000000 08:01 5898865                    /lib/x86_64-linux-gnu/libm-2.29.so
7f820e97a000-7f820ea15000 r-xp 0000f000 08:01 5898865                    /lib/x86_64-linux-gnu/libm-2.29.so
7f820ea15000-7f820eaae000 r--p 000aa000 08:01 5898865                    /lib/x86_64-linux-gnu/libm-2.29.so
7f820eaae000-7f820eaaf000 r--p 00142000 08:01 5898865                    /lib/x86_64-linux-gnu/libm-2.29.so
7f820eaaf000-7f820eab0000 rw-p 00143000 08:01 5898865                    /lib/x86_64-linux-gnu/libm-2.29.so
7f820eab0000-7f820eb46000 r--p 00000000 08:01 6163067                    /usr/lib/x86_64-linux-gnu/libstdc++.so.6.0.28
7f820eb46000-7f820ec2e000 r-xp 00096000 08:01 6163067                    /usr/lib/x86_64-linux-gnu/libstdc++.so.6.0.28
7f820ec2e000-7f820ec78000 r--p 0017e000 08:01 6163067                    /usr/lib/x86_64-linux-gnu/libstdc++.so.6.0.28
7f820ec78000-7f820ec83000 r--p 001c7000 08:01 6163067                    /usr/lib/x86_64-linux-gnu/libstdc++.so.6.0.28
7f820ec83000-7f820ec86000 rw-p 001d2000 08:01 6163067                    /usr/lib/x86_64-linux-gnu/libstdc++.so.6.0.28
7f820ec86000-7f820ec89000 rw-p 00000000 00:00 0 
7f820ec89000-7f820eef6000 r--p 00000000 08:01 134066                     /usr/lib/jvm/java-11-openjdk-amd64/lib/server/libjvm.so
7f820eef6000-7f820fa69000 r-xp 0026d000 08:01 134066                     /usr/lib/jvm/java-11-openjdk-amd64/lib/server/libjvm.so
7f820fa69000-7f820fca3000 r--p 00de0000 08:01 134066                     /usr/lib/jvm/java-11-openjdk-amd64/lib/server/libjvm.so
7f820fca3000-7f820fd60000 r--p 01019000 08:01 134066                     /usr/lib/jvm/java-11-openjdk-amd64/lib/server/libjvm.so
7f820fd60000-7f820fd99000 rw-p 010d6000 08:01 134066                     /usr/lib/jvm/java-11-openjdk-amd64/lib/server/libjvm.so
7f820fd99000-7f820fdf2000 rw-p 00000000 00:00 0 
7f820fdf2000-7f820fdf9000 r--p 00000000 08:01 5898981                    /lib/x86_64-linux-gnu/libpthread-2.29.so
7f820fdf9000-7f820fe08000 r-xp 00007000 08:01 5898981                    /lib/x86_64-linux-gnu/libpthread-2.29.so
7f820fe08000-7f820fe0d000 r--p 00016000 08:01 5898981                    /lib/x86_64-linux-gnu/libpthread-2.29.so
7f820fe0d000-7f820fe0e000 r--p 0001a000 08:01 5898981                    /lib/x86_64-linux-gnu/libpthread-2.29.so
7f820fe0e000-7f820fe0f000 rw-p 0001b000 08:01 5898981                    /lib/x86_64-linux-gnu/libpthread-2.29.so
7f820fe0f000-7f820fe13000 rw-p 00000000 00:00 0 
7f820fe13000-7f820fe14000 r--p 00000000 08:01 5898856                    /lib/x86_64-linux-gnu/libdl-2.29.so
7f820fe14000-7f820fe15000 r-xp 00001000 08:01 5898856                    /lib/x86_64-linux-gnu/libdl-2.29.so
7f820fe15000-7f820fe16000 r--p 00002000 08:01 5898856                    /lib/x86_64-linux-gnu/libdl-2.29.so
7f820fe16000-7f820fe17000 r--p 00002000 08:01 5898856                    /lib/x86_64-linux-gnu/libdl-2.29.so
7f820fe17000-7f820fe18000 rw-p 00003000 08:01 5898856                    /lib/x86_64-linux-gnu/libdl-2.29.so
7f820fe18000-7f820fe1b000 r--p 00000000 08:01 5898360                    /lib/x86_64-linux-gnu/libz.so.1.2.11
7f820fe1b000-7f820fe2c000 r-xp 00003000 08:01 5898360                    /lib/x86_64-linux-gnu/libz.so.1.2.11
7f820fe2c000-7f820fe32000 r--p 00014000 08:01 5898360                    /lib/x86_64-linux-gnu/libz.so.1.2.11
7f820fe32000-7f820fe33000 ---p 0001a000 08:01 5898360                    /lib/x86_64-linux-gnu/libz.so.1.2.11
7f820fe33000-7f820fe34000 r--p 0001a000 08:01 5898360                    /lib/x86_64-linux-gnu/libz.so.1.2.11
7f820fe34000-7f820fe35000 rw-p 0001b000 08:01 5898360                    /lib/x86_64-linux-gnu/libz.so.1.2.11
7f820fe35000-7f820fe5a000 r--p 00000000 08:01 5898839                    /lib/x86_64-linux-gnu/libc-2.29.so
7f820fe5a000-7f820ffa1000 r-xp 00025000 08:01 5898839                    /lib/x86_64-linux-gnu/libc-2.29.so
7f820ffa1000-7f820ffea000 r--p 0016c000 08:01 5898839                    /lib/x86_64-linux-gnu/libc-2.29.so
7f820ffea000-7f820ffeb000 ---p 001b5000 08:01 5898839                    /lib/x86_64-linux-gnu/libc-2.29.so
7f820ffeb000-7f820ffee000 r--p 001b5000 08:01 5898839                    /lib/x86_64-linux-gnu/libc-2.29.so
7f820ffee000-7f820fff1000 rw-p 001b8000 08:01 5898839                    /lib/x86_64-linux-gnu/libc-2.29.so
7f820fff1000-7f820fff5000 rw-p 00000000 00:00 0 
7f820fff5000-7f820fff7000 r--p 00000000 08:01 133659                     /usr/lib/jvm/java-11-openjdk-amd64/lib/libinstrument.so
7f820fff7000-7f820fffd000 r-xp 00002000 08:01 133659                     /usr/lib/jvm/java-11-openjdk-amd64/lib/libinstrument.so
7f820fffd000-7f8210000000 r--p 00008000 08:01 133659                     /usr/lib/jvm/java-11-openjdk-amd64/lib/libinstrument.so
7f8210000000-7f8210001000 r--p 0000a000 08:01 133659                     /usr/lib/jvm/java-11-openjdk-amd64/lib/libinstrument.so
7f8210001000-7f8210002000 rw-p 0000b000 08:01 133659                     /usr/lib/jvm/java-11-openjdk-amd64/lib/libinstrument.so
7f8210002000-7f8210003000 ---p 00000000 00:00 0 
7f8210003000-7f8210004000 r--p 00000000 00:00 0 
7f8210004000-7f8210009000 r--p 00000000 08:01 134037                     /usr/lib/jvm/java-11-openjdk-amd64/lib/libverify.so
7f8210009000-7f8210010000 r-xp 00005000 08:01 134037                     /usr/lib/jvm/java-11-openjdk-amd64/lib/libverify.so
7f8210010000-7f8210012000 r--p 0000c000 08:01 134037                     /usr/lib/jvm/java-11-openjdk-amd64/lib/libverify.so
7f8210012000-7f8210013000 ---p 0000e000 08:01 134037                     /usr/lib/jvm/java-11-openjdk-amd64/lib/libverify.so
7f8210013000-7f8210015000 r--p 0000e000 08:01 134037                     /usr/lib/jvm/java-11-openjdk-amd64/lib/libverify.so
7f8210015000-7f8210016000 rw-p 00010000 08:01 134037                     /usr/lib/jvm/java-11-openjdk-amd64/lib/libverify.so
7f8210016000-7f8210019000 r--p 00000000 08:01 133493                     /usr/lib/jvm/java-11-openjdk-amd64/lib/jli/libjli.so
7f8210019000-7f8210023000 r-xp 00003000 08:01 133493                     /usr/lib/jvm/java-11-openjdk-amd64/lib/jli/libjli.so
7f8210023000-7f8210026000 r--p 0000d000 08:01 133493                     /usr/lib/jvm/java-11-openjdk-amd64/lib/jli/libjli.so
7f8210026000-7f8210027000 r--p 0000f000 08:01 133493                     /usr/lib/jvm/java-11-openjdk-amd64/lib/jli/libjli.so
7f8210027000-7f8210028000 rw-p 00010000 08:01 133493                     /usr/lib/jvm/java-11-openjdk-amd64/lib/jli/libjli.so
7f8210028000-7f821002a000 rw-p 00000000 00:00 0 
7f821002a000-7f821002b000 r--p 00000000 08:01 5898441                    /lib/x86_64-linux-gnu/ld-2.29.so
7f821002b000-7f8210049000 r-xp 00001000 08:01 5898441                    /lib/x86_64-linux-gnu/ld-2.29.so
7f8210049000-7f8210051000 r--p 0001f000 08:01 5898441                    /lib/x86_64-linux-gnu/ld-2.29.so
7f8210051000-7f8210052000 r--p 00026000 08:01 5898441                    /lib/x86_64-linux-gnu/ld-2.29.so
7f8210052000-7f8210053000 rw-p 00027000 08:01 5898441                    /lib/x86_64-linux-gnu/ld-2.29.so
7f8210053000-7f8210054000 rw-p 00000000 00:00 0 
7fff16fc5000-7fff16fe7000 rw-p 00000000 00:00 0                          [stack]
7fff16ff0000-7fff16ff3000 r--p 00000000 00:00 0                          [vvar]
7fff16ff3000-7fff16ff4000 r-xp 00000000 00:00 0                          [vdso]


VM Arguments:
jvm_args: -agentlib:jdwp=transport=dt_socket,suspend=y,address=localhost:44077 -ea -javaagent:/users/sbi00/tgeb/eclipse/jee-2018-09/eclipse/configuration/org.eclipse.osgi/414/0/.cp/lib/javaagent-shaded.jar -Dfile.encoding=UTF-8 
java_command: org.eclipse.jdt.internal.junit.runner.RemoteTestRunner -version 3 -port 44741 -testLoaderClass org.eclipse.jdt.internal.junit4.runner.JUnit4TestLoader -loaderpluginname org.eclipse.jdt.junit4.runtime -classNames de.unirostock.sems.TestMerge
java_class_path (initial): /users/sbi00/tgeb/eclipse-workspace/BiVeS-Merge/target/test-classes:/users/sbi00/tgeb/eclipse-workspace/BiVeS-Merge/target/classes:/users/sbi00/tgeb/.m2/repository/junit/junit/4.8.1/junit-4.8.1.jar:/var/www/html/GitRepos/BiVeS-Core/target/classes:/users/sbi00/tgeb/.m2/repository/com/googlecode/json-simple/json-simple/1.1.1/json-simple-1.1.1.jar:/var/www/html/GitRepos/XMLUtils/target/classes:/users/sbi00/tgeb/.m2/repository/de/binfalse/BFUtils/0.5.8/BFUtils-0.5.8.jar:/users/sbi00/tgeb/.m2/repository/commons-io/commons-io/2.4/commons-io-2.4.jar:/users/sbi00/tgeb/.m2/repository/org/apache/httpcomponents/httpclient/4.5.10/httpclient-4.5.10.jar:/users/sbi00/tgeb/.m2/repository/org/apache/httpcomponents/httpcore/4.4.12/httpcore-4.4.12.jar:/users/sbi00/tgeb/.m2/repository/commons-logging/commons-logging/1.2/commons-logging-1.2.jar:/users/sbi00/tgeb/.m2/repository/commons-codec/commons-codec/1.11/commons-codec-1.11.jar:/users/sbi00/tgeb/.m2/repository/org/jdom/jdom2/2.0.5/jdom2-2.0.5.jar:/users/sbi00/tgeb/.m2/repository/de/uni-rostock/sbi/jCOMODI/1.0.2/jCOMODI-1.0.2.jar:/users/sbi00/tgeb/.m2/repository/org/apache/jena/jena-tdb/3.0.0/jena-tdb-3.0.0.jar:/users/sbi00/tgeb/.m2/repository/org/apache/jena/jena-arq/3.0.0/jena-arq-3.0.0.jar:/users/sbi00/tgeb/.m2/repository/org/apache/jena/jena-core/3.0.0/jena-core-3.0.0.jar:/users/sbi00/tgeb/.m2/repository/org/apache/jena/jena-iri/3.0.0/jena-iri-3.0.0.jar:/users/sbi00/tgeb/.m2/repository/xerces/xercesImpl/2.11.0/xercesImpl-2.11.0.jar:/users/sbi00/tgeb/.m2/repository/xml-apis/xml-apis/1.4.01/xml-apis-1.4.01.jar:/users/sbi00/tgeb/.m2/repository/org/apache/jena/jena-base/3.0.0/jena-base-3.0.0.jar:/users/sbi00/tgeb/.m2/repository/org/apache/jena/jena-shaded-guava/3.0.0/jena-shaded-guava-3.0.0.jar:/users/sbi00/tgeb/.m2/repository/com/github/jsonld-java/jsonld-java/0.5.1/jsonld-java-0.5.1.jar:/users/sbi00/tgeb/.m2/repository/com/fasterxml/jackson/core/jackson-core/2.3.3/jackson-core-2.3.3.jar:/users/sbi00/tge
Launcher Type: SUN_STANDARD

[Global flags]
     intx CICompilerCount                          = 4                                         {product} {ergonomic}
     uint ConcGCThreads                            = 3                                         {product} {ergonomic}
     uint G1ConcRefinementThreads                  = 10                                        {product} {ergonomic}
   size_t G1HeapRegionSize                         = 2097152                                   {product} {ergonomic}
    uintx GCDrainStackTargetSize                   = 64                                        {product} {ergonomic}
   size_t InitialHeapSize                          = 526385152                                 {product} {ergonomic}
   size_t MarkStackSize                            = 4194304                                   {product} {ergonomic}
   size_t MaxHeapSize                              = 8405385216                                {product} {ergonomic}
   size_t MaxNewSize                               = 5041553408                                {product} {ergonomic}
   size_t MinHeapDeltaBytes                        = 2097152                                   {product} {ergonomic}
    uintx NonNMethodCodeHeapSize                   = 5836300                                {pd product} {ergonomic}
    uintx NonProfiledCodeHeapSize                  = 122910970                              {pd product} {ergonomic}
    uintx ProfiledCodeHeapSize                     = 122910970                              {pd product} {ergonomic}
    uintx ReservedCodeCacheSize                    = 251658240                              {pd product} {ergonomic}
     bool SegmentedCodeCache                       = true                                      {product} {ergonomic}
     bool UseCompressedClassPointers               = true                                 {lp64_product} {ergonomic}
     bool UseCompressedOops                        = true                                 {lp64_product} {ergonomic}
     bool UseG1GC                                  = true                                      {product} {ergonomic}

Logging:
Log output configuration:
 #0: stdout all=warning uptime,level,tags
 #1: stderr all=off uptime,level,tags

Environment Variables:
PATH=/usr/local/bin:/usr/bin:/bin:/usr/local/games:/usr/games
SHELL=/usr/bin/zsh
DISPLAY=:0

Signal Handlers:
SIGSEGV: [libjvm.so+0xd6efb0], sa_mask[0]=11111111011111111101111111111110, sa_flags=SA_RESTART|SA_SIGINFO
SIGBUS: [libjvm.so+0xd6efb0], sa_mask[0]=11111111011111111101111111111110, sa_flags=SA_RESTART|SA_SIGINFO
SIGFPE: [libjvm.so+0xd6efb0], sa_mask[0]=11111111011111111101111111111110, sa_flags=SA_RESTART|SA_SIGINFO
SIGPIPE: [libjvm.so+0xb6e120], sa_mask[0]=11111111011111111101111111111110, sa_flags=SA_RESTART|SA_SIGINFO
SIGXFSZ: [libjvm.so+0xb6e120], sa_mask[0]=11111111011111111101111111111110, sa_flags=SA_RESTART|SA_SIGINFO
SIGILL: [libjvm.so+0xd6efb0], sa_mask[0]=11111111011111111101111111111110, sa_flags=SA_RESTART|SA_SIGINFO
SIGUSR2: [libjvm.so+0xb6dfc0], sa_mask[0]=00100000000000000000000000000000, sa_flags=SA_RESTART|SA_SIGINFO
SIGHUP: [libjvm.so+0xb6e460], sa_mask[0]=11111111011111111101111111111110, sa_flags=SA_RESTART|SA_SIGINFO
SIGINT: [libjvm.so+0xb6e460], sa_mask[0]=11111111011111111101111111111110, sa_flags=SA_RESTART|SA_SIGINFO
SIGTERM: [libjvm.so+0xb6e460], sa_mask[0]=11111111011111111101111111111110, sa_flags=SA_RESTART|SA_SIGINFO
SIGQUIT: [libjvm.so+0xb6e460], sa_mask[0]=11111111011111111101111111111110, sa_flags=SA_RESTART|SA_SIGINFO


---------------  S Y S T E M  ---------------

OS:PRETTY_NAME="Debian GNU/Linux bullseye/sid"
NAME="Debian GNU/Linux"
ID=debian
HOME_URL="https://www.debian.org/"
SUPPORT_URL="https://www.debian.org/support"
BUG_REPORT_URL="https://bugs.debian.org/"
uname:Linux 5.3.0-3-amd64 #1 SMP Debian 5.3.15-1 (2019-12-07) x86_64
libc:glibc 2.29 NPTL 2.29 
rlimit: STACK 8192k, CORE 0k, NPROC 128029, NOFILE 1048576, AS infinity, DATA infinity, FSIZE infinity
load average:3.38 3.46 3.61

/proc/meminfo:
MemTotal:       32829624 kB
MemFree:        21226392 kB
MemAvailable:   24167716 kB
Buffers:          303692 kB
Cached:          3212056 kB
SwapCached:            0 kB
Active:          8826808 kB
Inactive:        1972732 kB
Active(anon):    7321868 kB
Inactive(anon):   350076 kB
Active(file):    1504940 kB
Inactive(file):  1622656 kB
Unevictable:         180 kB
Mlocked:             180 kB
SwapTotal:      31457276 kB
SwapFree:       31457276 kB
Dirty:              2248 kB
Writeback:             0 kB
AnonPages:       7234948 kB
Mapped:           859476 kB
Shmem:            401136 kB
KReclaimable:     279760 kB
Slab:             577448 kB
SReclaimable:     279760 kB
SUnreclaim:       297688 kB
KernelStack:       27456 kB
PageTables:        55948 kB
NFS_Unstable:          0 kB
Bounce:                0 kB
WritebackTmp:          0 kB
CommitLimit:    47872088 kB
Committed_AS:   18853352 kB
VmallocTotal:   34359738367 kB
VmallocUsed:       52764 kB
VmallocChunk:          0 kB
Percpu:            11648 kB
HardwareCorrupted:     0 kB
AnonHugePages:   3903488 kB
ShmemHugePages:        0 kB
ShmemPmdMapped:        0 kB
HugePages_Total:       0
HugePages_Free:        0
HugePages_Rsvd:        0
HugePages_Surp:        0
Hugepagesize:       2048 kB
Hugetlb:               0 kB
DirectMap4k:      495232 kB
DirectMap2M:    14123008 kB
DirectMap1G:    20971520 kB


/proc/sys/kernel/threads-max (system-wide limit on the number of threads):
256058


/proc/sys/vm/max_map_count (maximum number of memory map areas a process may have):
65530


/proc/sys/kernel/pid_max (system-wide limit on number of process identifiers):
4194304



container (cgroup) information:
container_type: cgroupv1
cpu_cpuset_cpus: 0-11
cpu_memory_nodes: 0
active_processor_count: 12
cpu_quota: -1
cpu_period: 100000
cpu_shares: -1
memory_limit_in_bytes: -1
memory_and_swap_limit_in_bytes: -2
memory_soft_limit_in_bytes: -1
memory_usage_in_bytes: 5347307520
memory_max_usage_in_bytes: 6056349696

Steal ticks since vm start: 0
Steal ticks percentage since vm start:  0.000

CPU:total 12 (initial active 12) (6 cores per cpu, 2 threads per core) family 6 model 45 stepping 7, cmov, cx8, fxsr, mmx, sse, sse2, sse3, ssse3, sse4.1, sse4.2, popcnt, avx, aes, clmul, ht, tsc, tscinvbit, tscinv
CPU Model and flags from /proc/cpuinfo:
model name	: Intel(R) Core(TM) i7-3930K CPU @ 3.20GHz
flags		: fpu vme de pse tsc msr pae mce cx8 apic sep mtrr pge mca cmov pat pse36 clflush dts acpi mmx fxsr sse sse2 ss ht tm pbe syscall nx pdpe1gb rdtscp lm constant_tsc arch_perfmon pebs bts rep_good nopl xtopology nonstop_tsc cpuid aperfmperf pni pclmulqdq dtes64 monitor ds_cpl vmx est tm2 ssse3 cx16 xtpr pdcm pcid dca sse4_1 sse4_2 x2apic popcnt tsc_deadline_timer aes xsave avx lahf_lm epb pti tpr_shadow vnmi flexpriority ept vpid xsaveopt dtherm ida arat pln pts

Memory: 4k page, physical 32829624k(21226196k free), swap 31457276k(31457276k free)

vm_info: OpenJDK 64-Bit Server VM (11.0.5+10-post-Debian-2) for linux-amd64 JRE (11.0.5+10-post-Debian-2), built on Oct 17 2019 20:04:30 by "buildd" with gcc 9.2.1 20191008

END.
